Starting…
Running 'Verilator.Lint' at 'user_proj_timer/runs/26_04_15_18_56/01-verilator-lint'…
Logging subprocess to [repr.filename]'user_proj_timer/runs/26_04_15_18_56/01-verilator-lint/verilator-lint.log'[/repr.filename]…
Running 'Checker.LintTimingConstructs' at 'user_proj_timer/runs/26_04_15_18_56/02-checker-linttimingconstructs'…
Check for Lint Timing Errors clear.
Running 'Checker.LintErrors' at 'user_proj_timer/runs/26_04_15_18_56/03-checker-linterrors'…
Check for Lint errors clear.
Running 'Checker.LintWarnings' at 'user_proj_timer/runs/26_04_15_18_56/04-checker-lintwarnings'…
18 Lint warnings found.
Running 'Yosys.JsonHeader' at 'user_proj_timer/runs/26_04_15_18_56/05-yosys-jsonheader'…
Logging subprocess to [repr.filename]'user_proj_timer/runs/26_04_15_18_56/05-yosys-jsonheader/yosys-jsonheader.log'[/repr.filename]…
Running 'Yosys.Synthesis' at 'user_proj_timer/runs/26_04_15_18_56/06-yosys-synthesis'…
Logging subprocess to [repr.filename]'user_proj_timer/runs/26_04_15_18_56/06-yosys-synthesis/yosys-synthesis.log'[/repr.filename]…
Parsing synthesis checks…
Running 'Checker.YosysUnmappedCells' at 'user_proj_timer/runs/26_04_15_18_56/07-checker-yosysunmappedcells'…
Check for Unmapped Yosys instances clear.
Running 'Checker.YosysSynthChecks' at 'user_proj_timer/runs/26_04_15_18_56/08-checker-yosyssynthchecks'…
Check for Yosys check errors clear.
Running 'Checker.NetlistAssignStatements' at 'user_proj_timer/runs/26_04_15_18_56/09-checker-netlistassignstatements'…
Running 'OpenROAD.CheckSDCFiles' at 'user_proj_timer/runs/26_04_15_18_56/10-openroad-checksdcfiles'…
'PNR_SDC_FILE' is not defined. Using generic fallback SDC for OpenROAD PnR steps.
'SIGNOFF_SDC_FILE' is not defined. Using generic fallback SDC for OpenROAD PnR steps.
Running 'OpenROAD.CheckMacroInstances' at 'user_proj_timer/runs/26_04_15_18_56/11-openroad-checkmacroinstances'…
No macros found, skipping instance check…
Running 'OpenROAD.STAPrePNR' at 'user_proj_timer/runs/26_04_15_18_56/12-openroad-staprepnr'…
Starting STA for the nom_tt_025C_1v80 timing corner…
Logging subprocess to [repr.filename]'user_proj_timer/runs/26_04_15_18_56/12-openroad-staprepnr/nom_tt_025C_1v80/sta.log'[/repr.filename]…
Starting STA for the nom_ss_100C_1v60 timing corner…
Starting STA for the nom_ff_n40C_1v95 timing corner…
Skipping corner min_tt_025C_1v80 for STA (identical to nom_tt_025C_1v80 at this stage)…
Skipping corner min_ss_100C_1v60 for STA (identical to nom_ss_100C_1v60 at this stage)…
Skipping corner min_ff_n40C_1v95 for STA (identical to nom_ff_n40C_1v95 at this stage)…
Logging subprocess to [repr.filename]'user_proj_timer/runs/26_04_15_18_56/12-openroad-staprepnr/nom_ss_100C_1v60/sta.log'[/repr.filename]…
Skipping corner max_tt_025C_1v80 for STA (identical to nom_tt_025C_1v80 at this stage)…
Skipping corner max_ss_100C_1v60 for STA (identical to nom_ss_100C_1v60 at this stage)…
Skipping corner max_ff_n40C_1v95 for STA (identical to nom_ff_n40C_1v95 at this stage)…
Logging subprocess to [repr.filename]'user_proj_timer/runs/26_04_15_18_56/12-openroad-staprepnr/nom_ff_n40C_1v95/sta.log'[/repr.filename]…
Finished STA for the nom_ss_100C_1v60 timing corner.
Finished STA for the nom_tt_025C_1v80 timing corner.
Finished STA for the nom_ff_n40C_1v95 timing corner.
Running 'OpenROAD.Floorplan' at 'user_proj_timer/runs/26_04_15_18_56/13-openroad-floorplan'…
Logging subprocess to [repr.filename]'user_proj_timer/runs/26_04_15_18_56/13-openroad-floorplan/openroad-floorplan.log'[/repr.filename]…
Running 'Odb.CheckMacroAntennaProperties' at 'user_proj_timer/runs/26_04_15_18_56/14-odb-checkmacroantennaproperties'…
No cells provided, skipping…
Running 'Odb.SetPowerConnections' at 'user_proj_timer/runs/26_04_15_18_56/15-odb-setpowerconnections'…
Logging subprocess to [repr.filename]'user_proj_timer/runs/26_04_15_18_56/15-odb-setpowerconnections/odb-setpowerconnections.log'[/repr.filename]…
Running 'Odb.ManualMacroPlacement' at 'user_proj_timer/runs/26_04_15_18_56/16-odb-manualmacroplacement'…
No instances found, skipping 'Odb.ManualMacroPlacement'…
Running 'OpenROAD.CutRows' at 'user_proj_timer/runs/26_04_15_18_56/17-openroad-cutrows'…
Logging subprocess to [repr.filename]'user_proj_timer/runs/26_04_15_18_56/17-openroad-cutrows/openroad-cutrows.log'[/repr.filename]…
Running 'OpenROAD.TapEndcapInsertion' at 'user_proj_timer/runs/26_04_15_18_56/18-openroad-tapendcapinsertion'…
Logging subprocess to [repr.filename]'user_proj_timer/runs/26_04_15_18_56/18-openroad-tapendcapinsertion/openroad-tapendcapinsertion.log'[/repr.filename]…
Running 'Odb.AddPDNObstructions' at 'user_proj_timer/runs/26_04_15_18_56/19-odb-addpdnobstructions'…
'PDN_OBSTRUCTIONS' is not defined. Skipping 'Odb.AddPDNObstructions'…
Running 'OpenROAD.GeneratePDN' at 'user_proj_timer/runs/26_04_15_18_56/20-openroad-generatepdn'…
'FP_PDN_CFG' not explicitly set, setting it to /nix/store/wn1fdnkvfs0r3b197kgsf2fwavmsn82c-python3.11-librelane-2.4.6/lib/python3.11/site-packages/librelane/scripts/openroad/common/pdn_cfg.tcl…
Logging subprocess to [repr.filename]'user_proj_timer/runs/26_04_15_18_56/20-openroad-generatepdn/openroad-generatepdn.log'[/repr.filename]…
Running 'Odb.RemovePDNObstructions' at 'user_proj_timer/runs/26_04_15_18_56/21-odb-removepdnobstructions'…
'PDN_OBSTRUCTIONS' is not defined. Skipping 'Odb.RemovePDNObstructions'…
Running 'Odb.AddRoutingObstructions' at 'user_proj_timer/runs/26_04_15_18_56/22-odb-addroutingobstructions'…
'ROUTING_OBSTRUCTIONS' is not defined. Skipping 'Odb.AddRoutingObstructions'…
Running 'OpenROAD.GlobalPlacementSkipIO' at 'user_proj_timer/runs/26_04_15_18_56/23-openroad-globalplacementskipio'…
Logging subprocess to [repr.filename]'user_proj_timer/runs/26_04_15_18_56/23-openroad-globalplacementskipio/openroad-globalplacementskipio.log'[/repr.filename]…
Running 'OpenROAD.IOPlacement' at 'user_proj_timer/runs/26_04_15_18_56/24-openroad-ioplacement'…
FP_PIN_ORDER_CFG is set. Skipping 'OpenROAD.IOPlacement'…
Running 'Odb.CustomIOPlacement' at 'user_proj_timer/runs/26_04_15_18_56/25-odb-customioplacement'…
Logging subprocess to [repr.filename]'user_proj_timer/runs/26_04_15_18_56/25-odb-customioplacement/odb-customioplacement.log'[/repr.filename]…
io_out\[11\] not found in design but found in config.
Running 'Odb.ApplyDEFTemplate' at 'user_proj_timer/runs/26_04_15_18_56/26-odb-applydeftemplate'…
No DEF template provided, skipping…
Running 'OpenROAD.GlobalPlacement' at 'user_proj_timer/runs/26_04_15_18_56/27-openroad-globalplacement'…
Logging subprocess to [repr.filename]'user_proj_timer/runs/26_04_15_18_56/27-openroad-globalplacement/openroad-globalplacement.log'[/repr.filename]…
Running 'Odb.WriteVerilogHeader' at 'user_proj_timer/runs/26_04_15_18_56/28-odb-writeverilogheader'…
Logging subprocess to [repr.filename]'user_proj_timer/runs/26_04_15_18_56/28-odb-writeverilogheader/odb-writeverilogheader.log'[/repr.filename]…
Running 'Checker.PowerGridViolations' at 'user_proj_timer/runs/26_04_15_18_56/29-checker-powergridviolations'…
Check for power grid violations (as reported by OpenROAD PSM- you may ignore these if LVS passes) clear.
Running 'OpenROAD.STAMidPNR' at 'user_proj_timer/runs/26_04_15_18_56/30-openroad-stamidpnr'…
Logging subprocess to [repr.filename]'user_proj_timer/runs/26_04_15_18_56/30-openroad-stamidpnr/openroad-stamidpnr.log'[/repr.filename]…
[GRT-0097] No global routing found for nets.
Running 'OpenROAD.RepairDesignPostGPL' at 'user_proj_timer/runs/26_04_15_18_56/31-openroad-repairdesignpostgpl'…
Logging subprocess to [repr.filename]'user_proj_timer/runs/26_04_15_18_56/31-openroad-repairdesignpostgpl/openroad-repairdesignpostgpl.log'[/repr.filename]…
Running 'Odb.ManualGlobalPlacement' at 'user_proj_timer/runs/26_04_15_18_56/32-odb-manualglobalplacement'…
'MANUAL_GLOBAL_PLACEMENTS' not set, skipping…
Running 'OpenROAD.DetailedPlacement' at 'user_proj_timer/runs/26_04_15_18_56/33-openroad-detailedplacement'…
Logging subprocess to [repr.filename]'user_proj_timer/runs/26_04_15_18_56/33-openroad-detailedplacement/openroad-detailedplacement.log'[/repr.filename]…
Running 'OpenROAD.CTS' at 'user_proj_timer/runs/26_04_15_18_56/34-openroad-cts'…
Logging subprocess to [repr.filename]'user_proj_timer/runs/26_04_15_18_56/34-openroad-cts/openroad-cts.log'[/repr.filename]…
Running 'OpenROAD.STAMidPNR-1' at 'user_proj_timer/runs/26_04_15_18_56/35-openroad-stamidpnr-1'…
Logging subprocess to [repr.filename]'user_proj_timer/runs/26_04_15_18_56/35-openroad-stamidpnr-1/openroad-stamidpnr-1.log'[/repr.filename]…
[GRT-0097] No global routing found for nets.
Running 'OpenROAD.ResizerTimingPostCTS' at 'user_proj_timer/runs/26_04_15_18_56/36-openroad-resizertimingpostcts'…
Logging subprocess to [repr.filename]'user_proj_timer/runs/26_04_15_18_56/36-openroad-resizertimingpostcts/openroad-resizertimingpostcts.log'[/repr.filename]…
Running 'OpenROAD.STAMidPNR-2' at 'user_proj_timer/runs/26_04_15_18_56/37-openroad-stamidpnr-2'…
Logging subprocess to [repr.filename]'user_proj_timer/runs/26_04_15_18_56/37-openroad-stamidpnr-2/openroad-stamidpnr-2.log'[/repr.filename]…
[GRT-0097] No global routing found for nets.
Running 'OpenROAD.GlobalRouting' at 'user_proj_timer/runs/26_04_15_18_56/38-openroad-globalrouting'…
Logging subprocess to [repr.filename]'user_proj_timer/runs/26_04_15_18_56/38-openroad-globalrouting/openroad-globalrouting.log'[/repr.filename]…
Running 'OpenROAD.CheckAntennas' at 'user_proj_timer/runs/26_04_15_18_56/39-openroad-checkantennas'…
Logging subprocess to [repr.filename]'user_proj_timer/runs/26_04_15_18_56/39-openroad-checkantennas/openroad-checkantennas.log'[/repr.filename]…
Gating variable for step 'OpenROAD.RepairDesignPostGRT' set to 'False'- the step will be skipped.
Skipping step 'Repair Design (Post-Global Routing)'…
Running 'Odb.DiodesOnPorts' at 'user_proj_timer/runs/26_04_15_18_56/40-odb-diodesonports'…
'DIODE_ON_PORTS' is set to 'none': skipping…
Running 'Odb.HeuristicDiodeInsertion' at 'user_proj_timer/runs/26_04_15_18_56/41-odb-heuristicdiodeinsertion'…
Running 'Odb.FuzzyDiodePlacement' at 'user_proj_timer/runs/26_04_15_18_56/41-odb-heuristicdiodeinsertion/1-odb-fuzzydiodeplacement'…
'GPL_CELL_PADDING' is set to 0. This step may cause overlap failures.
Logging subprocess to [repr.filename]'user_proj_timer/runs/26_04_15_18_56/41-odb-heuristicdiodeinsertion/1-odb-fuzzydiodeplacement/odb-fuzzydiodeplacement.log'[/repr.filename]…
Running 'OpenROAD.DetailedPlacement' at 'user_proj_timer/runs/26_04_15_18_56/41-odb-heuristicdiodeinsertion/2-openroad-detailedplacement'…
Logging subprocess to [repr.filename]'user_proj_timer/runs/26_04_15_18_56/41-odb-heuristicdiodeinsertion/2-openroad-detailedplacement/openroad-detailedplacement.log'[/repr.filename]…
Running 'OpenROAD.GlobalRouting' at 'user_proj_timer/runs/26_04_15_18_56/41-odb-heuristicdiodeinsertion/3-openroad-globalrouting'…
Logging subprocess to [repr.filename]'user_proj_timer/runs/26_04_15_18_56/41-odb-heuristicdiodeinsertion/3-openroad-globalrouting/openroad-globalrouting.log'[/repr.filename]…
Running 'OpenROAD.RepairAntennas' at 'user_proj_timer/runs/26_04_15_18_56/42-openroad-repairantennas'…
Running 'DiodeInsertion' at 'user_proj_timer/runs/26_04_15_18_56/42-openroad-repairantennas/1-diodeinsertion'…
Logging subprocess to [repr.filename]'user_proj_timer/runs/26_04_15_18_56/42-openroad-repairantennas/1-diodeinsertion/diodeinsertion.log'[/repr.filename]…
Running 'OpenROAD.CheckAntennas' at 'user_proj_timer/runs/26_04_15_18_56/42-openroad-repairantennas/2-openroad-checkantennas'…
Logging subprocess to [repr.filename]'user_proj_timer/runs/26_04_15_18_56/42-openroad-repairantennas/2-openroad-checkantennas/openroad-checkantennas.log'[/repr.filename]…
Gating variable for step 'OpenROAD.ResizerTimingPostGRT' set to 'False'- the step will be skipped.
Skipping step 'Resizer Timing Optimizations (Post-Global Routing)'…
Running 'OpenROAD.STAMidPNR-3' at 'user_proj_timer/runs/26_04_15_18_56/43-openroad-stamidpnr-3'…
Logging subprocess to [repr.filename]'user_proj_timer/runs/26_04_15_18_56/43-openroad-stamidpnr-3/openroad-stamidpnr-3.log'[/repr.filename]…
Running 'OpenROAD.DetailedRouting' at 'user_proj_timer/runs/26_04_15_18_56/44-openroad-detailedrouting'…
Running TritonRoute with 8 threads…
Logging subprocess to [repr.filename]'user_proj_timer/runs/26_04_15_18_56/44-openroad-detailedrouting/openroad-detailedrouting.log'[/repr.filename]…
[DRT-0349] LEF58_ENCLOSURE with no CUTCLASS is not supported. Skipping for layer mcon
[DRT-0349] LEF58_ENCLOSURE with no CUTCLASS is not supported. Skipping for layer mcon
[DRT-0349] LEF58_ENCLOSURE with no CUTCLASS is not supported. Skipping for layer via
[DRT-0349] LEF58_ENCLOSURE with no CUTCLASS is not supported. Skipping for layer via
[DRT-0349] LEF58_ENCLOSURE with no CUTCLASS is not supported. Skipping for layer via2
[DRT-0349] LEF58_ENCLOSURE with no CUTCLASS is not supported. Skipping for layer via2
[DRT-0349] LEF58_ENCLOSURE with no CUTCLASS is not supported. Skipping for layer via3
[DRT-0349] LEF58_ENCLOSURE with no CUTCLASS is not supported. Skipping for layer via3
[DRT-0349] LEF58_ENCLOSURE with no CUTCLASS is not supported. Skipping for layer via4
[DRT-0349] LEF58_ENCLOSURE with no CUTCLASS is not supported. Skipping for layer via4
Running 'Odb.RemoveRoutingObstructions' at 'user_proj_timer/runs/26_04_15_18_56/45-odb-removeroutingobstructions'…
'ROUTING_OBSTRUCTIONS' is not defined. Skipping 'Odb.RemoveRoutingObstructions'…
Running 'OpenROAD.CheckAntennas-1' at 'user_proj_timer/runs/26_04_15_18_56/46-openroad-checkantennas-1'…
Logging subprocess to [repr.filename]'user_proj_timer/runs/26_04_15_18_56/46-openroad-checkantennas-1/openroad-checkantennas-1.log'[/repr.filename]…
Running 'Checker.TrDRC' at 'user_proj_timer/runs/26_04_15_18_56/47-checker-trdrc'…
Check for Routing DRC errors clear.
Running 'Odb.ReportDisconnectedPins' at 'user_proj_timer/runs/26_04_15_18_56/48-odb-reportdisconnectedpins'…
Logging subprocess to [repr.filename]'user_proj_timer/runs/26_04_15_18_56/48-odb-reportdisconnectedpins/odb-reportdisconnectedpins.log'[/repr.filename]…
Running 'Checker.DisconnectedPins' at 'user_proj_timer/runs/26_04_15_18_56/49-checker-disconnectedpins'…
Check for critical disconnected pins clear.
Running 'Odb.ReportWireLength' at 'user_proj_timer/runs/26_04_15_18_56/50-odb-reportwirelength'…
Logging subprocess to [repr.filename]'user_proj_timer/runs/26_04_15_18_56/50-odb-reportwirelength/odb-reportwirelength.log'[/repr.filename]…
Running 'Checker.WireLength' at 'user_proj_timer/runs/26_04_15_18_56/51-checker-wirelength'…
Threshold for Threshold-surpassing long wires is not set. The checker will be skipped.
Running 'OpenROAD.FillInsertion' at 'user_proj_timer/runs/26_04_15_18_56/52-openroad-fillinsertion'…
Logging subprocess to [repr.filename]'user_proj_timer/runs/26_04_15_18_56/52-openroad-fillinsertion/openroad-fillinsertion.log'[/repr.filename]…
Running 'Odb.CellFrequencyTables' at 'user_proj_timer/runs/26_04_15_18_56/53-odb-cellfrequencytables'…
Logging subprocess to [repr.filename]'user_proj_timer/runs/26_04_15_18_56/53-odb-cellfrequencytables/buffer_list.txt'[/repr.filename]…
Logging subprocess to [repr.filename]'user_proj_timer/runs/26_04_15_18_56/53-odb-cellfrequencytables/odb-cellfrequencytables.log'[/repr.filename]…
Running 'OpenROAD.RCX' at 'user_proj_timer/runs/26_04_15_18_56/54-openroad-rcx'…
Running RCX for corners matching nom_* (/mnt/designs/bailey/2605/openframe_user_project/openlane/user_proj_timer/runs/26_04_15_18_56/54-openroad-rcx/nom/rcx.log)…
Logging subprocess to [repr.filename]'user_proj_timer/runs/26_04_15_18_56/54-openroad-rcx/nom/rcx.log'[/repr.filename]…
Running RCX for corners matching min_* (/mnt/designs/bailey/2605/openframe_user_project/openlane/user_proj_timer/runs/26_04_15_18_56/54-openroad-rcx/min/rcx.log)…
Running RCX for corners matching max_* (/mnt/designs/bailey/2605/openframe_user_project/openlane/user_proj_timer/runs/26_04_15_18_56/54-openroad-rcx/max/rcx.log)…
Logging subprocess to [repr.filename]'user_proj_timer/runs/26_04_15_18_56/54-openroad-rcx/min/rcx.log'[/repr.filename]…
Logging subprocess to [repr.filename]'user_proj_timer/runs/26_04_15_18_56/54-openroad-rcx/max/rcx.log'[/repr.filename]…
Finished RCX for corners matching max_*.
Finished RCX for corners matching min_*.
Finished RCX for corners matching nom_*.
Running 'OpenROAD.STAPostPNR' at 'user_proj_timer/runs/26_04_15_18_56/55-openroad-stapostpnr'…
Starting STA for the nom_tt_025C_1v80 timing corner…
Starting STA for the nom_ss_100C_1v60 timing corner…
Logging subprocess to [repr.filename]'user_proj_timer/runs/26_04_15_18_56/55-openroad-stapostpnr/nom_ss_100C_1v60/sta.log'[/repr.filename]…
Starting STA for the nom_ff_n40C_1v95 timing corner…
Logging subprocess to [repr.filename]'user_proj_timer/runs/26_04_15_18_56/55-openroad-stapostpnr/nom_ff_n40C_1v95/sta.log'[/repr.filename]…
Starting STA for the min_tt_025C_1v80 timing corner…
Starting STA for the min_ss_100C_1v60 timing corner…
Starting STA for the min_ff_n40C_1v95 timing corner…
Starting STA for the max_tt_025C_1v80 timing corner…
Logging subprocess to [repr.filename]'user_proj_timer/runs/26_04_15_18_56/55-openroad-stapostpnr/nom_tt_025C_1v80/sta.log'[/repr.filename]…
Starting STA for the max_ss_100C_1v60 timing corner…
Logging subprocess to [repr.filename]'user_proj_timer/runs/26_04_15_18_56/55-openroad-stapostpnr/min_ss_100C_1v60/sta.log'[/repr.filename]…
Logging subprocess to [repr.filename]'user_proj_timer/runs/26_04_15_18_56/55-openroad-stapostpnr/min_tt_025C_1v80/sta.log'[/repr.filename]…
Logging subprocess to [repr.filename]'user_proj_timer/runs/26_04_15_18_56/55-openroad-stapostpnr/min_ff_n40C_1v95/sta.log'[/repr.filename]…
Logging subprocess to [repr.filename]'user_proj_timer/runs/26_04_15_18_56/55-openroad-stapostpnr/max_tt_025C_1v80/sta.log'[/repr.filename]…
Logging subprocess to [repr.filename]'user_proj_timer/runs/26_04_15_18_56/55-openroad-stapostpnr/max_ss_100C_1v60/sta.log'[/repr.filename]…
Finished STA for the nom_ff_n40C_1v95 timing corner.
Logging subprocess to [repr.filename]'user_proj_timer/runs/26_04_15_18_56/55-openroad-stapostpnr/nom_ff_n40C_1v95/filter_unannotated.log'[/repr.filename]…
Finished STA for the nom_ss_100C_1v60 timing corner.
Logging subprocess to [repr.filename]'user_proj_timer/runs/26_04_15_18_56/55-openroad-stapostpnr/nom_ss_100C_1v60/filter_unannotated.log'[/repr.filename]…
Finished STA for the nom_tt_025C_1v80 timing corner.
Logging subprocess to [repr.filename]'user_proj_timer/runs/26_04_15_18_56/55-openroad-stapostpnr/nom_tt_025C_1v80/filter_unannotated.log'[/repr.filename]…
Finished STA for the min_tt_025C_1v80 timing corner.
Logging subprocess to [repr.filename]'user_proj_timer/runs/26_04_15_18_56/55-openroad-stapostpnr/min_tt_025C_1v80/filter_unannotated.log'[/repr.filename]…
Finished STA for the min_ff_n40C_1v95 timing corner.
Logging subprocess to [repr.filename]'user_proj_timer/runs/26_04_15_18_56/55-openroad-stapostpnr/min_ff_n40C_1v95/filter_unannotated.log'[/repr.filename]…
Finished STA for the max_tt_025C_1v80 timing corner.
Logging subprocess to [repr.filename]'user_proj_timer/runs/26_04_15_18_56/55-openroad-stapostpnr/max_tt_025C_1v80/filter_unannotated.log'[/repr.filename]…
Finished STA for the max_ss_100C_1v60 timing corner.
Logging subprocess to [repr.filename]'user_proj_timer/runs/26_04_15_18_56/55-openroad-stapostpnr/max_ss_100C_1v60/filter_unannotated.log'[/repr.filename]…
Finished STA for the min_ss_100C_1v60 timing corner.
Logging subprocess to [repr.filename]'user_proj_timer/runs/26_04_15_18_56/55-openroad-stapostpnr/min_ss_100C_1v60/filter_unannotated.log'[/repr.filename]…
Starting STA for the max_ff_n40C_1v95 timing corner…
Logging subprocess to [repr.filename]'user_proj_timer/runs/26_04_15_18_56/55-openroad-stapostpnr/max_ff_n40C_1v95/sta.log'[/repr.filename]…
Finished STA for the max_ff_n40C_1v95 timing corner.
Logging subprocess to [repr.filename]'user_proj_timer/runs/26_04_15_18_56/55-openroad-stapostpnr/max_ff_n40C_1v95/filter_unannotated.log'[/repr.filename]…
Running 'OpenROAD.IRDropReport' at 'user_proj_timer/runs/26_04_15_18_56/56-openroad-irdropreport'…
'VSRC_LOC_FILES' was not given a value, which may make the results of IR drop analysis inaccurate. If you are not integrating a top-level chip for manufacture, you may ignore this warning, otherwise, see the documentation for 'VSRC_LOC_FILES'.
Logging subprocess to [repr.filename]'user_proj_timer/runs/26_04_15_18_56/56-openroad-irdropreport/openroad-irdropreport.log'[/repr.filename]…
[INFO PSM-0040] All shapes on net vccd1 are connected.
########## IR report #################
Net              : vccd1
Corner           : nom_tt_025C_1v80
Supply voltage   : 1.80e+00 V
Worstcase voltage: 1.80e+00 V
Average voltage  : 1.80e+00 V
Average IR drop  : 6.00e-07 V
Worstcase IR drop: 1.36e-04 V
Percentage drop  : 0.01 %
######################################
[INFO PSM-0040] All shapes on net vssd1 are connected.
########## IR report #################
Net              : vssd1
Corner           : nom_tt_025C_1v80
Supply voltage   : 0.00e+00 V
Worstcase voltage: 1.06e-04 V
Average voltage  : 6.04e-07 V
Average IR drop  : 6.04e-07 V
Worstcase IR drop: 1.06e-04 V
Percentage drop  : 0.01 %
######################################

Running 'Magic.StreamOut' at 'user_proj_timer/runs/26_04_15_18_56/57-magic-streamout'…
Logging subprocess to [repr.filename]'user_proj_timer/runs/26_04_15_18_56/57-magic-streamout/magic-streamout.log'[/repr.filename]…
Running 'KLayout.StreamOut' at 'user_proj_timer/runs/26_04_15_18_56/58-klayout-streamout'…
Logging subprocess to [repr.filename]'user_proj_timer/runs/26_04_15_18_56/58-klayout-streamout/klayout-streamout.log'[/repr.filename]…
Running 'Magic.WriteLEF' at 'user_proj_timer/runs/26_04_15_18_56/59-magic-writelef'…
Logging subprocess to [repr.filename]'user_proj_timer/runs/26_04_15_18_56/59-magic-writelef/magic-writelef.log'[/repr.filename]…
Running 'Odb.CheckDesignAntennaProperties' at 'user_proj_timer/runs/26_04_15_18_56/60-odb-checkdesignantennaproperties'…
Logging subprocess to [repr.filename]'user_proj_timer/runs/26_04_15_18_56/60-odb-checkdesignantennaproperties/odb-checkdesignantennaproperties.log'[/repr.filename]…
Running 'KLayout.XOR' at 'user_proj_timer/runs/26_04_15_18_56/61-klayout-xor'…
Running XOR with 8 threads…
Logging subprocess to [repr.filename]'user_proj_timer/runs/26_04_15_18_56/61-klayout-xor/klayout-xor.log'[/repr.filename]…
Running 'Checker.XOR' at 'user_proj_timer/runs/26_04_15_18_56/62-checker-xor'…
Check for XOR differences clear.
Running 'Magic.DRC' at 'user_proj_timer/runs/26_04_15_18_56/63-magic-drc'…
Logging subprocess to [repr.filename]'user_proj_timer/runs/26_04_15_18_56/63-magic-drc/magic-drc.log'[/repr.filename]…
Running 'KLayout.DRC' at 'user_proj_timer/runs/26_04_15_18_56/64-klayout-drc'…
Running KLayout DRC with 8 threads…
Logging subprocess to [repr.filename]'user_proj_timer/runs/26_04_15_18_56/64-klayout-drc/klayout-drc.log'[/repr.filename]…
Logging subprocess to [repr.filename]'user_proj_timer/runs/26_04_15_18_56/64-klayout-drc/xml_drc_report_to_json.log'[/repr.filename]…
Running 'Checker.MagicDRC' at 'user_proj_timer/runs/26_04_15_18_56/65-checker-magicdrc'…
Check for Magic DRC errors clear.
Running 'Checker.KLayoutDRC' at 'user_proj_timer/runs/26_04_15_18_56/66-checker-klayoutdrc'…
Check for KLayout DRC errors clear.
Running 'Magic.SpiceExtraction' at 'user_proj_timer/runs/26_04_15_18_56/67-magic-spiceextraction'…
Logging subprocess to [repr.filename]'user_proj_timer/runs/26_04_15_18_56/67-magic-spiceextraction/magic-spiceextraction.log'[/repr.filename]…
Running 'Checker.IllegalOverlap' at 'user_proj_timer/runs/26_04_15_18_56/68-checker-illegaloverlap'…
Check for Magic Illegal Overlap errors clear.
Running 'Netgen.LVS' at 'user_proj_timer/runs/26_04_15_18_56/69-netgen-lvs'…
Logging subprocess to [repr.filename]'user_proj_timer/runs/26_04_15_18_56/69-netgen-lvs/netgen-lvs.log'[/repr.filename]…
Running 'Checker.LVS' at 'user_proj_timer/runs/26_04_15_18_56/70-checker-lvs'…
Check for LVS errors clear.
Gating variable for step 'Yosys.EQY' set to 'False'- the step will be skipped.
Skipping step 'Equivalence Check'…
Running 'Checker.SetupViolations' at 'user_proj_timer/runs/26_04_15_18_56/71-checker-setupviolations'…
No setup violations found
Running 'Checker.HoldViolations' at 'user_proj_timer/runs/26_04_15_18_56/72-checker-holdviolations'…
No hold violations found
Running 'Checker.MaxSlewViolations' at 'user_proj_timer/runs/26_04_15_18_56/73-checker-maxslewviolations'…
Max Slew violations found in the following corners:
* max_ss_100C_1v60
* min_ss_100C_1v60
* nom_ss_100C_1v60
No max slew violations found
Running 'Checker.MaxCapViolations' at 'user_proj_timer/runs/26_04_15_18_56/74-checker-maxcapviolations'…
Max Cap violations found in the following corners:
* max_ff_n40C_1v95
* max_ss_100C_1v60
* max_tt_025C_1v80
* nom_ff_n40C_1v95
* nom_ss_100C_1v60
* nom_tt_025C_1v80
No max cap violations found
Running 'Misc.ReportManufacturability' at 'user_proj_timer/runs/26_04_15_18_56/75-misc-reportmanufacturability'…
Saving views to '/mnt/designs/bailey/2605/openframe_user_project/openlane/user_proj_timer/runs/26_04_15_18_56/final'…
Flow complete.
