Clock: clk
Sources: gpio_in[38] 
Generated: no
Virtual: yes
Propagated: no
Period: 40.000000

===========================================================================
report_clock_properties
============================================================================
Clock                   Period          Waveform
----------------------------------------------------
clk                  40.000000    0.000000 20.000000

===========================================================================
report_clock_latency
============================================================================
Clock clk
rise -> rise
    min     max
0.000000 0.000000 source latency
1.056003         network latency _3916_/CLK
        1.714907 network latency _3639_/CLK
---------------
1.056003 1.714907 latency
        0.658904 skew

fall -> fall
    min     max
0.000000 0.000000 source latency
1.231028         network latency _3916_/CLK
        2.000668 network latency _3639_/CLK
---------------
1.231028 2.000668 latency
        0.769640 skew



===========================================================================
report_clock_min_period
============================================================================
clk period_min = 6.05 fmax = 165.35
