
===========================================================================
report_checks -unconstrained
===========================================================================
======================= nom_tt_025C_1v80 Corner ===================================

Startpoint: wb_rst_i (input port clocked by wb_clk_i)
Endpoint: _680_ (recovery check against rising-edge clock wb_clk_i)
Path Group: asynchronous
Path Type: max

Fanout         Cap        Slew       Delay        Time   Description
---------------------------------------------------------------------------------------------
                                  0.000000    0.000000   clock wb_clk_i (rise edge)
                                  0.000000    0.000000   clock network delay (propagated)
                                  5.000000    5.000000 v input external delay
     2    0.008310    0.020816    0.013482    5.013482 v wb_rst_i (in)
                                                         wb_rst_i (net)
                      0.020818    0.000000    5.013482 v input1/A (sky130_fd_sc_hd__buf_8)
     3    0.142565    0.080122    0.149801    5.163283 v input1/X (sky130_fd_sc_hd__buf_8)
                                                         net1 (net)
                      0.197568    0.087810    5.251093 v fanout19/A (sky130_fd_sc_hd__buf_4)
    17    0.070002    0.096471    0.270012    5.521105 v fanout19/X (sky130_fd_sc_hd__buf_4)
                                                         net19 (net)
                      0.096753    0.003614    5.524719 v fanout18/A (sky130_fd_sc_hd__buf_4)
    21    0.081293    0.108561    0.232111    5.756830 v fanout18/X (sky130_fd_sc_hd__buf_4)
                                                         net18 (net)
                      0.108864    0.004750    5.761581 v fanout16/A (sky130_fd_sc_hd__clkbuf_4)
     8    0.049000    0.106204    0.233206    5.994787 v fanout16/X (sky130_fd_sc_hd__clkbuf_4)
                                                         net16 (net)
                      0.106225    0.001437    5.996223 v _596_/A (sky130_fd_sc_hd__inv_2)
     1    0.004539    0.041142    0.069648    6.065872 ^ _596_/Y (sky130_fd_sc_hd__inv_2)
                                                         _071_ (net)
                      0.041142    0.000103    6.065975 ^ _680_/RESET_B (sky130_fd_sc_hd__dfrtp_1)
                                              6.065975   data arrival time

                                 25.000000   25.000000   clock wb_clk_i (rise edge)
                                  0.000000   25.000000   clock source latency
     2    0.156811    0.702601    0.555822   25.555820 ^ wb_clk_i (in)
                                                         wb_clk_i (net)
                      0.737374    0.000000   25.555820 ^ clkbuf_0_wb_clk_i/A (sky130_fd_sc_hd__clkbuf_16)
     8    0.087432    0.113548    0.329363   25.885185 ^ clkbuf_0_wb_clk_i/X (sky130_fd_sc_hd__clkbuf_16)
                                                         clknet_0_wb_clk_i (net)
                      0.113693    0.003611   25.888796 ^ clkbuf_3_5__f_wb_clk_i/A (sky130_fd_sc_hd__clkbuf_16)
    13    0.041264    0.060941    0.167368   26.056164 ^ clkbuf_3_5__f_wb_clk_i/X (sky130_fd_sc_hd__clkbuf_16)
                                                         clknet_3_5__leaf_wb_clk_i (net)
                      0.060941    0.000449   26.056614 ^ _680_/CLK (sky130_fd_sc_hd__dfrtp_1)
                                 -0.250000   25.806614   clock uncertainty
                                  0.000000   25.806614   clock reconvergence pessimism
                                  0.236216   26.042831   library recovery time
                                             26.042831   data required time
---------------------------------------------------------------------------------------------
                                             26.042831   data required time
                                             -6.065975   data arrival time
---------------------------------------------------------------------------------------------
                                             19.976856   slack (MET)


Startpoint: _723_ (rising edge-triggered flip-flop clocked by wb_clk_i)
Endpoint: io_out[10] (output port clocked by wb_clk_i)
Path Group: wb_clk_i
Path Type: max

Fanout         Cap        Slew       Delay        Time   Description
---------------------------------------------------------------------------------------------
                                  0.000000    0.000000   clock wb_clk_i (rise edge)
                                  0.000000    0.000000   clock source latency
     2    0.156811    0.702601    0.555823    0.555823 ^ wb_clk_i (in)
                                                         wb_clk_i (net)
                      0.737374    0.000000    0.555823 ^ clkbuf_0_wb_clk_i/A (sky130_fd_sc_hd__clkbuf_16)
     8    0.087432    0.113548    0.329363    0.885186 ^ clkbuf_0_wb_clk_i/X (sky130_fd_sc_hd__clkbuf_16)
                                                         clknet_0_wb_clk_i (net)
                      0.113693    0.003611    0.888797 ^ clkbuf_3_5__f_wb_clk_i/A (sky130_fd_sc_hd__clkbuf_16)
    13    0.041264    0.060941    0.167367    1.056164 ^ clkbuf_3_5__f_wb_clk_i/X (sky130_fd_sc_hd__clkbuf_16)
                                                         clknet_3_5__leaf_wb_clk_i (net)
                      0.061025    0.001923    1.058087 ^ _723_/CLK (sky130_fd_sc_hd__dfrtp_1)
     1    0.002736    0.044670    0.319363    1.377450 ^ _723_/Q (sky130_fd_sc_hd__dfrtp_1)
                                                         timer.sec_tens[0] (net)
                      0.044670    0.000077    1.377527 ^ hold136/A (sky130_fd_sc_hd__dlygate4sd3_1)
     4    0.012569    0.139458    0.607701    1.985228 ^ hold136/X (sky130_fd_sc_hd__dlygate4sd3_1)
                                                         net155 (net)
                      0.139458    0.000296    1.985524 ^ _333_/A (sky130_fd_sc_hd__inv_2)
     2    0.010565    0.047697    0.064422    2.049946 v _333_/Y (sky130_fd_sc_hd__inv_2)
                                                         _169_ (net)
                      0.047699    0.000339    2.050284 v _576_/A1 (sky130_fd_sc_hd__a21oi_1)
     1    0.009081    0.220486    0.207036    2.257321 ^ _576_/Y (sky130_fd_sc_hd__a21oi_1)
                                                         _323_ (net)
                      0.220487    0.000266    2.257587 ^ _577_/B2 (sky130_fd_sc_hd__o22ai_4)
     6    0.030455    0.129373    0.149403    2.406990 v _577_/Y (sky130_fd_sc_hd__o22ai_4)
                                                         _324_ (net)
                      0.129404    0.001595    2.408584 v _587_/A2 (sky130_fd_sc_hd__a211o_1)
     2    0.009937    0.079375    0.358057    2.766641 v _587_/X (sky130_fd_sc_hd__a211o_1)
                                                         _331_ (net)
                      0.079375    0.000256    2.766897 v _591_/B1 (sky130_fd_sc_hd__a21o_4)
     3    0.202255    0.197976    0.306130    3.073026 v _591_/X (sky130_fd_sc_hd__a21o_4)
                                                         net3 (net)
                      0.423226    0.180517    3.253544 v output3/A (sky130_fd_sc_hd__buf_2)
     1    0.034089    0.094383    0.332420    3.585964 v output3/X (sky130_fd_sc_hd__buf_2)
                                                         io_out[10] (net)
                      0.094388    0.000705    3.586669 v io_out[10] (out)
                                              3.586669   data arrival time

                                 25.000000   25.000000   clock wb_clk_i (rise edge)
                                  0.000000   25.000000   clock network delay (propagated)
                                 -0.250000   24.750000   clock uncertainty
                                  0.000000   24.750000   clock reconvergence pessimism
                                 -5.000000   19.750000   output external delay
                                             19.750000   data required time
---------------------------------------------------------------------------------------------
                                             19.750000   data required time
                                             -3.586669   data arrival time
---------------------------------------------------------------------------------------------
                                             16.163330   slack (MET)




===========================================================================
report_checks --slack_max -0.01
============================================================================
======================= nom_tt_025C_1v80 Corner ===================================

No paths found.


===========================================================================
 report_check_types -max_slew -max_cap -max_fanout -violators
============================================================================
======================= nom_tt_025C_1v80 Corner ===================================

max fanout

Pin                                   Limit Fanout  Slack
---------------------------------------------------------
fanout14/X                               16     33    -17 (VIOLATED)
fanout18/X                               16     21     -5 (VIOLATED)
fanout19/X                               16     17        (VIOLATED)

max capacitance

Pin                                        Limit         Cap       Slack
------------------------------------------------------------------------
_591_/X                                 0.200000    0.202501   -0.002501 (VIOLATED)



===========================================================================
report_parasitic_annotation -report_unannotated
============================================================================
Found 7 unannotated drivers.
 clkload0/X
 clkload1/Y
 clkload2/Y
 clkload3/Y
 clkload4/X
 clkload5/X
 clkload6/Y
Found 0 partially unannotated drivers.

===========================================================================
max slew violation count 0
max fanout violation count 3
max cap violation count 1
============================================================================

===========================================================================
check_setup -verbose -unconstrained_endpoints -multiple_clock -no_clock -no_input_delay -loops -generated_clocks
===========================================================================
