
===========================================================================
report_checks -unconstrained
===========================================================================
======================= max_tt_025C_1v80 Corner ===================================

Startpoint: _4020_ (rising edge-triggered flip-flop clocked by clk)
Endpoint: _3685_ (recovery check against rising-edge clock clk)
Path Group: asynchronous
Path Type: max

Fanout         Cap        Slew       Delay        Time   Description
---------------------------------------------------------------------------------------------
                                  0.000000    0.000000   clock clk (rise edge)
                                  0.000000    0.000000   clock source latency
     2    0.202048    1.190000    0.000000    0.000000 ^ gpio_in[38] (in)
                                                         gpio_in[38] (net)
                      1.478766    0.151602    0.151602 ^ clkbuf_0_gpio_in[38]/A (sky130_fd_sc_hd__clkbuf_16)
     5    0.303052    0.319594    0.536161    0.687763 ^ clkbuf_0_gpio_in[38]/X (sky130_fd_sc_hd__clkbuf_16)
                                                         clknet_0_gpio_in[38] (net)
                      0.321231    0.020814    0.708577 ^ clkbuf_1_0_0_gpio_in[38]/A (sky130_fd_sc_hd__clkbuf_8)
     3    0.025781    0.063649    0.235811    0.944387 ^ clkbuf_1_0_0_gpio_in[38]/X (sky130_fd_sc_hd__clkbuf_8)
                                                         clknet_1_0_0_gpio_in[38] (net)
                      0.064283    0.003990    0.948377 ^ clkbuf_1_0_1_gpio_in[38]/A (sky130_fd_sc_hd__clkbuf_8)
     5    0.082791    0.150558    0.211907    1.160284 ^ clkbuf_1_0_1_gpio_in[38]/X (sky130_fd_sc_hd__clkbuf_8)
                                                         clknet_1_0_1_gpio_in[38] (net)
                      0.157084    0.025705    1.185989 ^ clkbuf_2_1_0_gpio_in[38]/A (sky130_fd_sc_hd__clkbuf_8)
     5    0.074506    0.137565    0.236663    1.422652 ^ clkbuf_2_1_0_gpio_in[38]/X (sky130_fd_sc_hd__clkbuf_8)
                                                         clknet_2_1_0_gpio_in[38] (net)
                      0.143588    0.023581    1.446234 ^ clkbuf_3_2_0_gpio_in[38]/A (sky130_fd_sc_hd__clkbuf_8)
    31    0.395947    0.645309    0.466474    1.912708 ^ clkbuf_3_2_0_gpio_in[38]/X (sky130_fd_sc_hd__clkbuf_8)
                                                         clknet_3_2_0_gpio_in[38] (net)
                      0.651185    0.058714    1.971422 ^ clkbuf_leaf_61_gpio_in[38]/A (sky130_fd_sc_hd__clkbuf_8)
     7    0.058677    0.119954    0.343775    2.315197 ^ clkbuf_leaf_61_gpio_in[38]/X (sky130_fd_sc_hd__clkbuf_8)
                                                         clknet_leaf_61_gpio_in[38] (net)
                      0.120034    0.003030    2.318227 ^ _4020_/CLK (sky130_fd_sc_hd__dfrtp_4)
     3    0.024805    0.101042    0.495969    2.814196 ^ _4020_/Q (sky130_fd_sc_hd__dfrtp_4)
                                                         u_chip_core.fabric_spi_controller.rst_ni (net)
                      0.101243    0.003491    2.817687 ^ hold1389/A (sky130_fd_sc_hd__dlygate4sd3_1)
     3    0.025346    0.257322    0.745592    3.563279 ^ hold1389/X (sky130_fd_sc_hd__dlygate4sd3_1)
                                                         net2844 (net)
                      0.257366    0.003570    3.566849 ^ hold1331/A (sky130_fd_sc_hd__clkbuf_4)
     3    0.055361    0.170854    0.310822    3.877672 ^ hold1331/X (sky130_fd_sc_hd__clkbuf_4)
                                                         net2786 (net)
                      0.173055    0.016264    3.893936 ^ wire1315/A (sky130_fd_sc_hd__buf_12)
     5    0.086868    0.108767    0.181563    4.075499 ^ wire1315/X (sky130_fd_sc_hd__buf_12)
                                                         net1315 (net)
                      0.122722    0.031248    4.106747 ^ wire1314/A (sky130_fd_sc_hd__clkbuf_16)
     5    0.379970    0.250488    0.234034    4.340780 ^ wire1314/X (sky130_fd_sc_hd__clkbuf_16)
                                                         net1314 (net)
                      0.910540    0.463783    4.804563 ^ _1490_/C_N (sky130_fd_sc_hd__nor3b_1)
     1    0.003113    0.170200    0.279614    5.084177 ^ _1490_/Y (sky130_fd_sc_hd__nor3b_1)
                                                         u_chip_core.fabric_config_large.rst_ni (net)
                      0.170200    0.000201    5.084378 ^ hold1168/A (sky130_fd_sc_hd__dlygate4sd3_1)
     1    0.004921    0.071401    0.614035    5.698413 ^ hold1168/X (sky130_fd_sc_hd__dlygate4sd3_1)
                                                         net2623 (net)
                      0.071401    0.000341    5.698754 ^ hold1155/A (sky130_fd_sc_hd__dlygate4sd3_1)
     1    0.004213    0.065393    0.582290    6.281044 ^ hold1155/X (sky130_fd_sc_hd__dlygate4sd3_1)
                                                         net2610 (net)
                      0.065393    0.000318    6.281362 ^ wire1286/A (sky130_fd_sc_hd__dlymetal6s2s_1)
     1    0.005739    0.082910    0.129053    6.410416 ^ wire1286/X (sky130_fd_sc_hd__dlymetal6s2s_1)
                                                         net1286 (net)
                      0.082911    0.000453    6.410869 ^ hold1156/A (sky130_fd_sc_hd__dlygate4sd3_1)
     1    0.004637    0.068972    0.589161    7.000030 ^ hold1156/X (sky130_fd_sc_hd__dlygate4sd3_1)
                                                         net2611 (net)
                      0.068972    0.000363    7.000393 ^ wire1285/A (sky130_fd_sc_hd__clkbuf_2)
     2    0.017167    0.099767    0.160694    7.161087 ^ wire1285/X (sky130_fd_sc_hd__clkbuf_2)
                                                         net1285 (net)
                      0.099837    0.001505    7.162592 ^ fanout1261/A (sky130_fd_sc_hd__buf_12)
    11    0.188102    0.218003    0.233291    7.395883 ^ fanout1261/X (sky130_fd_sc_hd__buf_12)
                                                         net1261 (net)
                      0.240840    0.057195    7.453078 ^ fanout1258/A (sky130_fd_sc_hd__buf_12)
    11    0.433853    0.341240    0.242038    7.695116 ^ fanout1258/X (sky130_fd_sc_hd__buf_12)
                                                         net1258 (net)
                      1.061002    0.535349    8.230465 ^ fanout1257/A (sky130_fd_sc_hd__buf_8)
    11    0.113036    0.192785    0.304007    8.534472 ^ fanout1257/X (sky130_fd_sc_hd__buf_8)
                                                         net1257 (net)
                      0.203549    0.037057    8.571527 ^ fanout1256/A (sky130_fd_sc_hd__buf_8)
    20    0.196057    0.312663    0.300314    8.871841 ^ fanout1256/X (sky130_fd_sc_hd__buf_8)
                                                         net1256 (net)
                      0.312762    0.005417    8.877258 ^ fanout1254/A (sky130_fd_sc_hd__clkbuf_2)
     5    0.033957    0.187446    0.293524    9.170783 ^ fanout1254/X (sky130_fd_sc_hd__clkbuf_2)
                                                         net1254 (net)
                      0.187454    0.001582    9.172364 ^ fanout1252/A (sky130_fd_sc_hd__clkbuf_4)
    10    0.061746    0.188486    0.304015    9.476380 ^ fanout1252/X (sky130_fd_sc_hd__clkbuf_4)
                                                         net1252 (net)
                      0.188822    0.006036    9.482416 ^ _3685_/RESET_B (sky130_fd_sc_hd__dfrtp_4)
                                              9.482416   data arrival time

                                 40.000000   40.000000   clock clk (rise edge)
                                  0.000000   40.000000   clock source latency
     2    0.202048    1.000000    0.000000   40.000000 ^ gpio_in[38] (in)
                                                         gpio_in[38] (net)
                      1.288766    0.137163   40.137165 ^ clkbuf_0_gpio_in[38]/A (sky130_fd_sc_hd__clkbuf_16)
     5    0.303052    0.318020    0.467640   40.604805 ^ clkbuf_0_gpio_in[38]/X (sky130_fd_sc_hd__clkbuf_16)
                                                         clknet_0_gpio_in[38] (net)
                      0.319657    0.018829   40.623634 ^ clkbuf_1_0_0_gpio_in[38]/A (sky130_fd_sc_hd__clkbuf_8)
     3    0.025781    0.063610    0.213067   40.836700 ^ clkbuf_1_0_0_gpio_in[38]/X (sky130_fd_sc_hd__clkbuf_8)
                                                         clknet_1_0_0_gpio_in[38] (net)
                      0.064241    0.003613   40.840313 ^ clkbuf_1_0_1_gpio_in[38]/A (sky130_fd_sc_hd__clkbuf_8)
     5    0.082791    0.150558    0.191708   41.032021 ^ clkbuf_1_0_1_gpio_in[38]/X (sky130_fd_sc_hd__clkbuf_8)
                                                         clknet_1_0_1_gpio_in[38] (net)
                      0.156886    0.022911   41.054932 ^ clkbuf_2_0_0_gpio_in[38]/A (sky130_fd_sc_hd__clkbuf_8)
     5    0.106064    0.187721    0.255003   41.309937 ^ clkbuf_2_0_0_gpio_in[38]/X (sky130_fd_sc_hd__clkbuf_8)
                                                         clknet_2_0_0_gpio_in[38] (net)
                      0.189146    0.012527   41.322464 ^ clkbuf_3_0_0_gpio_in[38]/A (sky130_fd_sc_hd__clkbuf_8)
    19    0.199913    0.343863    0.357034   41.679497 ^ clkbuf_3_0_0_gpio_in[38]/X (sky130_fd_sc_hd__clkbuf_8)
                                                         clknet_3_0_0_gpio_in[38] (net)
                      0.345630    0.019316   41.698814 ^ clkbuf_leaf_65_gpio_in[38]/A (sky130_fd_sc_hd__clkbuf_8)
    11    0.061497    0.119021    0.258691   41.957504 ^ clkbuf_leaf_65_gpio_in[38]/X (sky130_fd_sc_hd__clkbuf_8)
                                                         clknet_leaf_65_gpio_in[38] (net)
                      0.119077    0.002313   41.959816 ^ _3685_/CLK (sky130_fd_sc_hd__dfrtp_4)
                                 -0.100000   41.859818   clock uncertainty
                                  0.128262   41.988083   clock reconvergence pessimism
                                  0.194044   42.182125   library recovery time
                                             42.182125   data required time
---------------------------------------------------------------------------------------------
                                             42.182125   data required time
                                             -9.482416   data arrival time
---------------------------------------------------------------------------------------------
                                             32.699707   slack (MET)


Startpoint: _4020_ (rising edge-triggered flip-flop clocked by clk)
Endpoint: _3650_ (rising edge-triggered flip-flop clocked by clk)
Path Group: clk
Path Type: max

Fanout         Cap        Slew       Delay        Time   Description
---------------------------------------------------------------------------------------------
                                  0.000000    0.000000   clock clk (rise edge)
                                  0.000000    0.000000   clock source latency
     2    0.202048    1.190000    0.000000    0.000000 ^ gpio_in[38] (in)
                                                         gpio_in[38] (net)
                      1.478766    0.151602    0.151602 ^ clkbuf_0_gpio_in[38]/A (sky130_fd_sc_hd__clkbuf_16)
     5    0.303052    0.319594    0.536161    0.687763 ^ clkbuf_0_gpio_in[38]/X (sky130_fd_sc_hd__clkbuf_16)
                                                         clknet_0_gpio_in[38] (net)
                      0.321231    0.020814    0.708577 ^ clkbuf_1_0_0_gpio_in[38]/A (sky130_fd_sc_hd__clkbuf_8)
     3    0.025781    0.063649    0.235811    0.944387 ^ clkbuf_1_0_0_gpio_in[38]/X (sky130_fd_sc_hd__clkbuf_8)
                                                         clknet_1_0_0_gpio_in[38] (net)
                      0.064283    0.003990    0.948377 ^ clkbuf_1_0_1_gpio_in[38]/A (sky130_fd_sc_hd__clkbuf_8)
     5    0.082791    0.150558    0.211907    1.160284 ^ clkbuf_1_0_1_gpio_in[38]/X (sky130_fd_sc_hd__clkbuf_8)
                                                         clknet_1_0_1_gpio_in[38] (net)
                      0.157084    0.025705    1.185989 ^ clkbuf_2_1_0_gpio_in[38]/A (sky130_fd_sc_hd__clkbuf_8)
     5    0.074506    0.137565    0.236663    1.422652 ^ clkbuf_2_1_0_gpio_in[38]/X (sky130_fd_sc_hd__clkbuf_8)
                                                         clknet_2_1_0_gpio_in[38] (net)
                      0.143588    0.023581    1.446234 ^ clkbuf_3_2_0_gpio_in[38]/A (sky130_fd_sc_hd__clkbuf_8)
    31    0.395947    0.645309    0.466474    1.912708 ^ clkbuf_3_2_0_gpio_in[38]/X (sky130_fd_sc_hd__clkbuf_8)
                                                         clknet_3_2_0_gpio_in[38] (net)
                      0.651185    0.058714    1.971422 ^ clkbuf_leaf_61_gpio_in[38]/A (sky130_fd_sc_hd__clkbuf_8)
     7    0.058677    0.119954    0.343775    2.315197 ^ clkbuf_leaf_61_gpio_in[38]/X (sky130_fd_sc_hd__clkbuf_8)
                                                         clknet_leaf_61_gpio_in[38] (net)
                      0.120034    0.003030    2.318227 ^ _4020_/CLK (sky130_fd_sc_hd__dfrtp_4)
     3    0.024805    0.101042    0.495969    2.814196 ^ _4020_/Q (sky130_fd_sc_hd__dfrtp_4)
                                                         u_chip_core.fabric_spi_controller.rst_ni (net)
                      0.101243    0.003491    2.817687 ^ hold1389/A (sky130_fd_sc_hd__dlygate4sd3_1)
     3    0.025346    0.257322    0.745592    3.563279 ^ hold1389/X (sky130_fd_sc_hd__dlygate4sd3_1)
                                                         net2844 (net)
                      0.257366    0.003570    3.566849 ^ hold1331/A (sky130_fd_sc_hd__clkbuf_4)
     3    0.055361    0.170854    0.310822    3.877672 ^ hold1331/X (sky130_fd_sc_hd__clkbuf_4)
                                                         net2786 (net)
                      0.173055    0.016264    3.893936 ^ wire1315/A (sky130_fd_sc_hd__buf_12)
     5    0.086868    0.108767    0.181563    4.075499 ^ wire1315/X (sky130_fd_sc_hd__buf_12)
                                                         net1315 (net)
                      0.110591    0.011743    4.087241 ^ hold1332/A (sky130_fd_sc_hd__dlygate4sd3_1)
     1    0.014367    0.156155    0.670535    4.757776 ^ hold1332/X (sky130_fd_sc_hd__dlygate4sd3_1)
                                                         net2787 (net)
                      0.156174    0.001879    4.759655 ^ fanout1313/A (sky130_fd_sc_hd__clkbuf_8)
    11    0.110486    0.196186    0.265953    5.025609 ^ fanout1313/X (sky130_fd_sc_hd__clkbuf_8)
                                                         net1313 (net)
                      0.196451    0.006930    5.032538 ^ hold1333/A (sky130_fd_sc_hd__clkbuf_4)
     7    0.066417    0.203689    0.309857    5.342395 ^ hold1333/X (sky130_fd_sc_hd__clkbuf_4)
                                                         net2788 (net)
                      0.203706    0.001659    5.344054 ^ fanout1311/A (sky130_fd_sc_hd__buf_2)
     7    0.028885    0.145454    0.240980    5.585034 ^ fanout1311/X (sky130_fd_sc_hd__buf_2)
                                                         net1311 (net)
                      0.145530    0.001325    5.586359 ^ fanout1307/A (sky130_fd_sc_hd__buf_4)
    21    0.089438    0.248414    0.300020    5.886379 ^ fanout1307/X (sky130_fd_sc_hd__buf_4)
                                                         net1307 (net)
                      0.248450    0.002661    5.889040 ^ _1597_/A (sky130_fd_sc_hd__nand2_8)
    11    0.171834    0.244012    0.245759    6.134799 v _1597_/Y (sky130_fd_sc_hd__nand2_8)
                                                         _0873_ (net)
                      0.248367    0.027251    6.162049 v _1599_/A (sky130_fd_sc_hd__or2_4)
    11    0.329860    0.373030    0.512628    6.674677 v _1599_/X (sky130_fd_sc_hd__or2_4)
                                                         _0875_ (net)
                      0.683035    0.303095    6.977772 v _1604_/A (sky130_fd_sc_hd__nor2_8)
     3    0.182199    0.663537    0.745823    7.723595 ^ _1604_/Y (sky130_fd_sc_hd__nor2_8)
                                                         _0000_ (net)
                      0.681831    0.091685    7.815280 ^ hold1624/A (sky130_fd_sc_hd__buf_4)
     3    0.079582    0.226005    0.377503    8.192783 ^ hold1624/X (sky130_fd_sc_hd__buf_4)
                                                         net3079 (net)
                      0.230157    0.025663    8.218447 ^ fanout752/A (sky130_fd_sc_hd__buf_12)
    11    0.726825    0.272407    0.279843    8.498289 ^ fanout752/X (sky130_fd_sc_hd__buf_12)
                                                         net752 (net)
                      2.651746    1.393352    9.891642 ^ fanout751/A (sky130_fd_sc_hd__clkbuf_4)
     7    0.042179    0.175852    0.626416   10.518058 ^ fanout751/X (sky130_fd_sc_hd__clkbuf_4)
                                                         net751 (net)
                      0.175904    0.003064   10.521122 ^ fanout750/A (sky130_fd_sc_hd__clkbuf_4)
    10    0.057604    0.177566    0.290724   10.811846 ^ fanout750/X (sky130_fd_sc_hd__clkbuf_4)
                                                         net750 (net)
                      0.177822    0.005801   10.817647 ^ _2494_/S (sky130_fd_sc_hd__mux2_1)
     1    0.010248    0.132881    0.406429   11.224075 v _2494_/X (sky130_fd_sc_hd__mux2_1)
                                                         _0448_ (net)
                      0.132881    0.001267   11.225343 v hold1540/A (sky130_fd_sc_hd__dlygate4sd3_1)
     1    0.008155    0.079988    0.654519   11.879862 v hold1540/X (sky130_fd_sc_hd__dlygate4sd3_1)
                                                         net2995 (net)
                      0.079988    0.000647   11.880509 v _3650_/D (sky130_fd_sc_hd__dfxtp_1)
                                             11.880509   data arrival time

                                 40.000000   40.000000   clock clk (rise edge)
                                  0.000000   40.000000   clock source latency
     2    0.202048    1.000000    0.000000   40.000000 ^ gpio_in[38] (in)
                                                         gpio_in[38] (net)
                      1.288766    0.137163   40.137165 ^ clkbuf_0_gpio_in[38]/A (sky130_fd_sc_hd__clkbuf_16)
     5    0.303052    0.318020    0.467640   40.604805 ^ clkbuf_0_gpio_in[38]/X (sky130_fd_sc_hd__clkbuf_16)
                                                         clknet_0_gpio_in[38] (net)
                      0.369570    0.093589   40.698395 ^ clkbuf_1_1_0_gpio_in[38]/A (sky130_fd_sc_hd__clkbuf_8)
     3    0.093478    0.169948    0.284377   40.982769 ^ clkbuf_1_1_0_gpio_in[38]/X (sky130_fd_sc_hd__clkbuf_8)
                                                         clknet_1_1_0_gpio_in[38] (net)
                      0.181014    0.031974   41.014744 ^ clkbuf_1_1_1_gpio_in[38]/A (sky130_fd_sc_hd__clkbuf_8)
     5    0.101332    0.182076    0.243734   41.258480 ^ clkbuf_1_1_1_gpio_in[38]/X (sky130_fd_sc_hd__clkbuf_8)
                                                         clknet_1_1_1_gpio_in[38] (net)
                      0.192875    0.032728   41.291206 ^ clkbuf_2_2_0_gpio_in[38]/A (sky130_fd_sc_hd__clkbuf_8)
     5    0.074273    0.138163    0.225455   41.516663 ^ clkbuf_2_2_0_gpio_in[38]/X (sky130_fd_sc_hd__clkbuf_8)
                                                         clknet_2_2_0_gpio_in[38] (net)
                      0.143859    0.020869   41.537529 ^ clkbuf_3_5_0_gpio_in[38]/A (sky130_fd_sc_hd__clkbuf_8)
    21    0.309057    0.499472    0.309075   41.846607 ^ clkbuf_3_5_0_gpio_in[38]/X (sky130_fd_sc_hd__clkbuf_8)
                                                         clknet_3_5_0_gpio_in[38] (net)
                      0.731804    0.266780   42.113384 ^ clkbuf_leaf_31_gpio_in[38]/A (sky130_fd_sc_hd__clkbuf_8)
    41    0.098883    0.180961    0.364039   42.477425 ^ clkbuf_leaf_31_gpio_in[38]/X (sky130_fd_sc_hd__clkbuf_8)
                                                         clknet_leaf_31_gpio_in[38] (net)
                      0.181243    0.005954   42.483379 ^ _3650_/CLK (sky130_fd_sc_hd__dfxtp_1)
                                 -0.100000   42.383381   clock uncertainty
                                  0.082961   42.466343   clock reconvergence pessimism
                                 -0.093963   42.372383   library setup time
                                             42.372383   data required time
---------------------------------------------------------------------------------------------
                                             42.372383   data required time
                                            -11.880509   data arrival time
---------------------------------------------------------------------------------------------
                                             30.491873   slack (MET)




===========================================================================
report_checks --slack_max -0.01
============================================================================
======================= max_tt_025C_1v80 Corner ===================================

No paths found.


===========================================================================
 report_check_types -max_slew -max_cap -max_fanout -violators
============================================================================
======================= max_tt_025C_1v80 Corner ===================================

max slew

Pin                                        Limit        Slew       Slack
------------------------------------------------------------------------
wire938/A                               1.500000   16.719118  -15.219119 (VIOLATED)
ANTENNA_322/DIODE                       1.500000   16.719017  -15.219018 (VIOLATED)
ANTENNA_wire938_A/DIODE                 1.500000   16.719013  -15.219012 (VIOLATED)
ANTENNA_321/DIODE                       1.500000   16.718946  -15.218946 (VIOLATED)
wire929/A                               1.500000   15.490626  -13.990626 (VIOLATED)
ANTENNA_wire929_A/DIODE                 1.500000   15.490528  -13.990528 (VIOLATED)
wire1037/A                              1.500000   10.816072   -9.316072 (VIOLATED)
ANTENNA_wire1037_A/DIODE                1.500000   10.815849   -9.315848 (VIOLATED)
wire1038/A                              1.500000    6.812464   -5.312463 (VIOLATED)
ANTENNA_5/DIODE                         1.500000    6.812109   -5.312108 (VIOLATED)
ANTENNA_4/DIODE                         1.500000    6.812103   -5.312103 (VIOLATED)
ANTENNA_wire1038_A/DIODE                1.500000    6.812106   -5.312106 (VIOLATED)
ANTENNA_2/DIODE                         1.500000    6.811549   -5.311550 (VIOLATED)
ANTENNA_3/DIODE                         1.500000    6.811525   -5.311526 (VIOLATED)
wire1408/A                              1.500000    6.767557   -5.267557 (VIOLATED)
ANTENNA_wire1408_A/DIODE                1.500000    6.766784   -5.266784 (VIOLATED)
wire1035/A                              1.500000    6.390097   -4.890097 (VIOLATED)
ANTENNA_wire1035_A/DIODE                1.500000    6.389860   -4.889860 (VIOLATED)
load_slew1433/A                         1.500000    6.380672   -4.880671 (VIOLATED)
ANTENNA_load_slew1433_A/DIODE           1.500000    6.380414   -4.880414 (VIOLATED)
_1504_/A                                1.500000    6.375664   -4.875664 (VIOLATED)
ANTENNA__1504__A/DIODE                  1.500000    6.375575   -4.875575 (VIOLATED)
_1485_/A                                1.500000    6.171721   -4.671722 (VIOLATED)
ANTENNA__1485__A/DIODE                  1.500000    6.171696   -4.671696 (VIOLATED)
_1509_/A                                1.500000    5.925687   -4.425687 (VIOLATED)
ANTENNA__1509__A/DIODE                  1.500000    5.925151   -4.425151 (VIOLATED)
_1510_/A                                1.500000    5.444433   -3.944432 (VIOLATED)
ANTENNA__1510__A/DIODE                  1.500000    5.444388   -3.944388 (VIOLATED)
wire1430/A                              1.500000    3.975475   -2.475475 (VIOLATED)
ANTENNA_wire1430_A/DIODE                1.500000    3.975290   -2.475290 (VIOLATED)
_1503_/A                                1.500000    3.938335   -2.438335 (VIOLATED)
ANTENNA__1503__A/DIODE                  1.500000    3.938273   -2.438273 (VIOLATED)
_1505_/A                                1.500000    3.650113   -2.150114 (VIOLATED)
ANTENNA__1505__A/DIODE                  1.500000    3.650045   -2.150045 (VIOLATED)
_2502_/A1                               1.500000    3.607344   -2.107344 (VIOLATED)
ANTENNA__2502__A1/DIODE                 1.500000    3.607253   -2.107253 (VIOLATED)
_1506_/A                                1.500000    3.597748   -2.097748 (VIOLATED)
ANTENNA__1506__A/DIODE                  1.500000    3.597720   -2.097720 (VIOLATED)
ANTENNA__2503__A1/DIODE                 1.500000    3.489030   -1.989030 (VIOLATED)
_2503_/A1                               1.500000    3.488986   -1.988985 (VIOLATED)
wire947/A                               1.500000    3.329968   -1.829968 (VIOLATED)
ANTENNA_197/DIODE                       1.500000    3.329941   -1.829941 (VIOLATED)
ANTENNA_wire947_A/DIODE                 1.500000    3.329928   -1.829928 (VIOLATED)
ANTENNA_198/DIODE                       1.500000    3.329923   -1.829923 (VIOLATED)
ANTENNA_199/DIODE                       1.500000    3.329917   -1.829917 (VIOLATED)
ANTENNA_200/DIODE                       1.500000    3.329911   -1.829911 (VIOLATED)
ANTENNA_201/DIODE                       1.500000    3.329902   -1.829903 (VIOLATED)
ANTENNA_202/DIODE                       1.500000    3.329894   -1.829894 (VIOLATED)
ANTENNA__2476__A1/DIODE                 1.500000    3.041639   -1.541639 (VIOLATED)
_2476_/A1                               1.500000    3.041604   -1.541604 (VIOLATED)
_2482_/A1                               1.500000    3.011408   -1.511408 (VIOLATED)
ANTENNA__2482__A1/DIODE                 1.500000    3.011394   -1.511394 (VIOLATED)
wire1028/A                              1.500000    2.955952   -1.455953 (VIOLATED)
ANTENNA_wire1028_A/DIODE                1.500000    2.955650   -1.455650 (VIOLATED)
_2479_/A1                               1.500000    2.892406   -1.392406 (VIOLATED)
ANTENNA__2479__A1/DIODE                 1.500000    2.892279   -1.392279 (VIOLATED)
ANTENNA_wire948_X/DIODE                 1.500000    2.882843   -1.382843 (VIOLATED)
wire948/X                               1.500000    2.882777   -1.382777 (VIOLATED)
ANTENNA_fanout1129_A/DIODE              1.500000    2.870118   -1.370118 (VIOLATED)
fanout1129/A                            1.500000    2.831164   -1.331164 (VIOLATED)
_2487_/A1                               1.500000    2.734432   -1.234433 (VIOLATED)
ANTENNA__2487__A1/DIODE                 1.500000    2.734411   -1.234411 (VIOLATED)
_2483_/A1                               1.500000    2.690692   -1.190692 (VIOLATED)
ANTENNA__2483__A1/DIODE                 1.500000    2.690594   -1.190595 (VIOLATED)
ANTENNA__2504__A1/DIODE                 1.500000    2.678499   -1.178500 (VIOLATED)
_2504_/A1                               1.500000    2.678479   -1.178480 (VIOLATED)
ANTENNA__2505__A1/DIODE                 1.500000    2.668555   -1.168555 (VIOLATED)
_2505_/A1                               1.500000    2.668545   -1.168545 (VIOLATED)
fanout751/A                             1.500000    2.651746   -1.151746 (VIOLATED)
ANTENNA_fanout751_A/DIODE               1.500000    2.651695   -1.151695 (VIOLATED)
_2488_/S                                1.500000    2.651052   -1.151052 (VIOLATED)
ANTENNA__2488__S/DIODE                  1.500000    2.650388   -1.150388 (VIOLATED)
ANTENNA__2487__S/DIODE                  1.500000    2.649657   -1.149657 (VIOLATED)
_2487_/S                                1.500000    2.648934   -1.148934 (VIOLATED)
fanout749/A                             1.500000    2.647242   -1.147242 (VIOLATED)
ANTENNA_fanout749_A/DIODE               1.500000    2.647143   -1.147143 (VIOLATED)
ANTENNA__2492__A1/DIODE                 1.500000    2.564687   -1.064687 (VIOLATED)
_2492_/A1                               1.500000    2.564587   -1.064587 (VIOLATED)
_2485_/A1                               1.500000    2.562478   -1.062478 (VIOLATED)
ANTENNA__2485__A1/DIODE                 1.500000    2.562458   -1.062458 (VIOLATED)
_2480_/A1                               1.500000    2.556962   -1.056962 (VIOLATED)
ANTENNA__2480__A1/DIODE                 1.500000    2.556890   -1.056890 (VIOLATED)
_2494_/A1                               1.500000    2.544044   -1.044044 (VIOLATED)
ANTENNA__2494__A1/DIODE                 1.500000    2.543940   -1.043940 (VIOLATED)
ANTENNA__2477__A1/DIODE                 1.500000    2.523864   -1.023864 (VIOLATED)
_2477_/A1                               1.500000    2.523850   -1.023850 (VIOLATED)
ANTENNA__1535__X/DIODE                  1.500000    2.518651   -1.018651 (VIOLATED)
_1535_/X                                1.500000    2.518203   -1.018203 (VIOLATED)
_2481_/A1                               1.500000    2.513759   -1.013759 (VIOLATED)
ANTENNA__2481__A1/DIODE                 1.500000    2.513667   -1.013667 (VIOLATED)
_2478_/A1                               1.500000    2.507382   -1.007382 (VIOLATED)
ANTENNA__2478__A1/DIODE                 1.500000    2.507348   -1.007348 (VIOLATED)
fanout1231/A                            1.500000    2.504154   -1.004155 (VIOLATED)
ANTENNA_fanout1231_A/DIODE              1.500000    2.503329   -1.003329 (VIOLATED)
fanout1126/A                            1.500000    2.451438   -0.951438 (VIOLATED)
ANTENNA_fanout1126_A/DIODE              1.500000    2.450026   -0.950026 (VIOLATED)
wire1421/A                              1.500000    2.431428   -0.931428 (VIOLATED)
ANTENNA_146/DIODE                       1.500000    2.431304   -0.931304 (VIOLATED)
ANTENNA_wire1421_A/DIODE                1.500000    2.431300   -0.931300 (VIOLATED)
ANTENNA_147/DIODE                       1.500000    2.431298   -0.931299 (VIOLATED)
ANTENNA_145/DIODE                       1.500000    2.431178   -0.931178 (VIOLATED)
ANTENNA_144/DIODE                       1.500000    2.431173   -0.931173 (VIOLATED)
ANTENNA_fanout1123_A/DIODE              1.500000    2.390688   -0.890688 (VIOLATED)
fanout1123/A                            1.500000    2.381798   -0.881798 (VIOLATED)
wire871/A                               1.500000    2.373567   -0.873567 (VIOLATED)
ANTENNA_wire871_A/DIODE                 1.500000    2.373486   -0.873486 (VIOLATED)
wire1062/A                              1.500000    2.359726   -0.859726 (VIOLATED)
ANTENNA_wire1062_A/DIODE                1.500000    2.358990   -0.858990 (VIOLATED)
wire907/A                               1.500000    2.320244   -0.820244 (VIOLATED)
ANTENNA_wire907_A/DIODE                 1.500000    2.320216   -0.820216 (VIOLATED)
_2495_/A1                               1.500000    2.302120   -0.802120 (VIOLATED)
ANTENNA__2495__A1/DIODE                 1.500000    2.302001   -0.802001 (VIOLATED)
fanout1207/A                            1.500000    2.258430   -0.758430 (VIOLATED)
ANTENNA_fanout1207_A/DIODE              1.500000    2.258198   -0.758198 (VIOLATED)
ANTENNA__1580__Y/DIODE                  1.500000    2.255511   -0.755511 (VIOLATED)
_1580_/Y                                1.500000    2.255478   -0.755478 (VIOLATED)
_2493_/A1                               1.500000    2.209327   -0.709328 (VIOLATED)
ANTENNA__2493__A1/DIODE                 1.500000    2.209266   -0.709266 (VIOLATED)
ANTENNA__1576__Y/DIODE                  1.500000    2.209111   -0.709111 (VIOLATED)
_1576_/Y                                1.500000    2.209079   -0.709079 (VIOLATED)
_1501_/A                                1.500000    2.198954   -0.698954 (VIOLATED)
ANTENNA__1501__A/DIODE                  1.500000    2.198938   -0.698938 (VIOLATED)
fanout1225/A                            1.500000    2.180536   -0.680536 (VIOLATED)
ANTENNA_fanout1225_A/DIODE              1.500000    2.180036   -0.680036 (VIOLATED)
fanout1298/A                            1.500000    2.136140   -0.636140 (VIOLATED)
ANTENNA_fanout1298_A/DIODE              1.500000    2.135517   -0.635517 (VIOLATED)
_2475_/A1                               1.500000    2.097314   -0.597314 (VIOLATED)
ANTENNA__2475__A1/DIODE                 1.500000    2.097290   -0.597290 (VIOLATED)
fanout1293/A                            1.500000    2.095768   -0.595768 (VIOLATED)
ANTENNA_fanout1293_A/DIODE              1.500000    2.095464   -0.595464 (VIOLATED)
_1498_/A                                1.500000    2.093421   -0.593422 (VIOLATED)
ANTENNA__1498__A/DIODE                  1.500000    2.093355   -0.593355 (VIOLATED)
fanout1122/A                            1.500000    2.083389   -0.583389 (VIOLATED)
ANTENNA_fanout1122_A/DIODE              1.500000    2.082606   -0.582606 (VIOLATED)
_2491_/A1                               1.500000    2.071439   -0.571439 (VIOLATED)
ANTENNA__2491__A1/DIODE                 1.500000    2.071386   -0.571386 (VIOLATED)
wire1026/A                              1.500000    2.070044   -0.570044 (VIOLATED)
ANTENNA_wire1026_A/DIODE                1.500000    2.069726   -0.569727 (VIOLATED)
wire1025/A                              1.500000    2.055225   -0.555225 (VIOLATED)
ANTENNA_wire1025_A/DIODE                1.500000    2.055161   -0.555161 (VIOLATED)
wire828/A                               1.500000    2.054920   -0.554921 (VIOLATED)
ANTENNA_wire828_A/DIODE                 1.500000    2.054704   -0.554704 (VIOLATED)
fanout1216/A                            1.500000    2.026436   -0.526436 (VIOLATED)
ANTENNA_fanout1216_A/DIODE              1.500000    2.026038   -0.526038 (VIOLATED)
fanout1192/A                            1.500000    1.997718   -0.497718 (VIOLATED)
ANTENNA_fanout1192_A/DIODE              1.500000    1.996884   -0.496884 (VIOLATED)
fanout1177/A                            1.500000    1.982053   -0.482053 (VIOLATED)
ANTENNA_fanout1177_A/DIODE              1.500000    1.981411   -0.481411 (VIOLATED)
_2489_/A1                               1.500000    1.953288   -0.453288 (VIOLATED)
ANTENNA__2489__A1/DIODE                 1.500000    1.953208   -0.453208 (VIOLATED)
wire928/A                               1.500000    1.950234   -0.450234 (VIOLATED)
ANTENNA_wire928_A/DIODE                 1.500000    1.949686   -0.449686 (VIOLATED)
_1508_/A                                1.500000    1.937564   -0.437564 (VIOLATED)
ANTENNA__1508__A/DIODE                  1.500000    1.937541   -0.437541 (VIOLATED)
fanout1204/A                            1.500000    1.934761   -0.434761 (VIOLATED)
ANTENNA_1/DIODE                         1.500000    1.932303   -0.432303 (VIOLATED)
ANTENNA__1545__X/DIODE                  1.500000    1.932303   -0.432303 (VIOLATED)
_1545_/X                                1.500000    1.932255   -0.432255 (VIOLATED)
ANTENNA_fanout1204_A/DIODE              1.500000    1.912564   -0.412564 (VIOLATED)
fanout1198/A                            1.500000    1.907389   -0.407389 (VIOLATED)
ANTENNA_fanout1198_A/DIODE              1.500000    1.906316   -0.406316 (VIOLATED)
wire1057/A                              1.500000    1.906010   -0.406010 (VIOLATED)
ANTENNA_wire1057_A/DIODE                1.500000    1.905931   -0.405931 (VIOLATED)
fanout1290/A                            1.500000    1.901073   -0.401073 (VIOLATED)
ANTENNA_fanout1290_A/DIODE              1.500000    1.900560   -0.400560 (VIOLATED)
_1499_/A                                1.500000    1.889286   -0.389286 (VIOLATED)
ANTENNA__1499__A/DIODE                  1.500000    1.889285   -0.389285 (VIOLATED)
fanout1210/A                            1.500000    1.841860   -0.341860 (VIOLATED)
ANTENNA_fanout1210_A/DIODE              1.500000    1.841488   -0.341488 (VIOLATED)
fanout1219/A                            1.500000    1.816585   -0.316585 (VIOLATED)
ANTENNA_fanout1219_A/DIODE              1.500000    1.814095   -0.314095 (VIOLATED)
fanout1222/A                            1.500000    1.813819   -0.313819 (VIOLATED)
ANTENNA_fanout1222_A/DIODE              1.500000    1.813363   -0.313363 (VIOLATED)
fanout1171/A                            1.500000    1.778260   -0.278260 (VIOLATED)
ANTENNA_fanout1171_A/DIODE              1.500000    1.777863   -0.277863 (VIOLATED)
_2488_/A1                               1.500000    1.773398   -0.273398 (VIOLATED)
ANTENNA__2488__A1/DIODE                 1.500000    1.773381   -0.273381 (VIOLATED)
_4502_/A                                1.500000    1.770396   -0.270396 (VIOLATED)
ANTENNA__4502__A/DIODE                  1.500000    1.770241   -0.270241 (VIOLATED)
fanout1213/A                            1.500000    1.767390   -0.267390 (VIOLATED)
ANTENNA_fanout1213_A/DIODE              1.500000    1.766547   -0.266547 (VIOLATED)
_2851_/B2                               1.500000    1.761487   -0.261487 (VIOLATED)
ANTENNA__2851__B2/DIODE                 1.500000    1.761282   -0.261282 (VIOLATED)
ANTENNA__2490__A1/DIODE                 1.500000    1.758633   -0.258633 (VIOLATED)
_2490_/A1                               1.500000    1.758631   -0.258631 (VIOLATED)
ANTENNA_234/DIODE                       1.500000    1.758577   -0.258577 (VIOLATED)
ANTENNA__2850__B2/DIODE                 1.500000    1.736225   -0.236225 (VIOLATED)
_2850_/B2                               1.500000    1.736221   -0.236221 (VIOLATED)
_2486_/A1                               1.500000    1.735869   -0.235869 (VIOLATED)
ANTENNA__2486__A1/DIODE                 1.500000    1.735821   -0.235821 (VIOLATED)
ANTENNA__2842__B2/DIODE                 1.500000    1.732589   -0.232589 (VIOLATED)
_2842_/B2                               1.500000    1.732560   -0.232560 (VIOLATED)
_2845_/B2                               1.500000    1.732374   -0.232374 (VIOLATED)
ANTENNA__2845__B2/DIODE                 1.500000    1.732068   -0.232068 (VIOLATED)
_2566_/A1                               1.500000    1.725992   -0.225992 (VIOLATED)
ANTENNA__2566__A1/DIODE                 1.500000    1.725972   -0.225972 (VIOLATED)
_2558_/A1                               1.500000    1.724371   -0.224371 (VIOLATED)
ANTENNA__2558__A1/DIODE                 1.500000    1.724355   -0.224355 (VIOLATED)
_4501_/A                                1.500000    1.718036   -0.218036 (VIOLATED)
ANTENNA__4501__A/DIODE                  1.500000    1.717802   -0.217802 (VIOLATED)
ANTENNA__1539__A2/DIODE                 1.500000    1.709882   -0.209882 (VIOLATED)
_1539_/A2                               1.500000    1.709879   -0.209879 (VIOLATED)
_1538_/A2                               1.500000    1.709383   -0.209383 (VIOLATED)
ANTENNA__1538__A2/DIODE                 1.500000    1.709279   -0.209279 (VIOLATED)
_2599_/A1                               1.500000    1.702141   -0.202141 (VIOLATED)
ANTENNA__2599__A1/DIODE                 1.500000    1.701860   -0.201860 (VIOLATED)
_2591_/A1                               1.500000    1.700840   -0.200840 (VIOLATED)
ANTENNA__2591__A1/DIODE                 1.500000    1.700496   -0.200496 (VIOLATED)
_2567_/A1                               1.500000    1.698375   -0.198375 (VIOLATED)
ANTENNA__2567__A1/DIODE                 1.500000    1.698303   -0.198303 (VIOLATED)
_2561_/A1                               1.500000    1.695009   -0.195009 (VIOLATED)
ANTENNA__2561__A1/DIODE                 1.500000    1.694957   -0.194957 (VIOLATED)
ANTENNA__1540__A2/DIODE                 1.500000    1.692621   -0.192621 (VIOLATED)
_1540_/A2                               1.500000    1.692291   -0.192291 (VIOLATED)
_2594_/A1                               1.500000    1.690122   -0.190122 (VIOLATED)
ANTENNA__2594__A1/DIODE                 1.500000    1.690108   -0.190108 (VIOLATED)
_1575_/A2                               1.500000    1.687764   -0.187764 (VIOLATED)
ANTENNA__1575__A2/DIODE                 1.500000    1.687569   -0.187569 (VIOLATED)
wire1023/A                              1.500000    1.687187   -0.187187 (VIOLATED)
ANTENNA_wire1023_A/DIODE                1.500000    1.687030   -0.187030 (VIOLATED)
wire1030/A                              1.500000    1.677975   -0.177975 (VIOLATED)
ANTENNA_wire1030_A/DIODE                1.500000    1.677763   -0.177763 (VIOLATED)
ANTENNA__2627__A1/DIODE                 1.500000    1.676246   -0.176246 (VIOLATED)
_2600_/A1                               1.500000    1.675762   -0.175762 (VIOLATED)
_2627_/A1                               1.500000    1.675669   -0.175669 (VIOLATED)
ANTENNA__2600__A1/DIODE                 1.500000    1.675070   -0.175070 (VIOLATED)
_2849_/B2                               1.500000    1.674679   -0.174679 (VIOLATED)
ANTENNA__2849__B2/DIODE                 1.500000    1.674652   -0.174652 (VIOLATED)
_2844_/B2                               1.500000    1.674402   -0.174402 (VIOLATED)
ANTENNA__2844__B2/DIODE                 1.500000    1.673938   -0.173938 (VIOLATED)
wire1428/A                              1.500000    1.669317   -0.169317 (VIOLATED)
ANTENNA_wire1428_A/DIODE                1.500000    1.668541   -0.168541 (VIOLATED)
_2632_/A1                               1.500000    1.664997   -0.164997 (VIOLATED)
ANTENNA__2632__A1/DIODE                 1.500000    1.664975   -0.164975 (VIOLATED)
wire1053/A                              1.500000    1.664910   -0.164910 (VIOLATED)
ANTENNA_wire1053_A/DIODE                1.500000    1.664840   -0.164840 (VIOLATED)
_2624_/A1                               1.500000    1.663918   -0.163918 (VIOLATED)
ANTENNA__2624__A1/DIODE                 1.500000    1.663481   -0.163481 (VIOLATED)
_2565_/A1                               1.500000    1.661339   -0.161339 (VIOLATED)
_2633_/A1                               1.500000    1.661147   -0.161147 (VIOLATED)
ANTENNA__2633__A1/DIODE                 1.500000    1.661099   -0.161099 (VIOLATED)
ANTENNA__2565__A1/DIODE                 1.500000    1.660681   -0.160681 (VIOLATED)
ANTENNA__2841__B2/DIODE                 1.500000    1.655714   -0.155714 (VIOLATED)
_2841_/B2                               1.500000    1.655686   -0.155686 (VIOLATED)
fanout1128/A                            1.500000    1.646219   -0.146219 (VIOLATED)
ANTENNA_fanout1128_A/DIODE              1.500000    1.645303   -0.145303 (VIOLATED)
_2484_/A1                               1.500000    1.643083   -0.143083 (VIOLATED)
ANTENNA__2484__A1/DIODE                 1.500000    1.643041   -0.143041 (VIOLATED)
_2598_/A1                               1.500000    1.642103   -0.142103 (VIOLATED)
ANTENNA__2598__A1/DIODE                 1.500000    1.642081   -0.142081 (VIOLATED)
ANTENNA__2666__A1/DIODE                 1.500000    1.640397   -0.140397 (VIOLATED)
_2666_/A1                               1.500000    1.639674   -0.139674 (VIOLATED)
_2560_/A1                               1.500000    1.637432   -0.137432 (VIOLATED)
ANTENNA__2560__A1/DIODE                 1.500000    1.637385   -0.137385 (VIOLATED)
_2843_/B2                               1.500000    1.633118   -0.133118 (VIOLATED)
ANTENNA__2843__B2/DIODE                 1.500000    1.633113   -0.133113 (VIOLATED)
_2557_/A1                               1.500000    1.630261   -0.130261 (VIOLATED)
ANTENNA__2557__A1/DIODE                 1.500000    1.630244   -0.130244 (VIOLATED)
_2590_/A1                               1.500000    1.628225   -0.128225 (VIOLATED)
ANTENNA__2590__A1/DIODE                 1.500000    1.628121   -0.128121 (VIOLATED)
ANTENNA__1546__X/DIODE                  1.500000    1.627298   -0.127298 (VIOLATED)
_1546_/X                                1.500000    1.627255   -0.127255 (VIOLATED)
_2623_/A1                               1.500000    1.619315   -0.119315 (VIOLATED)
ANTENNA__2623__A1/DIODE                 1.500000    1.619294   -0.119294 (VIOLATED)
fanout1168/A                            1.500000    1.617648   -0.117648 (VIOLATED)
_2660_/A1                               1.500000    1.617628   -0.117628 (VIOLATED)
ANTENNA__2660__A1/DIODE                 1.500000    1.617610   -0.117610 (VIOLATED)
ANTENNA_fanout1168_A/DIODE              1.500000    1.616340   -0.116340 (VIOLATED)
_2847_/B2                               1.500000    1.615640   -0.115640 (VIOLATED)
ANTENNA__2847__B2/DIODE                 1.500000    1.615437   -0.115437 (VIOLATED)
_4026_/SET_B                            1.500000    1.614103   -0.114104 (VIOLATED)
ANTENNA__4026__SET_B/DIODE              1.500000    1.614089   -0.114089 (VIOLATED)
_4025_/SET_B                            1.500000    1.612821   -0.112821 (VIOLATED)
ANTENNA__4025__SET_B/DIODE              1.500000    1.612799   -0.112799 (VIOLATED)
_2440_/A0                               1.500000    1.612430   -0.112430 (VIOLATED)
ANTENNA__2440__A0/DIODE                 1.500000    1.612421   -0.112421 (VIOLATED)
ANTENNA__2665__A1/DIODE                 1.500000    1.610546   -0.110546 (VIOLATED)
_2593_/A1                               1.500000    1.609990   -0.109990 (VIOLATED)
ANTENNA__2593__A1/DIODE                 1.500000    1.609929   -0.109929 (VIOLATED)
_2665_/A1                               1.500000    1.609673   -0.109673 (VIOLATED)
_2657_/A1                               1.500000    1.606273   -0.106273 (VIOLATED)
ANTENNA__2657__A1/DIODE                 1.500000    1.606215   -0.106215 (VIOLATED)
_2559_/A1                               1.500000    1.604717   -0.104717 (VIOLATED)
ANTENNA__2559__A1/DIODE                 1.500000    1.604693   -0.104693 (VIOLATED)
_2407_/A0                               1.500000    1.603740   -0.103740 (VIOLATED)
ANTENNA__2407__A0/DIODE                 1.500000    1.603731   -0.103731 (VIOLATED)
_2631_/A1                               1.500000    1.603036   -0.103036 (VIOLATED)
ANTENNA__2631__A1/DIODE                 1.500000    1.602170   -0.102170 (VIOLATED)
fanout1400/A                            1.500000    1.598626   -0.098626 (VIOLATED)
ANTENNA_fanout1400_A/DIODE              1.500000    1.598608   -0.098608 (VIOLATED)
_2693_/A1                               1.500000    1.596436   -0.096436 (VIOLATED)
ANTENNA__2693__A1/DIODE                 1.500000    1.596421   -0.096421 (VIOLATED)
_2592_/A1                               1.500000    1.586700   -0.086701 (VIOLATED)
ANTENNA__2592__A1/DIODE                 1.500000    1.586447   -0.086447 (VIOLATED)
_2563_/A1                               1.500000    1.578004   -0.078004 (VIOLATED)
ANTENNA__2563__A1/DIODE                 1.500000    1.575786   -0.075786 (VIOLATED)
_2626_/A1                               1.500000    1.573313   -0.073313 (VIOLATED)
_2453_/A0                               1.500000    1.572791   -0.072791 (VIOLATED)
ANTENNA__2453__A0/DIODE                 1.500000    1.572788   -0.072788 (VIOLATED)
ANTENNA__2626__A1/DIODE                 1.500000    1.569511   -0.069511 (VIOLATED)
_2374_/A0                               1.500000    1.569296   -0.069296 (VIOLATED)
_2656_/A1                               1.500000    1.569225   -0.069225 (VIOLATED)
ANTENNA__2374__A0/DIODE                 1.500000    1.569172   -0.069172 (VIOLATED)
ANTENNA__2656__A1/DIODE                 1.500000    1.568500   -0.068500 (VIOLATED)
_2726_/A1                               1.500000    1.567263   -0.067263 (VIOLATED)
wire1392/A                              1.500000    1.566808   -0.066808 (VIOLATED)
ANTENNA_wire1392_A/DIODE                1.500000    1.566061   -0.066061 (VIOLATED)
ANTENNA__2726__A1/DIODE                 1.500000    1.565851   -0.065852 (VIOLATED)
_2420_/A0                               1.500000    1.562567   -0.062567 (VIOLATED)
ANTENNA__2420__A0/DIODE                 1.500000    1.562452   -0.062452 (VIOLATED)
_2596_/A1                               1.500000    1.560660   -0.060660 (VIOLATED)
ANTENNA__2596__A1/DIODE                 1.500000    1.560608   -0.060608 (VIOLATED)
ANTENNA__2449__A0/DIODE                 1.500000    1.559757   -0.059757 (VIOLATED)
_2449_/A0                               1.500000    1.559752   -0.059752 (VIOLATED)
_1534_/B1                               1.500000    1.556118   -0.056118 (VIOLATED)
_1569_/B1                               1.500000    1.555986   -0.055986 (VIOLATED)
ANTENNA__1534__B1/DIODE                 1.500000    1.555699   -0.055699 (VIOLATED)
ANTENNA__1569__B1/DIODE                 1.500000    1.555476   -0.055476 (VIOLATED)
_2416_/A0                               1.500000    1.554189   -0.054189 (VIOLATED)
ANTENNA_249/DIODE                       1.500000    1.554153   -0.054153 (VIOLATED)
_2625_/A1                               1.500000    1.553992   -0.053992 (VIOLATED)
ANTENNA__2416__A0/DIODE                 1.500000    1.553983   -0.053983 (VIOLATED)
ANTENNA__2625__A1/DIODE                 1.500000    1.553597   -0.053597 (VIOLATED)
_2664_/A1                               1.500000    1.542846   -0.042846 (VIOLATED)
ANTENNA__2664__A1/DIODE                 1.500000    1.542799   -0.042799 (VIOLATED)
_2445_/A0                               1.500000    1.540128   -0.040128 (VIOLATED)
ANTENNA__2445__A0/DIODE                 1.500000    1.540121   -0.040121 (VIOLATED)
_2699_/A1                               1.500000    1.539671   -0.039671 (VIOLATED)
_2689_/A1                               1.500000    1.539651   -0.039651 (VIOLATED)
ANTENNA__2689__A1/DIODE                 1.500000    1.539603   -0.039603 (VIOLATED)
ANTENNA__2699__A1/DIODE                 1.500000    1.538917   -0.038917 (VIOLATED)
_2442_/A0                               1.500000    1.537811   -0.037811 (VIOLATED)
ANTENNA__2442__A0/DIODE                 1.500000    1.537806   -0.037806 (VIOLATED)
_2690_/A1                               1.500000    1.537021   -0.037021 (VIOLATED)
ANTENNA__2690__A1/DIODE                 1.500000    1.536974   -0.036974 (VIOLATED)
ANTENNA__2387__A0/DIODE                 1.500000    1.535768   -0.035768 (VIOLATED)
_2387_/A0                               1.500000    1.535670   -0.035670 (VIOLATED)
ANTENNA__2698__A1/DIODE                 1.500000    1.534856   -0.034856 (VIOLATED)
_2698_/A1                               1.500000    1.534542   -0.034542 (VIOLATED)
_2840_/B2                               1.500000    1.533726   -0.033726 (VIOLATED)
ANTENNA__2840__B2/DIODE                 1.500000    1.533570   -0.033570 (VIOLATED)
ANTENNA__2383__A0/DIODE                 1.500000    1.532867   -0.032867 (VIOLATED)
_2383_/A0                               1.500000    1.532822   -0.032822 (VIOLATED)
_2409_/A0                               1.500000    1.531668   -0.031668 (VIOLATED)
ANTENNA__2409__A0/DIODE                 1.500000    1.531531   -0.031531 (VIOLATED)
_2412_/A0                               1.500000    1.531132   -0.031132 (VIOLATED)
ANTENNA__2412__A0/DIODE                 1.500000    1.531093   -0.031093 (VIOLATED)
fanout1174/A                            1.500000    1.528597   -0.028597 (VIOLATED)
ANTENNA_fanout1174_A/DIODE              1.500000    1.528422   -0.028422 (VIOLATED)
wire1069/A                              1.500000    1.527856   -0.027856 (VIOLATED)
ANTENNA_wire1069_A/DIODE                1.500000    1.527550   -0.027550 (VIOLATED)
_2556_/A1                               1.500000    1.525834   -0.025834 (VIOLATED)
ANTENNA__2556__A1/DIODE                 1.500000    1.525657   -0.025657 (VIOLATED)
_2629_/A1                               1.500000    1.525409   -0.025410 (VIOLATED)
ANTENNA__2629__A1/DIODE                 1.500000    1.525387   -0.025387 (VIOLATED)
ANTENNA_261/DIODE                       1.500000    1.525368   -0.025368 (VIOLATED)
load_slew1391/A                         1.500000    1.524232   -0.024232 (VIOLATED)
ANTENNA__2659__A1/DIODE                 1.500000    1.520684   -0.020685 (VIOLATED)
_2659_/A1                               1.500000    1.520239   -0.020239 (VIOLATED)
ANTENNA__2376__A0/DIODE                 1.500000    1.517923   -0.017923 (VIOLATED)
_2376_/A0                               1.500000    1.517548   -0.017548 (VIOLATED)
_2589_/A1                               1.500000    1.515133   -0.015133 (VIOLATED)
ANTENNA__2589__A1/DIODE                 1.500000    1.515111   -0.015111 (VIOLATED)
_1477_/A                                1.500000    1.513521   -0.013521 (VIOLATED)
ANTENNA__1477__A/DIODE                  1.500000    1.513457   -0.013457 (VIOLATED)
_2836_/B2                               1.500000    1.512969   -0.012970 (VIOLATED)
ANTENNA__2340__A1/DIODE                 1.500000    1.512754   -0.012754 (VIOLATED)
_2340_/A1                               1.500000    1.512664   -0.012664 (VIOLATED)
ANTENNA__2836__B2/DIODE                 1.500000    1.512571   -0.012571 (VIOLATED)
_2848_/B2                               1.500000    1.509319   -0.009319 (VIOLATED)
ANTENNA__2662__A1/DIODE                 1.500000    1.509278   -0.009278 (VIOLATED)
ANTENNA__2848__B2/DIODE                 1.500000    1.509210   -0.009210 (VIOLATED)
ANTENNA_263/DIODE                       1.500000    1.507952   -0.007952 (VIOLATED)
ANTENNA_262/DIODE                       1.500000    1.507948   -0.007948 (VIOLATED)
ANTENNA_load_slew1391_A/DIODE           1.500000    1.507937   -0.007938 (VIOLATED)
ANTENNA_260/DIODE                       1.500000    1.507855   -0.007855 (VIOLATED)
_2379_/A0                               1.500000    1.506606   -0.006606 (VIOLATED)
ANTENNA__2379__A0/DIODE                 1.500000    1.506561   -0.006561 (VIOLATED)
ANTENNA__2658__A1/DIODE                 1.500000    1.505266   -0.005266 (VIOLATED)
_2662_/A1                               1.500000    1.505145   -0.005145 (VIOLATED)
_2658_/A1                               1.500000    1.504738   -0.004738 (VIOLATED)
fanout1180/A                            1.500000    1.504436   -0.004436 (VIOLATED)
ANTENNA_fanout1180_A/DIODE              1.500000    1.503721   -0.003721 (VIOLATED)

max fanout

Pin                                   Limit Fanout  Slack
---------------------------------------------------------
clkbuf_leaf_10_gpio_in[38]/X             20     49    -29 (VIOLATED)
clkbuf_leaf_11_gpio_in[38]/X             20     49    -29 (VIOLATED)
clkbuf_leaf_17_gpio_in[38]/X             20     47    -27 (VIOLATED)
clkbuf_leaf_22_gpio_in[38]/X             20     47    -27 (VIOLATED)
clkbuf_leaf_35_gpio_in[38]/X             20     47    -27 (VIOLATED)
clkbuf_leaf_3_gpio_in[38]/X              20     45    -25 (VIOLATED)
clkbuf_leaf_15_gpio_in[38]/X             20     43    -23 (VIOLATED)
clkbuf_leaf_25_gpio_in[38]/X             20     43    -23 (VIOLATED)
clkbuf_leaf_27_gpio_in[38]/X             20     43    -23 (VIOLATED)
clkbuf_leaf_2_gpio_in[38]/X              20     43    -23 (VIOLATED)
clkbuf_leaf_32_gpio_in[38]/X             20     43    -23 (VIOLATED)
clkbuf_leaf_16_gpio_in[38]/X             20     41    -21 (VIOLATED)
clkbuf_leaf_21_gpio_in[38]/X             20     41    -21 (VIOLATED)
clkbuf_leaf_31_gpio_in[38]/X             20     41    -21 (VIOLATED)
clkbuf_leaf_41_gpio_in[38]/X             20     41    -21 (VIOLATED)
clkbuf_leaf_53_gpio_in[38]/X             20     41    -21 (VIOLATED)
clkbuf_leaf_1_gpio_in[38]/X              20     39    -19 (VIOLATED)
clkbuf_leaf_12_gpio_in[38]/X             20     37    -17 (VIOLATED)
clkbuf_leaf_49_gpio_in[38]/X             20     37    -17 (VIOLATED)
clkbuf_leaf_52_gpio_in[38]/X             20     37    -17 (VIOLATED)
clkbuf_leaf_9_gpio_in[38]/X              20     37    -17 (VIOLATED)
clkbuf_leaf_13_gpio_in[38]/X             20     35    -15 (VIOLATED)
clkbuf_leaf_57_gpio_in[38]/X             20     35    -15 (VIOLATED)
clkbuf_leaf_50_gpio_in[38]/X             20     33    -13 (VIOLATED)
clkbuf_leaf_59_gpio_in[38]/X             20     33    -13 (VIOLATED)
fanout1194/X                             20     32    -12 (VIOLATED)
clkbuf_3_2_0_gpio_in[38]/X               20     31    -11 (VIOLATED)
clkbuf_leaf_19_gpio_in[38]/X             20     31    -11 (VIOLATED)
clkbuf_leaf_23_gpio_in[38]/X             20     31    -11 (VIOLATED)
max_cap807/X                             20     31    -11 (VIOLATED)
clkbuf_leaf_34_gpio_in[38]/X             20     29     -9 (VIOLATED)
clkbuf_leaf_58_gpio_in[38]/X             20     29     -9 (VIOLATED)
clkbuf_leaf_0_gpio_in[38]/X              20     27     -7 (VIOLATED)
clkbuf_leaf_36_gpio_in[38]/X             20     27     -7 (VIOLATED)
clkbuf_3_3_0_gpio_in[38]/X               20     25     -5 (VIOLATED)
clkbuf_leaf_33_gpio_in[38]/X             20     25     -5 (VIOLATED)
clkbuf_leaf_60_gpio_in[38]/X             20     25     -5 (VIOLATED)
clkbuf_leaf_6_gpio_in[38]/X              20     25     -5 (VIOLATED)
fanout1251/X                             20     24     -4 (VIOLATED)
clkbuf_leaf_28_gpio_in[38]/X             20     23     -3 (VIOLATED)
fanout1186/X                             20     23     -3 (VIOLATED)
fanout1189/X                             20     23     -3 (VIOLATED)
fanout1204/X                             20     23     -3 (VIOLATED)
fanout1234/X                             20     23     -3 (VIOLATED)
gpio_loopback_zero[25]                   20     22     -2 (VIOLATED)
gpio_loopback_zero[26]                   20     22     -2 (VIOLATED)
gpio_loopback_zero[30]                   20     22     -2 (VIOLATED)
gpio_loopback_zero[32]                   20     22     -2 (VIOLATED)
gpio_loopback_zero[38]                   20     22     -2 (VIOLATED)
fanout1185/X                             20     22     -2 (VIOLATED)
fanout1198/X                             20     22     -2 (VIOLATED)
fanout1216/X                             20     22     -2 (VIOLATED)
fanout1344/X                             20     22     -2 (VIOLATED)
clkbuf_3_1_0_gpio_in[38]/X               20     21        (VIOLATED)
clkbuf_3_5_0_gpio_in[38]/X               20     21        (VIOLATED)
fanout1112/X                             20     21        (VIOLATED)
fanout1114/X                             20     21        (VIOLATED)
fanout1116/X                             20     21        (VIOLATED)
fanout1122/X                             20     21        (VIOLATED)
fanout1123/X                             20     21        (VIOLATED)
fanout1125/X                             20     21        (VIOLATED)
fanout1126/X                             20     21        (VIOLATED)
fanout1128/X                             20     21        (VIOLATED)
fanout1129/X                             20     21        (VIOLATED)
fanout1131/X                             20     21        (VIOLATED)
fanout1132/X                             20     21        (VIOLATED)
fanout1137/X                             20     21        (VIOLATED)
fanout1138/X                             20     21        (VIOLATED)
fanout1143/X                             20     21        (VIOLATED)
fanout1144/X                             20     21        (VIOLATED)
fanout1149/X                             20     21        (VIOLATED)
fanout1150/X                             20     21        (VIOLATED)
fanout1155/X                             20     21        (VIOLATED)
fanout1156/X                             20     21        (VIOLATED)
fanout1161/X                             20     21        (VIOLATED)
fanout1162/X                             20     21        (VIOLATED)
fanout1167/X                             20     21        (VIOLATED)
fanout1168/X                             20     21        (VIOLATED)
fanout1170/X                             20     21        (VIOLATED)
fanout1171/X                             20     21        (VIOLATED)
fanout1173/X                             20     21        (VIOLATED)
fanout1174/X                             20     21        (VIOLATED)
fanout1176/X                             20     21        (VIOLATED)
fanout1177/X                             20     21        (VIOLATED)
fanout1179/X                             20     21        (VIOLATED)
fanout1180/X                             20     21        (VIOLATED)
fanout1182/X                             20     21        (VIOLATED)
fanout1183/X                             20     21        (VIOLATED)
fanout1188/X                             20     21        (VIOLATED)
fanout1191/X                             20     21        (VIOLATED)
fanout1192/X                             20     21        (VIOLATED)
fanout1195/X                             20     21        (VIOLATED)
fanout1197/X                             20     21        (VIOLATED)
fanout1200/X                             20     21        (VIOLATED)
fanout1201/X                             20     21        (VIOLATED)
fanout1203/X                             20     21        (VIOLATED)
fanout1206/X                             20     21        (VIOLATED)
fanout1207/X                             20     21        (VIOLATED)
fanout1209/X                             20     21        (VIOLATED)
fanout1210/X                             20     21        (VIOLATED)
fanout1212/X                             20     21        (VIOLATED)
fanout1213/X                             20     21        (VIOLATED)
fanout1215/X                             20     21        (VIOLATED)
fanout1218/X                             20     21        (VIOLATED)
fanout1219/X                             20     21        (VIOLATED)
fanout1221/X                             20     21        (VIOLATED)
fanout1222/X                             20     21        (VIOLATED)
fanout1224/X                             20     21        (VIOLATED)
fanout1225/X                             20     21        (VIOLATED)
fanout1227/X                             20     21        (VIOLATED)
fanout1228/X                             20     21        (VIOLATED)
fanout1230/X                             20     21        (VIOLATED)
fanout1231/X                             20     21        (VIOLATED)
fanout1233/X                             20     21        (VIOLATED)
fanout1244/X                             20     21        (VIOLATED)
fanout1246/X                             20     21        (VIOLATED)
fanout1248/X                             20     21        (VIOLATED)
fanout1249/X                             20     21        (VIOLATED)
fanout1255/X                             20     21        (VIOLATED)
fanout1259/X                             20     21        (VIOLATED)
fanout1260/X                             20     21        (VIOLATED)
fanout1262/X                             20     21        (VIOLATED)
fanout1263/X                             20     21        (VIOLATED)
fanout1266/X                             20     21        (VIOLATED)
fanout1287/X                             20     21        (VIOLATED)
fanout1288/X                             20     21        (VIOLATED)
fanout1291/X                             20     21        (VIOLATED)
fanout1292/X                             20     21        (VIOLATED)
fanout1294/X                             20     21        (VIOLATED)
fanout1295/X                             20     21        (VIOLATED)
fanout1296/X                             20     21        (VIOLATED)
fanout1297/X                             20     21        (VIOLATED)
fanout1307/X                             20     21        (VIOLATED)
fanout1326/X                             20     21        (VIOLATED)
fanout1329/X                             20     21        (VIOLATED)
fanout1332/X                             20     21        (VIOLATED)
fanout1335/X                             20     21        (VIOLATED)
fanout1338/X                             20     21        (VIOLATED)
fanout1341/X                             20     21        (VIOLATED)
fanout1347/X                             20     21        (VIOLATED)
fanout1350/X                             20     21        (VIOLATED)
fanout1353/X                             20     21        (VIOLATED)
fanout1356/X                             20     21        (VIOLATED)
fanout1359/X                             20     21        (VIOLATED)
fanout1362/X                             20     21        (VIOLATED)
fanout1365/X                             20     21        (VIOLATED)
fanout1368/X                             20     21        (VIOLATED)
fanout1371/X                             20     21        (VIOLATED)
fanout1374/X                             20     21        (VIOLATED)
fanout1377/X                             20     21        (VIOLATED)
fanout1380/X                             20     21        (VIOLATED)
fanout1383/X                             20     21        (VIOLATED)
fanout1399/X                             20     21        (VIOLATED)
fanout636/X                              20     21        (VIOLATED)
fanout655/X                              20     21        (VIOLATED)
fanout673/X                              20     21        (VIOLATED)
fanout760/X                              20     21        (VIOLATED)
fanout764/X                              20     21        (VIOLATED)
fanout772/X                              20     21        (VIOLATED)
fanout785/X                              20     21        (VIOLATED)
fanout787/X                              20     21        (VIOLATED)
fanout788/X                              20     21        (VIOLATED)
fanout790/X                              20     21        (VIOLATED)
fanout810/X                              20     21        (VIOLATED)
fanout811/X                              20     21        (VIOLATED)
hold1557/X                               20     21        (VIOLATED)

max capacitance

Pin                                        Limit         Cap       Slack
------------------------------------------------------------------------
wire939/X                               0.561228    1.709231   -1.148003 (VIOLATED)
wire930/X                               0.561228    1.651978   -1.090750 (VIOLATED)
_1536_/X                                0.556650    1.294316   -0.737666 (VIOLATED)
_1535_/X                                0.556650    1.232873   -0.676223 (VIOLATED)
wire948/X                               0.281077    0.545400   -0.264323 (VIOLATED)
_1545_/X                                0.301218    0.384829   -0.083611 (VIOLATED)
_1580_/Y                                0.293894    0.339954   -0.046060 (VIOLATED)
_1576_/Y                                0.293894    0.332895   -0.039001 (VIOLATED)
_1546_/X                                0.301218    0.324268   -0.023050 (VIOLATED)



===========================================================================
report_parasitic_annotation -report_unannotated
============================================================================
Found 217 unannotated drivers.
 analog_io[0]
 analog_io[10]
 analog_io[11]
 analog_io[12]
 analog_io[13]
 analog_io[14]
 analog_io[15]
 analog_io[16]
 analog_io[17]
 analog_io[18]
 analog_io[19]
 analog_io[1]
 analog_io[20]
 analog_io[21]
 analog_io[22]
 analog_io[23]
 analog_io[24]
 analog_io[25]
 analog_io[26]
 analog_io[27]
 analog_io[28]
 analog_io[29]
 analog_io[2]
 analog_io[30]
 analog_io[31]
 analog_io[32]
 analog_io[33]
 analog_io[34]
 analog_io[35]
 analog_io[36]
 analog_io[37]
 analog_io[38]
 analog_io[39]
 analog_io[3]
 analog_io[40]
 analog_io[41]
 analog_io[42]
 analog_io[43]
 analog_io[4]
 analog_io[5]
 analog_io[6]
 analog_io[7]
 analog_io[8]
 analog_io[9]
 analog_noesd_io[0]
 analog_noesd_io[10]
 analog_noesd_io[11]
 analog_noesd_io[12]
 analog_noesd_io[13]
 analog_noesd_io[14]
 analog_noesd_io[15]
 analog_noesd_io[16]
 analog_noesd_io[17]
 analog_noesd_io[18]
 analog_noesd_io[19]
 analog_noesd_io[1]
 analog_noesd_io[20]
 analog_noesd_io[21]
 analog_noesd_io[22]
 analog_noesd_io[23]
 analog_noesd_io[24]
 analog_noesd_io[25]
 analog_noesd_io[26]
 analog_noesd_io[27]
 analog_noesd_io[28]
 analog_noesd_io[29]
 analog_noesd_io[2]
 analog_noesd_io[30]
 analog_noesd_io[31]
 analog_noesd_io[32]
 analog_noesd_io[33]
 analog_noesd_io[34]
 analog_noesd_io[35]
 analog_noesd_io[36]
 analog_noesd_io[37]
 analog_noesd_io[38]
 analog_noesd_io[39]
 analog_noesd_io[3]
 analog_noesd_io[40]
 analog_noesd_io[41]
 analog_noesd_io[42]
 analog_noesd_io[43]
 analog_noesd_io[4]
 analog_noesd_io[5]
 analog_noesd_io[6]
 analog_noesd_io[7]
 analog_noesd_io[8]
 analog_noesd_io[9]
 gpio_in[14]
 gpio_in[29]
 gpio_in_h[0]
 gpio_in_h[10]
 gpio_in_h[11]
 gpio_in_h[12]
 gpio_in_h[13]
 gpio_in_h[14]
 gpio_in_h[15]
 gpio_in_h[16]
 gpio_in_h[17]
 gpio_in_h[18]
 gpio_in_h[19]
 gpio_in_h[1]
 gpio_in_h[20]
 gpio_in_h[21]
 gpio_in_h[22]
 gpio_in_h[23]
 gpio_in_h[24]
 gpio_in_h[25]
 gpio_in_h[26]
 gpio_in_h[27]
 gpio_in_h[28]
 gpio_in_h[29]
 gpio_in_h[2]
 gpio_in_h[30]
 gpio_in_h[31]
 gpio_in_h[32]
 gpio_in_h[33]
 gpio_in_h[34]
 gpio_in_h[35]
 gpio_in_h[36]
 gpio_in_h[37]
 gpio_in_h[38]
 gpio_in_h[39]
 gpio_in_h[3]
 gpio_in_h[40]
 gpio_in_h[41]
 gpio_in_h[42]
 gpio_in_h[43]
 gpio_in_h[4]
 gpio_in_h[5]
 gpio_in_h[6]
 gpio_in_h[7]
 gpio_in_h[8]
 gpio_in_h[9]
 gpio_loopback_one[0]
 gpio_loopback_zero[0]
 por_l
 porb_h
 porb_l
 resetb_h
 _4019__1454/LO
 clkload0/Y
 clkload1/Y
 clkload10/Y
 clkload11/Y
 clkload12/Y
 clkload13/Y
 clkload14/Y
 clkload15/Y
 clkload16/Y
 clkload17/Y
 clkload18/Y
 clkload19/Y
 clkload2/Y
 clkload20/Y
 clkload21/Y
 clkload22/Y
 clkload23/Y
 clkload24/Y
 clkload25/Y
 clkload26/Y
 clkload27/Y
 clkload28/Y
 clkload29/Y
 clkload3/Y
 clkload30/Y
 clkload31/Y
 clkload32/Y
 clkload33/Y
 clkload34/Y
 clkload35/Y
 clkload36/Y
 clkload37/Y
 clkload38/Y
 clkload39/Y
 clkload4/Y
 clkload40/Y
 clkload41/Y
 clkload42/X
 clkload43/Y
 clkload44/Y
 clkload45/Y
 clkload46/Y
 clkload47/Y
 clkload48/X
 clkload49/Y
 clkload5/Y
 clkload50/Y
 clkload51/Y
 clkload52/X
 clkload53/X
 clkload54/Y
 clkload55/Y
 clkload56/X
 clkload57/Y
 clkload58/Y
 clkload59/X
 clkload6/Y
 clkload60/Y
 clkload61/Y
 clkload62/Y
 clkload7/Y
 clkload8/Y
 clkload9/Y
 openframe_project_wrapper_1442/HI
 openframe_project_wrapper_1443/HI
 openframe_project_wrapper_1444/HI
 openframe_project_wrapper_1445/HI
 openframe_project_wrapper_1446/HI
 openframe_project_wrapper_1447/HI
 openframe_project_wrapper_1448/HI
 openframe_project_wrapper_1449/HI
 openframe_project_wrapper_1450/HI
 openframe_project_wrapper_1451/HI
 openframe_project_wrapper_1452/HI
 openframe_project_wrapper_1453/HI
 openframe_project_wrapper_1455/LO
Found 0 partially unannotated drivers.

===========================================================================
max slew violation count 383
max fanout violation count 166
max cap violation count 9
============================================================================

===========================================================================
check_setup -verbose -unconstrained_endpoints -multiple_clock -no_clock -no_input_delay -loops -generated_clocks
===========================================================================
Warning: There are 300 input ports missing set_input_delay.
  analog_io[0]
  analog_io[10]
  analog_io[11]
  analog_io[12]
  analog_io[13]
  analog_io[14]
  analog_io[15]
  analog_io[16]
  analog_io[17]
  analog_io[18]
  analog_io[19]
  analog_io[1]
  analog_io[20]
  analog_io[21]
  analog_io[22]
  analog_io[23]
  analog_io[24]
  analog_io[25]
  analog_io[26]
  analog_io[27]
  analog_io[28]
  analog_io[29]
  analog_io[2]
  analog_io[30]
  analog_io[31]
  analog_io[32]
  analog_io[33]
  analog_io[34]
  analog_io[35]
  analog_io[36]
  analog_io[37]
  analog_io[38]
  analog_io[39]
  analog_io[3]
  analog_io[40]
  analog_io[41]
  analog_io[42]
  analog_io[43]
  analog_io[4]
  analog_io[5]
  analog_io[6]
  analog_io[7]
  analog_io[8]
  analog_io[9]
  analog_noesd_io[0]
  analog_noesd_io[10]
  analog_noesd_io[11]
  analog_noesd_io[12]
  analog_noesd_io[13]
  analog_noesd_io[14]
  analog_noesd_io[15]
  analog_noesd_io[16]
  analog_noesd_io[17]
  analog_noesd_io[18]
  analog_noesd_io[19]
  analog_noesd_io[1]
  analog_noesd_io[20]
  analog_noesd_io[21]
  analog_noesd_io[22]
  analog_noesd_io[23]
  analog_noesd_io[24]
  analog_noesd_io[25]
  analog_noesd_io[26]
  analog_noesd_io[27]
  analog_noesd_io[28]
  analog_noesd_io[29]
  analog_noesd_io[2]
  analog_noesd_io[30]
  analog_noesd_io[31]
  analog_noesd_io[32]
  analog_noesd_io[33]
  analog_noesd_io[34]
  analog_noesd_io[35]
  analog_noesd_io[36]
  analog_noesd_io[37]
  analog_noesd_io[38]
  analog_noesd_io[39]
  analog_noesd_io[3]
  analog_noesd_io[40]
  analog_noesd_io[41]
  analog_noesd_io[42]
  analog_noesd_io[43]
  analog_noesd_io[4]
  analog_noesd_io[5]
  analog_noesd_io[6]
  analog_noesd_io[7]
  analog_noesd_io[8]
  analog_noesd_io[9]
  gpio_in[0]
  gpio_in[10]
  gpio_in[11]
  gpio_in[12]
  gpio_in[13]
  gpio_in[14]
  gpio_in[15]
  gpio_in[16]
  gpio_in[17]
  gpio_in[18]
  gpio_in[19]
  gpio_in[1]
  gpio_in[20]
  gpio_in[21]
  gpio_in[22]
  gpio_in[23]
  gpio_in[24]
  gpio_in[25]
  gpio_in[26]
  gpio_in[27]
  gpio_in[28]
  gpio_in[29]
  gpio_in[2]
  gpio_in[30]
  gpio_in[31]
  gpio_in[32]
  gpio_in[33]
  gpio_in[34]
  gpio_in[35]
  gpio_in[36]
  gpio_in[37]
  gpio_in[39]
  gpio_in[3]
  gpio_in[40]
  gpio_in[41]
  gpio_in[42]
  gpio_in[43]
  gpio_in[4]
  gpio_in[5]
  gpio_in[6]
  gpio_in[7]
  gpio_in[8]
  gpio_in[9]
  gpio_in_h[0]
  gpio_in_h[10]
  gpio_in_h[11]
  gpio_in_h[12]
  gpio_in_h[13]
  gpio_in_h[14]
  gpio_in_h[15]
  gpio_in_h[16]
  gpio_in_h[17]
  gpio_in_h[18]
  gpio_in_h[19]
  gpio_in_h[1]
  gpio_in_h[20]
  gpio_in_h[21]
  gpio_in_h[22]
  gpio_in_h[23]
  gpio_in_h[24]
  gpio_in_h[25]
  gpio_in_h[26]
  gpio_in_h[27]
  gpio_in_h[28]
  gpio_in_h[29]
  gpio_in_h[2]
  gpio_in_h[30]
  gpio_in_h[31]
  gpio_in_h[32]
  gpio_in_h[33]
  gpio_in_h[34]
  gpio_in_h[35]
  gpio_in_h[36]
  gpio_in_h[37]
  gpio_in_h[38]
  gpio_in_h[39]
  gpio_in_h[3]
  gpio_in_h[40]
  gpio_in_h[41]
  gpio_in_h[42]
  gpio_in_h[43]
  gpio_in_h[4]
  gpio_in_h[5]
  gpio_in_h[6]
  gpio_in_h[7]
  gpio_in_h[8]
  gpio_in_h[9]
  gpio_loopback_one[0]
  gpio_loopback_one[10]
  gpio_loopback_one[11]
  gpio_loopback_one[12]
  gpio_loopback_one[13]
  gpio_loopback_one[14]
  gpio_loopback_one[15]
  gpio_loopback_one[16]
  gpio_loopback_one[17]
  gpio_loopback_one[18]
  gpio_loopback_one[19]
  gpio_loopback_one[1]
  gpio_loopback_one[20]
  gpio_loopback_one[21]
  gpio_loopback_one[22]
  gpio_loopback_one[23]
  gpio_loopback_one[24]
  gpio_loopback_one[25]
  gpio_loopback_one[26]
  gpio_loopback_one[27]
  gpio_loopback_one[28]
  gpio_loopback_one[29]
  gpio_loopback_one[2]
  gpio_loopback_one[30]
  gpio_loopback_one[31]
  gpio_loopback_one[32]
  gpio_loopback_one[33]
  gpio_loopback_one[34]
  gpio_loopback_one[35]
  gpio_loopback_one[36]
  gpio_loopback_one[37]
  gpio_loopback_one[38]
  gpio_loopback_one[39]
  gpio_loopback_one[3]
  gpio_loopback_one[40]
  gpio_loopback_one[41]
  gpio_loopback_one[42]
  gpio_loopback_one[43]
  gpio_loopback_one[4]
  gpio_loopback_one[5]
  gpio_loopback_one[6]
  gpio_loopback_one[7]
  gpio_loopback_one[8]
  gpio_loopback_one[9]
  gpio_loopback_zero[0]
  gpio_loopback_zero[10]
  gpio_loopback_zero[11]
  gpio_loopback_zero[12]
  gpio_loopback_zero[13]
  gpio_loopback_zero[14]
  gpio_loopback_zero[15]
  gpio_loopback_zero[16]
  gpio_loopback_zero[17]
  gpio_loopback_zero[18]
  gpio_loopback_zero[19]
  gpio_loopback_zero[1]
  gpio_loopback_zero[20]
  gpio_loopback_zero[21]
  gpio_loopback_zero[22]
  gpio_loopback_zero[23]
  gpio_loopback_zero[24]
  gpio_loopback_zero[25]
  gpio_loopback_zero[26]
  gpio_loopback_zero[27]
  gpio_loopback_zero[28]
  gpio_loopback_zero[29]
  gpio_loopback_zero[2]
  gpio_loopback_zero[30]
  gpio_loopback_zero[31]
  gpio_loopback_zero[32]
  gpio_loopback_zero[33]
  gpio_loopback_zero[34]
  gpio_loopback_zero[35]
  gpio_loopback_zero[36]
  gpio_loopback_zero[37]
  gpio_loopback_zero[38]
  gpio_loopback_zero[39]
  gpio_loopback_zero[3]
  gpio_loopback_zero[40]
  gpio_loopback_zero[41]
  gpio_loopback_zero[42]
  gpio_loopback_zero[43]
  gpio_loopback_zero[4]
  gpio_loopback_zero[5]
  gpio_loopback_zero[6]
  gpio_loopback_zero[7]
  gpio_loopback_zero[8]
  gpio_loopback_zero[9]
  mask_rev[0]
  mask_rev[10]
  mask_rev[11]
  mask_rev[12]
  mask_rev[13]
  mask_rev[14]
  mask_rev[15]
  mask_rev[16]
  mask_rev[17]
  mask_rev[18]
  mask_rev[19]
  mask_rev[1]
  mask_rev[20]
  mask_rev[21]
  mask_rev[22]
  mask_rev[23]
  mask_rev[24]
  mask_rev[25]
  mask_rev[26]
  mask_rev[27]
  mask_rev[28]
  mask_rev[29]
  mask_rev[2]
  mask_rev[30]
  mask_rev[31]
  mask_rev[3]
  mask_rev[4]
  mask_rev[5]
  mask_rev[6]
  mask_rev[7]
  mask_rev[8]
  mask_rev[9]
  por_l
  porb_h
  porb_l
  resetb_h
  resetb_l
Warning: There are 51 unclocked register/latch pins.
  _3207_/CLK
  _3208_/CLK
  _3209_/CLK
  _3210_/CLK
  _3211_/CLK
  _3212_/CLK
  _3213_/CLK
  _4025_/CLK
  _4026_/CLK
  _4027_/CLK
  _4028_/CLK
  _4029_/CLK
  _4030_/CLK
  _4031_/CLK
  _4032_/CLK
  _4033_/CLK
  _4034_/CLK
  _4035_/CLK
  _4036_/CLK
  _4037_/CLK
  _4038_/CLK
  _4039_/CLK
  _4040_/CLK
  _4041_/CLK
  _4042_/CLK
  _4043_/CLK
  _4044_/CLK
  _4045_/CLK
  _4046_/CLK
  _4047_/CLK
  _4048_/CLK
  _4049_/CLK
  _4050_/CLK
  _4051_/CLK
  _4052_/CLK
  _4053_/CLK
  _4054_/CLK
  _4055_/CLK
  _4056_/CLK
  _4057_/CLK
  _4058_/CLK
  _4059_/CLK
  _4060_/CLK
  _4061_/CLK
  _4062_/CLK
  _4063_/CLK
  _4064_/CLK
  _4065_/CLK
  _4066_/CLK
  _4067_/CLK
  _4068_/CLK
Warning: There are 717 unconstrained endpoints.
  analog_io[0]
  analog_io[10]
  analog_io[11]
  analog_io[12]
  analog_io[13]
  analog_io[14]
  analog_io[15]
  analog_io[16]
  analog_io[17]
  analog_io[18]
  analog_io[19]
  analog_io[1]
  analog_io[20]
  analog_io[21]
  analog_io[22]
  analog_io[23]
  analog_io[24]
  analog_io[25]
  analog_io[26]
  analog_io[27]
  analog_io[28]
  analog_io[29]
  analog_io[2]
  analog_io[30]
  analog_io[31]
  analog_io[32]
  analog_io[33]
  analog_io[34]
  analog_io[35]
  analog_io[36]
  analog_io[37]
  analog_io[38]
  analog_io[39]
  analog_io[3]
  analog_io[40]
  analog_io[41]
  analog_io[42]
  analog_io[43]
  analog_io[4]
  analog_io[5]
  analog_io[6]
  analog_io[7]
  analog_io[8]
  analog_io[9]
  analog_noesd_io[0]
  analog_noesd_io[10]
  analog_noesd_io[11]
  analog_noesd_io[12]
  analog_noesd_io[13]
  analog_noesd_io[14]
  analog_noesd_io[15]
  analog_noesd_io[16]
  analog_noesd_io[17]
  analog_noesd_io[18]
  analog_noesd_io[19]
  analog_noesd_io[1]
  analog_noesd_io[20]
  analog_noesd_io[21]
  analog_noesd_io[22]
  analog_noesd_io[23]
  analog_noesd_io[24]
  analog_noesd_io[25]
  analog_noesd_io[26]
  analog_noesd_io[27]
  analog_noesd_io[28]
  analog_noesd_io[29]
  analog_noesd_io[2]
  analog_noesd_io[30]
  analog_noesd_io[31]
  analog_noesd_io[32]
  analog_noesd_io[33]
  analog_noesd_io[34]
  analog_noesd_io[35]
  analog_noesd_io[36]
  analog_noesd_io[37]
  analog_noesd_io[38]
  analog_noesd_io[39]
  analog_noesd_io[3]
  analog_noesd_io[40]
  analog_noesd_io[41]
  analog_noesd_io[42]
  analog_noesd_io[43]
  analog_noesd_io[4]
  analog_noesd_io[5]
  analog_noesd_io[6]
  analog_noesd_io[7]
  analog_noesd_io[8]
  analog_noesd_io[9]
  gpio_analog_en[0]
  gpio_analog_en[10]
  gpio_analog_en[11]
  gpio_analog_en[12]
  gpio_analog_en[13]
  gpio_analog_en[14]
  gpio_analog_en[15]
  gpio_analog_en[16]
  gpio_analog_en[17]
  gpio_analog_en[18]
  gpio_analog_en[19]
  gpio_analog_en[1]
  gpio_analog_en[20]
  gpio_analog_en[21]
  gpio_analog_en[22]
  gpio_analog_en[23]
  gpio_analog_en[24]
  gpio_analog_en[25]
  gpio_analog_en[26]
  gpio_analog_en[27]
  gpio_analog_en[28]
  gpio_analog_en[29]
  gpio_analog_en[2]
  gpio_analog_en[30]
  gpio_analog_en[31]
  gpio_analog_en[32]
  gpio_analog_en[33]
  gpio_analog_en[34]
  gpio_analog_en[35]
  gpio_analog_en[36]
  gpio_analog_en[37]
  gpio_analog_en[38]
  gpio_analog_en[39]
  gpio_analog_en[3]
  gpio_analog_en[40]
  gpio_analog_en[41]
  gpio_analog_en[42]
  gpio_analog_en[43]
  gpio_analog_en[4]
  gpio_analog_en[5]
  gpio_analog_en[6]
  gpio_analog_en[7]
  gpio_analog_en[8]
  gpio_analog_en[9]
  gpio_analog_pol[0]
  gpio_analog_pol[10]
  gpio_analog_pol[11]
  gpio_analog_pol[12]
  gpio_analog_pol[13]
  gpio_analog_pol[14]
  gpio_analog_pol[15]
  gpio_analog_pol[16]
  gpio_analog_pol[17]
  gpio_analog_pol[18]
  gpio_analog_pol[19]
  gpio_analog_pol[1]
  gpio_analog_pol[20]
  gpio_analog_pol[21]
  gpio_analog_pol[22]
  gpio_analog_pol[23]
  gpio_analog_pol[24]
  gpio_analog_pol[25]
  gpio_analog_pol[26]
  gpio_analog_pol[27]
  gpio_analog_pol[28]
  gpio_analog_pol[29]
  gpio_analog_pol[2]
  gpio_analog_pol[30]
  gpio_analog_pol[31]
  gpio_analog_pol[32]
  gpio_analog_pol[33]
  gpio_analog_pol[34]
  gpio_analog_pol[35]
  gpio_analog_pol[36]
  gpio_analog_pol[37]
  gpio_analog_pol[38]
  gpio_analog_pol[39]
  gpio_analog_pol[3]
  gpio_analog_pol[40]
  gpio_analog_pol[41]
  gpio_analog_pol[42]
  gpio_analog_pol[43]
  gpio_analog_pol[4]
  gpio_analog_pol[5]
  gpio_analog_pol[6]
  gpio_analog_pol[7]
  gpio_analog_pol[8]
  gpio_analog_pol[9]
  gpio_analog_sel[0]
  gpio_analog_sel[10]
  gpio_analog_sel[11]
  gpio_analog_sel[12]
  gpio_analog_sel[13]
  gpio_analog_sel[14]
  gpio_analog_sel[15]
  gpio_analog_sel[16]
  gpio_analog_sel[17]
  gpio_analog_sel[18]
  gpio_analog_sel[19]
  gpio_analog_sel[1]
  gpio_analog_sel[20]
  gpio_analog_sel[21]
  gpio_analog_sel[22]
  gpio_analog_sel[23]
  gpio_analog_sel[24]
  gpio_analog_sel[25]
  gpio_analog_sel[26]
  gpio_analog_sel[27]
  gpio_analog_sel[28]
  gpio_analog_sel[29]
  gpio_analog_sel[2]
  gpio_analog_sel[30]
  gpio_analog_sel[31]
  gpio_analog_sel[32]
  gpio_analog_sel[33]
  gpio_analog_sel[34]
  gpio_analog_sel[35]
  gpio_analog_sel[36]
  gpio_analog_sel[37]
  gpio_analog_sel[38]
  gpio_analog_sel[39]
  gpio_analog_sel[3]
  gpio_analog_sel[40]
  gpio_analog_sel[41]
  gpio_analog_sel[42]
  gpio_analog_sel[43]
  gpio_analog_sel[4]
  gpio_analog_sel[5]
  gpio_analog_sel[6]
  gpio_analog_sel[7]
  gpio_analog_sel[8]
  gpio_analog_sel[9]
  gpio_dm0[0]
  gpio_dm0[10]
  gpio_dm0[11]
  gpio_dm0[12]
  gpio_dm0[13]
  gpio_dm0[14]
  gpio_dm0[15]
  gpio_dm0[16]
  gpio_dm0[17]
  gpio_dm0[18]
  gpio_dm0[19]
  gpio_dm0[1]
  gpio_dm0[20]
  gpio_dm0[21]
  gpio_dm0[22]
  gpio_dm0[23]
  gpio_dm0[24]
  gpio_dm0[25]
  gpio_dm0[26]
  gpio_dm0[27]
  gpio_dm0[28]
  gpio_dm0[29]
  gpio_dm0[2]
  gpio_dm0[30]
  gpio_dm0[31]
  gpio_dm0[32]
  gpio_dm0[33]
  gpio_dm0[34]
  gpio_dm0[35]
  gpio_dm0[36]
  gpio_dm0[37]
  gpio_dm0[38]
  gpio_dm0[39]
  gpio_dm0[3]
  gpio_dm0[40]
  gpio_dm0[41]
  gpio_dm0[42]
  gpio_dm0[43]
  gpio_dm0[4]
  gpio_dm0[5]
  gpio_dm0[6]
  gpio_dm0[7]
  gpio_dm0[8]
  gpio_dm0[9]
  gpio_dm1[0]
  gpio_dm1[10]
  gpio_dm1[11]
  gpio_dm1[12]
  gpio_dm1[13]
  gpio_dm1[14]
  gpio_dm1[15]
  gpio_dm1[16]
  gpio_dm1[17]
  gpio_dm1[18]
  gpio_dm1[19]
  gpio_dm1[1]
  gpio_dm1[20]
  gpio_dm1[21]
  gpio_dm1[22]
  gpio_dm1[23]
  gpio_dm1[24]
  gpio_dm1[25]
  gpio_dm1[26]
  gpio_dm1[27]
  gpio_dm1[28]
  gpio_dm1[29]
  gpio_dm1[2]
  gpio_dm1[30]
  gpio_dm1[31]
  gpio_dm1[32]
  gpio_dm1[33]
  gpio_dm1[34]
  gpio_dm1[35]
  gpio_dm1[36]
  gpio_dm1[37]
  gpio_dm1[38]
  gpio_dm1[39]
  gpio_dm1[3]
  gpio_dm1[40]
  gpio_dm1[41]
  gpio_dm1[42]
  gpio_dm1[43]
  gpio_dm1[4]
  gpio_dm1[5]
  gpio_dm1[6]
  gpio_dm1[7]
  gpio_dm1[8]
  gpio_dm1[9]
  gpio_dm2[0]
  gpio_dm2[10]
  gpio_dm2[11]
  gpio_dm2[12]
  gpio_dm2[13]
  gpio_dm2[14]
  gpio_dm2[15]
  gpio_dm2[16]
  gpio_dm2[17]
  gpio_dm2[18]
  gpio_dm2[19]
  gpio_dm2[1]
  gpio_dm2[20]
  gpio_dm2[21]
  gpio_dm2[22]
  gpio_dm2[23]
  gpio_dm2[24]
  gpio_dm2[25]
  gpio_dm2[26]
  gpio_dm2[27]
  gpio_dm2[28]
  gpio_dm2[29]
  gpio_dm2[2]
  gpio_dm2[30]
  gpio_dm2[31]
  gpio_dm2[32]
  gpio_dm2[33]
  gpio_dm2[34]
  gpio_dm2[35]
  gpio_dm2[36]
  gpio_dm2[37]
  gpio_dm2[38]
  gpio_dm2[39]
  gpio_dm2[3]
  gpio_dm2[40]
  gpio_dm2[41]
  gpio_dm2[42]
  gpio_dm2[43]
  gpio_dm2[4]
  gpio_dm2[5]
  gpio_dm2[6]
  gpio_dm2[7]
  gpio_dm2[8]
  gpio_dm2[9]
  gpio_holdover[0]
  gpio_holdover[10]
  gpio_holdover[11]
  gpio_holdover[12]
  gpio_holdover[13]
  gpio_holdover[14]
  gpio_holdover[15]
  gpio_holdover[16]
  gpio_holdover[17]
  gpio_holdover[18]
  gpio_holdover[19]
  gpio_holdover[1]
  gpio_holdover[20]
  gpio_holdover[21]
  gpio_holdover[22]
  gpio_holdover[23]
  gpio_holdover[24]
  gpio_holdover[25]
  gpio_holdover[26]
  gpio_holdover[27]
  gpio_holdover[28]
  gpio_holdover[29]
  gpio_holdover[2]
  gpio_holdover[30]
  gpio_holdover[31]
  gpio_holdover[32]
  gpio_holdover[33]
  gpio_holdover[34]
  gpio_holdover[35]
  gpio_holdover[36]
  gpio_holdover[37]
  gpio_holdover[38]
  gpio_holdover[39]
  gpio_holdover[3]
  gpio_holdover[40]
  gpio_holdover[41]
  gpio_holdover[42]
  gpio_holdover[43]
  gpio_holdover[4]
  gpio_holdover[5]
  gpio_holdover[6]
  gpio_holdover[7]
  gpio_holdover[8]
  gpio_holdover[9]
  gpio_ib_mode_sel[0]
  gpio_ib_mode_sel[10]
  gpio_ib_mode_sel[11]
  gpio_ib_mode_sel[12]
  gpio_ib_mode_sel[13]
  gpio_ib_mode_sel[14]
  gpio_ib_mode_sel[15]
  gpio_ib_mode_sel[16]
  gpio_ib_mode_sel[17]
  gpio_ib_mode_sel[18]
  gpio_ib_mode_sel[19]
  gpio_ib_mode_sel[1]
  gpio_ib_mode_sel[20]
  gpio_ib_mode_sel[21]
  gpio_ib_mode_sel[22]
  gpio_ib_mode_sel[23]
  gpio_ib_mode_sel[24]
  gpio_ib_mode_sel[25]
  gpio_ib_mode_sel[26]
  gpio_ib_mode_sel[27]
  gpio_ib_mode_sel[28]
  gpio_ib_mode_sel[29]
  gpio_ib_mode_sel[2]
  gpio_ib_mode_sel[30]
  gpio_ib_mode_sel[31]
  gpio_ib_mode_sel[32]
  gpio_ib_mode_sel[33]
  gpio_ib_mode_sel[34]
  gpio_ib_mode_sel[35]
  gpio_ib_mode_sel[36]
  gpio_ib_mode_sel[37]
  gpio_ib_mode_sel[38]
  gpio_ib_mode_sel[39]
  gpio_ib_mode_sel[3]
  gpio_ib_mode_sel[40]
  gpio_ib_mode_sel[41]
  gpio_ib_mode_sel[42]
  gpio_ib_mode_sel[43]
  gpio_ib_mode_sel[4]
  gpio_ib_mode_sel[5]
  gpio_ib_mode_sel[6]
  gpio_ib_mode_sel[7]
  gpio_ib_mode_sel[8]
  gpio_ib_mode_sel[9]
  gpio_inp_dis[0]
  gpio_inp_dis[10]
  gpio_inp_dis[11]
  gpio_inp_dis[12]
  gpio_inp_dis[13]
  gpio_inp_dis[14]
  gpio_inp_dis[15]
  gpio_inp_dis[16]
  gpio_inp_dis[17]
  gpio_inp_dis[18]
  gpio_inp_dis[19]
  gpio_inp_dis[1]
  gpio_inp_dis[20]
  gpio_inp_dis[21]
  gpio_inp_dis[22]
  gpio_inp_dis[23]
  gpio_inp_dis[24]
  gpio_inp_dis[25]
  gpio_inp_dis[26]
  gpio_inp_dis[27]
  gpio_inp_dis[28]
  gpio_inp_dis[29]
  gpio_inp_dis[2]
  gpio_inp_dis[30]
  gpio_inp_dis[31]
  gpio_inp_dis[32]
  gpio_inp_dis[33]
  gpio_inp_dis[34]
  gpio_inp_dis[35]
  gpio_inp_dis[36]
  gpio_inp_dis[37]
  gpio_inp_dis[38]
  gpio_inp_dis[39]
  gpio_inp_dis[3]
  gpio_inp_dis[40]
  gpio_inp_dis[41]
  gpio_inp_dis[42]
  gpio_inp_dis[43]
  gpio_inp_dis[4]
  gpio_inp_dis[5]
  gpio_inp_dis[6]
  gpio_inp_dis[7]
  gpio_inp_dis[8]
  gpio_inp_dis[9]
  gpio_oeb[0]
  gpio_oeb[10]
  gpio_oeb[11]
  gpio_oeb[12]
  gpio_oeb[13]
  gpio_oeb[14]
  gpio_oeb[15]
  gpio_oeb[16]
  gpio_oeb[17]
  gpio_oeb[18]
  gpio_oeb[19]
  gpio_oeb[1]
  gpio_oeb[20]
  gpio_oeb[21]
  gpio_oeb[22]
  gpio_oeb[23]
  gpio_oeb[24]
  gpio_oeb[25]
  gpio_oeb[26]
  gpio_oeb[27]
  gpio_oeb[28]
  gpio_oeb[29]
  gpio_oeb[2]
  gpio_oeb[30]
  gpio_oeb[31]
  gpio_oeb[32]
  gpio_oeb[33]
  gpio_oeb[34]
  gpio_oeb[35]
  gpio_oeb[36]
  gpio_oeb[37]
  gpio_oeb[38]
  gpio_oeb[39]
  gpio_oeb[3]
  gpio_oeb[40]
  gpio_oeb[41]
  gpio_oeb[42]
  gpio_oeb[43]
  gpio_oeb[4]
  gpio_oeb[5]
  gpio_oeb[6]
  gpio_oeb[7]
  gpio_oeb[8]
  gpio_oeb[9]
  gpio_out[0]
  gpio_out[10]
  gpio_out[11]
  gpio_out[12]
  gpio_out[13]
  gpio_out[14]
  gpio_out[15]
  gpio_out[16]
  gpio_out[17]
  gpio_out[18]
  gpio_out[19]
  gpio_out[1]
  gpio_out[20]
  gpio_out[21]
  gpio_out[22]
  gpio_out[23]
  gpio_out[24]
  gpio_out[25]
  gpio_out[26]
  gpio_out[27]
  gpio_out[28]
  gpio_out[29]
  gpio_out[2]
  gpio_out[30]
  gpio_out[31]
  gpio_out[32]
  gpio_out[33]
  gpio_out[34]
  gpio_out[35]
  gpio_out[36]
  gpio_out[37]
  gpio_out[38]
  gpio_out[39]
  gpio_out[3]
  gpio_out[40]
  gpio_out[41]
  gpio_out[42]
  gpio_out[43]
  gpio_out[4]
  gpio_out[5]
  gpio_out[6]
  gpio_out[7]
  gpio_out[8]
  gpio_out[9]
  gpio_slow_sel[0]
  gpio_slow_sel[10]
  gpio_slow_sel[11]
  gpio_slow_sel[12]
  gpio_slow_sel[13]
  gpio_slow_sel[14]
  gpio_slow_sel[15]
  gpio_slow_sel[16]
  gpio_slow_sel[17]
  gpio_slow_sel[18]
  gpio_slow_sel[19]
  gpio_slow_sel[1]
  gpio_slow_sel[20]
  gpio_slow_sel[21]
  gpio_slow_sel[22]
  gpio_slow_sel[23]
  gpio_slow_sel[24]
  gpio_slow_sel[25]
  gpio_slow_sel[26]
  gpio_slow_sel[27]
  gpio_slow_sel[28]
  gpio_slow_sel[29]
  gpio_slow_sel[2]
  gpio_slow_sel[30]
  gpio_slow_sel[31]
  gpio_slow_sel[32]
  gpio_slow_sel[33]
  gpio_slow_sel[34]
  gpio_slow_sel[35]
  gpio_slow_sel[36]
  gpio_slow_sel[37]
  gpio_slow_sel[38]
  gpio_slow_sel[39]
  gpio_slow_sel[3]
  gpio_slow_sel[40]
  gpio_slow_sel[41]
  gpio_slow_sel[42]
  gpio_slow_sel[43]
  gpio_slow_sel[4]
  gpio_slow_sel[5]
  gpio_slow_sel[6]
  gpio_slow_sel[7]
  gpio_slow_sel[8]
  gpio_slow_sel[9]
  gpio_vtrip_sel[0]
  gpio_vtrip_sel[10]
  gpio_vtrip_sel[11]
  gpio_vtrip_sel[12]
  gpio_vtrip_sel[13]
  gpio_vtrip_sel[14]
  gpio_vtrip_sel[15]
  gpio_vtrip_sel[16]
  gpio_vtrip_sel[17]
  gpio_vtrip_sel[18]
  gpio_vtrip_sel[19]
  gpio_vtrip_sel[1]
  gpio_vtrip_sel[20]
  gpio_vtrip_sel[21]
  gpio_vtrip_sel[22]
  gpio_vtrip_sel[23]
  gpio_vtrip_sel[24]
  gpio_vtrip_sel[25]
  gpio_vtrip_sel[26]
  gpio_vtrip_sel[27]
  gpio_vtrip_sel[28]
  gpio_vtrip_sel[29]
  gpio_vtrip_sel[2]
  gpio_vtrip_sel[30]
  gpio_vtrip_sel[31]
  gpio_vtrip_sel[32]
  gpio_vtrip_sel[33]
  gpio_vtrip_sel[34]
  gpio_vtrip_sel[35]
  gpio_vtrip_sel[36]
  gpio_vtrip_sel[37]
  gpio_vtrip_sel[38]
  gpio_vtrip_sel[39]
  gpio_vtrip_sel[3]
  gpio_vtrip_sel[40]
  gpio_vtrip_sel[41]
  gpio_vtrip_sel[42]
  gpio_vtrip_sel[43]
  gpio_vtrip_sel[4]
  gpio_vtrip_sel[5]
  gpio_vtrip_sel[6]
  gpio_vtrip_sel[7]
  gpio_vtrip_sel[8]
  gpio_vtrip_sel[9]
  _3207_/D
  _3208_/D
  _3209_/D
  _3210_/D
  _3211_/D
  _3212_/D
  _3213_/D
  _4013_/D
  _4014_/D
  _4015_/D
  _4019_/D
  _4021_/D
  _4022_/D
  _4025_/D
  _4026_/D
  _4027_/D
  _4028_/D
  _4029_/D
  _4030_/D
  _4031_/D
  _4032_/D
  _4033_/D
  _4034_/D
  _4035_/D
  _4036_/D
  _4037_/D
  _4038_/D
  _4039_/D
  _4040_/D
  _4041_/D
  _4042_/D
  _4043_/D
  _4044_/D
  _4045_/D
  _4046_/D
  _4047_/D
  _4048_/D
  _4049_/D
  _4050_/D
  _4051_/D
  _4052_/D
  _4053_/D
  _4054_/D
  _4055_/D
  _4056_/D
  _4057_/D
  _4058_/D
  _4059_/D
  _4060_/D
  _4061_/D
  _4062_/D
  _4063_/D
  _4064_/D
  _4065_/D
  _4066_/D
  _4067_/D
  _4068_/D
Warning: There is 1 combinational loop in the design.
  fanout1111/A
  fanout1111/X
  u_owire.u_ip.osc_i0/A
  u_owire.u_ip.osc_i0/Y
  u_owire.u_ip.osc_i1/A
  u_owire.u_ip.osc_i1/Y
  u_owire.u_ip.osc_i2/A
  u_owire.u_ip.osc_i2/Y
  fanout1116/A
  fanout1116/X
  fanout1115/A
  fanout1115/X
  | loop cut point
  fanout1111/A
  --------------------------------
