Clock: clk
Sources: gpio_in[38] 
Generated: no
Virtual: yes
Propagated: no
Period: 40.000000

===========================================================================
report_clock_properties
============================================================================
Clock                   Period          Waveform
----------------------------------------------------
clk                  40.000000    0.000000 20.000000

===========================================================================
report_clock_latency
============================================================================
Clock clk
rise -> rise
    min     max
0.000000 0.000000 source latency
1.691742         network latency _3916_/CLK
        2.784012 network latency _3639_/CLK
---------------
1.691742 2.784012 latency
        1.092270 skew

fall -> fall
    min     max
0.000000 0.000000 source latency
1.735135         network latency _3916_/CLK
        2.873962 network latency _3639_/CLK
---------------
1.735135 2.873962 latency
        1.138828 skew



===========================================================================
report_clock_min_period
============================================================================
clk period_min = 9.51 fmax = 105.17
