Clock: clk
Sources: gpio_in[38] 
Generated: no
Virtual: yes
Propagated: no
Period: 40.000000

===========================================================================
report_clock_properties
============================================================================
Clock                   Period          Waveform
----------------------------------------------------
clk                  40.000000    0.000000 20.000000

===========================================================================
report_clock_latency
============================================================================
Clock clk
rise -> rise
    min     max
0.000000 0.000000 source latency
1.118919         network latency _3916_/CLK
        1.891579 network latency _3639_/CLK
---------------
1.118919 1.891579 latency
        0.772660 skew

fall -> fall
    min     max
0.000000 0.000000 source latency
1.302377         network latency _3916_/CLK
        2.229127 network latency _3639_/CLK
---------------
1.302377 2.229127 latency
        0.926750 skew



===========================================================================
report_clock_min_period
============================================================================
clk period_min = 6.56 fmax = 152.34
