
===========================================================================
report_checks -unconstrained
===========================================================================
======================= min_ff_n40C_1v95 Corner ===================================

Startpoint: _4020_ (rising edge-triggered flip-flop clocked by clk)
Endpoint: _3685_ (recovery check against rising-edge clock clk)
Path Group: asynchronous
Path Type: max

Fanout         Cap        Slew       Delay        Time   Description
---------------------------------------------------------------------------------------------
                                  0.000000    0.000000   clock clk (rise edge)
                                  0.000000    0.000000   clock source latency
     2    0.173629    1.190000    0.000000    0.000000 ^ gpio_in[38] (in)
                                                         gpio_in[38] (net)
                      1.366463    0.092643    0.092643 ^ clkbuf_0_gpio_in[38]/A (sky130_fd_sc_hd__clkbuf_16)
     5    0.256345    0.215873    0.255769    0.348412 ^ clkbuf_0_gpio_in[38]/X (sky130_fd_sc_hd__clkbuf_16)
                                                         clknet_0_gpio_in[38] (net)
                      0.216030    0.005143    0.353555 ^ clkbuf_1_0_0_gpio_in[38]/A (sky130_fd_sc_hd__clkbuf_8)
     3    0.021928    0.043754    0.134415    0.487970 ^ clkbuf_1_0_0_gpio_in[38]/X (sky130_fd_sc_hd__clkbuf_8)
                                                         clknet_1_0_0_gpio_in[38] (net)
                      0.043933    0.001892    0.489862 ^ clkbuf_1_0_1_gpio_in[38]/A (sky130_fd_sc_hd__clkbuf_8)
     5    0.072228    0.102024    0.138813    0.628676 ^ clkbuf_1_0_1_gpio_in[38]/X (sky130_fd_sc_hd__clkbuf_8)
                                                         clknet_1_0_1_gpio_in[38] (net)
                      0.104895    0.014148    0.642824 ^ clkbuf_2_1_0_gpio_in[38]/A (sky130_fd_sc_hd__clkbuf_8)
     5    0.063193    0.090987    0.148560    0.791384 ^ clkbuf_2_1_0_gpio_in[38]/X (sky130_fd_sc_hd__clkbuf_8)
                                                         clknet_2_1_0_gpio_in[38] (net)
                      0.093654    0.012847    0.804231 ^ clkbuf_3_2_0_gpio_in[38]/A (sky130_fd_sc_hd__clkbuf_8)
    31    0.341161    0.431260    0.322562    1.126792 ^ clkbuf_3_2_0_gpio_in[38]/X (sky130_fd_sc_hd__clkbuf_8)
                                                         clknet_3_2_0_gpio_in[38] (net)
                      0.432705    0.024688    1.151480 ^ clkbuf_leaf_61_gpio_in[38]/A (sky130_fd_sc_hd__clkbuf_8)
     7    0.056135    0.087135    0.184965    1.336445 ^ clkbuf_leaf_61_gpio_in[38]/X (sky130_fd_sc_hd__clkbuf_8)
                                                         clknet_leaf_61_gpio_in[38] (net)
                      0.087138    0.000640    1.337085 ^ _4020_/CLK (sky130_fd_sc_hd__dfrtp_4)
     3    0.021743    0.065194    0.306070    1.643155 ^ _4020_/Q (sky130_fd_sc_hd__dfrtp_4)
                                                         u_chip_core.fabric_spi_controller.rst_ni (net)
                      0.065276    0.001670    1.644825 ^ hold1389/A (sky130_fd_sc_hd__dlygate4sd3_1)
     3    0.021984    0.172375    0.502162    2.146987 ^ hold1389/X (sky130_fd_sc_hd__dlygate4sd3_1)
                                                         net2844 (net)
                      0.172386    0.001690    2.148678 ^ hold1331/A (sky130_fd_sc_hd__clkbuf_4)
     3    0.048642    0.116085    0.188101    2.336779 ^ hold1331/X (sky130_fd_sc_hd__clkbuf_4)
                                                         net2786 (net)
                      0.116940    0.008374    2.345153 ^ wire1315/A (sky130_fd_sc_hd__buf_12)
     5    0.075212    0.072391    0.111269    2.456422 ^ wire1315/X (sky130_fd_sc_hd__buf_12)
                                                         net1315 (net)
                      0.077931    0.016227    2.472648 ^ wire1314/A (sky130_fd_sc_hd__clkbuf_16)
     5    0.311534    0.187056    0.155310    2.627958 ^ wire1314/X (sky130_fd_sc_hd__clkbuf_16)
                                                         net1314 (net)
                      0.487683    0.238476    2.866434 ^ _1490_/C_N (sky130_fd_sc_hd__nor3b_1)
     1    0.002912    0.112748    0.128554    2.994988 ^ _1490_/Y (sky130_fd_sc_hd__nor3b_1)
                                                         u_chip_core.fabric_config_large.rst_ni (net)
                      0.112748    0.000034    2.995022 ^ hold1168/A (sky130_fd_sc_hd__dlygate4sd3_1)
     1    0.004382    0.048023    0.414159    3.409182 ^ hold1168/X (sky130_fd_sc_hd__dlygate4sd3_1)
                                                         net2623 (net)
                      0.048023    0.000077    3.409259 ^ hold1155/A (sky130_fd_sc_hd__dlygate4sd3_1)
     1    0.003877    0.044805    0.400211    3.809470 ^ hold1155/X (sky130_fd_sc_hd__dlygate4sd3_1)
                                                         net2610 (net)
                      0.044805    0.000060    3.809530 ^ wire1286/A (sky130_fd_sc_hd__dlymetal6s2s_1)
     1    0.005053    0.059841    0.083543    3.893072 ^ wire1286/X (sky130_fd_sc_hd__dlymetal6s2s_1)
                                                         net1286 (net)
                      0.059841    0.000112    3.893185 ^ hold1156/A (sky130_fd_sc_hd__dlygate4sd3_1)
     1    0.004186    0.046793    0.404238    4.297422 ^ hold1156/X (sky130_fd_sc_hd__dlygate4sd3_1)
                                                         net2611 (net)
                      0.046793    0.000071    4.297493 ^ wire1285/A (sky130_fd_sc_hd__clkbuf_2)
     2    0.016198    0.072147    0.106367    4.403860 ^ wire1285/X (sky130_fd_sc_hd__clkbuf_2)
                                                         net1285 (net)
                      0.072148    0.000360    4.404220 ^ fanout1261/A (sky130_fd_sc_hd__buf_12)
    11    0.160513    0.142461    0.157165    4.561386 ^ fanout1261/X (sky130_fd_sc_hd__buf_12)
                                                         net1261 (net)
                      0.146487    0.019899    4.581285 ^ fanout1258/A (sky130_fd_sc_hd__buf_12)
    11    0.366108    0.256041    0.161707    4.742991 ^ fanout1258/X (sky130_fd_sc_hd__buf_12)
                                                         net1258 (net)
                      0.559157    0.265722    5.008714 ^ fanout1257/A (sky130_fd_sc_hd__buf_8)
    11    0.101081    0.129547    0.143112    5.151825 ^ fanout1257/X (sky130_fd_sc_hd__buf_8)
                                                         net1257 (net)
                      0.133302    0.018081    5.169907 ^ fanout1256/A (sky130_fd_sc_hd__buf_8)
    20    0.171200    0.208722    0.188410    5.358316 ^ fanout1256/X (sky130_fd_sc_hd__buf_8)
                                                         net1256 (net)
                      0.208724    0.000519    5.358835 ^ fanout1254/A (sky130_fd_sc_hd__clkbuf_2)
     5    0.030092    0.128993    0.172755    5.531590 ^ fanout1254/X (sky130_fd_sc_hd__clkbuf_2)
                                                         net1254 (net)
                      0.128993    0.000259    5.531849 ^ fanout1252/A (sky130_fd_sc_hd__clkbuf_4)
    10    0.056326    0.131796    0.195661    5.727510 ^ fanout1252/X (sky130_fd_sc_hd__clkbuf_4)
                                                         net1252 (net)
                      0.131807    0.001356    5.728867 ^ _3685_/RESET_B (sky130_fd_sc_hd__dfrtp_4)
                                              5.728867   data arrival time

                                 40.000000   40.000000   clock clk (rise edge)
                                  0.000000   40.000000   clock source latency
     2    0.173629    1.000000    0.000000   40.000000 ^ gpio_in[38] (in)
                                                         gpio_in[38] (net)
                      1.176463    0.083819   40.083820 ^ clkbuf_0_gpio_in[38]/A (sky130_fd_sc_hd__clkbuf_16)
     5    0.256345    0.214043    0.235207   40.319027 ^ clkbuf_0_gpio_in[38]/X (sky130_fd_sc_hd__clkbuf_16)
                                                         clknet_0_gpio_in[38] (net)
                      0.214251    0.004654   40.323681 ^ clkbuf_1_0_0_gpio_in[38]/A (sky130_fd_sc_hd__clkbuf_8)
     3    0.021928    0.043700    0.121371   40.445053 ^ clkbuf_1_0_0_gpio_in[38]/X (sky130_fd_sc_hd__clkbuf_8)
                                                         clknet_1_0_0_gpio_in[38] (net)
                      0.043878    0.001712   40.446766 ^ clkbuf_1_0_1_gpio_in[38]/A (sky130_fd_sc_hd__clkbuf_8)
     5    0.072228    0.102024    0.125578   40.572342 ^ clkbuf_1_0_1_gpio_in[38]/X (sky130_fd_sc_hd__clkbuf_8)
                                                         clknet_1_0_1_gpio_in[38] (net)
                      0.104847    0.012694   40.585037 ^ clkbuf_2_0_0_gpio_in[38]/A (sky130_fd_sc_hd__clkbuf_8)
     5    0.091888    0.124784    0.162181   40.747219 ^ clkbuf_2_0_0_gpio_in[38]/X (sky130_fd_sc_hd__clkbuf_8)
                                                         clknet_2_0_0_gpio_in[38] (net)
                      0.125337    0.006363   40.753582 ^ clkbuf_3_0_0_gpio_in[38]/A (sky130_fd_sc_hd__clkbuf_8)
    19    0.176341    0.231506    0.231719   40.985298 ^ clkbuf_3_0_0_gpio_in[38]/X (sky130_fd_sc_hd__clkbuf_8)
                                                         clknet_3_0_0_gpio_in[38] (net)
                      0.231995    0.008402   40.993702 ^ clkbuf_leaf_65_gpio_in[38]/A (sky130_fd_sc_hd__clkbuf_8)
    11    0.059389    0.087250    0.156810   41.150513 ^ clkbuf_leaf_65_gpio_in[38]/X (sky130_fd_sc_hd__clkbuf_8)
                                                         clknet_leaf_65_gpio_in[38] (net)
                      0.087250    0.000217   41.150730 ^ _3685_/CLK (sky130_fd_sc_hd__dfrtp_4)
                                 -0.100000   41.050732   clock uncertainty
                                  0.056335   41.107067   clock reconvergence pessimism
                                  0.108199   41.215263   library recovery time
                                             41.215263   data required time
---------------------------------------------------------------------------------------------
                                             41.215263   data required time
                                             -5.728867   data arrival time
---------------------------------------------------------------------------------------------
                                             35.486397   slack (MET)


Startpoint: _4020_ (rising edge-triggered flip-flop clocked by clk)
Endpoint: _3650_ (rising edge-triggered flip-flop clocked by clk)
Path Group: clk
Path Type: max

Fanout         Cap        Slew       Delay        Time   Description
---------------------------------------------------------------------------------------------
                                  0.000000    0.000000   clock clk (rise edge)
                                  0.000000    0.000000   clock source latency
     2    0.173629    1.190000    0.000000    0.000000 ^ gpio_in[38] (in)
                                                         gpio_in[38] (net)
                      1.366463    0.092643    0.092643 ^ clkbuf_0_gpio_in[38]/A (sky130_fd_sc_hd__clkbuf_16)
     5    0.256345    0.215873    0.255769    0.348412 ^ clkbuf_0_gpio_in[38]/X (sky130_fd_sc_hd__clkbuf_16)
                                                         clknet_0_gpio_in[38] (net)
                      0.216030    0.005143    0.353555 ^ clkbuf_1_0_0_gpio_in[38]/A (sky130_fd_sc_hd__clkbuf_8)
     3    0.021928    0.043754    0.134415    0.487970 ^ clkbuf_1_0_0_gpio_in[38]/X (sky130_fd_sc_hd__clkbuf_8)
                                                         clknet_1_0_0_gpio_in[38] (net)
                      0.043933    0.001892    0.489862 ^ clkbuf_1_0_1_gpio_in[38]/A (sky130_fd_sc_hd__clkbuf_8)
     5    0.072228    0.102024    0.138813    0.628676 ^ clkbuf_1_0_1_gpio_in[38]/X (sky130_fd_sc_hd__clkbuf_8)
                                                         clknet_1_0_1_gpio_in[38] (net)
                      0.104895    0.014148    0.642824 ^ clkbuf_2_1_0_gpio_in[38]/A (sky130_fd_sc_hd__clkbuf_8)
     5    0.063193    0.090987    0.148560    0.791384 ^ clkbuf_2_1_0_gpio_in[38]/X (sky130_fd_sc_hd__clkbuf_8)
                                                         clknet_2_1_0_gpio_in[38] (net)
                      0.093654    0.012847    0.804231 ^ clkbuf_3_2_0_gpio_in[38]/A (sky130_fd_sc_hd__clkbuf_8)
    31    0.341161    0.431260    0.322562    1.126792 ^ clkbuf_3_2_0_gpio_in[38]/X (sky130_fd_sc_hd__clkbuf_8)
                                                         clknet_3_2_0_gpio_in[38] (net)
                      0.432705    0.024688    1.151480 ^ clkbuf_leaf_61_gpio_in[38]/A (sky130_fd_sc_hd__clkbuf_8)
     7    0.056135    0.087135    0.184965    1.336445 ^ clkbuf_leaf_61_gpio_in[38]/X (sky130_fd_sc_hd__clkbuf_8)
                                                         clknet_leaf_61_gpio_in[38] (net)
                      0.087138    0.000640    1.337085 ^ _4020_/CLK (sky130_fd_sc_hd__dfrtp_4)
     3    0.021743    0.065194    0.306070    1.643155 ^ _4020_/Q (sky130_fd_sc_hd__dfrtp_4)
                                                         u_chip_core.fabric_spi_controller.rst_ni (net)
                      0.065276    0.001670    1.644825 ^ hold1389/A (sky130_fd_sc_hd__dlygate4sd3_1)
     3    0.021984    0.172375    0.502162    2.146987 ^ hold1389/X (sky130_fd_sc_hd__dlygate4sd3_1)
                                                         net2844 (net)
                      0.172386    0.001690    2.148678 ^ hold1331/A (sky130_fd_sc_hd__clkbuf_4)
     3    0.048642    0.116085    0.188101    2.336779 ^ hold1331/X (sky130_fd_sc_hd__clkbuf_4)
                                                         net2786 (net)
                      0.116940    0.008374    2.345153 ^ wire1315/A (sky130_fd_sc_hd__buf_12)
     5    0.075212    0.072391    0.111269    2.456422 ^ wire1315/X (sky130_fd_sc_hd__buf_12)
                                                         net1315 (net)
                      0.072865    0.004924    2.461346 ^ hold1332/A (sky130_fd_sc_hd__dlygate4sd3_1)
     1    0.012750    0.105696    0.454195    2.915541 ^ hold1332/X (sky130_fd_sc_hd__dlygate4sd3_1)
                                                         net2787 (net)
                      0.105697    0.000678    2.916219 ^ fanout1313/A (sky130_fd_sc_hd__clkbuf_8)
    11    0.094059    0.128077    0.171783    3.088002 ^ fanout1313/X (sky130_fd_sc_hd__clkbuf_8)
                                                         net1313 (net)
                      0.128087    0.001058    3.089061 ^ hold1333/A (sky130_fd_sc_hd__clkbuf_4)
     7    0.057419    0.134399    0.193410    3.282470 ^ hold1333/X (sky130_fd_sc_hd__clkbuf_4)
                                                         net2788 (net)
                      0.134399    0.000108    3.282578 ^ fanout1311/A (sky130_fd_sc_hd__buf_2)
     7    0.025336    0.096813    0.146067    3.428646 ^ fanout1311/X (sky130_fd_sc_hd__buf_2)
                                                         net1311 (net)
                      0.096813    0.000138    3.428784 ^ fanout1307/A (sky130_fd_sc_hd__buf_4)
    21    0.081925    0.171445    0.195684    3.624468 ^ fanout1307/X (sky130_fd_sc_hd__buf_4)
                                                         net1307 (net)
                      0.171446    0.000221    3.624689 ^ _1597_/A (sky130_fd_sc_hd__nand2_8)
    11    0.146008    0.150847    0.141450    3.766139 v _1597_/Y (sky130_fd_sc_hd__nand2_8)
                                                         _0873_ (net)
                      0.152157    0.011647    3.777786 v _1599_/A (sky130_fd_sc_hd__or2_4)
    11    0.276071    0.239384    0.329097    4.106883 v _1599_/X (sky130_fd_sc_hd__or2_4)
                                                         _0875_ (net)
                      0.363601    0.145356    4.252239 v _1604_/A (sky130_fd_sc_hd__nor2_8)
     3    0.153509    0.417585    0.444351    4.696590 ^ _1604_/Y (sky130_fd_sc_hd__nor2_8)
                                                         _0000_ (net)
                      0.422127    0.036785    4.733375 ^ hold1624/A (sky130_fd_sc_hd__buf_4)
     3    0.068504    0.146318    0.191364    4.924739 ^ hold1624/X (sky130_fd_sc_hd__buf_4)
                                                         net3079 (net)
                      0.148001    0.013203    4.937942 ^ fanout752/A (sky130_fd_sc_hd__buf_12)
    11    0.604229    0.215544    0.174532    5.112474 ^ fanout752/X (sky130_fd_sc_hd__buf_12)
                                                         net752 (net)
                      1.443272    0.749690    5.862164 ^ fanout751/A (sky130_fd_sc_hd__clkbuf_4)
     7    0.039112    0.117633    0.216144    6.078308 ^ fanout751/X (sky130_fd_sc_hd__clkbuf_4)
                                                         net751 (net)
                      0.117633    0.000528    6.078836 ^ fanout750/A (sky130_fd_sc_hd__clkbuf_4)
    10    0.054505    0.127868    0.190033    6.268869 ^ fanout750/X (sky130_fd_sc_hd__clkbuf_4)
                                                         net750 (net)
                      0.127876    0.001224    6.270093 ^ _2494_/S (sky130_fd_sc_hd__mux2_1)
     1    0.008485    0.081939    0.229009    6.499102 v _2494_/X (sky130_fd_sc_hd__mux2_1)
                                                         _0448_ (net)
                      0.081939    0.000373    6.499475 v hold1540/A (sky130_fd_sc_hd__dlygate4sd3_1)
     1    0.007017    0.052572    0.419937    6.919412 v hold1540/X (sky130_fd_sc_hd__dlygate4sd3_1)
                                                         net2995 (net)
                      0.052572    0.000200    6.919612 v _3650_/D (sky130_fd_sc_hd__dfxtp_1)
                                              6.919612   data arrival time

                                 40.000000   40.000000   clock clk (rise edge)
                                  0.000000   40.000000   clock source latency
     2    0.173629    1.000000    0.000000   40.000000 ^ gpio_in[38] (in)
                                                         gpio_in[38] (net)
                      1.176463    0.083819   40.083820 ^ clkbuf_0_gpio_in[38]/A (sky130_fd_sc_hd__clkbuf_16)
     5    0.256345    0.214043    0.235207   40.319027 ^ clkbuf_0_gpio_in[38]/X (sky130_fd_sc_hd__clkbuf_16)
                                                         clknet_0_gpio_in[38] (net)
                      0.230744    0.044256   40.363285 ^ clkbuf_1_1_0_gpio_in[38]/A (sky130_fd_sc_hd__clkbuf_8)
     3    0.076974    0.109680    0.164615   40.527897 ^ clkbuf_1_1_0_gpio_in[38]/X (sky130_fd_sc_hd__clkbuf_8)
                                                         clknet_1_1_0_gpio_in[38] (net)
                      0.113412    0.015106   40.543003 ^ clkbuf_1_1_1_gpio_in[38]/A (sky130_fd_sc_hd__clkbuf_8)
     5    0.085448    0.119126    0.152170   40.695175 ^ clkbuf_1_1_1_gpio_in[38]/X (sky130_fd_sc_hd__clkbuf_8)
                                                         clknet_1_1_1_gpio_in[38] (net)
                      0.123494    0.017032   40.712208 ^ clkbuf_2_2_0_gpio_in[38]/A (sky130_fd_sc_hd__clkbuf_8)
     5    0.063291    0.091249    0.139433   40.851639 ^ clkbuf_2_2_0_gpio_in[38]/X (sky130_fd_sc_hd__clkbuf_8)
                                                         clknet_2_2_0_gpio_in[38] (net)
                      0.093599    0.010960   40.862598 ^ clkbuf_3_5_0_gpio_in[38]/A (sky130_fd_sc_hd__clkbuf_8)
    21    0.262410    0.329527    0.205535   41.068134 ^ clkbuf_3_5_0_gpio_in[38]/X (sky130_fd_sc_hd__clkbuf_8)
                                                         clknet_3_5_0_gpio_in[38] (net)
                      0.445905    0.149186   41.217319 ^ clkbuf_leaf_31_gpio_in[38]/A (sky130_fd_sc_hd__clkbuf_8)
    41    0.089873    0.124789    0.197161   41.414482 ^ clkbuf_leaf_31_gpio_in[38]/X (sky130_fd_sc_hd__clkbuf_8)
                                                         clknet_leaf_31_gpio_in[38] (net)
                      0.124802    0.001293   41.415775 ^ _3650_/CLK (sky130_fd_sc_hd__dfxtp_1)
                                 -0.100000   41.315777   clock uncertainty
                                  0.029386   41.345165   clock reconvergence pessimism
                                 -0.068391   41.276775   library setup time
                                             41.276775   data required time
---------------------------------------------------------------------------------------------
                                             41.276775   data required time
                                             -6.919612   data arrival time
---------------------------------------------------------------------------------------------
                                             34.357162   slack (MET)




===========================================================================
report_checks --slack_max -0.01
============================================================================
======================= min_ff_n40C_1v95 Corner ===================================

No paths found.


===========================================================================
 report_check_types -max_slew -max_cap -max_fanout -violators
============================================================================
======================= min_ff_n40C_1v95 Corner ===================================

max slew

Pin                                        Limit        Slew       Slack
------------------------------------------------------------------------
wire938/A                               1.500000    9.239559   -7.739560 (VIOLATED)
ANTENNA_322/DIODE                       1.500000    9.239552   -7.739552 (VIOLATED)
ANTENNA_wire938_A/DIODE                 1.500000    9.239550   -7.739550 (VIOLATED)
ANTENNA_321/DIODE                       1.500000    9.239505   -7.739504 (VIOLATED)
ANTENNA_wire929_A/DIODE                 1.500000    8.623373   -7.123373 (VIOLATED)
wire929/A                               1.500000    8.623380   -7.123379 (VIOLATED)
wire1037/A                              1.500000    5.717082   -4.217082 (VIOLATED)
ANTENNA_wire1037_A/DIODE                1.500000    5.717072   -4.217071 (VIOLATED)
wire1408/A                              1.500000    4.017563   -2.517563 (VIOLATED)
ANTENNA_wire1408_A/DIODE                1.500000    4.017436   -2.517436 (VIOLATED)
_1504_/A                                1.500000    3.832835   -2.332835 (VIOLATED)
ANTENNA__1504__A/DIODE                  1.500000    3.832818   -2.332818 (VIOLATED)
wire1035/A                              1.500000    3.670261   -2.170261 (VIOLATED)
ANTENNA_wire1035_A/DIODE                1.500000    3.670241   -2.170241 (VIOLATED)
wire1038/A                              1.500000    3.433227   -1.933227 (VIOLATED)
ANTENNA_4/DIODE                         1.500000    3.433207   -1.933207 (VIOLATED)
ANTENNA_5/DIODE                         1.500000    3.433208   -1.933208 (VIOLATED)
ANTENNA_wire1038_A/DIODE                1.500000    3.433207   -1.933207 (VIOLATED)
ANTENNA_2/DIODE                         1.500000    3.433039   -1.933039 (VIOLATED)
ANTENNA_3/DIODE                         1.500000    3.433023   -1.933023 (VIOLATED)
ANTENNA_load_slew1433_A/DIODE           1.500000    3.289124   -1.789124 (VIOLATED)
load_slew1433/A                         1.500000    3.289111   -1.789111 (VIOLATED)
_1485_/A                                1.500000    3.202237   -1.702237 (VIOLATED)
ANTENNA__1485__A/DIODE                  1.500000    3.202234   -1.702234 (VIOLATED)
_1509_/A                                1.500000    3.086966   -1.586966 (VIOLATED)
ANTENNA__1509__A/DIODE                  1.500000    3.086656   -1.586656 (VIOLATED)
_1510_/A                                1.500000    2.825606   -1.325606 (VIOLATED)
ANTENNA__1510__A/DIODE                  1.500000    2.825603   -1.325603 (VIOLATED)
_1503_/A                                1.500000    2.200175   -0.700175 (VIOLATED)
ANTENNA__1503__A/DIODE                  1.500000    2.200159   -0.700159 (VIOLATED)
_1506_/A                                1.500000    2.094226   -0.594226 (VIOLATED)
ANTENNA__1506__A/DIODE                  1.500000    2.094221   -0.594221 (VIOLATED)
wire947/A                               1.500000    2.069970   -0.569970 (VIOLATED)
ANTENNA_197/DIODE                       1.500000    2.069968   -0.569969 (VIOLATED)
ANTENNA_wire947_A/DIODE                 1.500000    2.069964   -0.569964 (VIOLATED)
ANTENNA_198/DIODE                       1.500000    2.069961   -0.569961 (VIOLATED)
ANTENNA_199/DIODE                       1.500000    2.069958   -0.569958 (VIOLATED)
ANTENNA_200/DIODE                       1.500000    2.069954   -0.569954 (VIOLATED)
ANTENNA_201/DIODE                       1.500000    2.069949   -0.569949 (VIOLATED)
ANTENNA_202/DIODE                       1.500000    2.069944   -0.569944 (VIOLATED)
ANTENNA_wire1430_A/DIODE                1.500000    2.018205   -0.518205 (VIOLATED)
wire1430/A                              1.500000    2.018205   -0.518205 (VIOLATED)
_1505_/A                                1.500000    2.017874   -0.517874 (VIOLATED)
ANTENNA__1505__A/DIODE                  1.500000    2.017860   -0.517860 (VIOLATED)
ANTENNA__1535__X/DIODE                  1.500000    1.903702   -0.403702 (VIOLATED)
_1535_/X                                1.500000    1.903677   -0.403678 (VIOLATED)
ANTENNA_wire948_X/DIODE                 1.500000    1.876840   -0.376840 (VIOLATED)
wire948/X                               1.500000    1.876840   -0.376840 (VIOLATED)
ANTENNA__2503__A1/DIODE                 1.500000    1.860237   -0.360237 (VIOLATED)
_2503_/A1                               1.500000    1.860224   -0.360224 (VIOLATED)
wire1028/A                              1.500000    1.825551   -0.325551 (VIOLATED)
ANTENNA_wire1028_A/DIODE                1.500000    1.825510   -0.325510 (VIOLATED)
_2502_/A1                               1.500000    1.817832   -0.317832 (VIOLATED)
ANTENNA__2502__A1/DIODE                 1.500000    1.817807   -0.317807 (VIOLATED)
ANTENNA__2482__A1/DIODE                 1.500000    1.592066   -0.092066 (VIOLATED)
_2482_/A1                               1.500000    1.592064   -0.092064 (VIOLATED)
ANTENNA__2504__A1/DIODE                 1.500000    1.528611   -0.028611 (VIOLATED)
_2504_/A1                               1.500000    1.528606   -0.028606 (VIOLATED)
ANTENNA__2476__A1/DIODE                 1.500000    1.508382   -0.008382 (VIOLATED)
_2476_/A1                               1.500000    1.508371   -0.008371 (VIOLATED)

max fanout

Pin                                   Limit Fanout  Slack
---------------------------------------------------------
clkbuf_leaf_10_gpio_in[38]/X             20     49    -29 (VIOLATED)
clkbuf_leaf_11_gpio_in[38]/X             20     49    -29 (VIOLATED)
clkbuf_leaf_17_gpio_in[38]/X             20     47    -27 (VIOLATED)
clkbuf_leaf_22_gpio_in[38]/X             20     47    -27 (VIOLATED)
clkbuf_leaf_35_gpio_in[38]/X             20     47    -27 (VIOLATED)
clkbuf_leaf_3_gpio_in[38]/X              20     45    -25 (VIOLATED)
clkbuf_leaf_15_gpio_in[38]/X             20     43    -23 (VIOLATED)
clkbuf_leaf_25_gpio_in[38]/X             20     43    -23 (VIOLATED)
clkbuf_leaf_27_gpio_in[38]/X             20     43    -23 (VIOLATED)
clkbuf_leaf_2_gpio_in[38]/X              20     43    -23 (VIOLATED)
clkbuf_leaf_32_gpio_in[38]/X             20     43    -23 (VIOLATED)
clkbuf_leaf_16_gpio_in[38]/X             20     41    -21 (VIOLATED)
clkbuf_leaf_21_gpio_in[38]/X             20     41    -21 (VIOLATED)
clkbuf_leaf_31_gpio_in[38]/X             20     41    -21 (VIOLATED)
clkbuf_leaf_41_gpio_in[38]/X             20     41    -21 (VIOLATED)
clkbuf_leaf_53_gpio_in[38]/X             20     41    -21 (VIOLATED)
clkbuf_leaf_1_gpio_in[38]/X              20     39    -19 (VIOLATED)
clkbuf_leaf_12_gpio_in[38]/X             20     37    -17 (VIOLATED)
clkbuf_leaf_49_gpio_in[38]/X             20     37    -17 (VIOLATED)
clkbuf_leaf_52_gpio_in[38]/X             20     37    -17 (VIOLATED)
clkbuf_leaf_9_gpio_in[38]/X              20     37    -17 (VIOLATED)
clkbuf_leaf_13_gpio_in[38]/X             20     35    -15 (VIOLATED)
clkbuf_leaf_57_gpio_in[38]/X             20     35    -15 (VIOLATED)
clkbuf_leaf_50_gpio_in[38]/X             20     33    -13 (VIOLATED)
clkbuf_leaf_59_gpio_in[38]/X             20     33    -13 (VIOLATED)
fanout1194/X                             20     32    -12 (VIOLATED)
clkbuf_3_2_0_gpio_in[38]/X               20     31    -11 (VIOLATED)
clkbuf_leaf_19_gpio_in[38]/X             20     31    -11 (VIOLATED)
clkbuf_leaf_23_gpio_in[38]/X             20     31    -11 (VIOLATED)
max_cap807/X                             20     31    -11 (VIOLATED)
clkbuf_leaf_34_gpio_in[38]/X             20     29     -9 (VIOLATED)
clkbuf_leaf_58_gpio_in[38]/X             20     29     -9 (VIOLATED)
clkbuf_leaf_0_gpio_in[38]/X              20     27     -7 (VIOLATED)
clkbuf_leaf_36_gpio_in[38]/X             20     27     -7 (VIOLATED)
clkbuf_3_3_0_gpio_in[38]/X               20     25     -5 (VIOLATED)
clkbuf_leaf_33_gpio_in[38]/X             20     25     -5 (VIOLATED)
clkbuf_leaf_60_gpio_in[38]/X             20     25     -5 (VIOLATED)
clkbuf_leaf_6_gpio_in[38]/X              20     25     -5 (VIOLATED)
fanout1251/X                             20     24     -4 (VIOLATED)
clkbuf_leaf_28_gpio_in[38]/X             20     23     -3 (VIOLATED)
fanout1186/X                             20     23     -3 (VIOLATED)
fanout1189/X                             20     23     -3 (VIOLATED)
fanout1204/X                             20     23     -3 (VIOLATED)
fanout1234/X                             20     23     -3 (VIOLATED)
gpio_loopback_zero[25]                   20     22     -2 (VIOLATED)
gpio_loopback_zero[26]                   20     22     -2 (VIOLATED)
gpio_loopback_zero[30]                   20     22     -2 (VIOLATED)
gpio_loopback_zero[32]                   20     22     -2 (VIOLATED)
gpio_loopback_zero[38]                   20     22     -2 (VIOLATED)
fanout1185/X                             20     22     -2 (VIOLATED)
fanout1198/X                             20     22     -2 (VIOLATED)
fanout1216/X                             20     22     -2 (VIOLATED)
fanout1344/X                             20     22     -2 (VIOLATED)
clkbuf_3_1_0_gpio_in[38]/X               20     21        (VIOLATED)
clkbuf_3_5_0_gpio_in[38]/X               20     21        (VIOLATED)
fanout1112/X                             20     21        (VIOLATED)
fanout1114/X                             20     21        (VIOLATED)
fanout1116/X                             20     21        (VIOLATED)
fanout1122/X                             20     21        (VIOLATED)
fanout1123/X                             20     21        (VIOLATED)
fanout1125/X                             20     21        (VIOLATED)
fanout1126/X                             20     21        (VIOLATED)
fanout1128/X                             20     21        (VIOLATED)
fanout1129/X                             20     21        (VIOLATED)
fanout1131/X                             20     21        (VIOLATED)
fanout1132/X                             20     21        (VIOLATED)
fanout1137/X                             20     21        (VIOLATED)
fanout1138/X                             20     21        (VIOLATED)
fanout1143/X                             20     21        (VIOLATED)
fanout1144/X                             20     21        (VIOLATED)
fanout1149/X                             20     21        (VIOLATED)
fanout1150/X                             20     21        (VIOLATED)
fanout1155/X                             20     21        (VIOLATED)
fanout1156/X                             20     21        (VIOLATED)
fanout1161/X                             20     21        (VIOLATED)
fanout1162/X                             20     21        (VIOLATED)
fanout1167/X                             20     21        (VIOLATED)
fanout1168/X                             20     21        (VIOLATED)
fanout1170/X                             20     21        (VIOLATED)
fanout1171/X                             20     21        (VIOLATED)
fanout1173/X                             20     21        (VIOLATED)
fanout1174/X                             20     21        (VIOLATED)
fanout1176/X                             20     21        (VIOLATED)
fanout1177/X                             20     21        (VIOLATED)
fanout1179/X                             20     21        (VIOLATED)
fanout1180/X                             20     21        (VIOLATED)
fanout1182/X                             20     21        (VIOLATED)
fanout1183/X                             20     21        (VIOLATED)
fanout1188/X                             20     21        (VIOLATED)
fanout1191/X                             20     21        (VIOLATED)
fanout1192/X                             20     21        (VIOLATED)
fanout1195/X                             20     21        (VIOLATED)
fanout1197/X                             20     21        (VIOLATED)
fanout1200/X                             20     21        (VIOLATED)
fanout1201/X                             20     21        (VIOLATED)
fanout1203/X                             20     21        (VIOLATED)
fanout1206/X                             20     21        (VIOLATED)
fanout1207/X                             20     21        (VIOLATED)
fanout1209/X                             20     21        (VIOLATED)
fanout1210/X                             20     21        (VIOLATED)
fanout1212/X                             20     21        (VIOLATED)
fanout1213/X                             20     21        (VIOLATED)
fanout1215/X                             20     21        (VIOLATED)
fanout1218/X                             20     21        (VIOLATED)
fanout1219/X                             20     21        (VIOLATED)
fanout1221/X                             20     21        (VIOLATED)
fanout1222/X                             20     21        (VIOLATED)
fanout1224/X                             20     21        (VIOLATED)
fanout1225/X                             20     21        (VIOLATED)
fanout1227/X                             20     21        (VIOLATED)
fanout1228/X                             20     21        (VIOLATED)
fanout1230/X                             20     21        (VIOLATED)
fanout1231/X                             20     21        (VIOLATED)
fanout1233/X                             20     21        (VIOLATED)
fanout1244/X                             20     21        (VIOLATED)
fanout1246/X                             20     21        (VIOLATED)
fanout1248/X                             20     21        (VIOLATED)
fanout1249/X                             20     21        (VIOLATED)
fanout1255/X                             20     21        (VIOLATED)
fanout1259/X                             20     21        (VIOLATED)
fanout1260/X                             20     21        (VIOLATED)
fanout1262/X                             20     21        (VIOLATED)
fanout1263/X                             20     21        (VIOLATED)
fanout1266/X                             20     21        (VIOLATED)
fanout1287/X                             20     21        (VIOLATED)
fanout1288/X                             20     21        (VIOLATED)
fanout1291/X                             20     21        (VIOLATED)
fanout1292/X                             20     21        (VIOLATED)
fanout1294/X                             20     21        (VIOLATED)
fanout1295/X                             20     21        (VIOLATED)
fanout1296/X                             20     21        (VIOLATED)
fanout1297/X                             20     21        (VIOLATED)
fanout1307/X                             20     21        (VIOLATED)
fanout1326/X                             20     21        (VIOLATED)
fanout1329/X                             20     21        (VIOLATED)
fanout1332/X                             20     21        (VIOLATED)
fanout1335/X                             20     21        (VIOLATED)
fanout1338/X                             20     21        (VIOLATED)
fanout1341/X                             20     21        (VIOLATED)
fanout1347/X                             20     21        (VIOLATED)
fanout1350/X                             20     21        (VIOLATED)
fanout1353/X                             20     21        (VIOLATED)
fanout1356/X                             20     21        (VIOLATED)
fanout1359/X                             20     21        (VIOLATED)
fanout1362/X                             20     21        (VIOLATED)
fanout1365/X                             20     21        (VIOLATED)
fanout1368/X                             20     21        (VIOLATED)
fanout1371/X                             20     21        (VIOLATED)
fanout1374/X                             20     21        (VIOLATED)
fanout1377/X                             20     21        (VIOLATED)
fanout1380/X                             20     21        (VIOLATED)
fanout1383/X                             20     21        (VIOLATED)
fanout1399/X                             20     21        (VIOLATED)
fanout636/X                              20     21        (VIOLATED)
fanout655/X                              20     21        (VIOLATED)
fanout673/X                              20     21        (VIOLATED)
fanout760/X                              20     21        (VIOLATED)
fanout764/X                              20     21        (VIOLATED)
fanout772/X                              20     21        (VIOLATED)
fanout785/X                              20     21        (VIOLATED)
fanout787/X                              20     21        (VIOLATED)
fanout788/X                              20     21        (VIOLATED)
fanout790/X                              20     21        (VIOLATED)
fanout810/X                              20     21        (VIOLATED)
fanout811/X                              20     21        (VIOLATED)
hold1557/X                               20     21        (VIOLATED)

max capacitance

Pin                                        Limit         Cap       Slack
------------------------------------------------------------------------
wire939/X                               0.741587    1.422936   -0.681349 (VIOLATED)
wire930/X                               0.741587    1.391070   -0.649484 (VIOLATED)
_1536_/X                                0.729685    1.084858   -0.355173 (VIOLATED)
_1535_/X                                0.729685    1.037060   -0.307375 (VIOLATED)
wire948/X                               0.363474    0.463419   -0.099945 (VIOLATED)



===========================================================================
report_parasitic_annotation -report_unannotated
============================================================================
Found 217 unannotated drivers.
 analog_io[0]
 analog_io[10]
 analog_io[11]
 analog_io[12]
 analog_io[13]
 analog_io[14]
 analog_io[15]
 analog_io[16]
 analog_io[17]
 analog_io[18]
 analog_io[19]
 analog_io[1]
 analog_io[20]
 analog_io[21]
 analog_io[22]
 analog_io[23]
 analog_io[24]
 analog_io[25]
 analog_io[26]
 analog_io[27]
 analog_io[28]
 analog_io[29]
 analog_io[2]
 analog_io[30]
 analog_io[31]
 analog_io[32]
 analog_io[33]
 analog_io[34]
 analog_io[35]
 analog_io[36]
 analog_io[37]
 analog_io[38]
 analog_io[39]
 analog_io[3]
 analog_io[40]
 analog_io[41]
 analog_io[42]
 analog_io[43]
 analog_io[4]
 analog_io[5]
 analog_io[6]
 analog_io[7]
 analog_io[8]
 analog_io[9]
 analog_noesd_io[0]
 analog_noesd_io[10]
 analog_noesd_io[11]
 analog_noesd_io[12]
 analog_noesd_io[13]
 analog_noesd_io[14]
 analog_noesd_io[15]
 analog_noesd_io[16]
 analog_noesd_io[17]
 analog_noesd_io[18]
 analog_noesd_io[19]
 analog_noesd_io[1]
 analog_noesd_io[20]
 analog_noesd_io[21]
 analog_noesd_io[22]
 analog_noesd_io[23]
 analog_noesd_io[24]
 analog_noesd_io[25]
 analog_noesd_io[26]
 analog_noesd_io[27]
 analog_noesd_io[28]
 analog_noesd_io[29]
 analog_noesd_io[2]
 analog_noesd_io[30]
 analog_noesd_io[31]
 analog_noesd_io[32]
 analog_noesd_io[33]
 analog_noesd_io[34]
 analog_noesd_io[35]
 analog_noesd_io[36]
 analog_noesd_io[37]
 analog_noesd_io[38]
 analog_noesd_io[39]
 analog_noesd_io[3]
 analog_noesd_io[40]
 analog_noesd_io[41]
 analog_noesd_io[42]
 analog_noesd_io[43]
 analog_noesd_io[4]
 analog_noesd_io[5]
 analog_noesd_io[6]
 analog_noesd_io[7]
 analog_noesd_io[8]
 analog_noesd_io[9]
 gpio_in[14]
 gpio_in[29]
 gpio_in_h[0]
 gpio_in_h[10]
 gpio_in_h[11]
 gpio_in_h[12]
 gpio_in_h[13]
 gpio_in_h[14]
 gpio_in_h[15]
 gpio_in_h[16]
 gpio_in_h[17]
 gpio_in_h[18]
 gpio_in_h[19]
 gpio_in_h[1]
 gpio_in_h[20]
 gpio_in_h[21]
 gpio_in_h[22]
 gpio_in_h[23]
 gpio_in_h[24]
 gpio_in_h[25]
 gpio_in_h[26]
 gpio_in_h[27]
 gpio_in_h[28]
 gpio_in_h[29]
 gpio_in_h[2]
 gpio_in_h[30]
 gpio_in_h[31]
 gpio_in_h[32]
 gpio_in_h[33]
 gpio_in_h[34]
 gpio_in_h[35]
 gpio_in_h[36]
 gpio_in_h[37]
 gpio_in_h[38]
 gpio_in_h[39]
 gpio_in_h[3]
 gpio_in_h[40]
 gpio_in_h[41]
 gpio_in_h[42]
 gpio_in_h[43]
 gpio_in_h[4]
 gpio_in_h[5]
 gpio_in_h[6]
 gpio_in_h[7]
 gpio_in_h[8]
 gpio_in_h[9]
 gpio_loopback_one[0]
 gpio_loopback_zero[0]
 por_l
 porb_h
 porb_l
 resetb_h
 _4019__1454/LO
 clkload0/Y
 clkload1/Y
 clkload10/Y
 clkload11/Y
 clkload12/Y
 clkload13/Y
 clkload14/Y
 clkload15/Y
 clkload16/Y
 clkload17/Y
 clkload18/Y
 clkload19/Y
 clkload2/Y
 clkload20/Y
 clkload21/Y
 clkload22/Y
 clkload23/Y
 clkload24/Y
 clkload25/Y
 clkload26/Y
 clkload27/Y
 clkload28/Y
 clkload29/Y
 clkload3/Y
 clkload30/Y
 clkload31/Y
 clkload32/Y
 clkload33/Y
 clkload34/Y
 clkload35/Y
 clkload36/Y
 clkload37/Y
 clkload38/Y
 clkload39/Y
 clkload4/Y
 clkload40/Y
 clkload41/Y
 clkload42/X
 clkload43/Y
 clkload44/Y
 clkload45/Y
 clkload46/Y
 clkload47/Y
 clkload48/X
 clkload49/Y
 clkload5/Y
 clkload50/Y
 clkload51/Y
 clkload52/X
 clkload53/X
 clkload54/Y
 clkload55/Y
 clkload56/X
 clkload57/Y
 clkload58/Y
 clkload59/X
 clkload6/Y
 clkload60/Y
 clkload61/Y
 clkload62/Y
 clkload7/Y
 clkload8/Y
 clkload9/Y
 openframe_project_wrapper_1442/HI
 openframe_project_wrapper_1443/HI
 openframe_project_wrapper_1444/HI
 openframe_project_wrapper_1445/HI
 openframe_project_wrapper_1446/HI
 openframe_project_wrapper_1447/HI
 openframe_project_wrapper_1448/HI
 openframe_project_wrapper_1449/HI
 openframe_project_wrapper_1450/HI
 openframe_project_wrapper_1451/HI
 openframe_project_wrapper_1452/HI
 openframe_project_wrapper_1453/HI
 openframe_project_wrapper_1455/LO
Found 0 partially unannotated drivers.

===========================================================================
max slew violation count 60
max fanout violation count 166
max cap violation count 5
============================================================================

===========================================================================
check_setup -verbose -unconstrained_endpoints -multiple_clock -no_clock -no_input_delay -loops -generated_clocks
===========================================================================
Warning: There are 300 input ports missing set_input_delay.
  analog_io[0]
  analog_io[10]
  analog_io[11]
  analog_io[12]
  analog_io[13]
  analog_io[14]
  analog_io[15]
  analog_io[16]
  analog_io[17]
  analog_io[18]
  analog_io[19]
  analog_io[1]
  analog_io[20]
  analog_io[21]
  analog_io[22]
  analog_io[23]
  analog_io[24]
  analog_io[25]
  analog_io[26]
  analog_io[27]
  analog_io[28]
  analog_io[29]
  analog_io[2]
  analog_io[30]
  analog_io[31]
  analog_io[32]
  analog_io[33]
  analog_io[34]
  analog_io[35]
  analog_io[36]
  analog_io[37]
  analog_io[38]
  analog_io[39]
  analog_io[3]
  analog_io[40]
  analog_io[41]
  analog_io[42]
  analog_io[43]
  analog_io[4]
  analog_io[5]
  analog_io[6]
  analog_io[7]
  analog_io[8]
  analog_io[9]
  analog_noesd_io[0]
  analog_noesd_io[10]
  analog_noesd_io[11]
  analog_noesd_io[12]
  analog_noesd_io[13]
  analog_noesd_io[14]
  analog_noesd_io[15]
  analog_noesd_io[16]
  analog_noesd_io[17]
  analog_noesd_io[18]
  analog_noesd_io[19]
  analog_noesd_io[1]
  analog_noesd_io[20]
  analog_noesd_io[21]
  analog_noesd_io[22]
  analog_noesd_io[23]
  analog_noesd_io[24]
  analog_noesd_io[25]
  analog_noesd_io[26]
  analog_noesd_io[27]
  analog_noesd_io[28]
  analog_noesd_io[29]
  analog_noesd_io[2]
  analog_noesd_io[30]
  analog_noesd_io[31]
  analog_noesd_io[32]
  analog_noesd_io[33]
  analog_noesd_io[34]
  analog_noesd_io[35]
  analog_noesd_io[36]
  analog_noesd_io[37]
  analog_noesd_io[38]
  analog_noesd_io[39]
  analog_noesd_io[3]
  analog_noesd_io[40]
  analog_noesd_io[41]
  analog_noesd_io[42]
  analog_noesd_io[43]
  analog_noesd_io[4]
  analog_noesd_io[5]
  analog_noesd_io[6]
  analog_noesd_io[7]
  analog_noesd_io[8]
  analog_noesd_io[9]
  gpio_in[0]
  gpio_in[10]
  gpio_in[11]
  gpio_in[12]
  gpio_in[13]
  gpio_in[14]
  gpio_in[15]
  gpio_in[16]
  gpio_in[17]
  gpio_in[18]
  gpio_in[19]
  gpio_in[1]
  gpio_in[20]
  gpio_in[21]
  gpio_in[22]
  gpio_in[23]
  gpio_in[24]
  gpio_in[25]
  gpio_in[26]
  gpio_in[27]
  gpio_in[28]
  gpio_in[29]
  gpio_in[2]
  gpio_in[30]
  gpio_in[31]
  gpio_in[32]
  gpio_in[33]
  gpio_in[34]
  gpio_in[35]
  gpio_in[36]
  gpio_in[37]
  gpio_in[39]
  gpio_in[3]
  gpio_in[40]
  gpio_in[41]
  gpio_in[42]
  gpio_in[43]
  gpio_in[4]
  gpio_in[5]
  gpio_in[6]
  gpio_in[7]
  gpio_in[8]
  gpio_in[9]
  gpio_in_h[0]
  gpio_in_h[10]
  gpio_in_h[11]
  gpio_in_h[12]
  gpio_in_h[13]
  gpio_in_h[14]
  gpio_in_h[15]
  gpio_in_h[16]
  gpio_in_h[17]
  gpio_in_h[18]
  gpio_in_h[19]
  gpio_in_h[1]
  gpio_in_h[20]
  gpio_in_h[21]
  gpio_in_h[22]
  gpio_in_h[23]
  gpio_in_h[24]
  gpio_in_h[25]
  gpio_in_h[26]
  gpio_in_h[27]
  gpio_in_h[28]
  gpio_in_h[29]
  gpio_in_h[2]
  gpio_in_h[30]
  gpio_in_h[31]
  gpio_in_h[32]
  gpio_in_h[33]
  gpio_in_h[34]
  gpio_in_h[35]
  gpio_in_h[36]
  gpio_in_h[37]
  gpio_in_h[38]
  gpio_in_h[39]
  gpio_in_h[3]
  gpio_in_h[40]
  gpio_in_h[41]
  gpio_in_h[42]
  gpio_in_h[43]
  gpio_in_h[4]
  gpio_in_h[5]
  gpio_in_h[6]
  gpio_in_h[7]
  gpio_in_h[8]
  gpio_in_h[9]
  gpio_loopback_one[0]
  gpio_loopback_one[10]
  gpio_loopback_one[11]
  gpio_loopback_one[12]
  gpio_loopback_one[13]
  gpio_loopback_one[14]
  gpio_loopback_one[15]
  gpio_loopback_one[16]
  gpio_loopback_one[17]
  gpio_loopback_one[18]
  gpio_loopback_one[19]
  gpio_loopback_one[1]
  gpio_loopback_one[20]
  gpio_loopback_one[21]
  gpio_loopback_one[22]
  gpio_loopback_one[23]
  gpio_loopback_one[24]
  gpio_loopback_one[25]
  gpio_loopback_one[26]
  gpio_loopback_one[27]
  gpio_loopback_one[28]
  gpio_loopback_one[29]
  gpio_loopback_one[2]
  gpio_loopback_one[30]
  gpio_loopback_one[31]
  gpio_loopback_one[32]
  gpio_loopback_one[33]
  gpio_loopback_one[34]
  gpio_loopback_one[35]
  gpio_loopback_one[36]
  gpio_loopback_one[37]
  gpio_loopback_one[38]
  gpio_loopback_one[39]
  gpio_loopback_one[3]
  gpio_loopback_one[40]
  gpio_loopback_one[41]
  gpio_loopback_one[42]
  gpio_loopback_one[43]
  gpio_loopback_one[4]
  gpio_loopback_one[5]
  gpio_loopback_one[6]
  gpio_loopback_one[7]
  gpio_loopback_one[8]
  gpio_loopback_one[9]
  gpio_loopback_zero[0]
  gpio_loopback_zero[10]
  gpio_loopback_zero[11]
  gpio_loopback_zero[12]
  gpio_loopback_zero[13]
  gpio_loopback_zero[14]
  gpio_loopback_zero[15]
  gpio_loopback_zero[16]
  gpio_loopback_zero[17]
  gpio_loopback_zero[18]
  gpio_loopback_zero[19]
  gpio_loopback_zero[1]
  gpio_loopback_zero[20]
  gpio_loopback_zero[21]
  gpio_loopback_zero[22]
  gpio_loopback_zero[23]
  gpio_loopback_zero[24]
  gpio_loopback_zero[25]
  gpio_loopback_zero[26]
  gpio_loopback_zero[27]
  gpio_loopback_zero[28]
  gpio_loopback_zero[29]
  gpio_loopback_zero[2]
  gpio_loopback_zero[30]
  gpio_loopback_zero[31]
  gpio_loopback_zero[32]
  gpio_loopback_zero[33]
  gpio_loopback_zero[34]
  gpio_loopback_zero[35]
  gpio_loopback_zero[36]
  gpio_loopback_zero[37]
  gpio_loopback_zero[38]
  gpio_loopback_zero[39]
  gpio_loopback_zero[3]
  gpio_loopback_zero[40]
  gpio_loopback_zero[41]
  gpio_loopback_zero[42]
  gpio_loopback_zero[43]
  gpio_loopback_zero[4]
  gpio_loopback_zero[5]
  gpio_loopback_zero[6]
  gpio_loopback_zero[7]
  gpio_loopback_zero[8]
  gpio_loopback_zero[9]
  mask_rev[0]
  mask_rev[10]
  mask_rev[11]
  mask_rev[12]
  mask_rev[13]
  mask_rev[14]
  mask_rev[15]
  mask_rev[16]
  mask_rev[17]
  mask_rev[18]
  mask_rev[19]
  mask_rev[1]
  mask_rev[20]
  mask_rev[21]
  mask_rev[22]
  mask_rev[23]
  mask_rev[24]
  mask_rev[25]
  mask_rev[26]
  mask_rev[27]
  mask_rev[28]
  mask_rev[29]
  mask_rev[2]
  mask_rev[30]
  mask_rev[31]
  mask_rev[3]
  mask_rev[4]
  mask_rev[5]
  mask_rev[6]
  mask_rev[7]
  mask_rev[8]
  mask_rev[9]
  por_l
  porb_h
  porb_l
  resetb_h
  resetb_l
Warning: There are 51 unclocked register/latch pins.
  _3207_/CLK
  _3208_/CLK
  _3209_/CLK
  _3210_/CLK
  _3211_/CLK
  _3212_/CLK
  _3213_/CLK
  _4025_/CLK
  _4026_/CLK
  _4027_/CLK
  _4028_/CLK
  _4029_/CLK
  _4030_/CLK
  _4031_/CLK
  _4032_/CLK
  _4033_/CLK
  _4034_/CLK
  _4035_/CLK
  _4036_/CLK
  _4037_/CLK
  _4038_/CLK
  _4039_/CLK
  _4040_/CLK
  _4041_/CLK
  _4042_/CLK
  _4043_/CLK
  _4044_/CLK
  _4045_/CLK
  _4046_/CLK
  _4047_/CLK
  _4048_/CLK
  _4049_/CLK
  _4050_/CLK
  _4051_/CLK
  _4052_/CLK
  _4053_/CLK
  _4054_/CLK
  _4055_/CLK
  _4056_/CLK
  _4057_/CLK
  _4058_/CLK
  _4059_/CLK
  _4060_/CLK
  _4061_/CLK
  _4062_/CLK
  _4063_/CLK
  _4064_/CLK
  _4065_/CLK
  _4066_/CLK
  _4067_/CLK
  _4068_/CLK
Warning: There are 717 unconstrained endpoints.
  analog_io[0]
  analog_io[10]
  analog_io[11]
  analog_io[12]
  analog_io[13]
  analog_io[14]
  analog_io[15]
  analog_io[16]
  analog_io[17]
  analog_io[18]
  analog_io[19]
  analog_io[1]
  analog_io[20]
  analog_io[21]
  analog_io[22]
  analog_io[23]
  analog_io[24]
  analog_io[25]
  analog_io[26]
  analog_io[27]
  analog_io[28]
  analog_io[29]
  analog_io[2]
  analog_io[30]
  analog_io[31]
  analog_io[32]
  analog_io[33]
  analog_io[34]
  analog_io[35]
  analog_io[36]
  analog_io[37]
  analog_io[38]
  analog_io[39]
  analog_io[3]
  analog_io[40]
  analog_io[41]
  analog_io[42]
  analog_io[43]
  analog_io[4]
  analog_io[5]
  analog_io[6]
  analog_io[7]
  analog_io[8]
  analog_io[9]
  analog_noesd_io[0]
  analog_noesd_io[10]
  analog_noesd_io[11]
  analog_noesd_io[12]
  analog_noesd_io[13]
  analog_noesd_io[14]
  analog_noesd_io[15]
  analog_noesd_io[16]
  analog_noesd_io[17]
  analog_noesd_io[18]
  analog_noesd_io[19]
  analog_noesd_io[1]
  analog_noesd_io[20]
  analog_noesd_io[21]
  analog_noesd_io[22]
  analog_noesd_io[23]
  analog_noesd_io[24]
  analog_noesd_io[25]
  analog_noesd_io[26]
  analog_noesd_io[27]
  analog_noesd_io[28]
  analog_noesd_io[29]
  analog_noesd_io[2]
  analog_noesd_io[30]
  analog_noesd_io[31]
  analog_noesd_io[32]
  analog_noesd_io[33]
  analog_noesd_io[34]
  analog_noesd_io[35]
  analog_noesd_io[36]
  analog_noesd_io[37]
  analog_noesd_io[38]
  analog_noesd_io[39]
  analog_noesd_io[3]
  analog_noesd_io[40]
  analog_noesd_io[41]
  analog_noesd_io[42]
  analog_noesd_io[43]
  analog_noesd_io[4]
  analog_noesd_io[5]
  analog_noesd_io[6]
  analog_noesd_io[7]
  analog_noesd_io[8]
  analog_noesd_io[9]
  gpio_analog_en[0]
  gpio_analog_en[10]
  gpio_analog_en[11]
  gpio_analog_en[12]
  gpio_analog_en[13]
  gpio_analog_en[14]
  gpio_analog_en[15]
  gpio_analog_en[16]
  gpio_analog_en[17]
  gpio_analog_en[18]
  gpio_analog_en[19]
  gpio_analog_en[1]
  gpio_analog_en[20]
  gpio_analog_en[21]
  gpio_analog_en[22]
  gpio_analog_en[23]
  gpio_analog_en[24]
  gpio_analog_en[25]
  gpio_analog_en[26]
  gpio_analog_en[27]
  gpio_analog_en[28]
  gpio_analog_en[29]
  gpio_analog_en[2]
  gpio_analog_en[30]
  gpio_analog_en[31]
  gpio_analog_en[32]
  gpio_analog_en[33]
  gpio_analog_en[34]
  gpio_analog_en[35]
  gpio_analog_en[36]
  gpio_analog_en[37]
  gpio_analog_en[38]
  gpio_analog_en[39]
  gpio_analog_en[3]
  gpio_analog_en[40]
  gpio_analog_en[41]
  gpio_analog_en[42]
  gpio_analog_en[43]
  gpio_analog_en[4]
  gpio_analog_en[5]
  gpio_analog_en[6]
  gpio_analog_en[7]
  gpio_analog_en[8]
  gpio_analog_en[9]
  gpio_analog_pol[0]
  gpio_analog_pol[10]
  gpio_analog_pol[11]
  gpio_analog_pol[12]
  gpio_analog_pol[13]
  gpio_analog_pol[14]
  gpio_analog_pol[15]
  gpio_analog_pol[16]
  gpio_analog_pol[17]
  gpio_analog_pol[18]
  gpio_analog_pol[19]
  gpio_analog_pol[1]
  gpio_analog_pol[20]
  gpio_analog_pol[21]
  gpio_analog_pol[22]
  gpio_analog_pol[23]
  gpio_analog_pol[24]
  gpio_analog_pol[25]
  gpio_analog_pol[26]
  gpio_analog_pol[27]
  gpio_analog_pol[28]
  gpio_analog_pol[29]
  gpio_analog_pol[2]
  gpio_analog_pol[30]
  gpio_analog_pol[31]
  gpio_analog_pol[32]
  gpio_analog_pol[33]
  gpio_analog_pol[34]
  gpio_analog_pol[35]
  gpio_analog_pol[36]
  gpio_analog_pol[37]
  gpio_analog_pol[38]
  gpio_analog_pol[39]
  gpio_analog_pol[3]
  gpio_analog_pol[40]
  gpio_analog_pol[41]
  gpio_analog_pol[42]
  gpio_analog_pol[43]
  gpio_analog_pol[4]
  gpio_analog_pol[5]
  gpio_analog_pol[6]
  gpio_analog_pol[7]
  gpio_analog_pol[8]
  gpio_analog_pol[9]
  gpio_analog_sel[0]
  gpio_analog_sel[10]
  gpio_analog_sel[11]
  gpio_analog_sel[12]
  gpio_analog_sel[13]
  gpio_analog_sel[14]
  gpio_analog_sel[15]
  gpio_analog_sel[16]
  gpio_analog_sel[17]
  gpio_analog_sel[18]
  gpio_analog_sel[19]
  gpio_analog_sel[1]
  gpio_analog_sel[20]
  gpio_analog_sel[21]
  gpio_analog_sel[22]
  gpio_analog_sel[23]
  gpio_analog_sel[24]
  gpio_analog_sel[25]
  gpio_analog_sel[26]
  gpio_analog_sel[27]
  gpio_analog_sel[28]
  gpio_analog_sel[29]
  gpio_analog_sel[2]
  gpio_analog_sel[30]
  gpio_analog_sel[31]
  gpio_analog_sel[32]
  gpio_analog_sel[33]
  gpio_analog_sel[34]
  gpio_analog_sel[35]
  gpio_analog_sel[36]
  gpio_analog_sel[37]
  gpio_analog_sel[38]
  gpio_analog_sel[39]
  gpio_analog_sel[3]
  gpio_analog_sel[40]
  gpio_analog_sel[41]
  gpio_analog_sel[42]
  gpio_analog_sel[43]
  gpio_analog_sel[4]
  gpio_analog_sel[5]
  gpio_analog_sel[6]
  gpio_analog_sel[7]
  gpio_analog_sel[8]
  gpio_analog_sel[9]
  gpio_dm0[0]
  gpio_dm0[10]
  gpio_dm0[11]
  gpio_dm0[12]
  gpio_dm0[13]
  gpio_dm0[14]
  gpio_dm0[15]
  gpio_dm0[16]
  gpio_dm0[17]
  gpio_dm0[18]
  gpio_dm0[19]
  gpio_dm0[1]
  gpio_dm0[20]
  gpio_dm0[21]
  gpio_dm0[22]
  gpio_dm0[23]
  gpio_dm0[24]
  gpio_dm0[25]
  gpio_dm0[26]
  gpio_dm0[27]
  gpio_dm0[28]
  gpio_dm0[29]
  gpio_dm0[2]
  gpio_dm0[30]
  gpio_dm0[31]
  gpio_dm0[32]
  gpio_dm0[33]
  gpio_dm0[34]
  gpio_dm0[35]
  gpio_dm0[36]
  gpio_dm0[37]
  gpio_dm0[38]
  gpio_dm0[39]
  gpio_dm0[3]
  gpio_dm0[40]
  gpio_dm0[41]
  gpio_dm0[42]
  gpio_dm0[43]
  gpio_dm0[4]
  gpio_dm0[5]
  gpio_dm0[6]
  gpio_dm0[7]
  gpio_dm0[8]
  gpio_dm0[9]
  gpio_dm1[0]
  gpio_dm1[10]
  gpio_dm1[11]
  gpio_dm1[12]
  gpio_dm1[13]
  gpio_dm1[14]
  gpio_dm1[15]
  gpio_dm1[16]
  gpio_dm1[17]
  gpio_dm1[18]
  gpio_dm1[19]
  gpio_dm1[1]
  gpio_dm1[20]
  gpio_dm1[21]
  gpio_dm1[22]
  gpio_dm1[23]
  gpio_dm1[24]
  gpio_dm1[25]
  gpio_dm1[26]
  gpio_dm1[27]
  gpio_dm1[28]
  gpio_dm1[29]
  gpio_dm1[2]
  gpio_dm1[30]
  gpio_dm1[31]
  gpio_dm1[32]
  gpio_dm1[33]
  gpio_dm1[34]
  gpio_dm1[35]
  gpio_dm1[36]
  gpio_dm1[37]
  gpio_dm1[38]
  gpio_dm1[39]
  gpio_dm1[3]
  gpio_dm1[40]
  gpio_dm1[41]
  gpio_dm1[42]
  gpio_dm1[43]
  gpio_dm1[4]
  gpio_dm1[5]
  gpio_dm1[6]
  gpio_dm1[7]
  gpio_dm1[8]
  gpio_dm1[9]
  gpio_dm2[0]
  gpio_dm2[10]
  gpio_dm2[11]
  gpio_dm2[12]
  gpio_dm2[13]
  gpio_dm2[14]
  gpio_dm2[15]
  gpio_dm2[16]
  gpio_dm2[17]
  gpio_dm2[18]
  gpio_dm2[19]
  gpio_dm2[1]
  gpio_dm2[20]
  gpio_dm2[21]
  gpio_dm2[22]
  gpio_dm2[23]
  gpio_dm2[24]
  gpio_dm2[25]
  gpio_dm2[26]
  gpio_dm2[27]
  gpio_dm2[28]
  gpio_dm2[29]
  gpio_dm2[2]
  gpio_dm2[30]
  gpio_dm2[31]
  gpio_dm2[32]
  gpio_dm2[33]
  gpio_dm2[34]
  gpio_dm2[35]
  gpio_dm2[36]
  gpio_dm2[37]
  gpio_dm2[38]
  gpio_dm2[39]
  gpio_dm2[3]
  gpio_dm2[40]
  gpio_dm2[41]
  gpio_dm2[42]
  gpio_dm2[43]
  gpio_dm2[4]
  gpio_dm2[5]
  gpio_dm2[6]
  gpio_dm2[7]
  gpio_dm2[8]
  gpio_dm2[9]
  gpio_holdover[0]
  gpio_holdover[10]
  gpio_holdover[11]
  gpio_holdover[12]
  gpio_holdover[13]
  gpio_holdover[14]
  gpio_holdover[15]
  gpio_holdover[16]
  gpio_holdover[17]
  gpio_holdover[18]
  gpio_holdover[19]
  gpio_holdover[1]
  gpio_holdover[20]
  gpio_holdover[21]
  gpio_holdover[22]
  gpio_holdover[23]
  gpio_holdover[24]
  gpio_holdover[25]
  gpio_holdover[26]
  gpio_holdover[27]
  gpio_holdover[28]
  gpio_holdover[29]
  gpio_holdover[2]
  gpio_holdover[30]
  gpio_holdover[31]
  gpio_holdover[32]
  gpio_holdover[33]
  gpio_holdover[34]
  gpio_holdover[35]
  gpio_holdover[36]
  gpio_holdover[37]
  gpio_holdover[38]
  gpio_holdover[39]
  gpio_holdover[3]
  gpio_holdover[40]
  gpio_holdover[41]
  gpio_holdover[42]
  gpio_holdover[43]
  gpio_holdover[4]
  gpio_holdover[5]
  gpio_holdover[6]
  gpio_holdover[7]
  gpio_holdover[8]
  gpio_holdover[9]
  gpio_ib_mode_sel[0]
  gpio_ib_mode_sel[10]
  gpio_ib_mode_sel[11]
  gpio_ib_mode_sel[12]
  gpio_ib_mode_sel[13]
  gpio_ib_mode_sel[14]
  gpio_ib_mode_sel[15]
  gpio_ib_mode_sel[16]
  gpio_ib_mode_sel[17]
  gpio_ib_mode_sel[18]
  gpio_ib_mode_sel[19]
  gpio_ib_mode_sel[1]
  gpio_ib_mode_sel[20]
  gpio_ib_mode_sel[21]
  gpio_ib_mode_sel[22]
  gpio_ib_mode_sel[23]
  gpio_ib_mode_sel[24]
  gpio_ib_mode_sel[25]
  gpio_ib_mode_sel[26]
  gpio_ib_mode_sel[27]
  gpio_ib_mode_sel[28]
  gpio_ib_mode_sel[29]
  gpio_ib_mode_sel[2]
  gpio_ib_mode_sel[30]
  gpio_ib_mode_sel[31]
  gpio_ib_mode_sel[32]
  gpio_ib_mode_sel[33]
  gpio_ib_mode_sel[34]
  gpio_ib_mode_sel[35]
  gpio_ib_mode_sel[36]
  gpio_ib_mode_sel[37]
  gpio_ib_mode_sel[38]
  gpio_ib_mode_sel[39]
  gpio_ib_mode_sel[3]
  gpio_ib_mode_sel[40]
  gpio_ib_mode_sel[41]
  gpio_ib_mode_sel[42]
  gpio_ib_mode_sel[43]
  gpio_ib_mode_sel[4]
  gpio_ib_mode_sel[5]
  gpio_ib_mode_sel[6]
  gpio_ib_mode_sel[7]
  gpio_ib_mode_sel[8]
  gpio_ib_mode_sel[9]
  gpio_inp_dis[0]
  gpio_inp_dis[10]
  gpio_inp_dis[11]
  gpio_inp_dis[12]
  gpio_inp_dis[13]
  gpio_inp_dis[14]
  gpio_inp_dis[15]
  gpio_inp_dis[16]
  gpio_inp_dis[17]
  gpio_inp_dis[18]
  gpio_inp_dis[19]
  gpio_inp_dis[1]
  gpio_inp_dis[20]
  gpio_inp_dis[21]
  gpio_inp_dis[22]
  gpio_inp_dis[23]
  gpio_inp_dis[24]
  gpio_inp_dis[25]
  gpio_inp_dis[26]
  gpio_inp_dis[27]
  gpio_inp_dis[28]
  gpio_inp_dis[29]
  gpio_inp_dis[2]
  gpio_inp_dis[30]
  gpio_inp_dis[31]
  gpio_inp_dis[32]
  gpio_inp_dis[33]
  gpio_inp_dis[34]
  gpio_inp_dis[35]
  gpio_inp_dis[36]
  gpio_inp_dis[37]
  gpio_inp_dis[38]
  gpio_inp_dis[39]
  gpio_inp_dis[3]
  gpio_inp_dis[40]
  gpio_inp_dis[41]
  gpio_inp_dis[42]
  gpio_inp_dis[43]
  gpio_inp_dis[4]
  gpio_inp_dis[5]
  gpio_inp_dis[6]
  gpio_inp_dis[7]
  gpio_inp_dis[8]
  gpio_inp_dis[9]
  gpio_oeb[0]
  gpio_oeb[10]
  gpio_oeb[11]
  gpio_oeb[12]
  gpio_oeb[13]
  gpio_oeb[14]
  gpio_oeb[15]
  gpio_oeb[16]
  gpio_oeb[17]
  gpio_oeb[18]
  gpio_oeb[19]
  gpio_oeb[1]
  gpio_oeb[20]
  gpio_oeb[21]
  gpio_oeb[22]
  gpio_oeb[23]
  gpio_oeb[24]
  gpio_oeb[25]
  gpio_oeb[26]
  gpio_oeb[27]
  gpio_oeb[28]
  gpio_oeb[29]
  gpio_oeb[2]
  gpio_oeb[30]
  gpio_oeb[31]
  gpio_oeb[32]
  gpio_oeb[33]
  gpio_oeb[34]
  gpio_oeb[35]
  gpio_oeb[36]
  gpio_oeb[37]
  gpio_oeb[38]
  gpio_oeb[39]
  gpio_oeb[3]
  gpio_oeb[40]
  gpio_oeb[41]
  gpio_oeb[42]
  gpio_oeb[43]
  gpio_oeb[4]
  gpio_oeb[5]
  gpio_oeb[6]
  gpio_oeb[7]
  gpio_oeb[8]
  gpio_oeb[9]
  gpio_out[0]
  gpio_out[10]
  gpio_out[11]
  gpio_out[12]
  gpio_out[13]
  gpio_out[14]
  gpio_out[15]
  gpio_out[16]
  gpio_out[17]
  gpio_out[18]
  gpio_out[19]
  gpio_out[1]
  gpio_out[20]
  gpio_out[21]
  gpio_out[22]
  gpio_out[23]
  gpio_out[24]
  gpio_out[25]
  gpio_out[26]
  gpio_out[27]
  gpio_out[28]
  gpio_out[29]
  gpio_out[2]
  gpio_out[30]
  gpio_out[31]
  gpio_out[32]
  gpio_out[33]
  gpio_out[34]
  gpio_out[35]
  gpio_out[36]
  gpio_out[37]
  gpio_out[38]
  gpio_out[39]
  gpio_out[3]
  gpio_out[40]
  gpio_out[41]
  gpio_out[42]
  gpio_out[43]
  gpio_out[4]
  gpio_out[5]
  gpio_out[6]
  gpio_out[7]
  gpio_out[8]
  gpio_out[9]
  gpio_slow_sel[0]
  gpio_slow_sel[10]
  gpio_slow_sel[11]
  gpio_slow_sel[12]
  gpio_slow_sel[13]
  gpio_slow_sel[14]
  gpio_slow_sel[15]
  gpio_slow_sel[16]
  gpio_slow_sel[17]
  gpio_slow_sel[18]
  gpio_slow_sel[19]
  gpio_slow_sel[1]
  gpio_slow_sel[20]
  gpio_slow_sel[21]
  gpio_slow_sel[22]
  gpio_slow_sel[23]
  gpio_slow_sel[24]
  gpio_slow_sel[25]
  gpio_slow_sel[26]
  gpio_slow_sel[27]
  gpio_slow_sel[28]
  gpio_slow_sel[29]
  gpio_slow_sel[2]
  gpio_slow_sel[30]
  gpio_slow_sel[31]
  gpio_slow_sel[32]
  gpio_slow_sel[33]
  gpio_slow_sel[34]
  gpio_slow_sel[35]
  gpio_slow_sel[36]
  gpio_slow_sel[37]
  gpio_slow_sel[38]
  gpio_slow_sel[39]
  gpio_slow_sel[3]
  gpio_slow_sel[40]
  gpio_slow_sel[41]
  gpio_slow_sel[42]
  gpio_slow_sel[43]
  gpio_slow_sel[4]
  gpio_slow_sel[5]
  gpio_slow_sel[6]
  gpio_slow_sel[7]
  gpio_slow_sel[8]
  gpio_slow_sel[9]
  gpio_vtrip_sel[0]
  gpio_vtrip_sel[10]
  gpio_vtrip_sel[11]
  gpio_vtrip_sel[12]
  gpio_vtrip_sel[13]
  gpio_vtrip_sel[14]
  gpio_vtrip_sel[15]
  gpio_vtrip_sel[16]
  gpio_vtrip_sel[17]
  gpio_vtrip_sel[18]
  gpio_vtrip_sel[19]
  gpio_vtrip_sel[1]
  gpio_vtrip_sel[20]
  gpio_vtrip_sel[21]
  gpio_vtrip_sel[22]
  gpio_vtrip_sel[23]
  gpio_vtrip_sel[24]
  gpio_vtrip_sel[25]
  gpio_vtrip_sel[26]
  gpio_vtrip_sel[27]
  gpio_vtrip_sel[28]
  gpio_vtrip_sel[29]
  gpio_vtrip_sel[2]
  gpio_vtrip_sel[30]
  gpio_vtrip_sel[31]
  gpio_vtrip_sel[32]
  gpio_vtrip_sel[33]
  gpio_vtrip_sel[34]
  gpio_vtrip_sel[35]
  gpio_vtrip_sel[36]
  gpio_vtrip_sel[37]
  gpio_vtrip_sel[38]
  gpio_vtrip_sel[39]
  gpio_vtrip_sel[3]
  gpio_vtrip_sel[40]
  gpio_vtrip_sel[41]
  gpio_vtrip_sel[42]
  gpio_vtrip_sel[43]
  gpio_vtrip_sel[4]
  gpio_vtrip_sel[5]
  gpio_vtrip_sel[6]
  gpio_vtrip_sel[7]
  gpio_vtrip_sel[8]
  gpio_vtrip_sel[9]
  _3207_/D
  _3208_/D
  _3209_/D
  _3210_/D
  _3211_/D
  _3212_/D
  _3213_/D
  _4013_/D
  _4014_/D
  _4015_/D
  _4019_/D
  _4021_/D
  _4022_/D
  _4025_/D
  _4026_/D
  _4027_/D
  _4028_/D
  _4029_/D
  _4030_/D
  _4031_/D
  _4032_/D
  _4033_/D
  _4034_/D
  _4035_/D
  _4036_/D
  _4037_/D
  _4038_/D
  _4039_/D
  _4040_/D
  _4041_/D
  _4042_/D
  _4043_/D
  _4044_/D
  _4045_/D
  _4046_/D
  _4047_/D
  _4048_/D
  _4049_/D
  _4050_/D
  _4051_/D
  _4052_/D
  _4053_/D
  _4054_/D
  _4055_/D
  _4056_/D
  _4057_/D
  _4058_/D
  _4059_/D
  _4060_/D
  _4061_/D
  _4062_/D
  _4063_/D
  _4064_/D
  _4065_/D
  _4066_/D
  _4067_/D
  _4068_/D
Warning: There is 1 combinational loop in the design.
  fanout1111/A
  fanout1111/X
  u_owire.u_ip.osc_i0/A
  u_owire.u_ip.osc_i0/Y
  u_owire.u_ip.osc_i1/A
  u_owire.u_ip.osc_i1/Y
  u_owire.u_ip.osc_i2/A
  u_owire.u_ip.osc_i2/Y
  fanout1116/A
  fanout1116/X
  fanout1115/A
  fanout1115/X
  | loop cut point
  fanout1111/A
  --------------------------------
