Clock: clk
Sources: gpio_in[38] 
Generated: no
Virtual: yes
Propagated: no
Period: 40.000000

===========================================================================
report_clock_properties
============================================================================
Clock                   Period          Waveform
----------------------------------------------------
clk                  40.000000    0.000000 20.000000

===========================================================================
report_clock_latency
============================================================================
Clock clk
rise -> rise
    min     max
0.000000 0.000000 source latency
0.989638         network latency _3916_/CLK
        1.572272 network latency _3639_/CLK
---------------
0.989638 1.572272 latency
        0.582634 skew

fall -> fall
    min     max
0.000000 0.000000 source latency
1.163910         network latency _3916_/CLK
        1.833605 network latency _3639_/CLK
---------------
1.163910 1.833605 latency
        0.669695 skew



===========================================================================
report_clock_min_period
============================================================================
clk period_min = 5.64 fmax = 177.22
