Clock: wb_clk_i
Sources: wb_clk_i 
Generated: no
Virtual: yes
Propagated: no
Period: 25.000000

===========================================================================
report_clock_properties
============================================================================
Clock                   Period          Waveform
----------------------------------------------------
wb_clk_i             25.000000    0.000000 12.500000

===========================================================================
report_clock_latency
============================================================================
Clock wb_clk_i
rise -> rise
    min     max
0.000000 0.000000 source latency
1.829727         network latency _714_/CLK
        1.840883 network latency _707_/CLK
---------------
1.829727 1.840883 latency
        0.011155 skew

fall -> fall
    min     max
0.000000 0.000000 source latency
1.443462         network latency _714_/CLK
        1.453468 network latency _707_/CLK
---------------
1.443462 1.453468 latency
        0.010006 skew



===========================================================================
report_clock_min_period
============================================================================
wb_clk_i period_min = 7.81 fmax = 128.09
