Clock: wb_clk_i
Sources: wb_clk_i 
Generated: no
Virtual: yes
Propagated: no
Period: 25.000000

===========================================================================
report_clock_properties
============================================================================
Clock                   Period          Waveform
----------------------------------------------------
wb_clk_i             25.000000    0.000000 12.500000

===========================================================================
report_clock_latency
============================================================================
Clock wb_clk_i
rise -> rise
    min     max
0.000000 0.000000 source latency
0.725425         network latency _714_/CLK
        0.731377 network latency _686_/CLK
---------------
0.725425 0.731377 latency
        0.005953 skew

fall -> fall
    min     max
0.000000 0.000000 source latency
0.589659         network latency _714_/CLK
        0.594906 network latency _686_/CLK
---------------
0.589659 0.594906 latency
        0.005247 skew



===========================================================================
report_clock_min_period
============================================================================
wb_clk_i period_min = 2.65 fmax = 376.94
