
===========================================================================
report_checks -unconstrained
===========================================================================
======================= nom_tt_025C_1v80 Corner ===================================

Startpoint: gpio_loopback_zero[15] (input port clocked by __VIRTUAL_CLK__)
Endpoint: gpio_analog_en[15] (output port clocked by __VIRTUAL_CLK__)
Path Group: __VIRTUAL_CLK__
Path Type: max

Fanout         Cap        Slew       Delay        Time   Description
---------------------------------------------------------------------------------------------
                      0.000000    0.000000    0.000000   clock __VIRTUAL_CLK__ (rise edge)
                                  0.000000    0.000000   clock network delay (ideal)
                                  2.000000    2.000000 ^ input external delay
    11    0.383857    1.710086    1.182773    3.182773 ^ gpio_loopback_zero[15] (in)
                                                         gpio_loopback_zero[15] (net)
                      1.710216    0.000000    3.182773 ^ gpio_analog_en[15] (out)
                                              3.182773   data arrival time

                      0.000000   10.000000   10.000000   clock __VIRTUAL_CLK__ (rise edge)
                                  0.000000   10.000000   clock network delay (ideal)
                                 -0.250000    9.750000   clock uncertainty
                                  0.000000    9.750000   clock reconvergence pessimism
                                 -2.000000    7.750000   output external delay
                                              7.750000   data required time
---------------------------------------------------------------------------------------------
                                              7.750000   data required time
                                             -3.182773   data arrival time
---------------------------------------------------------------------------------------------
                                              4.567227   slack (MET)




===========================================================================
report_checks --slack_max -0.01
============================================================================
======================= nom_tt_025C_1v80 Corner ===================================

No paths found.


===========================================================================
 report_check_types -max_slew -max_cap -max_fanout -violators
============================================================================
======================= nom_tt_025C_1v80 Corner ===================================

max slew

Pin                                        Limit        Slew       Slack
------------------------------------------------------------------------
gpio_analog_en[15]                      0.500000    1.710216   -1.210216 (VIOLATED)
gpio_dm0[15]                            0.500000    1.710208   -1.210208 (VIOLATED)
gpio_dm1[15]                            0.500000    1.710207   -1.210207 (VIOLATED)
gpio_slow_sel[15]                       0.500000    1.710208   -1.210208 (VIOLATED)
gpio_analog_pol[15]                     0.500000    1.710204   -1.210204 (VIOLATED)
gpio_analog_sel[15]                     0.500000    1.710168   -1.210168 (VIOLATED)
gpio_dm2[15]                            0.500000    1.710159   -1.210159 (VIOLATED)
gpio_holdover[15]                       0.500000    1.710148   -1.210148 (VIOLATED)
gpio_out[15]                            0.500000    1.710122   -1.210122 (VIOLATED)
gpio_vtrip_sel[15]                      0.500000    1.710105   -1.210105 (VIOLATED)
gpio_ib_mode_sel[15]                    0.500000    1.710104   -1.210104 (VIOLATED)
gpio_loopback_zero[15]                  0.500000    1.710086   -1.210086 (VIOLATED)
gpio_analog_en[20]                      0.500000    1.709080   -1.209080 (VIOLATED)
gpio_dm0[20]                            0.500000    1.709072   -1.209072 (VIOLATED)
gpio_dm1[20]                            0.500000    1.709071   -1.209071 (VIOLATED)
gpio_slow_sel[20]                       0.500000    1.709072   -1.209072 (VIOLATED)
gpio_analog_pol[20]                     0.500000    1.709068   -1.209068 (VIOLATED)
gpio_analog_sel[20]                     0.500000    1.709032   -1.209032 (VIOLATED)
gpio_dm2[20]                            0.500000    1.709024   -1.209024 (VIOLATED)
gpio_holdover[20]                       0.500000    1.709013   -1.209013 (VIOLATED)
gpio_out[20]                            0.500000    1.708987   -1.208987 (VIOLATED)
gpio_vtrip_sel[20]                      0.500000    1.708971   -1.208971 (VIOLATED)
gpio_ib_mode_sel[20]                    0.500000    1.708969   -1.208969 (VIOLATED)
gpio_loopback_zero[20]                  0.500000    1.708953   -1.208953 (VIOLATED)
gpio_analog_pol[21]                     0.500000    1.707778   -1.207778 (VIOLATED)
gpio_dm0[21]                            0.500000    1.707775   -1.207775 (VIOLATED)
gpio_analog_en[21]                      0.500000    1.707757   -1.207757 (VIOLATED)
gpio_slow_sel[21]                       0.500000    1.707751   -1.207751 (VIOLATED)
gpio_dm1[21]                            0.500000    1.707750   -1.207750 (VIOLATED)
gpio_analog_sel[21]                     0.500000    1.707709   -1.207709 (VIOLATED)
gpio_dm2[21]                            0.500000    1.707678   -1.207678 (VIOLATED)
gpio_holdover[21]                       0.500000    1.707663   -1.207663 (VIOLATED)
gpio_out[21]                            0.500000    1.707649   -1.207649 (VIOLATED)
gpio_vtrip_sel[21]                      0.500000    1.707605   -1.207605 (VIOLATED)
gpio_ib_mode_sel[21]                    0.500000    1.707594   -1.207595 (VIOLATED)
gpio_loopback_zero[21]                  0.500000    1.707543   -1.207543 (VIOLATED)
gpio_slow_sel[32]                       0.500000    1.707519   -1.207519 (VIOLATED)
gpio_dm1[32]                            0.500000    1.707510   -1.207510 (VIOLATED)
gpio_analog_en[32]                      0.500000    1.707480   -1.207480 (VIOLATED)
gpio_dm0[32]                            0.500000    1.707478   -1.207478 (VIOLATED)
gpio_analog_pol[32]                     0.500000    1.707431   -1.207431 (VIOLATED)
gpio_analog_sel[32]                     0.500000    1.707398   -1.207398 (VIOLATED)
gpio_dm2[32]                            0.500000    1.707398   -1.207398 (VIOLATED)
gpio_holdover[32]                       0.500000    1.707389   -1.207389 (VIOLATED)
gpio_out[32]                            0.500000    1.707385   -1.207385 (VIOLATED)
gpio_vtrip_sel[32]                      0.500000    1.707328   -1.207328 (VIOLATED)
gpio_ib_mode_sel[32]                    0.500000    1.707323   -1.207323 (VIOLATED)
gpio_analog_en[19]                      0.500000    1.707197   -1.207197 (VIOLATED)
gpio_dm1[19]                            0.500000    1.707197   -1.207197 (VIOLATED)
gpio_slow_sel[19]                       0.500000    1.707198   -1.207198 (VIOLATED)
gpio_analog_pol[19]                     0.500000    1.707195   -1.207196 (VIOLATED)
gpio_dm0[19]                            0.500000    1.707196   -1.207196 (VIOLATED)
gpio_analog_sel[19]                     0.500000    1.707192   -1.207192 (VIOLATED)
gpio_dm2[19]                            0.500000    1.707191   -1.207191 (VIOLATED)
gpio_holdover[19]                       0.500000    1.707189   -1.207189 (VIOLATED)
gpio_out[19]                            0.500000    1.707188   -1.207188 (VIOLATED)
gpio_vtrip_sel[19]                      0.500000    1.707185   -1.207185 (VIOLATED)
gpio_ib_mode_sel[19]                    0.500000    1.707183   -1.207183 (VIOLATED)
gpio_loopback_zero[19]                  0.500000    1.707168   -1.207168 (VIOLATED)
gpio_loopback_zero[32]                  0.500000    1.707030   -1.207030 (VIOLATED)
gpio_dm1[22]                            0.500000    1.705515   -1.205515 (VIOLATED)
gpio_slow_sel[22]                       0.500000    1.705516   -1.205516 (VIOLATED)
gpio_analog_en[22]                      0.500000    1.705513   -1.205513 (VIOLATED)
gpio_dm0[22]                            0.500000    1.705512   -1.205512 (VIOLATED)
gpio_analog_pol[22]                     0.500000    1.705511   -1.205511 (VIOLATED)
gpio_analog_sel[22]                     0.500000    1.705490   -1.205490 (VIOLATED)
gpio_dm2[22]                            0.500000    1.705475   -1.205475 (VIOLATED)
gpio_holdover[22]                       0.500000    1.705460   -1.205460 (VIOLATED)
gpio_out[22]                            0.500000    1.705447   -1.205447 (VIOLATED)
gpio_ib_mode_sel[22]                    0.500000    1.705433   -1.205433 (VIOLATED)
gpio_vtrip_sel[22]                      0.500000    1.705434   -1.205434 (VIOLATED)
gpio_loopback_zero[22]                  0.500000    1.705416   -1.205416 (VIOLATED)
gpio_slow_sel[34]                       0.500000    1.704532   -1.204532 (VIOLATED)
gpio_dm1[34]                            0.500000    1.704523   -1.204523 (VIOLATED)
gpio_analog_en[34]                      0.500000    1.704495   -1.204495 (VIOLATED)
gpio_dm0[34]                            0.500000    1.704493   -1.204493 (VIOLATED)
gpio_analog_pol[34]                     0.500000    1.704445   -1.204445 (VIOLATED)
gpio_analog_sel[34]                     0.500000    1.704414   -1.204414 (VIOLATED)
gpio_dm2[34]                            0.500000    1.704411   -1.204411 (VIOLATED)
gpio_holdover[34]                       0.500000    1.704406   -1.204406 (VIOLATED)
gpio_out[34]                            0.500000    1.704402   -1.204401 (VIOLATED)
gpio_vtrip_sel[34]                      0.500000    1.704387   -1.204387 (VIOLATED)
gpio_ib_mode_sel[34]                    0.500000    1.704339   -1.204339 (VIOLATED)
gpio_dm1[23]                            0.500000    1.704318   -1.204318 (VIOLATED)
gpio_slow_sel[23]                       0.500000    1.704319   -1.204319 (VIOLATED)
gpio_analog_en[23]                      0.500000    1.704307   -1.204307 (VIOLATED)
gpio_dm0[23]                            0.500000    1.704302   -1.204302 (VIOLATED)
gpio_analog_pol[23]                     0.500000    1.704295   -1.204295 (VIOLATED)
gpio_analog_sel[23]                     0.500000    1.704262   -1.204262 (VIOLATED)
gpio_dm2[23]                            0.500000    1.704255   -1.204255 (VIOLATED)
gpio_holdover[23]                       0.500000    1.704246   -1.204246 (VIOLATED)
gpio_out[23]                            0.500000    1.704239   -1.204239 (VIOLATED)
gpio_ib_mode_sel[23]                    0.500000    1.704222   -1.204222 (VIOLATED)
gpio_vtrip_sel[23]                      0.500000    1.704223   -1.204223 (VIOLATED)
gpio_loopback_zero[23]                  0.500000    1.704206   -1.204206 (VIOLATED)
gpio_loopback_zero[34]                  0.500000    1.704077   -1.204077 (VIOLATED)
gpio_dm1[14]                            0.500000    1.703472   -1.203472 (VIOLATED)
gpio_slow_sel[14]                       0.500000    1.703472   -1.203472 (VIOLATED)
gpio_analog_en[14]                      0.500000    1.703467   -1.203467 (VIOLATED)
gpio_analog_pol[14]                     0.500000    1.703466   -1.203466 (VIOLATED)
gpio_dm0[14]                            0.500000    1.703467   -1.203466 (VIOLATED)
gpio_analog_sel[14]                     0.500000    1.703451   -1.203451 (VIOLATED)
gpio_dm2[14]                            0.500000    1.703450   -1.203450 (VIOLATED)
gpio_holdover[14]                       0.500000    1.703449   -1.203449 (VIOLATED)
gpio_out[14]                            0.500000    1.703448   -1.203448 (VIOLATED)
gpio_ib_mode_sel[14]                    0.500000    1.703439   -1.203439 (VIOLATED)
gpio_vtrip_sel[14]                      0.500000    1.703439   -1.203439 (VIOLATED)
gpio_loopback_zero[14]                  0.500000    1.703432   -1.203432 (VIOLATED)
gpio_analog_en[18]                      0.500000    1.699264   -1.199264 (VIOLATED)
gpio_dm1[18]                            0.500000    1.699265   -1.199265 (VIOLATED)
gpio_slow_sel[18]                       0.500000    1.699266   -1.199266 (VIOLATED)
gpio_analog_pol[18]                     0.500000    1.699262   -1.199262 (VIOLATED)
gpio_dm0[18]                            0.500000    1.699263   -1.199263 (VIOLATED)
gpio_analog_sel[18]                     0.500000    1.699256   -1.199256 (VIOLATED)
gpio_dm2[18]                            0.500000    1.699240   -1.199240 (VIOLATED)
gpio_holdover[18]                       0.500000    1.699226   -1.199226 (VIOLATED)
gpio_out[18]                            0.500000    1.699214   -1.199214 (VIOLATED)
gpio_ib_mode_sel[18]                    0.500000    1.699200   -1.199200 (VIOLATED)
gpio_vtrip_sel[18]                      0.500000    1.699201   -1.199201 (VIOLATED)
gpio_loopback_zero[18]                  0.500000    1.699188   -1.199188 (VIOLATED)
gpio_analog_en[16]                      0.500000    1.698905   -1.198905 (VIOLATED)
gpio_dm1[16]                            0.500000    1.698906   -1.198906 (VIOLATED)
gpio_slow_sel[16]                       0.500000    1.698907   -1.198907 (VIOLATED)
gpio_dm0[16]                            0.500000    1.698904   -1.198904 (VIOLATED)
gpio_analog_pol[16]                     0.500000    1.698903   -1.198903 (VIOLATED)
gpio_analog_sel[16]                     0.500000    1.698882   -1.198882 (VIOLATED)
gpio_dm2[16]                            0.500000    1.698868   -1.198868 (VIOLATED)
gpio_holdover[16]                       0.500000    1.698854   -1.198854 (VIOLATED)
gpio_out[16]                            0.500000    1.698842   -1.198842 (VIOLATED)
gpio_ib_mode_sel[16]                    0.500000    1.698828   -1.198828 (VIOLATED)
gpio_vtrip_sel[16]                      0.500000    1.698829   -1.198829 (VIOLATED)
gpio_loopback_zero[16]                  0.500000    1.698815   -1.198816 (VIOLATED)
gpio_analog_en[17]                      0.500000    1.697824   -1.197824 (VIOLATED)
gpio_analog_pol[17]                     0.500000    1.697823   -1.197823 (VIOLATED)
gpio_dm0[17]                            0.500000    1.697824   -1.197824 (VIOLATED)
gpio_dm1[17]                            0.500000    1.697825   -1.197825 (VIOLATED)
gpio_slow_sel[17]                       0.500000    1.697825   -1.197825 (VIOLATED)
gpio_analog_sel[17]                     0.500000    1.697820   -1.197820 (VIOLATED)
gpio_dm2[17]                            0.500000    1.697819   -1.197819 (VIOLATED)
gpio_holdover[17]                       0.500000    1.697818   -1.197818 (VIOLATED)
gpio_out[17]                            0.500000    1.697817   -1.197817 (VIOLATED)
gpio_ib_mode_sel[17]                    0.500000    1.697813   -1.197813 (VIOLATED)
gpio_vtrip_sel[17]                      0.500000    1.697814   -1.197814 (VIOLATED)
gpio_loopback_zero[17]                  0.500000    1.697803   -1.197803 (VIOLATED)
gpio_slow_sel[31]                       0.500000    1.696338   -1.196338 (VIOLATED)
gpio_dm1[31]                            0.500000    1.696331   -1.196331 (VIOLATED)
gpio_analog_en[31]                      0.500000    1.696302   -1.196302 (VIOLATED)
gpio_dm0[31]                            0.500000    1.696300   -1.196300 (VIOLATED)
gpio_analog_pol[31]                     0.500000    1.696298   -1.196298 (VIOLATED)
gpio_analog_sel[31]                     0.500000    1.696197   -1.196197 (VIOLATED)
gpio_dm2[31]                            0.500000    1.696193   -1.196193 (VIOLATED)
gpio_holdover[31]                       0.500000    1.696190   -1.196190 (VIOLATED)
gpio_out[31]                            0.500000    1.696186   -1.196186 (VIOLATED)
gpio_vtrip_sel[31]                      0.500000    1.696088   -1.196088 (VIOLATED)
gpio_ib_mode_sel[31]                    0.500000    1.696084   -1.196084 (VIOLATED)
gpio_analog_en[0]                       0.500000    1.695966   -1.195966 (VIOLATED)
gpio_analog_pol[0]                      0.500000    1.695966   -1.195966 (VIOLATED)
gpio_dm1[0]                             0.500000    1.695967   -1.195967 (VIOLATED)
gpio_slow_sel[0]                        0.500000    1.695968   -1.195968 (VIOLATED)
gpio_inp_dis[0]                         0.500000    1.695966   -1.195966 (VIOLATED)
gpio_analog_sel[0]                      0.500000    1.695954   -1.195954 (VIOLATED)
gpio_dm2[0]                             0.500000    1.695953   -1.195953 (VIOLATED)
gpio_holdover[0]                        0.500000    1.695952   -1.195953 (VIOLATED)
gpio_out[0]                             0.500000    1.695951   -1.195951 (VIOLATED)
gpio_vtrip_sel[0]                       0.500000    1.695948   -1.195948 (VIOLATED)
gpio_ib_mode_sel[0]                     0.500000    1.695947   -1.195947 (VIOLATED)
gpio_loopback_zero[0]                   0.500000    1.695932   -1.195932 (VIOLATED)
gpio_loopback_zero[31]                  0.500000    1.695895   -1.195895 (VIOLATED)
gpio_slow_sel[25]                       0.500000    1.693441   -1.193441 (VIOLATED)
gpio_dm1[25]                            0.500000    1.693433   -1.193432 (VIOLATED)
gpio_analog_en[25]                      0.500000    1.693401   -1.193401 (VIOLATED)
gpio_dm0[25]                            0.500000    1.693398   -1.193398 (VIOLATED)
gpio_analog_pol[25]                     0.500000    1.693396   -1.193396 (VIOLATED)
gpio_analog_sel[25]                     0.500000    1.693273   -1.193273 (VIOLATED)
gpio_dm2[25]                            0.500000    1.693269   -1.193269 (VIOLATED)
gpio_holdover[25]                       0.500000    1.693265   -1.193265 (VIOLATED)
gpio_out[25]                            0.500000    1.693260   -1.193260 (VIOLATED)
gpio_vtrip_sel[25]                      0.500000    1.693146   -1.193146 (VIOLATED)
gpio_ib_mode_sel[25]                    0.500000    1.693132   -1.193132 (VIOLATED)
gpio_slow_sel[29]                       0.500000    1.693077   -1.193077 (VIOLATED)
gpio_dm1[29]                            0.500000    1.693067   -1.193067 (VIOLATED)
gpio_analog_en[29]                      0.500000    1.693035   -1.193035 (VIOLATED)
gpio_dm0[29]                            0.500000    1.693033   -1.193033 (VIOLATED)
gpio_analog_pol[29]                     0.500000    1.693030   -1.193030 (VIOLATED)
gpio_analog_sel[29]                     0.500000    1.692898   -1.192898 (VIOLATED)
gpio_dm2[29]                            0.500000    1.692894   -1.192894 (VIOLATED)
gpio_loopback_zero[25]                  0.500000    1.692893   -1.192893 (VIOLATED)
gpio_holdover[29]                       0.500000    1.692890   -1.192890 (VIOLATED)
gpio_out[29]                            0.500000    1.692886   -1.192886 (VIOLATED)
gpio_vtrip_sel[29]                      0.500000    1.692745   -1.192745 (VIOLATED)
gpio_ib_mode_sel[29]                    0.500000    1.692741   -1.192741 (VIOLATED)
gpio_loopback_zero[29]                  0.500000    1.692526   -1.192525 (VIOLATED)
gpio_dm1[38]                            0.500000    1.691820   -1.191820 (VIOLATED)
gpio_slow_sel[38]                       0.500000    1.691821   -1.191821 (VIOLATED)
gpio_analog_en[38]                      0.500000    1.691812   -1.191813 (VIOLATED)
gpio_dm0[38]                            0.500000    1.691807   -1.191807 (VIOLATED)
gpio_analog_pol[38]                     0.500000    1.691801   -1.191801 (VIOLATED)
gpio_analog_sel[38]                     0.500000    1.691765   -1.191765 (VIOLATED)
gpio_dm2[38]                            0.500000    1.691758   -1.191758 (VIOLATED)
gpio_holdover[38]                       0.500000    1.691751   -1.191751 (VIOLATED)
gpio_out[38]                            0.500000    1.691745   -1.191745 (VIOLATED)
gpio_ib_mode_sel[38]                    0.500000    1.691735   -1.191735 (VIOLATED)
gpio_vtrip_sel[38]                      0.500000    1.691735   -1.191735 (VIOLATED)
gpio_loopback_zero[38]                  0.500000    1.691724   -1.191725 (VIOLATED)
gpio_slow_sel[33]                       0.500000    1.691369   -1.191369 (VIOLATED)
gpio_dm1[33]                            0.500000    1.691359   -1.191359 (VIOLATED)
gpio_analog_en[33]                      0.500000    1.691326   -1.191326 (VIOLATED)
gpio_dm0[33]                            0.500000    1.691324   -1.191324 (VIOLATED)
gpio_analog_pol[33]                     0.500000    1.691321   -1.191321 (VIOLATED)
gpio_analog_sel[33]                     0.500000    1.691204   -1.191204 (VIOLATED)
gpio_dm2[33]                            0.500000    1.691200   -1.191200 (VIOLATED)
gpio_holdover[33]                       0.500000    1.691195   -1.191195 (VIOLATED)
gpio_out[33]                            0.500000    1.691191   -1.191191 (VIOLATED)
gpio_slow_sel[26]                       0.500000    1.691151   -1.191151 (VIOLATED)
gpio_dm1[26]                            0.500000    1.691139   -1.191139 (VIOLATED)
gpio_analog_en[26]                      0.500000    1.691107   -1.191107 (VIOLATED)
gpio_dm0[26]                            0.500000    1.691104   -1.191104 (VIOLATED)
gpio_analog_pol[26]                     0.500000    1.691102   -1.191102 (VIOLATED)
gpio_vtrip_sel[33]                      0.500000    1.691042   -1.191042 (VIOLATED)
gpio_ib_mode_sel[33]                    0.500000    1.691037   -1.191037 (VIOLATED)
gpio_analog_sel[26]                     0.500000    1.690961   -1.190961 (VIOLATED)
gpio_dm2[26]                            0.500000    1.690957   -1.190957 (VIOLATED)
gpio_holdover[26]                       0.500000    1.690953   -1.190953 (VIOLATED)
gpio_out[26]                            0.500000    1.690948   -1.190948 (VIOLATED)
gpio_vtrip_sel[26]                      0.500000    1.690803   -1.190803 (VIOLATED)
gpio_ib_mode_sel[26]                    0.500000    1.690798   -1.190798 (VIOLATED)
gpio_loopback_zero[33]                  0.500000    1.690789   -1.190789 (VIOLATED)
gpio_loopback_zero[26]                  0.500000    1.690562   -1.190562 (VIOLATED)
gpio_slow_sel[35]                       0.500000    1.690425   -1.190425 (VIOLATED)
gpio_dm1[35]                            0.500000    1.690412   -1.190413 (VIOLATED)
gpio_analog_en[35]                      0.500000    1.690383   -1.190383 (VIOLATED)
gpio_dm0[35]                            0.500000    1.690381   -1.190381 (VIOLATED)
gpio_analog_pol[35]                     0.500000    1.690378   -1.190378 (VIOLATED)
gpio_slow_sel[27]                       0.500000    1.690343   -1.190343 (VIOLATED)
gpio_dm1[27]                            0.500000    1.690333   -1.190333 (VIOLATED)
gpio_analog_en[27]                      0.500000    1.690302   -1.190302 (VIOLATED)
gpio_dm0[27]                            0.500000    1.690299   -1.190299 (VIOLATED)
gpio_analog_pol[27]                     0.500000    1.690296   -1.190296 (VIOLATED)
gpio_analog_sel[35]                     0.500000    1.690243   -1.190243 (VIOLATED)
gpio_dm2[35]                            0.500000    1.690239   -1.190239 (VIOLATED)
gpio_holdover[35]                       0.500000    1.690235   -1.190235 (VIOLATED)
gpio_slow_sel[36]                       0.500000    1.690234   -1.190234 (VIOLATED)
gpio_out[35]                            0.500000    1.690231   -1.190231 (VIOLATED)
gpio_dm1[36]                            0.500000    1.690225   -1.190225 (VIOLATED)
gpio_analog_en[36]                      0.500000    1.690192   -1.190192 (VIOLATED)
gpio_dm0[36]                            0.500000    1.690190   -1.190190 (VIOLATED)
gpio_analog_pol[36]                     0.500000    1.690187   -1.190187 (VIOLATED)
gpio_slow_sel[24]                       0.500000    1.690185   -1.190185 (VIOLATED)
gpio_slow_sel[39]                       0.500000    1.690177   -1.190177 (VIOLATED)
gpio_dm1[24]                            0.500000    1.690175   -1.190175 (VIOLATED)
gpio_dm1[39]                            0.500000    1.690176   -1.190176 (VIOLATED)
gpio_analog_en[39]                      0.500000    1.690164   -1.190164 (VIOLATED)
gpio_analog_sel[27]                     0.500000    1.690160   -1.190160 (VIOLATED)
gpio_dm0[39]                            0.500000    1.690157   -1.190157 (VIOLATED)
gpio_dm2[27]                            0.500000    1.690156   -1.190156 (VIOLATED)
gpio_holdover[27]                       0.500000    1.690151   -1.190151 (VIOLATED)
gpio_analog_pol[39]                     0.500000    1.690147   -1.190147 (VIOLATED)
gpio_out[27]                            0.500000    1.690147   -1.190147 (VIOLATED)
gpio_analog_en[24]                      0.500000    1.690142   -1.190142 (VIOLATED)
gpio_dm0[24]                            0.500000    1.690140   -1.190140 (VIOLATED)
gpio_analog_pol[24]                     0.500000    1.690137   -1.190137 (VIOLATED)
gpio_analog_sel[39]                     0.500000    1.690109   -1.190109 (VIOLATED)
gpio_dm2[39]                            0.500000    1.690096   -1.190096 (VIOLATED)
gpio_vtrip_sel[35]                      0.500000    1.690087   -1.190087 (VIOLATED)
gpio_holdover[39]                       0.500000    1.690082   -1.190083 (VIOLATED)
gpio_ib_mode_sel[35]                    0.500000    1.690082   -1.190082 (VIOLATED)
gpio_out[39]                            0.500000    1.690070   -1.190070 (VIOLATED)
gpio_analog_sel[36]                     0.500000    1.690053   -1.190053 (VIOLATED)
gpio_dm2[36]                            0.500000    1.690049   -1.190049 (VIOLATED)
gpio_holdover[36]                       0.500000    1.690045   -1.190045 (VIOLATED)
gpio_out[36]                            0.500000    1.690041   -1.190041 (VIOLATED)
gpio_vtrip_sel[39]                      0.500000    1.690027   -1.190027 (VIOLATED)
gpio_analog_sel[24]                     0.500000    1.690015   -1.190015 (VIOLATED)
gpio_ib_mode_sel[39]                    0.500000    1.690014   -1.190014 (VIOLATED)
gpio_dm2[24]                            0.500000    1.690011   -1.190011 (VIOLATED)
gpio_holdover[24]                       0.500000    1.690006   -1.190006 (VIOLATED)
gpio_vtrip_sel[27]                      0.500000    1.690006   -1.190006 (VIOLATED)
gpio_ib_mode_sel[27]                    0.500000    1.690001   -1.190001 (VIOLATED)
gpio_out[24]                            0.500000    1.690002   -1.190002 (VIOLATED)
gpio_loopback_zero[39]                  0.500000    1.689972   -1.189972 (VIOLATED)
gpio_vtrip_sel[36]                      0.500000    1.689903   -1.189902 (VIOLATED)
gpio_ib_mode_sel[36]                    0.500000    1.689898   -1.189898 (VIOLATED)
gpio_loopback_zero[35]                  0.500000    1.689854   -1.189854 (VIOLATED)
gpio_slow_sel[28]                       0.500000    1.689852   -1.189852 (VIOLATED)
gpio_vtrip_sel[24]                      0.500000    1.689850   -1.189850 (VIOLATED)
gpio_ib_mode_sel[24]                    0.500000    1.689845   -1.189845 (VIOLATED)
gpio_dm1[28]                            0.500000    1.689842   -1.189842 (VIOLATED)
gpio_slow_sel[42]                       0.500000    1.689837   -1.189837 (VIOLATED)
gpio_dm1[42]                            0.500000    1.689835   -1.189835 (VIOLATED)
gpio_analog_en[42]                      0.500000    1.689824   -1.189824 (VIOLATED)
gpio_dm0[42]                            0.500000    1.689816   -1.189816 (VIOLATED)
gpio_analog_en[28]                      0.500000    1.689809   -1.189809 (VIOLATED)
gpio_analog_pol[42]                     0.500000    1.689806   -1.189806 (VIOLATED)
gpio_dm0[28]                            0.500000    1.689807   -1.189807 (VIOLATED)
gpio_analog_pol[28]                     0.500000    1.689804   -1.189804 (VIOLATED)
gpio_analog_sel[42]                     0.500000    1.689767   -1.189767 (VIOLATED)
gpio_loopback_zero[27]                  0.500000    1.689761   -1.189761 (VIOLATED)
gpio_dm2[42]                            0.500000    1.689755   -1.189755 (VIOLATED)
gpio_holdover[42]                       0.500000    1.689741   -1.189741 (VIOLATED)
gpio_out[42]                            0.500000    1.689728   -1.189728 (VIOLATED)
gpio_analog_sel[28]                     0.500000    1.689688   -1.189688 (VIOLATED)
gpio_dm2[28]                            0.500000    1.689684   -1.189684 (VIOLATED)
gpio_vtrip_sel[42]                      0.500000    1.689684   -1.189684 (VIOLATED)
gpio_holdover[28]                       0.500000    1.689680   -1.189680 (VIOLATED)
gpio_out[28]                            0.500000    1.689675   -1.189675 (VIOLATED)
gpio_ib_mode_sel[42]                    0.500000    1.689671   -1.189671 (VIOLATED)
gpio_loopback_zero[36]                  0.500000    1.689669   -1.189669 (VIOLATED)
gpio_loopback_zero[42]                  0.500000    1.689627   -1.189627 (VIOLATED)
gpio_loopback_zero[24]                  0.500000    1.689588   -1.189588 (VIOLATED)
gpio_vtrip_sel[28]                      0.500000    1.689528   -1.189528 (VIOLATED)
gpio_ib_mode_sel[28]                    0.500000    1.689523   -1.189523 (VIOLATED)
gpio_slow_sel[37]                       0.500000    1.689390   -1.189390 (VIOLATED)
gpio_dm1[37]                            0.500000    1.689381   -1.189381 (VIOLATED)
gpio_analog_en[37]                      0.500000    1.689351   -1.189351 (VIOLATED)
gpio_dm0[37]                            0.500000    1.689348   -1.189348 (VIOLATED)
gpio_analog_pol[37]                     0.500000    1.689346   -1.189346 (VIOLATED)
gpio_loopback_zero[28]                  0.500000    1.689280   -1.189280 (VIOLATED)
gpio_analog_sel[37]                     0.500000    1.689225   -1.189225 (VIOLATED)
gpio_dm2[37]                            0.500000    1.689222   -1.189221 (VIOLATED)
gpio_holdover[37]                       0.500000    1.689217   -1.189217 (VIOLATED)
gpio_out[37]                            0.500000    1.689213   -1.189213 (VIOLATED)
gpio_vtrip_sel[37]                      0.500000    1.689092   -1.189092 (VIOLATED)
gpio_ib_mode_sel[37]                    0.500000    1.689087   -1.189087 (VIOLATED)
gpio_dm1[13]                            0.500000    1.689086   -1.189086 (VIOLATED)
gpio_slow_sel[13]                       0.500000    1.689087   -1.189087 (VIOLATED)
gpio_analog_en[13]                      0.500000    1.689081   -1.189081 (VIOLATED)
gpio_analog_pol[13]                     0.500000    1.689080   -1.189080 (VIOLATED)
gpio_dm0[13]                            0.500000    1.689081   -1.189081 (VIOLATED)
gpio_analog_sel[13]                     0.500000    1.689065   -1.189065 (VIOLATED)
gpio_dm2[13]                            0.500000    1.689064   -1.189064 (VIOLATED)
gpio_holdover[13]                       0.500000    1.689063   -1.189063 (VIOLATED)
gpio_out[13]                            0.500000    1.689062   -1.189062 (VIOLATED)
gpio_vtrip_sel[13]                      0.500000    1.689059   -1.189059 (VIOLATED)
gpio_ib_mode_sel[13]                    0.500000    1.689058   -1.189058 (VIOLATED)
gpio_loopback_zero[13]                  0.500000    1.689045   -1.189045 (VIOLATED)
gpio_loopback_zero[37]                  0.500000    1.688882   -1.188882 (VIOLATED)
gpio_slow_sel[43]                       0.500000    1.688710   -1.188710 (VIOLATED)
gpio_dm1[43]                            0.500000    1.688709   -1.188709 (VIOLATED)
gpio_analog_en[43]                      0.500000    1.688697   -1.188697 (VIOLATED)
gpio_dm0[43]                            0.500000    1.688690   -1.188690 (VIOLATED)
gpio_analog_pol[43]                     0.500000    1.688680   -1.188681 (VIOLATED)
gpio_analog_sel[43]                     0.500000    1.688643   -1.188643 (VIOLATED)
gpio_dm2[43]                            0.500000    1.688630   -1.188630 (VIOLATED)
gpio_holdover[43]                       0.500000    1.688617   -1.188617 (VIOLATED)
gpio_out[43]                            0.500000    1.688604   -1.188604 (VIOLATED)
gpio_vtrip_sel[43]                      0.500000    1.688562   -1.188562 (VIOLATED)
gpio_ib_mode_sel[43]                    0.500000    1.688549   -1.188549 (VIOLATED)
gpio_loopback_zero[43]                  0.500000    1.688509   -1.188509 (VIOLATED)
gpio_slow_sel[30]                       0.500000    1.686872   -1.186872 (VIOLATED)
gpio_dm1[30]                            0.500000    1.686860   -1.186860 (VIOLATED)
gpio_analog_en[30]                      0.500000    1.686838   -1.186838 (VIOLATED)
gpio_dm0[30]                            0.500000    1.686836   -1.186836 (VIOLATED)
gpio_analog_pol[30]                     0.500000    1.686833   -1.186833 (VIOLATED)
gpio_analog_sel[30]                     0.500000    1.686713   -1.186713 (VIOLATED)
gpio_dm2[30]                            0.500000    1.686709   -1.186709 (VIOLATED)
gpio_holdover[30]                       0.500000    1.686705   -1.186705 (VIOLATED)
gpio_out[30]                            0.500000    1.686701   -1.186701 (VIOLATED)
gpio_vtrip_sel[30]                      0.500000    1.686576   -1.186576 (VIOLATED)
gpio_ib_mode_sel[30]                    0.500000    1.686571   -1.186572 (VIOLATED)
gpio_loopback_zero[30]                  0.500000    1.686373   -1.186373 (VIOLATED)
gpio_dm1[41]                            0.500000    1.684023   -1.184023 (VIOLATED)
gpio_slow_sel[41]                       0.500000    1.684025   -1.184024 (VIOLATED)
gpio_analog_en[41]                      0.500000    1.684014   -1.184014 (VIOLATED)
gpio_dm0[41]                            0.500000    1.684008   -1.184008 (VIOLATED)
gpio_analog_pol[41]                     0.500000    1.684000   -1.184000 (VIOLATED)
gpio_analog_sel[41]                     0.500000    1.683969   -1.183969 (VIOLATED)
gpio_dm2[41]                            0.500000    1.683959   -1.183959 (VIOLATED)
gpio_holdover[41]                       0.500000    1.683948   -1.183948 (VIOLATED)
gpio_out[41]                            0.500000    1.683939   -1.183939 (VIOLATED)
gpio_vtrip_sel[41]                      0.500000    1.683908   -1.183908 (VIOLATED)
gpio_dm1[40]                            0.500000    1.683904   -1.183904 (VIOLATED)
gpio_slow_sel[40]                       0.500000    1.683905   -1.183905 (VIOLATED)
gpio_ib_mode_sel[41]                    0.500000    1.683900   -1.183899 (VIOLATED)
gpio_analog_en[40]                      0.500000    1.683894   -1.183894 (VIOLATED)
gpio_dm0[40]                            0.500000    1.683888   -1.183888 (VIOLATED)
gpio_loopback_zero[41]                  0.500000    1.683883   -1.183883 (VIOLATED)
gpio_analog_pol[40]                     0.500000    1.683880   -1.183880 (VIOLATED)
gpio_analog_sel[40]                     0.500000    1.683848   -1.183848 (VIOLATED)
gpio_dm2[40]                            0.500000    1.683837   -1.183837 (VIOLATED)
gpio_holdover[40]                       0.500000    1.683826   -1.183826 (VIOLATED)
gpio_out[40]                            0.500000    1.683816   -1.183816 (VIOLATED)
gpio_vtrip_sel[40]                      0.500000    1.683783   -1.183783 (VIOLATED)
gpio_ib_mode_sel[40]                    0.500000    1.683774   -1.183774 (VIOLATED)
gpio_loopback_zero[40]                  0.500000    1.683754   -1.183754 (VIOLATED)
gpio_analog_en[1]                       0.500000    1.413058   -0.913058 (VIOLATED)
gpio_analog_pol[1]                      0.500000    1.413059   -0.913059 (VIOLATED)
gpio_inp_dis[1]                         0.500000    1.413059   -0.913059 (VIOLATED)
gpio_slow_sel[1]                        0.500000    1.413059   -0.913059 (VIOLATED)
gpio_analog_sel[1]                      0.500000    1.413054   -0.913054 (VIOLATED)
gpio_holdover[1]                        0.500000    1.413052   -0.913052 (VIOLATED)
gpio_ib_mode_sel[1]                     0.500000    1.413041   -0.913041 (VIOLATED)
gpio_vtrip_sel[1]                       0.500000    1.413041   -0.913041 (VIOLATED)
gpio_oeb[1]                             0.500000    1.413039   -0.913040 (VIOLATED)
gpio_loopback_zero[1]                   0.500000    1.413028   -0.913029 (VIOLATED)
gpio_slow_sel[4]                        0.500000    1.408695   -0.908695 (VIOLATED)
gpio_analog_en[4]                       0.500000    1.408691   -0.908691 (VIOLATED)
gpio_analog_pol[4]                      0.500000    1.408690   -0.908690 (VIOLATED)
gpio_dm0[4]                             0.500000    1.408691   -0.908691 (VIOLATED)
gpio_analog_sel[4]                      0.500000    1.408683   -0.908683 (VIOLATED)
gpio_holdover[4]                        0.500000    1.408681   -0.908681 (VIOLATED)
gpio_ib_mode_sel[4]                     0.500000    1.408670   -0.908670 (VIOLATED)
gpio_vtrip_sel[4]                       0.500000    1.408671   -0.908671 (VIOLATED)
gpio_oeb[4]                             0.500000    1.408669   -0.908669 (VIOLATED)
gpio_loopback_zero[4]                   0.500000    1.408658   -0.908658 (VIOLATED)
gpio_slow_sel[3]                        0.500000    1.408049   -0.908049 (VIOLATED)
gpio_analog_en[3]                       0.500000    1.408044   -0.908045 (VIOLATED)
gpio_analog_pol[3]                      0.500000    1.408044   -0.908044 (VIOLATED)
gpio_dm0[3]                             0.500000    1.408044   -0.908044 (VIOLATED)
gpio_analog_sel[3]                      0.500000    1.408036   -0.908036 (VIOLATED)
gpio_holdover[3]                        0.500000    1.408034   -0.908034 (VIOLATED)
gpio_ib_mode_sel[3]                     0.500000    1.408023   -0.908023 (VIOLATED)
gpio_vtrip_sel[3]                       0.500000    1.408023   -0.908024 (VIOLATED)
gpio_oeb[3]                             0.500000    1.408022   -0.908022 (VIOLATED)
gpio_loopback_zero[3]                   0.500000    1.408011   -0.908011 (VIOLATED)
gpio_slow_sel[9]                        0.500000    1.406949   -0.906949 (VIOLATED)
gpio_analog_en[9]                       0.500000    1.406945   -0.906945 (VIOLATED)
gpio_analog_pol[9]                      0.500000    1.406944   -0.906944 (VIOLATED)
gpio_dm0[9]                             0.500000    1.406945   -0.906945 (VIOLATED)
gpio_analog_sel[9]                      0.500000    1.406937   -0.906937 (VIOLATED)
gpio_holdover[9]                        0.500000    1.406935   -0.906935 (VIOLATED)
gpio_ib_mode_sel[9]                     0.500000    1.406924   -0.906924 (VIOLATED)
gpio_vtrip_sel[9]                       0.500000    1.406925   -0.906925 (VIOLATED)
gpio_oeb[9]                             0.500000    1.406923   -0.906923 (VIOLATED)
gpio_loopback_zero[9]                   0.500000    1.406913   -0.906913 (VIOLATED)
gpio_slow_sel[6]                        0.500000    1.406694   -0.906694 (VIOLATED)
gpio_analog_en[6]                       0.500000    1.406690   -0.906690 (VIOLATED)
gpio_analog_pol[6]                      0.500000    1.406689   -0.906689 (VIOLATED)
gpio_dm0[6]                             0.500000    1.406690   -0.906690 (VIOLATED)
gpio_analog_sel[6]                      0.500000    1.406682   -0.906682 (VIOLATED)
gpio_holdover[6]                        0.500000    1.406680   -0.906680 (VIOLATED)
gpio_ib_mode_sel[6]                     0.500000    1.406669   -0.906669 (VIOLATED)
gpio_vtrip_sel[6]                       0.500000    1.406669   -0.906669 (VIOLATED)
gpio_oeb[6]                             0.500000    1.406668   -0.906668 (VIOLATED)
gpio_loopback_zero[6]                   0.500000    1.406657   -0.906657 (VIOLATED)
gpio_slow_sel[12]                       0.500000    1.405207   -0.905207 (VIOLATED)
gpio_analog_en[12]                      0.500000    1.405200   -0.905200 (VIOLATED)
gpio_analog_pol[12]                     0.500000    1.405199   -0.905199 (VIOLATED)
gpio_dm0[12]                            0.500000    1.405200   -0.905200 (VIOLATED)
gpio_analog_sel[12]                     0.500000    1.405192   -0.905192 (VIOLATED)
gpio_holdover[12]                       0.500000    1.405190   -0.905190 (VIOLATED)
gpio_ib_mode_sel[12]                    0.500000    1.405179   -0.905179 (VIOLATED)
gpio_vtrip_sel[12]                      0.500000    1.405180   -0.905180 (VIOLATED)
gpio_oeb[12]                            0.500000    1.405178   -0.905178 (VIOLATED)
gpio_loopback_zero[12]                  0.500000    1.405169   -0.905169 (VIOLATED)
gpio_slow_sel[8]                        0.500000    1.404621   -0.904621 (VIOLATED)
gpio_analog_en[8]                       0.500000    1.404617   -0.904617 (VIOLATED)
gpio_analog_pol[8]                      0.500000    1.404616   -0.904616 (VIOLATED)
gpio_dm0[8]                             0.500000    1.404616   -0.904616 (VIOLATED)
gpio_analog_sel[8]                      0.500000    1.404609   -0.904609 (VIOLATED)
gpio_holdover[8]                        0.500000    1.404607   -0.904607 (VIOLATED)
gpio_ib_mode_sel[8]                     0.500000    1.404596   -0.904596 (VIOLATED)
gpio_vtrip_sel[8]                       0.500000    1.404597   -0.904597 (VIOLATED)
gpio_oeb[8]                             0.500000    1.404595   -0.904595 (VIOLATED)
gpio_loopback_zero[8]                   0.500000    1.404585   -0.904585 (VIOLATED)
gpio_slow_sel[11]                       0.500000    1.403762   -0.903762 (VIOLATED)
gpio_analog_en[11]                      0.500000    1.403758   -0.903758 (VIOLATED)
gpio_analog_pol[11]                     0.500000    1.403757   -0.903757 (VIOLATED)
gpio_dm0[11]                            0.500000    1.403758   -0.903758 (VIOLATED)
gpio_analog_sel[11]                     0.500000    1.403750   -0.903750 (VIOLATED)
gpio_holdover[11]                       0.500000    1.403748   -0.903748 (VIOLATED)
gpio_ib_mode_sel[11]                    0.500000    1.403737   -0.903737 (VIOLATED)
gpio_vtrip_sel[11]                      0.500000    1.403738   -0.903738 (VIOLATED)
gpio_oeb[11]                            0.500000    1.403736   -0.903736 (VIOLATED)
gpio_loopback_zero[11]                  0.500000    1.403727   -0.903727 (VIOLATED)
gpio_slow_sel[2]                        0.500000    1.402675   -0.902675 (VIOLATED)
gpio_analog_en[2]                       0.500000    1.402671   -0.902671 (VIOLATED)
gpio_analog_pol[2]                      0.500000    1.402670   -0.902670 (VIOLATED)
gpio_dm0[2]                             0.500000    1.402670   -0.902670 (VIOLATED)
gpio_analog_sel[2]                      0.500000    1.402662   -0.902662 (VIOLATED)
gpio_holdover[2]                        0.500000    1.402660   -0.902660 (VIOLATED)
gpio_ib_mode_sel[2]                     0.500000    1.402649   -0.902649 (VIOLATED)
gpio_vtrip_sel[2]                       0.500000    1.402650   -0.902649 (VIOLATED)
gpio_oeb[2]                             0.500000    1.402648   -0.902648 (VIOLATED)
gpio_loopback_zero[2]                   0.500000    1.402637   -0.902637 (VIOLATED)
gpio_slow_sel[5]                        0.500000    1.401212   -0.901212 (VIOLATED)
gpio_analog_en[5]                       0.500000    1.401208   -0.901208 (VIOLATED)
gpio_analog_pol[5]                      0.500000    1.401207   -0.901207 (VIOLATED)
gpio_dm0[5]                             0.500000    1.401208   -0.901208 (VIOLATED)
gpio_analog_sel[5]                      0.500000    1.401200   -0.901200 (VIOLATED)
gpio_holdover[5]                        0.500000    1.401198   -0.901198 (VIOLATED)
gpio_ib_mode_sel[5]                     0.500000    1.401187   -0.901187 (VIOLATED)
gpio_vtrip_sel[5]                       0.500000    1.401188   -0.901188 (VIOLATED)
gpio_oeb[5]                             0.500000    1.401186   -0.901186 (VIOLATED)
gpio_loopback_zero[5]                   0.500000    1.401175   -0.901175 (VIOLATED)
gpio_slow_sel[10]                       0.500000    1.400982   -0.900982 (VIOLATED)
gpio_analog_en[10]                      0.500000    1.400978   -0.900978 (VIOLATED)
gpio_analog_pol[10]                     0.500000    1.400977   -0.900977 (VIOLATED)
gpio_dm0[10]                            0.500000    1.400977   -0.900977 (VIOLATED)
gpio_analog_sel[10]                     0.500000    1.400970   -0.900970 (VIOLATED)
gpio_holdover[10]                       0.500000    1.400968   -0.900968 (VIOLATED)
gpio_ib_mode_sel[10]                    0.500000    1.400957   -0.900957 (VIOLATED)
gpio_vtrip_sel[10]                      0.500000    1.400958   -0.900958 (VIOLATED)
gpio_oeb[10]                            0.500000    1.400956   -0.900956 (VIOLATED)
gpio_loopback_zero[10]                  0.500000    1.400947   -0.900947 (VIOLATED)
gpio_slow_sel[7]                        0.500000    1.399454   -0.899454 (VIOLATED)
gpio_analog_en[7]                       0.500000    1.399450   -0.899450 (VIOLATED)
gpio_analog_pol[7]                      0.500000    1.399449   -0.899449 (VIOLATED)
gpio_dm0[7]                             0.500000    1.399450   -0.899450 (VIOLATED)
gpio_analog_sel[7]                      0.500000    1.399442   -0.899442 (VIOLATED)
gpio_holdover[7]                        0.500000    1.399440   -0.899440 (VIOLATED)
gpio_ib_mode_sel[7]                     0.500000    1.399429   -0.899429 (VIOLATED)
gpio_vtrip_sel[7]                       0.500000    1.399430   -0.899430 (VIOLATED)
gpio_oeb[7]                             0.500000    1.399428   -0.899428 (VIOLATED)
gpio_loopback_zero[7]                   0.500000    1.399418   -0.899418 (VIOLATED)
mprj/wb_clk_i                           0.500000    0.806580   -0.306580 (VIOLATED)
gpio_in[0]                              0.500000    0.806511   -0.306511 (VIOLATED)
gpio_dm1[1]                             0.500000    0.645861   -0.145861 (VIOLATED)
gpio_dm0[1]                             0.500000    0.645853   -0.145853 (VIOLATED)
gpio_dm2[1]                             0.500000    0.645818   -0.145818 (VIOLATED)
gpio_out[1]                             0.500000    0.645804   -0.145804 (VIOLATED)
gpio_loopback_one[1]                    0.500000    0.645766   -0.145766 (VIOLATED)

max capacitance

Pin                                        Limit         Cap       Slack
------------------------------------------------------------------------
gpio_loopback_zero[15]                  0.200000    0.383857   -0.183857 (VIOLATED)
gpio_loopback_zero[20]                  0.200000    0.383605   -0.183605 (VIOLATED)
gpio_loopback_zero[19]                  0.200000    0.383372   -0.183372 (VIOLATED)
gpio_loopback_zero[21]                  0.200000    0.383132   -0.183132 (VIOLATED)
gpio_loopback_zero[22]                  0.200000    0.382838   -0.182838 (VIOLATED)
gpio_loopback_zero[32]                  0.200000    0.382768   -0.182768 (VIOLATED)
gpio_loopback_zero[23]                  0.200000    0.382569   -0.182569 (VIOLATED)
gpio_loopback_zero[14]                  0.200000    0.382535   -0.182535 (VIOLATED)
gpio_loopback_zero[34]                  0.200000    0.382123   -0.182123 (VIOLATED)
gpio_loopback_zero[18]                  0.200000    0.381466   -0.181466 (VIOLATED)
gpio_loopback_zero[16]                  0.200000    0.381367   -0.181367 (VIOLATED)
gpio_loopback_zero[17]                  0.200000    0.381293   -0.181293 (VIOLATED)
gpio_loopback_zero[0]                   0.200000    0.380827   -0.180827 (VIOLATED)
gpio_loopback_zero[31]                  0.200000    0.380304   -0.180304 (VIOLATED)
gpio_loopback_zero[38]                  0.200000    0.379794   -0.179794 (VIOLATED)
gpio_loopback_zero[25]                  0.200000    0.379568   -0.179568 (VIOLATED)
gpio_loopback_zero[29]                  0.200000    0.379489   -0.179489 (VIOLATED)
gpio_loopback_zero[13]                  0.200000    0.379274   -0.179274 (VIOLATED)
gpio_loopback_zero[39]                  0.200000    0.379197   -0.179197 (VIOLATED)
gpio_loopback_zero[42]                  0.200000    0.379114   -0.179114 (VIOLATED)
gpio_loopback_zero[33]                  0.200000    0.379077   -0.179077 (VIOLATED)
gpio_loopback_zero[26]                  0.200000    0.379030   -0.179030 (VIOLATED)
gpio_loopback_zero[43]                  0.200000    0.378875   -0.178875 (VIOLATED)
gpio_loopback_zero[35]                  0.200000    0.378875   -0.178875 (VIOLATED)
gpio_loopback_zero[27]                  0.200000    0.378847   -0.178847 (VIOLATED)
gpio_loopback_zero[36]                  0.200000    0.378839   -0.178839 (VIOLATED)
gpio_loopback_zero[24]                  0.200000    0.378795   -0.178795 (VIOLATED)
gpio_loopback_zero[28]                  0.200000    0.378741   -0.178741 (VIOLATED)
gpio_loopback_zero[37]                  0.200000    0.378687   -0.178687 (VIOLATED)
gpio_loopback_zero[30]                  0.200000    0.378126   -0.178126 (VIOLATED)
gpio_loopback_zero[41]                  0.200000    0.377922   -0.177922 (VIOLATED)
gpio_loopback_zero[40]                  0.200000    0.377875   -0.177875 (VIOLATED)
gpio_loopback_zero[1]                   0.200000    0.316963   -0.116963 (VIOLATED)
gpio_loopback_zero[4]                   0.200000    0.315971   -0.115971 (VIOLATED)
gpio_loopback_zero[3]                   0.200000    0.315825   -0.115825 (VIOLATED)
gpio_loopback_zero[9]                   0.200000    0.315583   -0.115583 (VIOLATED)
gpio_loopback_zero[6]                   0.200000    0.315521   -0.115521 (VIOLATED)
gpio_loopback_zero[12]                  0.200000    0.315192   -0.115192 (VIOLATED)
gpio_loopback_zero[8]                   0.200000    0.315058   -0.115058 (VIOLATED)
gpio_loopback_zero[11]                  0.200000    0.314866   -0.114866 (VIOLATED)
gpio_loopback_zero[2]                   0.200000    0.314612   -0.114612 (VIOLATED)
gpio_loopback_zero[5]                   0.200000    0.314281   -0.114281 (VIOLATED)
gpio_loopback_zero[10]                  0.200000    0.314240   -0.114240 (VIOLATED)
gpio_loopback_zero[7]                   0.200000    0.313891   -0.113891 (VIOLATED)



===========================================================================
report_parasitic_annotation -report_unannotated
============================================================================
Found 211 unannotated drivers.
 analog_io[0]
 analog_io[10]
 analog_io[11]
 analog_io[12]
 analog_io[13]
 analog_io[14]
 analog_io[15]
 analog_io[16]
 analog_io[17]
 analog_io[18]
 analog_io[19]
 analog_io[1]
 analog_io[20]
 analog_io[21]
 analog_io[22]
 analog_io[23]
 analog_io[24]
 analog_io[25]
 analog_io[26]
 analog_io[27]
 analog_io[28]
 analog_io[29]
 analog_io[2]
 analog_io[30]
 analog_io[31]
 analog_io[32]
 analog_io[33]
 analog_io[34]
 analog_io[35]
 analog_io[36]
 analog_io[37]
 analog_io[38]
 analog_io[39]
 analog_io[3]
 analog_io[40]
 analog_io[41]
 analog_io[42]
 analog_io[43]
 analog_io[4]
 analog_io[5]
 analog_io[6]
 analog_io[7]
 analog_io[8]
 analog_io[9]
 analog_noesd_io[0]
 analog_noesd_io[10]
 analog_noesd_io[11]
 analog_noesd_io[12]
 analog_noesd_io[13]
 analog_noesd_io[14]
 analog_noesd_io[15]
 analog_noesd_io[16]
 analog_noesd_io[17]
 analog_noesd_io[18]
 analog_noesd_io[19]
 analog_noesd_io[1]
 analog_noesd_io[20]
 analog_noesd_io[21]
 analog_noesd_io[22]
 analog_noesd_io[23]
 analog_noesd_io[24]
 analog_noesd_io[25]
 analog_noesd_io[26]
 analog_noesd_io[27]
 analog_noesd_io[28]
 analog_noesd_io[29]
 analog_noesd_io[2]
 analog_noesd_io[30]
 analog_noesd_io[31]
 analog_noesd_io[32]
 analog_noesd_io[33]
 analog_noesd_io[34]
 analog_noesd_io[35]
 analog_noesd_io[36]
 analog_noesd_io[37]
 analog_noesd_io[38]
 analog_noesd_io[39]
 analog_noesd_io[3]
 analog_noesd_io[40]
 analog_noesd_io[41]
 analog_noesd_io[42]
 analog_noesd_io[43]
 analog_noesd_io[4]
 analog_noesd_io[5]
 analog_noesd_io[6]
 analog_noesd_io[7]
 analog_noesd_io[8]
 analog_noesd_io[9]
 gpio_in[10]
 gpio_in[11]
 gpio_in[12]
 gpio_in[13]
 gpio_in[14]
 gpio_in[15]
 gpio_in[16]
 gpio_in[17]
 gpio_in[18]
 gpio_in[19]
 gpio_in[20]
 gpio_in[21]
 gpio_in[22]
 gpio_in[23]
 gpio_in[24]
 gpio_in[25]
 gpio_in[26]
 gpio_in[27]
 gpio_in[28]
 gpio_in[29]
 gpio_in[2]
 gpio_in[30]
 gpio_in[31]
 gpio_in[32]
 gpio_in[33]
 gpio_in[34]
 gpio_in[35]
 gpio_in[36]
 gpio_in[37]
 gpio_in[38]
 gpio_in[39]
 gpio_in[3]
 gpio_in[40]
 gpio_in[41]
 gpio_in[42]
 gpio_in[43]
 gpio_in[4]
 gpio_in[5]
 gpio_in[6]
 gpio_in[7]
 gpio_in[8]
 gpio_in[9]
 gpio_in_h[0]
 gpio_in_h[10]
 gpio_in_h[11]
 gpio_in_h[12]
 gpio_in_h[13]
 gpio_in_h[14]
 gpio_in_h[15]
 gpio_in_h[16]
 gpio_in_h[17]
 gpio_in_h[18]
 gpio_in_h[19]
 gpio_in_h[1]
 gpio_in_h[20]
 gpio_in_h[21]
 gpio_in_h[22]
 gpio_in_h[23]
 gpio_in_h[24]
 gpio_in_h[25]
 gpio_in_h[26]
 gpio_in_h[27]
 gpio_in_h[28]
 gpio_in_h[29]
 gpio_in_h[2]
 gpio_in_h[30]
 gpio_in_h[31]
 gpio_in_h[32]
 gpio_in_h[33]
 gpio_in_h[34]
 gpio_in_h[35]
 gpio_in_h[36]
 gpio_in_h[37]
 gpio_in_h[38]
 gpio_in_h[39]
 gpio_in_h[3]
 gpio_in_h[40]
 gpio_in_h[41]
 gpio_in_h[42]
 gpio_in_h[43]
 gpio_in_h[4]
 gpio_in_h[5]
 gpio_in_h[6]
 gpio_in_h[7]
 gpio_in_h[8]
 gpio_in_h[9]
 mask_rev[0]
 mask_rev[10]
 mask_rev[11]
 mask_rev[12]
 mask_rev[13]
 mask_rev[14]
 mask_rev[15]
 mask_rev[16]
 mask_rev[17]
 mask_rev[18]
 mask_rev[19]
 mask_rev[1]
 mask_rev[20]
 mask_rev[21]
 mask_rev[22]
 mask_rev[23]
 mask_rev[24]
 mask_rev[25]
 mask_rev[26]
 mask_rev[27]
 mask_rev[28]
 mask_rev[29]
 mask_rev[2]
 mask_rev[30]
 mask_rev[31]
 mask_rev[3]
 mask_rev[4]
 mask_rev[5]
 mask_rev[6]
 mask_rev[7]
 mask_rev[8]
 mask_rev[9]
 por_l
 porb_h
 porb_l
 resetb_h
 resetb_l
Found 0 partially unannotated drivers.

===========================================================================
max slew violation count 511
max fanout violation count 0
max cap violation count 44
============================================================================

===========================================================================
check_setup -verbose -unconstrained_endpoints -multiple_clock -no_clock -no_input_delay -loops -generated_clocks
===========================================================================
Warning: There is 1 unclocked register/latch pin.
  mprj/wb_clk_i
Warning: There are 100 unconstrained endpoints.
  analog_io[0]
  analog_io[10]
  analog_io[11]
  analog_io[12]
  analog_io[13]
  analog_io[14]
  analog_io[15]
  analog_io[16]
  analog_io[17]
  analog_io[18]
  analog_io[19]
  analog_io[1]
  analog_io[20]
  analog_io[21]
  analog_io[22]
  analog_io[23]
  analog_io[24]
  analog_io[25]
  analog_io[26]
  analog_io[27]
  analog_io[28]
  analog_io[29]
  analog_io[2]
  analog_io[30]
  analog_io[31]
  analog_io[32]
  analog_io[33]
  analog_io[34]
  analog_io[35]
  analog_io[36]
  analog_io[37]
  analog_io[38]
  analog_io[39]
  analog_io[3]
  analog_io[40]
  analog_io[41]
  analog_io[42]
  analog_io[43]
  analog_io[4]
  analog_io[5]
  analog_io[6]
  analog_io[7]
  analog_io[8]
  analog_io[9]
  analog_noesd_io[0]
  analog_noesd_io[10]
  analog_noesd_io[11]
  analog_noesd_io[12]
  analog_noesd_io[13]
  analog_noesd_io[14]
  analog_noesd_io[15]
  analog_noesd_io[16]
  analog_noesd_io[17]
  analog_noesd_io[18]
  analog_noesd_io[19]
  analog_noesd_io[1]
  analog_noesd_io[20]
  analog_noesd_io[21]
  analog_noesd_io[22]
  analog_noesd_io[23]
  analog_noesd_io[24]
  analog_noesd_io[25]
  analog_noesd_io[26]
  analog_noesd_io[27]
  analog_noesd_io[28]
  analog_noesd_io[29]
  analog_noesd_io[2]
  analog_noesd_io[30]
  analog_noesd_io[31]
  analog_noesd_io[32]
  analog_noesd_io[33]
  analog_noesd_io[34]
  analog_noesd_io[35]
  analog_noesd_io[36]
  analog_noesd_io[37]
  analog_noesd_io[38]
  analog_noesd_io[39]
  analog_noesd_io[3]
  analog_noesd_io[40]
  analog_noesd_io[41]
  analog_noesd_io[42]
  analog_noesd_io[43]
  analog_noesd_io[4]
  analog_noesd_io[5]
  analog_noesd_io[6]
  analog_noesd_io[7]
  analog_noesd_io[8]
  analog_noesd_io[9]
  gpio_out[10]
  gpio_out[11]
  gpio_out[12]
  gpio_out[2]
  gpio_out[3]
  gpio_out[4]
  gpio_out[5]
  gpio_out[6]
  gpio_out[7]
  gpio_out[8]
  gpio_out[9]
  mprj/wb_rst_i
