Clock: clk
Sources: gpio_in[38] 
Generated: no
Virtual: yes
Propagated: no
Period: 40.000000

===========================================================================
report_clock_properties
============================================================================
Clock                   Period          Waveform
----------------------------------------------------
clk                  40.000000    0.000000 20.000000

===========================================================================
report_clock_latency
============================================================================
Clock clk
rise -> rise
    min     max
0.000000 0.000000 source latency
1.609264         network latency _3916_/CLK
        2.560366 network latency _3639_/CLK
---------------
1.609264 2.560366 latency
        0.951101 skew

fall -> fall
    min     max
0.000000 0.000000 source latency
1.653097         network latency _3916_/CLK
        2.616545 network latency _3639_/CLK
---------------
1.653097 2.616545 latency
        0.963448 skew



===========================================================================
report_clock_min_period
============================================================================
clk period_min = 8.85 fmax = 112.96
