Clock: wb_clk_i
Sources: wb_clk_i 
Generated: no
Virtual: yes
Propagated: no
Period: 25.000000

===========================================================================
report_clock_properties
============================================================================
Clock                   Period          Waveform
----------------------------------------------------
wb_clk_i             25.000000    0.000000 12.500000

===========================================================================
report_clock_latency
============================================================================
Clock wb_clk_i
rise -> rise
    min     max
0.000000 0.000000 source latency
0.688775         network latency _714_/CLK
        0.693417 network latency _686_/CLK
---------------
0.688775 0.693417 latency
        0.004642 skew

fall -> fall
    min     max
0.000000 0.000000 source latency
0.552586         network latency _714_/CLK
        0.556655 network latency _686_/CLK
---------------
0.552586 0.556655 latency
        0.004069 skew



===========================================================================
report_clock_min_period
============================================================================
wb_clk_i period_min = 2.64 fmax = 378.61
