Clock: __VIRTUAL_CLK__
Sources: 
Generated: no
Virtual: yes
Propagated: no
Period: 10.000000

===========================================================================
report_clock_properties
============================================================================
Clock                   Period          Waveform
----------------------------------------------------
__VIRTUAL_CLK__      10.000000    0.000000  5.000000

===========================================================================
report_clock_latency
============================================================================
Clock __VIRTUAL_CLK__
rise -> rise
    min     max
0.000000 0.000000 source latency
2.894375         network latency mprj/wb_clk_i
        2.894375 network latency mprj/wb_clk_i
---------------
2.894375 2.894375 latency
        0.000000 skew

rise -> fall
    min     max
0.000000 0.000000 source latency
2.542373         network latency mprj/wb_clk_i
        2.542373 network latency mprj/wb_clk_i
---------------
2.542373 2.542373 latency
        0.000000 skew



===========================================================================
report_clock_min_period
============================================================================
__VIRTUAL_CLK__ period_min = 0.00 fmax = inf
