Clock: wb_clk_i
Sources: wb_clk_i 
Generated: no
Virtual: yes
Propagated: no
Period: 25.000000

===========================================================================
report_clock_properties
============================================================================
Clock                   Period          Waveform
----------------------------------------------------
wb_clk_i             25.000000    0.000000 12.500000

===========================================================================
report_clock_latency
============================================================================
Clock wb_clk_i
rise -> rise
    min     max
0.000000 0.000000 source latency
0.756907         network latency _714_/CLK
        0.765967 network latency _686_/CLK
---------------
0.756907 0.765967 latency
        0.009060 skew

fall -> fall
    min     max
0.000000 0.000000 source latency
0.624379         network latency _714_/CLK
        0.632578 network latency _686_/CLK
---------------
0.624379 0.632578 latency
        0.008200 skew



===========================================================================
report_clock_min_period
============================================================================
wb_clk_i period_min = 2.67 fmax = 375.18
