
===========================================================================
report_checks -unconstrained
===========================================================================
======================= min_ss_100C_1v60 Corner ===================================

Startpoint: wb_rst_i (input port clocked by wb_clk_i)
Endpoint: _724_ (recovery check against rising-edge clock wb_clk_i)
Path Group: asynchronous
Path Type: max

Fanout         Cap        Slew       Delay        Time   Description
---------------------------------------------------------------------------------------------
                                  0.000000    0.000000   clock wb_clk_i (rise edge)
                                  0.000000    0.000000   clock network delay (propagated)
                                  5.000000    5.000000 v input external delay
     2    0.008219    0.040067    0.025926    5.025927 v wb_rst_i (in)
                                                         wb_rst_i (net)
                      0.040067    0.000000    5.025927 v input1/A (sky130_fd_sc_hd__buf_8)
     3    0.132078    0.161467    0.283022    5.308949 v input1/X (sky130_fd_sc_hd__buf_8)
                                                         net1 (net)
                      0.218293    0.072102    5.381052 v fanout19/A (sky130_fd_sc_hd__buf_4)
    17    0.068188    0.170761    0.431315    5.812366 v fanout19/X (sky130_fd_sc_hd__buf_4)
                                                         net19 (net)
                      0.170794    0.002389    5.814755 v fanout18/A (sky130_fd_sc_hd__buf_4)
    21    0.079858    0.193949    0.427521    6.242276 v fanout18/X (sky130_fd_sc_hd__buf_4)
                                                         net18 (net)
                      0.194005    0.003201    6.245477 v fanout16/A (sky130_fd_sc_hd__clkbuf_4)
     8    0.047705    0.181581    0.417498    6.662975 v fanout16/X (sky130_fd_sc_hd__clkbuf_4)
                                                         net16 (net)
                      0.181586    0.001186    6.664161 v _640_/A (sky130_fd_sc_hd__inv_2)
     1    0.004240    0.065187    0.117335    6.781497 ^ _640_/Y (sky130_fd_sc_hd__inv_2)
                                                         _115_ (net)
                      0.065187    0.000044    6.781541 ^ _724_/RESET_B (sky130_fd_sc_hd__dfrtp_1)
                                              6.781541   data arrival time

                                 25.000000   25.000000   clock wb_clk_i (rise edge)
                                  0.000000   25.000000   clock source latency
     2    0.148439    1.069936    0.800158   25.800158 ^ wb_clk_i (in)
                                                         wb_clk_i (net)
                      1.083672    0.000000   25.800158 ^ clkbuf_0_wb_clk_i/A (sky130_fd_sc_hd__clkbuf_16)
     8    0.085134    0.168748    0.660144   26.460300 ^ clkbuf_0_wb_clk_i/X (sky130_fd_sc_hd__clkbuf_16)
                                                         clknet_0_wb_clk_i (net)
                      0.168771    0.002050   26.462351 ^ clkbuf_3_5__f_wb_clk_i/A (sky130_fd_sc_hd__clkbuf_16)
    13    0.038404    0.092335    0.292641   26.754992 ^ clkbuf_3_5__f_wb_clk_i/X (sky130_fd_sc_hd__clkbuf_16)
                                                         clknet_3_5__leaf_wb_clk_i (net)
                      0.092352    0.001281   26.756273 ^ _724_/CLK (sky130_fd_sc_hd__dfrtp_1)
                                 -0.250000   26.506273   clock uncertainty
                                  0.000000   26.506273   clock reconvergence pessimism
                                  0.471804   26.978077   library recovery time
                                             26.978077   data required time
---------------------------------------------------------------------------------------------
                                             26.978077   data required time
                                             -6.781541   data arrival time
---------------------------------------------------------------------------------------------
                                             20.196537   slack (MET)


Startpoint: _721_ (rising edge-triggered flip-flop clocked by wb_clk_i)
Endpoint: io_out[10] (output port clocked by wb_clk_i)
Path Group: wb_clk_i
Path Type: max

Fanout         Cap        Slew       Delay        Time   Description
---------------------------------------------------------------------------------------------
                                  0.000000    0.000000   clock wb_clk_i (rise edge)
                                  0.000000    0.000000   clock source latency
     2    0.148439    1.069936    0.800158    0.800158 ^ wb_clk_i (in)
                                                         wb_clk_i (net)
                      1.083672    0.000000    0.800158 ^ clkbuf_0_wb_clk_i/A (sky130_fd_sc_hd__clkbuf_16)
     8    0.085134    0.168748    0.660144    1.460302 ^ clkbuf_0_wb_clk_i/X (sky130_fd_sc_hd__clkbuf_16)
                                                         clknet_0_wb_clk_i (net)
                      0.168758    0.001537    1.461839 ^ clkbuf_3_4__f_wb_clk_i/A (sky130_fd_sc_hd__clkbuf_16)
    12    0.034085    0.086117    0.286691    1.748530 ^ clkbuf_3_4__f_wb_clk_i/X (sky130_fd_sc_hd__clkbuf_16)
                                                         clknet_3_4__leaf_wb_clk_i (net)
                      0.086123    0.000806    1.749336 ^ _721_/CLK (sky130_fd_sc_hd__dfrtp_4)
    11    0.043158    0.203498    1.123054    2.872391 v _721_/Q (sky130_fd_sc_hd__dfrtp_4)
                                                         timer.dig_cnt[0] (net)
                      0.203673    0.001020    2.873410 v _568_/A (sky130_fd_sc_hd__or3b_1)
     1    0.003699    0.150876    0.915801    3.789211 v _568_/X (sky130_fd_sc_hd__or3b_1)
                                                         _315_ (net)
                      0.150876    0.000044    3.789256 v _569_/B1 (sky130_fd_sc_hd__o211a_1)
     2    0.015450    0.176223    0.368746    4.158001 v _569_/X (sky130_fd_sc_hd__o211a_1)
                                                         _316_ (net)
                      0.176223    0.000387    4.158389 v _572_/B1 (sky130_fd_sc_hd__o221a_1)
     2    0.005086    0.115235    0.497500    4.655888 v _572_/X (sky130_fd_sc_hd__o221a_1)
                                                         _319_ (net)
                      0.115235    0.000059    4.655947 v _587_/C1 (sky130_fd_sc_hd__a211o_1)
     2    0.009995    0.149063    0.519571    5.175518 v _587_/X (sky130_fd_sc_hd__a211o_1)
                                                         _331_ (net)
                      0.149063    0.000106    5.175623 v _591_/B1 (sky130_fd_sc_hd__a21o_4)
     3    0.186281    0.412651    0.614965    5.790588 v _591_/X (sky130_fd_sc_hd__a21o_4)
                                                         net3 (net)
                      0.503834    0.145002    5.935589 v output3/A (sky130_fd_sc_hd__buf_2)
     1    0.034042    0.166414    0.550657    6.486247 v output3/X (sky130_fd_sc_hd__buf_2)
                                                         io_out[10] (net)
                      0.166414    0.000242    6.486488 v io_out[10] (out)
                                              6.486488   data arrival time

                                 25.000000   25.000000   clock wb_clk_i (rise edge)
                                  0.000000   25.000000   clock network delay (propagated)
                                 -0.250000   24.750000   clock uncertainty
                                  0.000000   24.750000   clock reconvergence pessimism
                                 -5.000000   19.750000   output external delay
                                             19.750000   data required time
---------------------------------------------------------------------------------------------
                                             19.750000   data required time
                                             -6.486488   data arrival time
---------------------------------------------------------------------------------------------
                                             13.263512   slack (MET)




===========================================================================
report_checks --slack_max -0.01
============================================================================
======================= min_ss_100C_1v60 Corner ===================================

No paths found.


===========================================================================
 report_check_types -max_slew -max_cap -max_fanout -violators
============================================================================
======================= min_ss_100C_1v60 Corner ===================================

max slew

Pin                                        Limit        Slew       Slack
------------------------------------------------------------------------
clkbuf_0_wb_clk_i/A                     1.000000    1.083672   -0.083672 (VIOLATED)
ANTENNA_clkbuf_0_wb_clk_i_A/DIODE       1.000000    1.083668   -0.083668 (VIOLATED)
wb_clk_i                                1.000000    1.069936   -0.069936 (VIOLATED)

max fanout

Pin                                   Limit Fanout  Slack
---------------------------------------------------------
fanout14/X                               16     33    -17 (VIOLATED)
fanout18/X                               16     21     -5 (VIOLATED)
fanout19/X                               16     17        (VIOLATED)



===========================================================================
report_parasitic_annotation -report_unannotated
============================================================================
Found 7 unannotated drivers.
 clkload0/X
 clkload1/Y
 clkload2/Y
 clkload3/Y
 clkload4/X
 clkload5/X
 clkload6/Y
Found 0 partially unannotated drivers.

===========================================================================
max slew violation count 3
max fanout violation count 3
max cap violation count 0
============================================================================

===========================================================================
check_setup -verbose -unconstrained_endpoints -multiple_clock -no_clock -no_input_delay -loops -generated_clocks
===========================================================================
