Clock: wb_clk_i
Sources: wb_clk_i 
Generated: no
Virtual: yes
Propagated: no
Period: 25.000000

===========================================================================
report_clock_properties
============================================================================
Clock                   Period          Waveform
----------------------------------------------------
wb_clk_i             25.000000    0.000000 12.500000

===========================================================================
report_clock_latency
============================================================================
Clock wb_clk_i
rise -> rise
    min     max
0.000000 0.000000 source latency
1.748412         network latency _714_/CLK
        1.758221 network latency _707_/CLK
---------------
1.748412 1.758221 latency
        0.009809 skew

fall -> fall
    min     max
0.000000 0.000000 source latency
1.382992         network latency _714_/CLK
        1.391841 network latency _707_/CLK
---------------
1.382992 1.391841 latency
        0.008849 skew



===========================================================================
report_clock_min_period
============================================================================
wb_clk_i period_min = 7.77 fmax = 128.67
