
===========================================================================
report_checks -unconstrained
===========================================================================
======================= min_tt_025C_1v80 Corner ===================================

Startpoint: wb_rst_i (input port clocked by wb_clk_i)
Endpoint: _680_ (recovery check against rising-edge clock wb_clk_i)
Path Group: asynchronous
Path Type: max

Fanout         Cap        Slew       Delay        Time   Description
---------------------------------------------------------------------------------------------
                                  0.000000    0.000000   clock wb_clk_i (rise edge)
                                  0.000000    0.000000   clock network delay (propagated)
                                  5.000000    5.000000 v input external delay
     2    0.008242    0.020652    0.013333    5.013333 v wb_rst_i (in)
                                                         wb_rst_i (net)
                      0.020652    0.000000    5.013333 v input1/A (sky130_fd_sc_hd__buf_8)
     3    0.131840    0.080820    0.149714    5.163046 v input1/X (sky130_fd_sc_hd__buf_8)
                                                         net1 (net)
                      0.163177    0.068683    5.231730 v fanout19/A (sky130_fd_sc_hd__buf_4)
    17    0.067241    0.093131    0.252930    5.484660 v fanout19/X (sky130_fd_sc_hd__buf_4)
                                                         net19 (net)
                      0.093194    0.002349    5.487009 v fanout18/A (sky130_fd_sc_hd__buf_4)
    21    0.078461    0.105291    0.229609    5.716618 v fanout18/X (sky130_fd_sc_hd__buf_4)
                                                         net18 (net)
                      0.105428    0.003144    5.719762 v fanout16/A (sky130_fd_sc_hd__clkbuf_4)
     8    0.047513    0.103234    0.229984    5.949745 v fanout16/X (sky130_fd_sc_hd__clkbuf_4)
                                                         net16 (net)
                      0.103237    0.000691    5.950437 v _596_/A (sky130_fd_sc_hd__inv_2)
     1    0.004456    0.040228    0.068249    6.018686 ^ _596_/Y (sky130_fd_sc_hd__inv_2)
                                                         _071_ (net)
                      0.040228    0.000045    6.018731 ^ _680_/RESET_B (sky130_fd_sc_hd__dfrtp_1)
                                              6.018731   data arrival time

                                 25.000000   25.000000   clock wb_clk_i (rise edge)
                                  0.000000   25.000000   clock source latency
     2    0.148332    0.666405    0.515863   25.515862 ^ wb_clk_i (in)
                                                         wb_clk_i (net)
                      0.689268    0.000000   25.515862 ^ clkbuf_0_wb_clk_i/A (sky130_fd_sc_hd__clkbuf_16)
     8    0.085134    0.110388    0.323977   25.839840 ^ clkbuf_0_wb_clk_i/X (sky130_fd_sc_hd__clkbuf_16)
                                                         clknet_0_wb_clk_i (net)
                      0.110430    0.002048   25.841888 ^ clkbuf_3_5__f_wb_clk_i/A (sky130_fd_sc_hd__clkbuf_16)
    13    0.039628    0.059415    0.165320   26.007208 ^ clkbuf_3_5__f_wb_clk_i/X (sky130_fd_sc_hd__clkbuf_16)
                                                         clknet_3_5__leaf_wb_clk_i (net)
                      0.059415    0.000094   26.007301 ^ _680_/CLK (sky130_fd_sc_hd__dfrtp_1)
                                 -0.250000   25.757303   clock uncertainty
                                  0.000000   25.757303   clock reconvergence pessimism
                                  0.235984   25.993286   library recovery time
                                             25.993286   data required time
---------------------------------------------------------------------------------------------
                                             25.993286   data required time
                                             -6.018731   data arrival time
---------------------------------------------------------------------------------------------
                                             19.974556   slack (MET)


Startpoint: _723_ (rising edge-triggered flip-flop clocked by wb_clk_i)
Endpoint: io_out[10] (output port clocked by wb_clk_i)
Path Group: wb_clk_i
Path Type: max

Fanout         Cap        Slew       Delay        Time   Description
---------------------------------------------------------------------------------------------
                                  0.000000    0.000000   clock wb_clk_i (rise edge)
                                  0.000000    0.000000   clock source latency
     2    0.148332    0.666405    0.515863    0.515863 ^ wb_clk_i (in)
                                                         wb_clk_i (net)
                      0.689268    0.000000    0.515863 ^ clkbuf_0_wb_clk_i/A (sky130_fd_sc_hd__clkbuf_16)
     8    0.085134    0.110388    0.323977    0.839840 ^ clkbuf_0_wb_clk_i/X (sky130_fd_sc_hd__clkbuf_16)
                                                         clknet_0_wb_clk_i (net)
                      0.110430    0.002049    0.841889 ^ clkbuf_3_5__f_wb_clk_i/A (sky130_fd_sc_hd__clkbuf_16)
    13    0.039628    0.059415    0.165320    1.007209 ^ clkbuf_3_5__f_wb_clk_i/X (sky130_fd_sc_hd__clkbuf_16)
                                                         clknet_3_5__leaf_wb_clk_i (net)
                      0.059442    0.001102    1.008311 ^ _723_/CLK (sky130_fd_sc_hd__dfrtp_1)
     1    0.002626    0.043836    0.317879    1.326189 ^ _723_/Q (sky130_fd_sc_hd__dfrtp_1)
                                                         timer.sec_tens[0] (net)
                      0.043836    0.000027    1.326216 ^ hold136/A (sky130_fd_sc_hd__dlygate4sd3_1)
     4    0.012297    0.136916    0.605670    1.931887 ^ hold136/X (sky130_fd_sc_hd__dlygate4sd3_1)
                                                         net155 (net)
                      0.136916    0.000111    1.931998 ^ _333_/A (sky130_fd_sc_hd__inv_2)
     2    0.010134    0.046056    0.062833    1.994831 v _333_/Y (sky130_fd_sc_hd__inv_2)
                                                         _169_ (net)
                      0.046056    0.000148    1.994979 v _576_/A1 (sky130_fd_sc_hd__a21oi_1)
     1    0.009049    0.227178    0.206054    2.201033 ^ _576_/Y (sky130_fd_sc_hd__a21oi_1)
                                                         _323_ (net)
                      0.227178    0.000079    2.201113 ^ _577_/B2 (sky130_fd_sc_hd__o22ai_4)
     6    0.029539    0.124036    0.150030    2.351142 v _577_/Y (sky130_fd_sc_hd__o22ai_4)
                                                         _324_ (net)
                      0.124038    0.000915    2.352057 v _587_/A2 (sky130_fd_sc_hd__a211o_1)
     2    0.009761    0.078670    0.355579    2.707636 v _587_/X (sky130_fd_sc_hd__a211o_1)
                                                         _331_ (net)
                      0.078670    0.000103    2.707739 v _591_/B1 (sky130_fd_sc_hd__a21o_4)
     3    0.186107    0.200235    0.307620    3.015359 v _591_/X (sky130_fd_sc_hd__a21o_4)
                                                         net3 (net)
                      0.351920    0.140042    3.155401 v output3/A (sky130_fd_sc_hd__buf_2)
     1    0.034042    0.092098    0.308979    3.464381 v output3/X (sky130_fd_sc_hd__buf_2)
                                                         io_out[10] (net)
                      0.092098    0.000242    3.464623 v io_out[10] (out)
                                              3.464623   data arrival time

                                 25.000000   25.000000   clock wb_clk_i (rise edge)
                                  0.000000   25.000000   clock network delay (propagated)
                                 -0.250000   24.750000   clock uncertainty
                                  0.000000   24.750000   clock reconvergence pessimism
                                 -5.000000   19.750000   output external delay
                                             19.750000   data required time
---------------------------------------------------------------------------------------------
                                             19.750000   data required time
                                             -3.464623   data arrival time
---------------------------------------------------------------------------------------------
                                             16.285378   slack (MET)




===========================================================================
report_checks --slack_max -0.01
============================================================================
======================= min_tt_025C_1v80 Corner ===================================

No paths found.


===========================================================================
 report_check_types -max_slew -max_cap -max_fanout -violators
============================================================================
======================= min_tt_025C_1v80 Corner ===================================

max fanout

Pin                                   Limit Fanout  Slack
---------------------------------------------------------
fanout14/X                               16     33    -17 (VIOLATED)
fanout18/X                               16     21     -5 (VIOLATED)
fanout19/X                               16     17        (VIOLATED)



===========================================================================
report_parasitic_annotation -report_unannotated
============================================================================
Found 7 unannotated drivers.
 clkload0/X
 clkload1/Y
 clkload2/Y
 clkload3/Y
 clkload4/X
 clkload5/X
 clkload6/Y
Found 0 partially unannotated drivers.

===========================================================================
max slew violation count 0
max fanout violation count 3
max cap violation count 0
============================================================================

===========================================================================
check_setup -verbose -unconstrained_endpoints -multiple_clock -no_clock -no_input_delay -loops -generated_clocks
===========================================================================
