Clock: wb_clk_i
Sources: wb_clk_i 
Generated: no
Virtual: yes
Propagated: no
Period: 25.000000

===========================================================================
report_clock_properties
============================================================================
Clock                   Period          Waveform
----------------------------------------------------
wb_clk_i             25.000000    0.000000 12.500000

===========================================================================
report_clock_latency
============================================================================
Clock wb_clk_i
rise -> rise
    min     max
0.000000 0.000000 source latency
1.003418         network latency _714_/CLK
        1.009091 network latency _707_/CLK
---------------
1.003418 1.009091 latency
        0.005672 skew

fall -> fall
    min     max
0.000000 0.000000 source latency
0.774536         network latency _714_/CLK
        0.779301 network latency _686_/CLK
---------------
0.774536 0.779301 latency
        0.004765 skew



===========================================================================
report_clock_min_period
============================================================================
wb_clk_i period_min = 3.88 fmax = 257.77
