
===========================================================================
report_checks -unconstrained
===========================================================================
======================= nom_ss_100C_1v60 Corner ===================================

Startpoint: _4020_ (rising edge-triggered flip-flop clocked by clk)
Endpoint: _3685_ (recovery check against rising-edge clock clk)
Path Group: asynchronous
Path Type: max

Fanout         Cap        Slew       Delay        Time   Description
---------------------------------------------------------------------------------------------
                                  0.000000    0.000000   clock clk (rise edge)
                                  0.000000    0.000000   clock source latency
     2    0.186930    1.190000    0.000000    0.000000 ^ gpio_in[38] (in)
                                                         gpio_in[38] (net)
                      1.416623    0.118977    0.118977 ^ clkbuf_0_gpio_in[38]/A (sky130_fd_sc_hd__clkbuf_16)
     5    0.284597    0.447947    0.989635    1.108611 ^ clkbuf_0_gpio_in[38]/X (sky130_fd_sc_hd__clkbuf_16)
                                                         clknet_0_gpio_in[38] (net)
                      0.448228    0.010184    1.118796 ^ clkbuf_1_0_0_gpio_in[38]/A (sky130_fd_sc_hd__clkbuf_8)
     3    0.023823    0.096654    0.428701    1.547497 ^ clkbuf_1_0_0_gpio_in[38]/X (sky130_fd_sc_hd__clkbuf_8)
                                                         clknet_1_0_0_gpio_in[38] (net)
                      0.096732    0.002680    1.550177 ^ clkbuf_1_0_1_gpio_in[38]/A (sky130_fd_sc_hd__clkbuf_8)
     5    0.078961    0.225820    0.369854    1.920031 ^ clkbuf_1_0_1_gpio_in[38]/X (sky130_fd_sc_hd__clkbuf_8)
                                                         clknet_1_0_1_gpio_in[38] (net)
                      0.228197    0.019523    1.939554 ^ clkbuf_2_1_0_gpio_in[38]/A (sky130_fd_sc_hd__clkbuf_8)
     5    0.068990    0.201394    0.415427    2.354981 ^ clkbuf_2_1_0_gpio_in[38]/X (sky130_fd_sc_hd__clkbuf_8)
                                                         clknet_2_1_0_gpio_in[38] (net)
                      0.203572    0.017573    2.372554 ^ clkbuf_3_2_0_gpio_in[38]/A (sky130_fd_sc_hd__clkbuf_8)
    31    0.371808    0.967690    0.866918    3.239472 ^ clkbuf_3_2_0_gpio_in[38]/X (sky130_fd_sc_hd__clkbuf_8)
                                                         clknet_3_2_0_gpio_in[38] (net)
                      0.969263    0.036608    3.276080 ^ clkbuf_leaf_61_gpio_in[38]/A (sky130_fd_sc_hd__clkbuf_8)
     7    0.057501    0.183403    0.679659    3.955740 ^ clkbuf_leaf_61_gpio_in[38]/X (sky130_fd_sc_hd__clkbuf_8)
                                                         clknet_leaf_61_gpio_in[38] (net)
                      0.183409    0.001387    3.957127 ^ _4020_/CLK (sky130_fd_sc_hd__dfrtp_4)
     3    0.023452    0.174514    0.991044    4.948171 ^ _4020_/Q (sky130_fd_sc_hd__dfrtp_4)
                                                         u_chip_core.fabric_spi_controller.rst_ni (net)
                      0.174541    0.002355    4.950525 ^ hold1389/A (sky130_fd_sc_hd__dlygate4sd3_1)
     3    0.024007    0.384341    1.392013    6.342538 ^ hold1389/X (sky130_fd_sc_hd__dlygate4sd3_1)
                                                         net2844 (net)
                      0.384347    0.002421    6.344959 ^ hold1331/A (sky130_fd_sc_hd__clkbuf_4)
     3    0.052272    0.259821    0.550352    6.895311 ^ hold1331/X (sky130_fd_sc_hd__clkbuf_4)
                                                         net2786 (net)
                      0.260682    0.011380    6.906691 ^ wire1315/A (sky130_fd_sc_hd__buf_12)
     5    0.082728    0.163958    0.343678    7.250369 ^ wire1315/X (sky130_fd_sc_hd__buf_12)
                                                         net1315 (net)
                      0.168671    0.022936    7.273305 ^ wire1314/A (sky130_fd_sc_hd__clkbuf_16)
     5    0.345085    0.489087    0.459584    7.732889 ^ wire1314/X (sky130_fd_sc_hd__clkbuf_16)
                                                         net1314 (net)
                      0.794136    0.339210    8.072099 ^ _1490_/C_N (sky130_fd_sc_hd__nor3b_1)
     1    0.002845    0.283562    0.552372    8.624471 ^ _1490_/Y (sky130_fd_sc_hd__nor3b_1)
                                                         u_chip_core.fabric_config_large.rst_ni (net)
                      0.283562    0.000091    8.624561 ^ hold1168/A (sky130_fd_sc_hd__dlygate4sd3_1)
     1    0.004509    0.114329    1.204075    9.828637 ^ hold1168/X (sky130_fd_sc_hd__dlygate4sd3_1)
                                                         net2623 (net)
                      0.114329    0.000171    9.828808 ^ hold1155/A (sky130_fd_sc_hd__dlygate4sd3_1)
     1    0.003887    0.105635    1.129079   10.957887 ^ hold1155/X (sky130_fd_sc_hd__dlygate4sd3_1)
                                                         net2610 (net)
                      0.105635    0.000138   10.958024 ^ wire1286/A (sky130_fd_sc_hd__dlymetal6s2s_1)
     1    0.005155    0.117443    0.223143   11.181168 ^ wire1286/X (sky130_fd_sc_hd__dlymetal6s2s_1)
                                                         net1286 (net)
                      0.117443    0.000225   11.181392 ^ hold1156/A (sky130_fd_sc_hd__dlygate4sd3_1)
     1    0.004322    0.111868    1.137368   12.318760 ^ hold1156/X (sky130_fd_sc_hd__dlygate4sd3_1)
                                                         net2611 (net)
                      0.111868    0.000164   12.318924 ^ wire1285/A (sky130_fd_sc_hd__clkbuf_2)
     2    0.016394    0.151425    0.283468   12.602392 ^ wire1285/X (sky130_fd_sc_hd__clkbuf_2)
                                                         net1285 (net)
                      0.151426    0.000693   12.603086 ^ fanout1261/A (sky130_fd_sc_hd__buf_12)
    11    0.173376    0.315094    0.409086   13.012171 ^ fanout1261/X (sky130_fd_sc_hd__buf_12)
                                                         net1261 (net)
                      0.319524    0.031425   13.043596 ^ fanout1258/A (sky130_fd_sc_hd__buf_12)
    11    0.405962    0.673248    0.555096   13.598692 ^ fanout1258/X (sky130_fd_sc_hd__buf_12)
                                                         net1258 (net)
                      0.971059    0.382659   13.981352 ^ fanout1257/A (sky130_fd_sc_hd__buf_8)
    11    0.110531    0.288844    0.630916   14.612267 ^ fanout1257/X (sky130_fd_sc_hd__buf_8)
                                                         net1257 (net)
                      0.292197    0.026088   14.638355 ^ fanout1256/A (sky130_fd_sc_hd__buf_8)
    20    0.185263    0.465999    0.547447   15.185802 ^ fanout1256/X (sky130_fd_sc_hd__buf_8)
                                                         net1256 (net)
                      0.466010    0.002178   15.187980 ^ fanout1254/A (sky130_fd_sc_hd__clkbuf_2)
     5    0.030962    0.269696    0.521908   15.709888 ^ fanout1254/X (sky130_fd_sc_hd__clkbuf_2)
                                                         net1254 (net)
                      0.269696    0.000641   15.710528 ^ fanout1252/A (sky130_fd_sc_hd__clkbuf_4)
    10    0.055427    0.272311    0.511960   16.222488 ^ fanout1252/X (sky130_fd_sc_hd__clkbuf_4)
                                                         net1252 (net)
                      0.272330    0.002597   16.225086 ^ _3685_/RESET_B (sky130_fd_sc_hd__dfrtp_4)
                                             16.225086   data arrival time

                                 40.000000   40.000000   clock clk (rise edge)
                                  0.000000   40.000000   clock source latency
     2    0.186930    1.000000    0.000000   40.000000 ^ gpio_in[38] (in)
                                                         gpio_in[38] (net)
                      1.226623    0.107647   40.107647 ^ clkbuf_0_gpio_in[38]/A (sky130_fd_sc_hd__clkbuf_16)
     5    0.284597    0.446668    0.845159   40.952808 ^ clkbuf_0_gpio_in[38]/X (sky130_fd_sc_hd__clkbuf_16)
                                                         clknet_0_gpio_in[38] (net)
                      0.446950    0.009212   40.962017 ^ clkbuf_1_0_0_gpio_in[38]/A (sky130_fd_sc_hd__clkbuf_8)
     3    0.023823    0.096631    0.387367   41.349384 ^ clkbuf_1_0_0_gpio_in[38]/X (sky130_fd_sc_hd__clkbuf_8)
                                                         clknet_1_0_0_gpio_in[38] (net)
                      0.096710    0.002423   41.351807 ^ clkbuf_1_0_1_gpio_in[38]/A (sky130_fd_sc_hd__clkbuf_8)
     5    0.078961    0.225820    0.334619   41.686428 ^ clkbuf_1_0_1_gpio_in[38]/X (sky130_fd_sc_hd__clkbuf_8)
                                                         clknet_1_0_1_gpio_in[38] (net)
                      0.228156    0.017518   41.703945 ^ clkbuf_2_0_0_gpio_in[38]/A (sky130_fd_sc_hd__clkbuf_8)
     5    0.100446    0.277568    0.435282   42.139229 ^ clkbuf_2_0_0_gpio_in[38]/X (sky130_fd_sc_hd__clkbuf_8)
                                                         clknet_2_0_0_gpio_in[38] (net)
                      0.278177    0.009024   42.148251 ^ clkbuf_3_0_0_gpio_in[38]/A (sky130_fd_sc_hd__clkbuf_8)
    19    0.190382    0.503527    0.603265   42.751518 ^ clkbuf_3_0_0_gpio_in[38]/X (sky130_fd_sc_hd__clkbuf_8)
                                                         clknet_3_0_0_gpio_in[38] (net)
                      0.504024    0.012566   42.764084 ^ clkbuf_leaf_65_gpio_in[38]/A (sky130_fd_sc_hd__clkbuf_8)
    11    0.058985    0.179349    0.476096   43.240177 ^ clkbuf_leaf_65_gpio_in[38]/X (sky130_fd_sc_hd__clkbuf_8)
                                                         clknet_leaf_65_gpio_in[38] (net)
                      0.179349    0.000810   43.240990 ^ _3685_/CLK (sky130_fd_sc_hd__dfrtp_4)
                                 -0.100000   43.140991   clock uncertainty
                                  0.233602   43.374592   clock reconvergence pessimism
                                  0.386211   43.760803   library recovery time
                                             43.760803   data required time
---------------------------------------------------------------------------------------------
                                             43.760803   data required time
                                            -16.225086   data arrival time
---------------------------------------------------------------------------------------------
                                             27.535719   slack (MET)


Startpoint: _3669_ (rising edge-triggered flip-flop clocked by clk)
Endpoint: _3652_ (rising edge-triggered flip-flop clocked by clk)
Path Group: clk
Path Type: max

Fanout         Cap        Slew       Delay        Time   Description
---------------------------------------------------------------------------------------------
                                  0.000000    0.000000   clock clk (rise edge)
                                  0.000000    0.000000   clock source latency
     2    0.186930    1.190000    0.000000    0.000000 ^ gpio_in[38] (in)
                                                         gpio_in[38] (net)
                      1.416623    0.118977    0.118977 ^ clkbuf_0_gpio_in[38]/A (sky130_fd_sc_hd__clkbuf_16)
     5    0.284597    0.447947    0.989635    1.108611 ^ clkbuf_0_gpio_in[38]/X (sky130_fd_sc_hd__clkbuf_16)
                                                         clknet_0_gpio_in[38] (net)
                      0.465352    0.073037    1.181648 ^ clkbuf_1_1_0_gpio_in[38]/A (sky130_fd_sc_hd__clkbuf_8)
     3    0.085230    0.244030    0.549700    1.731349 ^ clkbuf_1_1_0_gpio_in[38]/X (sky130_fd_sc_hd__clkbuf_8)
                                                         clknet_1_1_0_gpio_in[38] (net)
                      0.247286    0.023691    1.755039 ^ clkbuf_1_1_1_gpio_in[38]/A (sky130_fd_sc_hd__clkbuf_8)
     5    0.094023    0.265700    0.466855    2.221895 ^ clkbuf_1_1_1_gpio_in[38]/X (sky130_fd_sc_hd__clkbuf_8)
                                                         clknet_1_1_1_gpio_in[38] (net)
                      0.268485    0.023042    2.244937 ^ clkbuf_2_3_0_gpio_in[38]/A (sky130_fd_sc_hd__clkbuf_8)
     5    0.079935    0.229000    0.452984    2.697921 ^ clkbuf_2_3_0_gpio_in[38]/X (sky130_fd_sc_hd__clkbuf_8)
                                                         clknet_2_3_0_gpio_in[38] (net)
                      0.231404    0.019785    2.717706 ^ clkbuf_3_6_0_gpio_in[38]/A (sky130_fd_sc_hd__clkbuf_8)
    15    0.237970    0.629488    0.655674    3.373381 ^ clkbuf_3_6_0_gpio_in[38]/X (sky130_fd_sc_hd__clkbuf_8)
                                                         clknet_3_6_0_gpio_in[38] (net)
                      0.639384    0.068542    3.441923 ^ clkbuf_leaf_9_gpio_in[38]/A (sky130_fd_sc_hd__clkbuf_8)
    37    0.095716    0.269871    0.656110    4.098032 ^ clkbuf_leaf_9_gpio_in[38]/X (sky130_fd_sc_hd__clkbuf_8)
                                                         clknet_leaf_9_gpio_in[38] (net)
                      0.269930    0.004069    4.102101 ^ _3669_/CLK (sky130_fd_sc_hd__dfrtp_4)
     5    0.045841    0.208810    1.271251    5.373353 v _3669_/Q (sky130_fd_sc_hd__dfrtp_4)
                                                         u_chip_core.fabric_config_large.row_select[1] (net)
                      0.208810    0.000624    5.373977 v hold1702/A (sky130_fd_sc_hd__dlygate4sd3_1)
     1    0.001753    0.096515    1.231309    6.605285 v hold1702/X (sky130_fd_sc_hd__dlygate4sd3_1)
                                                         net3157 (net)
                      0.096515    0.000035    6.605320 v hold1563/A (sky130_fd_sc_hd__buf_2)
    11    0.077957    0.338227    0.516230    7.121551 v hold1563/X (sky130_fd_sc_hd__buf_2)
                                                         net3018 (net)
                      0.338239    0.002497    7.124048 v _1601_/B (sky130_fd_sc_hd__or2_4)
    11    0.164979    0.407360    0.915314    8.039361 v _1601_/X (sky130_fd_sc_hd__or2_4)
                                                         _0877_ (net)
                      0.407676    0.010010    8.049371 v _1602_/B (sky130_fd_sc_hd__or2_2)
     7    0.050519    0.324226    1.077448    9.126820 v _1602_/X (sky130_fd_sc_hd__or2_2)
                                                         _0878_ (net)
                      0.324245    0.002903    9.129723 v hold1622/A (sky130_fd_sc_hd__dlygate4sd3_1)
     1    0.023967    0.288452    1.530575   10.660297 v hold1622/X (sky130_fd_sc_hd__dlygate4sd3_1)
                                                         net3077 (net)
                      0.288462    0.002139   10.662436 v _1603_/B (sky130_fd_sc_hd__or2_4)
     7    0.222291    0.537177    0.931127   11.593564 v _1603_/X (sky130_fd_sc_hd__or2_4)
                                                         _0879_ (net)
                      0.537256    0.005373   11.598936 v hold1623/A (sky130_fd_sc_hd__dlygate4sd3_1)
     1    0.018238    0.240954    1.592976   13.191912 v hold1623/X (sky130_fd_sc_hd__dlygate4sd3_1)
                                                         net3078 (net)
                      0.240954    0.000744   13.192657 v _1604_/B (sky130_fd_sc_hd__nor2_8)
     3    0.170175    0.975127    0.846785   14.039441 ^ _1604_/Y (sky130_fd_sc_hd__nor2_8)
                                                         _0000_ (net)
                      0.979764    0.057760   14.097201 ^ hold1624/A (sky130_fd_sc_hd__buf_4)
     3    0.076068    0.345222    0.760907   14.858109 ^ hold1624/X (sky130_fd_sc_hd__buf_4)
                                                         net3079 (net)
                      0.346742    0.018513   14.876621 ^ fanout752/A (sky130_fd_sc_hd__buf_12)
    11    0.667316    0.911337    0.592983   15.469604 ^ fanout752/X (sky130_fd_sc_hd__buf_12)
                                                         net752 (net)
                      2.233079    1.093829   16.563435 ^ fanout751/A (sky130_fd_sc_hd__clkbuf_4)
     7    0.038944    0.233884    1.079133   17.642567 ^ fanout751/X (sky130_fd_sc_hd__clkbuf_4)
                                                         net751 (net)
                      0.233885    0.001217   17.643784 ^ fanout750/A (sky130_fd_sc_hd__clkbuf_4)
    10    0.053472    0.263600    0.488667   18.132450 ^ fanout750/X (sky130_fd_sc_hd__clkbuf_4)
                                                         net750 (net)
                      0.263601    0.001201   18.133652 ^ _2496_/S (sky130_fd_sc_hd__mux2_1)
     1    0.010708    0.185816    0.910097   19.043749 v _2496_/X (sky130_fd_sc_hd__mux2_1)
                                                         _0450_ (net)
                      0.185816    0.000359   19.044107 v hold1560/A (sky130_fd_sc_hd__dlygate4sd3_1)
     1    0.007379    0.150551    1.302169   20.346277 v hold1560/X (sky130_fd_sc_hd__dlygate4sd3_1)
                                                         net3015 (net)
                      0.150551    0.000320   20.346596 v _3652_/D (sky130_fd_sc_hd__dfxtp_1)
                                             20.346596   data arrival time

                                 40.000000   40.000000   clock clk (rise edge)
                                  0.000000   40.000000   clock source latency
     2    0.186930    1.000000    0.000000   40.000000 ^ gpio_in[38] (in)
                                                         gpio_in[38] (net)
                      1.226623    0.107647   40.107647 ^ clkbuf_0_gpio_in[38]/A (sky130_fd_sc_hd__clkbuf_16)
     5    0.284597    0.446668    0.845159   40.952808 ^ clkbuf_0_gpio_in[38]/X (sky130_fd_sc_hd__clkbuf_16)
                                                         clknet_0_gpio_in[38] (net)
                      0.464113    0.066034   41.018841 ^ clkbuf_1_1_0_gpio_in[38]/A (sky130_fd_sc_hd__clkbuf_8)
     3    0.085230    0.244017    0.496851   41.515690 ^ clkbuf_1_1_0_gpio_in[38]/X (sky130_fd_sc_hd__clkbuf_8)
                                                         clknet_1_1_0_gpio_in[38] (net)
                      0.247273    0.021434   41.537125 ^ clkbuf_1_1_1_gpio_in[38]/A (sky130_fd_sc_hd__clkbuf_8)
     5    0.094023    0.265699    0.422386   41.959511 ^ clkbuf_1_1_1_gpio_in[38]/X (sky130_fd_sc_hd__clkbuf_8)
                                                         clknet_1_1_1_gpio_in[38] (net)
                      0.269344    0.023711   41.983223 ^ clkbuf_2_2_0_gpio_in[38]/A (sky130_fd_sc_hd__clkbuf_8)
     5    0.069105    0.202195    0.392962   42.376183 ^ clkbuf_2_2_0_gpio_in[38]/X (sky130_fd_sc_hd__clkbuf_8)
                                                         clknet_2_2_0_gpio_in[38] (net)
                      0.204150    0.015117   42.391300 ^ clkbuf_3_5_0_gpio_in[38]/A (sky130_fd_sc_hd__clkbuf_8)
    21    0.284883    0.748312    0.612470   43.003769 ^ clkbuf_3_5_0_gpio_in[38]/X (sky130_fd_sc_hd__clkbuf_8)
                                                         clknet_3_5_0_gpio_in[38] (net)
                      0.843914    0.195090   43.198860 ^ clkbuf_leaf_31_gpio_in[38]/A (sky130_fd_sc_hd__clkbuf_8)
    41    0.093690    0.267506    0.645858   43.844719 ^ clkbuf_leaf_31_gpio_in[38]/X (sky130_fd_sc_hd__clkbuf_8)
                                                         clknet_leaf_31_gpio_in[38] (net)
                      0.267526    0.002395   43.847115 ^ _3652_/CLK (sky130_fd_sc_hd__dfxtp_1)
                                 -0.100000   43.747116   clock uncertainty
                                  0.262383   44.009499   clock reconvergence pessimism
                                 -0.249151   43.760345   library setup time
                                             43.760345   data required time
---------------------------------------------------------------------------------------------
                                             43.760345   data required time
                                            -20.346596   data arrival time
---------------------------------------------------------------------------------------------
                                             23.413750   slack (MET)




===========================================================================
report_checks --slack_max -0.01
============================================================================
======================= nom_ss_100C_1v60 Corner ===================================

No paths found.


===========================================================================
 report_check_types -max_slew -max_cap -max_fanout -violators
============================================================================
======================= nom_ss_100C_1v60 Corner ===================================

max slew

Pin                                        Limit        Slew       Slack
------------------------------------------------------------------------
wire938/A                               1.500000   14.366321  -12.866321 (VIOLATED)
ANTENNA_322/DIODE                       1.500000   14.366283  -12.866283 (VIOLATED)
ANTENNA_wire938_A/DIODE                 1.500000   14.366281  -12.866280 (VIOLATED)
ANTENNA_321/DIODE                       1.500000   14.366223  -12.866223 (VIOLATED)
wire929/A                               1.500000   13.499720  -11.999720 (VIOLATED)
ANTENNA_wire929_A/DIODE                 1.500000   13.499682  -11.999682 (VIOLATED)
wire1037/A                              1.500000    9.294315   -7.794315 (VIOLATED)
ANTENNA_wire1037_A/DIODE                1.500000    9.294232   -7.794232 (VIOLATED)
wire1038/A                              1.500000    6.305558   -4.805558 (VIOLATED)
ANTENNA_4/DIODE                         1.500000    6.305464   -4.805465 (VIOLATED)
ANTENNA_5/DIODE                         1.500000    6.305467   -4.805467 (VIOLATED)
ANTENNA_wire1038_A/DIODE                1.500000    6.305466   -4.805466 (VIOLATED)
ANTENNA_2/DIODE                         1.500000    6.305243   -4.805243 (VIOLATED)
ANTENNA_3/DIODE                         1.500000    6.305226   -4.805227 (VIOLATED)
wire1408/A                              1.500000    5.897367   -4.397366 (VIOLATED)
ANTENNA_wire1408_A/DIODE                1.500000    5.897070   -4.397070 (VIOLATED)
_1504_/A                                1.500000    5.507513   -4.007513 (VIOLATED)
ANTENNA__1504__A/DIODE                  1.500000    5.507481   -4.007482 (VIOLATED)
wire1035/A                              1.500000    5.499763   -3.999762 (VIOLATED)
ANTENNA_wire1035_A/DIODE                1.500000    5.499669   -3.999669 (VIOLATED)
load_slew1433/A                         1.500000    5.041519   -3.541519 (VIOLATED)
ANTENNA_load_slew1433_A/DIODE           1.500000    5.041485   -3.541485 (VIOLATED)
ANTENNA_wire930_X/DIODE                 1.500000    4.956553   -3.456553 (VIOLATED)
wire930/X                               1.500000    4.956520   -3.456520 (VIOLATED)
_1485_/A                                1.500000    4.837363   -3.337363 (VIOLATED)
ANTENNA__1485__A/DIODE                  1.500000    4.837354   -3.337354 (VIOLATED)
_1535_/X                                1.499543    4.791288   -3.291745 (VIOLATED)
ANTENNA__1535__X/DIODE                  1.500000    4.791361   -3.291361 (VIOLATED)
ANTENNA_wire939_X/DIODE                 1.500000    4.778103   -3.278103 (VIOLATED)
wire939/X                               1.500000    4.778071   -3.278071 (VIOLATED)
_1509_/A                                1.500000    4.740923   -3.240923 (VIOLATED)
ANTENNA__1509__A/DIODE                  1.500000    4.740501   -3.240501 (VIOLATED)
wire947/A                               1.500000    4.407393   -2.907394 (VIOLATED)
ANTENNA_197/DIODE                       1.500000    4.407388   -2.907388 (VIOLATED)
ANTENNA_198/DIODE                       1.500000    4.407381   -2.907381 (VIOLATED)
ANTENNA_wire947_A/DIODE                 1.500000    4.407383   -2.907383 (VIOLATED)
ANTENNA_199/DIODE                       1.500000    4.407378   -2.907378 (VIOLATED)
ANTENNA_200/DIODE                       1.500000    4.407374   -2.907374 (VIOLATED)
ANTENNA_201/DIODE                       1.500000    4.407370   -2.907370 (VIOLATED)
ANTENNA_202/DIODE                       1.500000    4.407365   -2.907365 (VIOLATED)
_1510_/A                                1.500000    4.328321   -2.828321 (VIOLATED)
ANTENNA__1510__A/DIODE                  1.500000    4.328304   -2.828304 (VIOLATED)
ANTENNA_wire948_X/DIODE                 1.500000    4.241776   -2.741776 (VIOLATED)
wire948/X                               1.500000    4.241768   -2.741768 (VIOLATED)
_1536_/X                                1.499543    4.185734   -2.686191 (VIOLATED)
ANTENNA__1536__X/DIODE                  1.500000    4.185748   -2.685748 (VIOLATED)
_1503_/A                                1.500000    3.488069   -1.988069 (VIOLATED)
ANTENNA__1503__A/DIODE                  1.500000    3.488040   -1.988040 (VIOLATED)
wire907/A                               1.500000    3.368431   -1.868431 (VIOLATED)
ANTENNA_wire907_A/DIODE                 1.500000    3.368424   -1.868425 (VIOLATED)
wire871/A                               1.500000    3.340159   -1.840159 (VIOLATED)
ANTENNA_wire871_A/DIODE                 1.500000    3.340140   -1.840140 (VIOLATED)
ANTENNA__1576__Y/DIODE                  1.500000    3.325356   -1.825356 (VIOLATED)
_1576_/Y                                1.500000    3.325356   -1.825356 (VIOLATED)
_1506_/A                                1.500000    3.320519   -1.820519 (VIOLATED)
ANTENNA__1506__A/DIODE                  1.500000    3.320508   -1.820508 (VIOLATED)
ANTENNA__1580__Y/DIODE                  1.500000    3.304674   -1.804675 (VIOLATED)
_1580_/Y                                1.500000    3.304674   -1.804675 (VIOLATED)
_1505_/A                                1.500000    3.224524   -1.724525 (VIOLATED)
ANTENNA__1505__A/DIODE                  1.500000    3.224500   -1.724500 (VIOLATED)
wire1430/A                              1.500000    3.104677   -1.604677 (VIOLATED)
ANTENNA_wire1430_A/DIODE                1.500000    3.104619   -1.604619 (VIOLATED)
wire1028/A                              1.500000    2.911871   -1.411871 (VIOLATED)
ANTENNA_wire1028_A/DIODE                1.500000    2.911754   -1.411754 (VIOLATED)
wire1025/A                              1.500000    2.908711   -1.408711 (VIOLATED)
ANTENNA_wire1025_A/DIODE                1.500000    2.908701   -1.408701 (VIOLATED)
_1545_/X                                1.498428    2.870445   -1.372017 (VIOLATED)
ANTENNA_1/DIODE                         1.500000    2.870450   -1.370450 (VIOLATED)
ANTENNA__1545__X/DIODE                  1.500000    2.870450   -1.370450 (VIOLATED)
ANTENNA__2503__A1/DIODE                 1.500000    2.838168   -1.338168 (VIOLATED)
_2503_/A1                               1.500000    2.838141   -1.338141 (VIOLATED)
_2502_/A1                               1.500000    2.821054   -1.321054 (VIOLATED)
ANTENNA__2502__A1/DIODE                 1.500000    2.821010   -1.321010 (VIOLATED)
ANTENNA__2482__A1/DIODE                 1.500000    2.479793   -0.979793 (VIOLATED)
_2482_/A1                               1.500000    2.479794   -0.979794 (VIOLATED)
ANTENNA__2476__A1/DIODE                 1.500000    2.435394   -0.935394 (VIOLATED)
_2476_/A1                               1.500000    2.435373   -0.935373 (VIOLATED)
ANTENNA__2504__A1/DIODE                 1.500000    2.432859   -0.932859 (VIOLATED)
_2504_/A1                               1.500000    2.432849   -0.932849 (VIOLATED)
wire1023/A                              1.500000    2.424358   -0.924358 (VIOLATED)
ANTENNA_wire1023_A/DIODE                1.500000    2.424319   -0.924319 (VIOLATED)
_1546_/X                                1.498428    2.409219   -0.910791 (VIOLATED)
ANTENNA__1546__X/DIODE                  1.500000    2.409223   -0.909223 (VIOLATED)
_2479_/A1                               1.500000    2.342265   -0.842265 (VIOLATED)
ANTENNA__2479__A1/DIODE                 1.500000    2.342223   -0.842223 (VIOLATED)
ANTENNA__2505__A1/DIODE                 1.500000    2.315851   -0.815851 (VIOLATED)
_2505_/A1                               1.500000    2.315839   -0.815839 (VIOLATED)
ANTENNA_fanout1129_A/DIODE              1.500000    2.314114   -0.814114 (VIOLATED)
fanout1129/A                            1.500000    2.300826   -0.800826 (VIOLATED)
_2487_/A1                               1.500000    2.300230   -0.800230 (VIOLATED)
ANTENNA__2487__A1/DIODE                 1.500000    2.300225   -0.800225 (VIOLATED)
_2480_/A1                               1.500000    2.253566   -0.753566 (VIOLATED)
ANTENNA__2480__A1/DIODE                 1.500000    2.253546   -0.753546 (VIOLATED)
ANTENNA_fanout1123_A/DIODE              1.500000    2.238336   -0.738336 (VIOLATED)
fanout1123/A                            1.500000    2.235405   -0.735405 (VIOLATED)
fanout751/A                             1.500000    2.233079   -0.733079 (VIOLATED)
ANTENNA_fanout751_A/DIODE               1.500000    2.233057   -0.733058 (VIOLATED)
_2488_/S                                1.500000    2.232677   -0.732677 (VIOLATED)
ANTENNA__2488__S/DIODE                  1.500000    2.232426   -0.732426 (VIOLATED)
ANTENNA__2487__S/DIODE                  1.500000    2.232062   -0.732062 (VIOLATED)
_2487_/S                                1.500000    2.231723   -0.731723 (VIOLATED)
fanout749/A                             1.500000    2.231039   -0.731039 (VIOLATED)
ANTENNA_fanout749_A/DIODE               1.500000    2.230974   -0.730974 (VIOLATED)
ANTENNA__2492__A1/DIODE                 1.500000    2.214604   -0.714604 (VIOLATED)
_2492_/A1                               1.500000    2.214543   -0.714543 (VIOLATED)
wire1062/A                              1.500000    2.204605   -0.704605 (VIOLATED)
ANTENNA_wire1062_A/DIODE                1.500000    2.204337   -0.704337 (VIOLATED)
_2485_/A1                               1.500000    2.201325   -0.701325 (VIOLATED)
ANTENNA__2485__A1/DIODE                 1.500000    2.201322   -0.701322 (VIOLATED)
fanout1231/A                            1.500000    2.197700   -0.697700 (VIOLATED)
ANTENNA_fanout1231_A/DIODE              1.500000    2.197389   -0.697389 (VIOLATED)
_2481_/A1                               1.500000    2.195278   -0.695279 (VIOLATED)
ANTENNA__2481__A1/DIODE                 1.500000    2.195235   -0.695235 (VIOLATED)
wire1421/A                              1.500000    2.188101   -0.688101 (VIOLATED)
ANTENNA_146/DIODE                       1.500000    2.188038   -0.688038 (VIOLATED)
ANTENNA_wire1421_A/DIODE                1.500000    2.188035   -0.688035 (VIOLATED)
ANTENNA_147/DIODE                       1.500000    2.188034   -0.688034 (VIOLATED)
ANTENNA_145/DIODE                       1.500000    2.187997   -0.687997 (VIOLATED)
ANTENNA_144/DIODE                       1.500000    2.187994   -0.687994 (VIOLATED)
_2483_/A1                               1.500000    2.168122   -0.668122 (VIOLATED)
ANTENNA__2483__A1/DIODE                 1.500000    2.168089   -0.668089 (VIOLATED)
_2494_/A1                               1.500000    2.151174   -0.651174 (VIOLATED)
ANTENNA__2494__A1/DIODE                 1.500000    2.151128   -0.651128 (VIOLATED)
_2478_/A1                               1.500000    2.130447   -0.630447 (VIOLATED)
ANTENNA__2478__A1/DIODE                 1.500000    2.130436   -0.630436 (VIOLATED)
_1508_/A                                1.500000    2.130223   -0.630223 (VIOLATED)
ANTENNA__1508__A/DIODE                  1.500000    2.130217   -0.630217 (VIOLATED)
ANTENNA__2477__A1/DIODE                 1.500000    2.116479   -0.616480 (VIOLATED)
_2477_/A1                               1.500000    2.116466   -0.616466 (VIOLATED)
fanout1126/A                            1.500000    2.113995   -0.613995 (VIOLATED)
ANTENNA_fanout1126_A/DIODE              1.500000    2.113445   -0.613445 (VIOLATED)
wire861/A                               1.500000    2.079496   -0.579496 (VIOLATED)
ANTENNA_wire861_A/DIODE                 1.500000    2.079490   -0.579490 (VIOLATED)
ANTENNA_wire862_X/DIODE                 1.500000    2.074468   -0.574468 (VIOLATED)
wire862/X                               1.500000    2.074465   -0.574465 (VIOLATED)
_1444_/X                                1.493092    2.051965   -0.558873 (VIOLATED)
wire1303/A                              1.500000    2.054473   -0.554473 (VIOLATED)
ANTENNA_wire1303_A/DIODE                1.500000    2.054469   -0.554469 (VIOLATED)
ANTENNA__1444__X/DIODE                  1.500000    2.051969   -0.551969 (VIOLATED)
fanout1122/A                            1.500000    2.050229   -0.550229 (VIOLATED)
ANTENNA_fanout1122_A/DIODE              1.500000    2.049955   -0.549955 (VIOLATED)
wire928/A                               1.500000    2.011929   -0.511929 (VIOLATED)
ANTENNA_wire928_A/DIODE                 1.500000    2.011755   -0.511755 (VIOLATED)
_2495_/A1                               1.500000    2.003730   -0.503730 (VIOLATED)
ANTENNA__2495__A1/DIODE                 1.500000    2.003685   -0.503685 (VIOLATED)
wire1026/A                              1.500000    1.991820   -0.491820 (VIOLATED)
ANTENNA_wire1026_A/DIODE                1.500000    1.991750   -0.491750 (VIOLATED)
wire879/A                               1.500000    1.985616   -0.485616 (VIOLATED)
ANTENNA_wire879_A/DIODE                 1.500000    1.985609   -0.485609 (VIOLATED)
wire1032/A                              1.500000    1.979387   -0.479387 (VIOLATED)
ANTENNA_wire1032_A/DIODE                1.500000    1.979287   -0.479287 (VIOLATED)
fanout1207/A                            1.500000    1.972682   -0.472682 (VIOLATED)
ANTENNA_fanout1207_A/DIODE              1.500000    1.972598   -0.472598 (VIOLATED)
_2493_/A1                               1.500000    1.971689   -0.471689 (VIOLATED)
ANTENNA__2493__A1/DIODE                 1.500000    1.971658   -0.471658 (VIOLATED)
ANTENNA_wire880_X/DIODE                 1.500000    1.971597   -0.471597 (VIOLATED)
wire880/X                               1.500000    1.971585   -0.471585 (VIOLATED)
wire897/A                               1.500000    1.941912   -0.441912 (VIOLATED)
ANTENNA_wire897_A/DIODE                 1.500000    1.941897   -0.441897 (VIOLATED)
fanout1298/A                            1.500000    1.934196   -0.434196 (VIOLATED)
ANTENNA_fanout1298_A/DIODE              1.500000    1.933954   -0.433954 (VIOLATED)
ANTENNA_261/DIODE                       1.500000    1.929031   -0.429031 (VIOLATED)
load_slew1391/A                         1.500000    1.928429   -0.428429 (VIOLATED)
ANTENNA_263/DIODE                       1.500000    1.923875   -0.423875 (VIOLATED)
ANTENNA_262/DIODE                       1.500000    1.923874   -0.423874 (VIOLATED)
ANTENNA_load_slew1391_A/DIODE           1.500000    1.923867   -0.423867 (VIOLATED)
ANTENNA_260/DIODE                       1.500000    1.923845   -0.423845 (VIOLATED)
ANTENNA_184/DIODE                       1.500000    1.918106   -0.418106 (VIOLATED)
ANTENNA_wire898_X/DIODE                 1.500000    1.918101   -0.418101 (VIOLATED)
ANTENNA_183/DIODE                       1.500000    1.918095   -0.418095 (VIOLATED)
ANTENNA_185/DIODE                       1.500000    1.918090   -0.418090 (VIOLATED)
wire898/X                               1.500000    1.918036   -0.418037 (VIOLATED)
fanout1225/A                            1.500000    1.910964   -0.410964 (VIOLATED)
ANTENNA_fanout1225_A/DIODE              1.500000    1.910728   -0.410728 (VIOLATED)
fanout1293/A                            1.500000    1.902331   -0.402331 (VIOLATED)
ANTENNA_fanout1293_A/DIODE              1.500000    1.902218   -0.402218 (VIOLATED)
_1541_/X                                1.499543    1.898465   -0.398922 (VIOLATED)
_2491_/A1                               1.500000    1.898803   -0.398803 (VIOLATED)
ANTENNA__2491__A1/DIODE                 1.500000    1.898783   -0.398783 (VIOLATED)
ANTENNA__1541__X/DIODE                  1.500000    1.898491   -0.398491 (VIOLATED)
_2475_/A1                               1.500000    1.884601   -0.384601 (VIOLATED)
ANTENNA__2475__A1/DIODE                 1.500000    1.884595   -0.384595 (VIOLATED)
wire828/A                               1.500000    1.866557   -0.366557 (VIOLATED)
ANTENNA_wire828_A/DIODE                 1.500000    1.866478   -0.366478 (VIOLATED)
_1501_/A                                1.500000    1.851487   -0.351487 (VIOLATED)
ANTENNA__1501__A/DIODE                  1.500000    1.851482   -0.351482 (VIOLATED)
_1498_/A                                1.500000    1.847107   -0.347107 (VIOLATED)
ANTENNA__1498__A/DIODE                  1.500000    1.847086   -0.347086 (VIOLATED)
fanout1192/A                            1.500000    1.843668   -0.343668 (VIOLATED)
ANTENNA_fanout1192_A/DIODE              1.500000    1.843367   -0.343367 (VIOLATED)
wire1010/A                              1.500000    1.833983   -0.333983 (VIOLATED)
ANTENNA_wire1010_A/DIODE                1.500000    1.833918   -0.333918 (VIOLATED)
fanout1216/A                            1.500000    1.816726   -0.316726 (VIOLATED)
ANTENNA_fanout1216_A/DIODE              1.500000    1.816555   -0.316555 (VIOLATED)
_2489_/A1                               1.500000    1.811820   -0.311820 (VIOLATED)
ANTENNA__2489__A1/DIODE                 1.500000    1.811786   -0.311786 (VIOLATED)
ANTENNA__1553__X/DIODE                  1.500000    1.810406   -0.310406 (VIOLATED)
_1553_/X                                1.500000    1.810401   -0.310401 (VIOLATED)
ANTENNA_wire1392_X/DIODE                1.500000    1.797832   -0.297832 (VIOLATED)
wire1392/X                              1.500000    1.797780   -0.297780 (VIOLATED)
fanout1177/A                            1.500000    1.785209   -0.285209 (VIOLATED)
ANTENNA_fanout1177_A/DIODE              1.500000    1.784974   -0.284974 (VIOLATED)
fanout1290/A                            1.500000    1.774337   -0.274337 (VIOLATED)
ANTENNA_fanout1290_A/DIODE              1.500000    1.774089   -0.274089 (VIOLATED)
_2486_/A1                               1.500000    1.771728   -0.271728 (VIOLATED)
ANTENNA__2486__A1/DIODE                 1.500000    1.771717   -0.271717 (VIOLATED)
fanout1198/A                            1.500000    1.771125   -0.271125 (VIOLATED)
ANTENNA_fanout1198_A/DIODE              1.500000    1.770726   -0.270726 (VIOLATED)
fanout1210/A                            1.500000    1.750898   -0.250898 (VIOLATED)
ANTENNA_fanout1210_A/DIODE              1.500000    1.750740   -0.250740 (VIOLATED)
_1499_/A                                1.500000    1.745483   -0.245483 (VIOLATED)
ANTENNA__1499__A/DIODE                  1.500000    1.745482   -0.245483 (VIOLATED)
wire1057/A                              1.500000    1.745120   -0.245120 (VIOLATED)
ANTENNA_wire1057_A/DIODE                1.500000    1.745090   -0.245090 (VIOLATED)
fanout1204/A                            1.500000    1.736836   -0.236836 (VIOLATED)
ANTENNA_fanout1204_A/DIODE              1.500000    1.729433   -0.229433 (VIOLATED)
ANTENNA__2488__A1/DIODE                 1.500000    1.725780   -0.225780 (VIOLATED)
_2488_/A1                               1.500000    1.725780   -0.225780 (VIOLATED)
ANTENNA_228/DIODE                       1.500000    1.709890   -0.209891 (VIOLATED)
ANTENNA_226/DIODE                       1.500000    1.709870   -0.209870 (VIOLATED)
ANTENNA_224/DIODE                       1.500000    1.709850   -0.209850 (VIOLATED)
ANTENNA_222/DIODE                       1.500000    1.709831   -0.209831 (VIOLATED)
ANTENNA_221/DIODE                       1.500000    1.709813   -0.209813 (VIOLATED)
ANTENNA_wire1029_X/DIODE                1.500000    1.709796   -0.209796 (VIOLATED)
ANTENNA_223/DIODE                       1.500000    1.709779   -0.209779 (VIOLATED)
ANTENNA_225/DIODE                       1.500000    1.709779   -0.209779 (VIOLATED)
ANTENNA_227/DIODE                       1.500000    1.709779   -0.209779 (VIOLATED)
ANTENNA_229/DIODE                       1.500000    1.709779   -0.209779 (VIOLATED)
wire1029/X                              1.500000    1.709585   -0.209585 (VIOLATED)
fanout1171/A                            1.500000    1.708606   -0.208606 (VIOLATED)
ANTENNA_fanout1171_A/DIODE              1.500000    1.708437   -0.208437 (VIOLATED)
ANTENNA__2490__A1/DIODE                 1.500000    1.698429   -0.198429 (VIOLATED)
_2490_/A1                               1.500000    1.698421   -0.198421 (VIOLATED)
ANTENNA_234/DIODE                       1.500000    1.698397   -0.198397 (VIOLATED)
_2851_/B2                               1.500000    1.690562   -0.190562 (VIOLATED)
ANTENNA__2851__B2/DIODE                 1.500000    1.690475   -0.190475 (VIOLATED)
wire1030/A                              1.500000    1.685840   -0.185840 (VIOLATED)
ANTENNA_wire1030_A/DIODE                1.500000    1.685773   -0.185774 (VIOLATED)
_2845_/B2                               1.500000    1.676605   -0.176605 (VIOLATED)
ANTENNA__2845__B2/DIODE                 1.500000    1.676470   -0.176470 (VIOLATED)
fanout1213/A                            1.500000    1.674446   -0.174446 (VIOLATED)
ANTENNA_fanout1213_A/DIODE              1.500000    1.674134   -0.174134 (VIOLATED)
fanout1219/A                            1.500000    1.672311   -0.172311 (VIOLATED)
ANTENNA_fanout1219_A/DIODE              1.500000    1.670820   -0.170820 (VIOLATED)
fanout1222/A                            1.500000    1.655873   -0.155873 (VIOLATED)
ANTENNA_fanout1222_A/DIODE              1.500000    1.655735   -0.155735 (VIOLATED)
_2561_/A1                               1.500000    1.650044   -0.150044 (VIOLATED)
ANTENNA__2561__A1/DIODE                 1.500000    1.650024   -0.150024 (VIOLATED)
fanout1128/A                            1.500000    1.647752   -0.147752 (VIOLATED)
_2594_/A1                               1.500000    1.647398   -0.147399 (VIOLATED)
ANTENNA__2594__A1/DIODE                 1.500000    1.647398   -0.147398 (VIOLATED)
ANTENNA_fanout1128_A/DIODE              1.500000    1.647344   -0.147344 (VIOLATED)
_2567_/A1                               1.500000    1.646993   -0.146993 (VIOLATED)
ANTENNA__2567__A1/DIODE                 1.500000    1.646962   -0.146962 (VIOLATED)
ANTENNA__2627__A1/DIODE                 1.500000    1.640709   -0.140709 (VIOLATED)
_2627_/A1                               1.500000    1.640274   -0.140274 (VIOLATED)
_2600_/A1                               1.500000    1.632031   -0.132032 (VIOLATED)
ANTENNA__2600__A1/DIODE                 1.500000    1.631548   -0.131548 (VIOLATED)
ANTENNA__2850__B2/DIODE                 1.500000    1.628968   -0.128968 (VIOLATED)
_2850_/B2                               1.500000    1.628956   -0.128956 (VIOLATED)
wire887/A                               1.500000    1.624967   -0.124967 (VIOLATED)
ANTENNA_wire887_A/DIODE                 1.500000    1.624853   -0.124853 (VIOLATED)
_2633_/A1                               1.500000    1.624022   -0.124022 (VIOLATED)
ANTENNA__2633__A1/DIODE                 1.500000    1.624005   -0.124005 (VIOLATED)
fanout1195/A                            1.500000    1.622460   -0.122460 (VIOLATED)
ANTENNA_fanout1195_A/DIODE              1.500000    1.622185   -0.122185 (VIOLATED)
_2566_/A1                               1.500000    1.622098   -0.122098 (VIOLATED)
ANTENNA__2566__A1/DIODE                 1.500000    1.622095   -0.122095 (VIOLATED)
ANTENNA_218/DIODE                       1.500000    1.614597   -0.114597 (VIOLATED)
ANTENNA_219/DIODE                       1.500000    1.614597   -0.114597 (VIOLATED)
ANTENNA_220/DIODE                       1.500000    1.614597   -0.114597 (VIOLATED)
ANTENNA_wire1027_X/DIODE                1.500000    1.614597   -0.114597 (VIOLATED)
wire1027/X                              1.500000    1.614573   -0.114573 (VIOLATED)
ANTENNA__2666__A1/DIODE                 1.500000    1.613183   -0.113183 (VIOLATED)
_2666_/A1                               1.500000    1.612644   -0.112644 (VIOLATED)
ANTENNA__2842__B2/DIODE                 1.500000    1.609125   -0.109125 (VIOLATED)
_2842_/B2                               1.500000    1.609072   -0.109072 (VIOLATED)
_2599_/A1                               1.500000    1.607842   -0.107842 (VIOLATED)
ANTENNA__2599__A1/DIODE                 1.500000    1.607649   -0.107649 (VIOLATED)
_4502_/A                                1.500000    1.603844   -0.103844 (VIOLATED)
ANTENNA__4502__A/DIODE                  1.500000    1.603757   -0.103757 (VIOLATED)
_2558_/A1                               1.500000    1.603028   -0.103028 (VIOLATED)
ANTENNA__2558__A1/DIODE                 1.500000    1.603026   -0.103026 (VIOLATED)
_4501_/A                                1.500000    1.601728   -0.101729 (VIOLATED)
ANTENNA__4501__A/DIODE                  1.500000    1.601628   -0.101628 (VIOLATED)
_2660_/A1                               1.500000    1.601605   -0.101605 (VIOLATED)
ANTENNA__2660__A1/DIODE                 1.500000    1.601603   -0.101603 (VIOLATED)
_2484_/A1                               1.500000    1.595756   -0.095756 (VIOLATED)
ANTENNA__2484__A1/DIODE                 1.500000    1.595742   -0.095743 (VIOLATED)
ANTENNA__2841__B2/DIODE                 1.500000    1.595722   -0.095722 (VIOLATED)
_2841_/B2                               1.500000    1.595681   -0.095681 (VIOLATED)
_2591_/A1                               1.500000    1.590086   -0.090086 (VIOLATED)
ANTENNA__2591__A1/DIODE                 1.500000    1.589841   -0.089842 (VIOLATED)
_2693_/A1                               1.500000    1.589628   -0.089628 (VIOLATED)
ANTENNA__2693__A1/DIODE                 1.500000    1.589628   -0.089628 (VIOLATED)
ANTENNA__2849__B2/DIODE                 1.500000    1.584722   -0.084722 (VIOLATED)
_2849_/B2                               1.500000    1.584696   -0.084696 (VIOLATED)
wire838/A                               1.500000    1.582848   -0.082848 (VIOLATED)
ANTENNA_wire838_A/DIODE                 1.500000    1.582702   -0.082702 (VIOLATED)
_2632_/A1                               1.500000    1.582067   -0.082067 (VIOLATED)
ANTENNA__2632__A1/DIODE                 1.500000    1.582063   -0.082063 (VIOLATED)
_2557_/A1                               1.500000    1.578397   -0.078397 (VIOLATED)
ANTENNA__2557__A1/DIODE                 1.500000    1.578395   -0.078395 (VIOLATED)
_2590_/A1                               1.500000    1.576990   -0.076990 (VIOLATED)
ANTENNA__2590__A1/DIODE                 1.500000    1.576954   -0.076954 (VIOLATED)
_2565_/A1                               1.500000    1.576677   -0.076677 (VIOLATED)
ANTENNA__2565__A1/DIODE                 1.500000    1.576200   -0.076200 (VIOLATED)
_2726_/A1                               1.500000    1.574093   -0.074093 (VIOLATED)
ANTENNA__2726__A1/DIODE                 1.500000    1.573088   -0.073088 (VIOLATED)
_2623_/A1                               1.500000    1.571745   -0.071745 (VIOLATED)
ANTENNA__2623__A1/DIODE                 1.500000    1.571741   -0.071741 (VIOLATED)
fanout1174/A                            1.500000    1.571430   -0.071430 (VIOLATED)
ANTENNA_fanout1174_A/DIODE              1.500000    1.571391   -0.071391 (VIOLATED)
_2624_/A1                               1.500000    1.564967   -0.064967 (VIOLATED)
ANTENNA__2624__A1/DIODE                 1.500000    1.564656   -0.064656 (VIOLATED)
_2598_/A1                               1.500000    1.563395   -0.063395 (VIOLATED)
ANTENNA__2598__A1/DIODE                 1.500000    1.563390   -0.063390 (VIOLATED)
_2699_/A1                               1.500000    1.550123   -0.050123 (VIOLATED)
ANTENNA__2699__A1/DIODE                 1.500000    1.549598   -0.049598 (VIOLATED)
wire945/A                               1.500000    1.549157   -0.049157 (VIOLATED)
ANTENNA_wire945_A/DIODE                 1.500000    1.549099   -0.049099 (VIOLATED)
fanout1180/A                            1.500000    1.548180   -0.048180 (VIOLATED)
ANTENNA_fanout1180_A/DIODE              1.500000    1.547905   -0.047905 (VIOLATED)
wire1053/A                              1.500000    1.546904   -0.046904 (VIOLATED)
ANTENNA_wire1053_A/DIODE                1.500000    1.546880   -0.046880 (VIOLATED)
ANTENNA_284/DIODE                       1.500000    1.545795   -0.045795 (VIOLATED)
ANTENNA_282/DIODE                       1.500000    1.545771   -0.045771 (VIOLATED)
ANTENNA_280/DIODE                       1.500000    1.545749   -0.045749 (VIOLATED)
ANTENNA_278/DIODE                       1.500000    1.545728   -0.045728 (VIOLATED)
ANTENNA_276/DIODE                       1.500000    1.545708   -0.045708 (VIOLATED)
ANTENNA_max_cap1404_X/DIODE             1.500000    1.545689   -0.045689 (VIOLATED)
ANTENNA_275/DIODE                       1.500000    1.545671   -0.045671 (VIOLATED)
ANTENNA_285/DIODE                       1.500000    1.545654   -0.045654 (VIOLATED)
ANTENNA_279/DIODE                       1.500000    1.545654   -0.045654 (VIOLATED)
ANTENNA_281/DIODE                       1.500000    1.545654   -0.045654 (VIOLATED)
ANTENNA_283/DIODE                       1.500000    1.545654   -0.045654 (VIOLATED)
ANTENNA_277/DIODE                       1.500000    1.545654   -0.045654 (VIOLATED)
max_cap1404/X                           1.500000    1.545489   -0.045489 (VIOLATED)
ANTENNA__2665__A1/DIODE                 1.500000    1.544883   -0.044884 (VIOLATED)
_2665_/A1                               1.500000    1.544250   -0.044250 (VIOLATED)
_4026_/SET_B                            1.500000    1.541635   -0.041635 (VIOLATED)
ANTENNA__4026__SET_B/DIODE              1.500000    1.541615   -0.041615 (VIOLATED)
_4025_/SET_B                            1.500000    1.540849   -0.040849 (VIOLATED)
ANTENNA__4025__SET_B/DIODE              1.500000    1.540821   -0.040821 (VIOLATED)
_1339_/Y                                1.496266    1.536466   -0.040200 (VIOLATED)
ANTENNA__2843__B2/DIODE                 1.500000    1.540183   -0.040183 (VIOLATED)
_2843_/B2                               1.500000    1.540177   -0.040177 (VIOLATED)
_2656_/A1                               1.500000    1.537677   -0.037677 (VIOLATED)
ANTENNA__2656__A1/DIODE                 1.500000    1.537176   -0.037176 (VIOLATED)
fanout1109/A                            1.500000    1.537130   -0.037130 (VIOLATED)
_1359_/B                                1.500000    1.537125   -0.037125 (VIOLATED)
ANTENNA_fanout1109_A/DIODE              1.500000    1.537125   -0.037125 (VIOLATED)
ANTENNA__1359__B/DIODE                  1.500000    1.537120   -0.037120 (VIOLATED)
ANTENNA__1339__Y/DIODE                  1.500000    1.536466   -0.036466 (VIOLATED)
_2631_/A1                               1.500000    1.536446   -0.036446 (VIOLATED)
ANTENNA__2631__A1/DIODE                 1.500000    1.535833   -0.035833 (VIOLATED)
ANTENNA__1539__A2/DIODE                 1.500000    1.535083   -0.035083 (VIOLATED)
_1539_/A2                               1.500000    1.535070   -0.035070 (VIOLATED)
ANTENNA__1538__A2/DIODE                 1.500000    1.534633   -0.034633 (VIOLATED)
_1538_/A2                               1.500000    1.534623   -0.034623 (VIOLATED)
ANTENNA_fanout1400_A/DIODE              1.500000    1.530629   -0.030629 (VIOLATED)
fanout1400/A                            1.500000    1.530603   -0.030603 (VIOLATED)
fanout1125/A                            1.500000    1.525743   -0.025743 (VIOLATED)
ANTENNA_fanout1125_A/DIODE              1.500000    1.525280   -0.025280 (VIOLATED)
_2657_/A1                               1.500000    1.523957   -0.023957 (VIOLATED)
ANTENNA__2657__A1/DIODE                 1.500000    1.523933   -0.023933 (VIOLATED)
_2689_/A1                               1.500000    1.523896   -0.023896 (VIOLATED)
ANTENNA__2689__A1/DIODE                 1.500000    1.523879   -0.023879 (VIOLATED)
ANTENNA__1540__A2/DIODE                 1.500000    1.521821   -0.021821 (VIOLATED)
_1540_/A2                               1.500000    1.521479   -0.021480 (VIOLATED)
_2559_/A1                               1.500000    1.519760   -0.019760 (VIOLATED)
ANTENNA__2559__A1/DIODE                 1.500000    1.519755   -0.019755 (VIOLATED)
ANTENNA__1575__A2/DIODE                 1.500000    1.519359   -0.019359 (VIOLATED)
_1575_/A2                               1.500000    1.519324   -0.019324 (VIOLATED)
_1534_/B1                               1.500000    1.518706   -0.018706 (VIOLATED)
ANTENNA__1534__B1/DIODE                 1.500000    1.518555   -0.018555 (VIOLATED)
_1569_/B1                               1.500000    1.518483   -0.018483 (VIOLATED)
ANTENNA__1569__B1/DIODE                 1.500000    1.518307   -0.018307 (VIOLATED)
wire1069/A                              1.500000    1.517539   -0.017539 (VIOLATED)
ANTENNA_wire1069_A/DIODE                1.500000    1.517412   -0.017412 (VIOLATED)
fanout1168/A                            1.500000    1.513726   -0.013726 (VIOLATED)
ANTENNA_fanout1168_A/DIODE              1.500000    1.513218   -0.013218 (VIOLATED)
_2592_/A1                               1.500000    1.509454   -0.009454 (VIOLATED)
ANTENNA__2592__A1/DIODE                 1.500000    1.509287   -0.009287 (VIOLATED)
_2844_/B2                               1.500000    1.504064   -0.004064 (VIOLATED)
ANTENNA__2844__B2/DIODE                 1.500000    1.503847   -0.003848 (VIOLATED)

max fanout

Pin                                   Limit Fanout  Slack
---------------------------------------------------------
clkbuf_leaf_10_gpio_in[38]/X             20     49    -29 (VIOLATED)
clkbuf_leaf_11_gpio_in[38]/X             20     49    -29 (VIOLATED)
clkbuf_leaf_17_gpio_in[38]/X             20     47    -27 (VIOLATED)
clkbuf_leaf_22_gpio_in[38]/X             20     47    -27 (VIOLATED)
clkbuf_leaf_35_gpio_in[38]/X             20     47    -27 (VIOLATED)
clkbuf_leaf_3_gpio_in[38]/X              20     45    -25 (VIOLATED)
clkbuf_leaf_15_gpio_in[38]/X             20     43    -23 (VIOLATED)
clkbuf_leaf_25_gpio_in[38]/X             20     43    -23 (VIOLATED)
clkbuf_leaf_27_gpio_in[38]/X             20     43    -23 (VIOLATED)
clkbuf_leaf_2_gpio_in[38]/X              20     43    -23 (VIOLATED)
clkbuf_leaf_32_gpio_in[38]/X             20     43    -23 (VIOLATED)
clkbuf_leaf_16_gpio_in[38]/X             20     41    -21 (VIOLATED)
clkbuf_leaf_21_gpio_in[38]/X             20     41    -21 (VIOLATED)
clkbuf_leaf_31_gpio_in[38]/X             20     41    -21 (VIOLATED)
clkbuf_leaf_41_gpio_in[38]/X             20     41    -21 (VIOLATED)
clkbuf_leaf_53_gpio_in[38]/X             20     41    -21 (VIOLATED)
clkbuf_leaf_1_gpio_in[38]/X              20     39    -19 (VIOLATED)
clkbuf_leaf_12_gpio_in[38]/X             20     37    -17 (VIOLATED)
clkbuf_leaf_49_gpio_in[38]/X             20     37    -17 (VIOLATED)
clkbuf_leaf_52_gpio_in[38]/X             20     37    -17 (VIOLATED)
clkbuf_leaf_9_gpio_in[38]/X              20     37    -17 (VIOLATED)
clkbuf_leaf_13_gpio_in[38]/X             20     35    -15 (VIOLATED)
clkbuf_leaf_57_gpio_in[38]/X             20     35    -15 (VIOLATED)
clkbuf_leaf_50_gpio_in[38]/X             20     33    -13 (VIOLATED)
clkbuf_leaf_59_gpio_in[38]/X             20     33    -13 (VIOLATED)
fanout1194/X                             20     32    -12 (VIOLATED)
clkbuf_3_2_0_gpio_in[38]/X               20     31    -11 (VIOLATED)
clkbuf_leaf_19_gpio_in[38]/X             20     31    -11 (VIOLATED)
clkbuf_leaf_23_gpio_in[38]/X             20     31    -11 (VIOLATED)
max_cap807/X                             20     31    -11 (VIOLATED)
clkbuf_leaf_34_gpio_in[38]/X             20     29     -9 (VIOLATED)
clkbuf_leaf_58_gpio_in[38]/X             20     29     -9 (VIOLATED)
clkbuf_leaf_0_gpio_in[38]/X              20     27     -7 (VIOLATED)
clkbuf_leaf_36_gpio_in[38]/X             20     27     -7 (VIOLATED)
clkbuf_3_3_0_gpio_in[38]/X               20     25     -5 (VIOLATED)
clkbuf_leaf_33_gpio_in[38]/X             20     25     -5 (VIOLATED)
clkbuf_leaf_60_gpio_in[38]/X             20     25     -5 (VIOLATED)
clkbuf_leaf_6_gpio_in[38]/X              20     25     -5 (VIOLATED)
fanout1251/X                             20     24     -4 (VIOLATED)
clkbuf_leaf_28_gpio_in[38]/X             20     23     -3 (VIOLATED)
fanout1186/X                             20     23     -3 (VIOLATED)
fanout1189/X                             20     23     -3 (VIOLATED)
fanout1204/X                             20     23     -3 (VIOLATED)
fanout1234/X                             20     23     -3 (VIOLATED)
gpio_loopback_zero[25]                   20     22     -2 (VIOLATED)
gpio_loopback_zero[26]                   20     22     -2 (VIOLATED)
gpio_loopback_zero[30]                   20     22     -2 (VIOLATED)
gpio_loopback_zero[32]                   20     22     -2 (VIOLATED)
gpio_loopback_zero[38]                   20     22     -2 (VIOLATED)
fanout1185/X                             20     22     -2 (VIOLATED)
fanout1198/X                             20     22     -2 (VIOLATED)
fanout1216/X                             20     22     -2 (VIOLATED)
fanout1344/X                             20     22     -2 (VIOLATED)
clkbuf_3_1_0_gpio_in[38]/X               20     21        (VIOLATED)
clkbuf_3_5_0_gpio_in[38]/X               20     21        (VIOLATED)
fanout1112/X                             20     21        (VIOLATED)
fanout1114/X                             20     21        (VIOLATED)
fanout1116/X                             20     21        (VIOLATED)
fanout1122/X                             20     21        (VIOLATED)
fanout1123/X                             20     21        (VIOLATED)
fanout1125/X                             20     21        (VIOLATED)
fanout1126/X                             20     21        (VIOLATED)
fanout1128/X                             20     21        (VIOLATED)
fanout1129/X                             20     21        (VIOLATED)
fanout1131/X                             20     21        (VIOLATED)
fanout1132/X                             20     21        (VIOLATED)
fanout1137/X                             20     21        (VIOLATED)
fanout1138/X                             20     21        (VIOLATED)
fanout1143/X                             20     21        (VIOLATED)
fanout1144/X                             20     21        (VIOLATED)
fanout1149/X                             20     21        (VIOLATED)
fanout1150/X                             20     21        (VIOLATED)
fanout1155/X                             20     21        (VIOLATED)
fanout1156/X                             20     21        (VIOLATED)
fanout1161/X                             20     21        (VIOLATED)
fanout1162/X                             20     21        (VIOLATED)
fanout1167/X                             20     21        (VIOLATED)
fanout1168/X                             20     21        (VIOLATED)
fanout1170/X                             20     21        (VIOLATED)
fanout1171/X                             20     21        (VIOLATED)
fanout1173/X                             20     21        (VIOLATED)
fanout1174/X                             20     21        (VIOLATED)
fanout1176/X                             20     21        (VIOLATED)
fanout1177/X                             20     21        (VIOLATED)
fanout1179/X                             20     21        (VIOLATED)
fanout1180/X                             20     21        (VIOLATED)
fanout1182/X                             20     21        (VIOLATED)
fanout1183/X                             20     21        (VIOLATED)
fanout1188/X                             20     21        (VIOLATED)
fanout1191/X                             20     21        (VIOLATED)
fanout1192/X                             20     21        (VIOLATED)
fanout1195/X                             20     21        (VIOLATED)
fanout1197/X                             20     21        (VIOLATED)
fanout1200/X                             20     21        (VIOLATED)
fanout1201/X                             20     21        (VIOLATED)
fanout1203/X                             20     21        (VIOLATED)
fanout1206/X                             20     21        (VIOLATED)
fanout1207/X                             20     21        (VIOLATED)
fanout1209/X                             20     21        (VIOLATED)
fanout1210/X                             20     21        (VIOLATED)
fanout1212/X                             20     21        (VIOLATED)
fanout1213/X                             20     21        (VIOLATED)
fanout1215/X                             20     21        (VIOLATED)
fanout1218/X                             20     21        (VIOLATED)
fanout1219/X                             20     21        (VIOLATED)
fanout1221/X                             20     21        (VIOLATED)
fanout1222/X                             20     21        (VIOLATED)
fanout1224/X                             20     21        (VIOLATED)
fanout1225/X                             20     21        (VIOLATED)
fanout1227/X                             20     21        (VIOLATED)
fanout1228/X                             20     21        (VIOLATED)
fanout1230/X                             20     21        (VIOLATED)
fanout1231/X                             20     21        (VIOLATED)
fanout1233/X                             20     21        (VIOLATED)
fanout1244/X                             20     21        (VIOLATED)
fanout1246/X                             20     21        (VIOLATED)
fanout1248/X                             20     21        (VIOLATED)
fanout1249/X                             20     21        (VIOLATED)
fanout1255/X                             20     21        (VIOLATED)
fanout1259/X                             20     21        (VIOLATED)
fanout1260/X                             20     21        (VIOLATED)
fanout1262/X                             20     21        (VIOLATED)
fanout1263/X                             20     21        (VIOLATED)
fanout1266/X                             20     21        (VIOLATED)
fanout1287/X                             20     21        (VIOLATED)
fanout1288/X                             20     21        (VIOLATED)
fanout1291/X                             20     21        (VIOLATED)
fanout1292/X                             20     21        (VIOLATED)
fanout1294/X                             20     21        (VIOLATED)
fanout1295/X                             20     21        (VIOLATED)
fanout1296/X                             20     21        (VIOLATED)
fanout1297/X                             20     21        (VIOLATED)
fanout1307/X                             20     21        (VIOLATED)
fanout1326/X                             20     21        (VIOLATED)
fanout1329/X                             20     21        (VIOLATED)
fanout1332/X                             20     21        (VIOLATED)
fanout1335/X                             20     21        (VIOLATED)
fanout1338/X                             20     21        (VIOLATED)
fanout1341/X                             20     21        (VIOLATED)
fanout1347/X                             20     21        (VIOLATED)
fanout1350/X                             20     21        (VIOLATED)
fanout1353/X                             20     21        (VIOLATED)
fanout1356/X                             20     21        (VIOLATED)
fanout1359/X                             20     21        (VIOLATED)
fanout1362/X                             20     21        (VIOLATED)
fanout1365/X                             20     21        (VIOLATED)
fanout1368/X                             20     21        (VIOLATED)
fanout1371/X                             20     21        (VIOLATED)
fanout1374/X                             20     21        (VIOLATED)
fanout1377/X                             20     21        (VIOLATED)
fanout1380/X                             20     21        (VIOLATED)
fanout1383/X                             20     21        (VIOLATED)
fanout1399/X                             20     21        (VIOLATED)
fanout636/X                              20     21        (VIOLATED)
fanout655/X                              20     21        (VIOLATED)
fanout673/X                              20     21        (VIOLATED)
fanout760/X                              20     21        (VIOLATED)
fanout764/X                              20     21        (VIOLATED)
fanout772/X                              20     21        (VIOLATED)
fanout785/X                              20     21        (VIOLATED)
fanout787/X                              20     21        (VIOLATED)
fanout788/X                              20     21        (VIOLATED)
fanout790/X                              20     21        (VIOLATED)
fanout810/X                              20     21        (VIOLATED)
fanout811/X                              20     21        (VIOLATED)
hold1557/X                               20     21        (VIOLATED)

max capacitance

Pin                                        Limit         Cap       Slack
------------------------------------------------------------------------
wire939/X                               0.353403    1.582372   -1.228969 (VIOLATED)
wire930/X                               0.353403    1.551532   -1.198129 (VIOLATED)
_1536_/X                                0.353403    1.214660   -0.861257 (VIOLATED)
_1535_/X                                0.353403    1.156831   -0.803428 (VIOLATED)
wire948/X                               0.181284    0.514320   -0.333036 (VIOLATED)
_1545_/X                                0.187693    0.359921   -0.172228 (VIOLATED)
_1576_/Y                                0.179453    0.314674   -0.135221 (VIOLATED)
_1580_/Y                                0.179453    0.312892   -0.133439 (VIOLATED)
_1546_/X                                0.187693    0.302872   -0.115179 (VIOLATED)
wire880/X                               0.353403    0.461997   -0.108594 (VIOLATED)
_1541_/X                                0.353403    0.448082   -0.094679 (VIOLATED)
wire898/X                               0.353403    0.447739   -0.094336 (VIOLATED)
wire862/X                               0.181284    0.254592   -0.073308 (VIOLATED)
_1444_/X                                0.099802    0.138891   -0.039089 (VIOLATED)
_1553_/X                                0.189524    0.227820   -0.038296 (VIOLATED)
_1339_/Y                                0.086070    0.088935   -0.002865 (VIOLATED)



===========================================================================
report_parasitic_annotation -report_unannotated
============================================================================
Found 217 unannotated drivers.
 analog_io[0]
 analog_io[10]
 analog_io[11]
 analog_io[12]
 analog_io[13]
 analog_io[14]
 analog_io[15]
 analog_io[16]
 analog_io[17]
 analog_io[18]
 analog_io[19]
 analog_io[1]
 analog_io[20]
 analog_io[21]
 analog_io[22]
 analog_io[23]
 analog_io[24]
 analog_io[25]
 analog_io[26]
 analog_io[27]
 analog_io[28]
 analog_io[29]
 analog_io[2]
 analog_io[30]
 analog_io[31]
 analog_io[32]
 analog_io[33]
 analog_io[34]
 analog_io[35]
 analog_io[36]
 analog_io[37]
 analog_io[38]
 analog_io[39]
 analog_io[3]
 analog_io[40]
 analog_io[41]
 analog_io[42]
 analog_io[43]
 analog_io[4]
 analog_io[5]
 analog_io[6]
 analog_io[7]
 analog_io[8]
 analog_io[9]
 analog_noesd_io[0]
 analog_noesd_io[10]
 analog_noesd_io[11]
 analog_noesd_io[12]
 analog_noesd_io[13]
 analog_noesd_io[14]
 analog_noesd_io[15]
 analog_noesd_io[16]
 analog_noesd_io[17]
 analog_noesd_io[18]
 analog_noesd_io[19]
 analog_noesd_io[1]
 analog_noesd_io[20]
 analog_noesd_io[21]
 analog_noesd_io[22]
 analog_noesd_io[23]
 analog_noesd_io[24]
 analog_noesd_io[25]
 analog_noesd_io[26]
 analog_noesd_io[27]
 analog_noesd_io[28]
 analog_noesd_io[29]
 analog_noesd_io[2]
 analog_noesd_io[30]
 analog_noesd_io[31]
 analog_noesd_io[32]
 analog_noesd_io[33]
 analog_noesd_io[34]
 analog_noesd_io[35]
 analog_noesd_io[36]
 analog_noesd_io[37]
 analog_noesd_io[38]
 analog_noesd_io[39]
 analog_noesd_io[3]
 analog_noesd_io[40]
 analog_noesd_io[41]
 analog_noesd_io[42]
 analog_noesd_io[43]
 analog_noesd_io[4]
 analog_noesd_io[5]
 analog_noesd_io[6]
 analog_noesd_io[7]
 analog_noesd_io[8]
 analog_noesd_io[9]
 gpio_in[14]
 gpio_in[29]
 gpio_in_h[0]
 gpio_in_h[10]
 gpio_in_h[11]
 gpio_in_h[12]
 gpio_in_h[13]
 gpio_in_h[14]
 gpio_in_h[15]
 gpio_in_h[16]
 gpio_in_h[17]
 gpio_in_h[18]
 gpio_in_h[19]
 gpio_in_h[1]
 gpio_in_h[20]
 gpio_in_h[21]
 gpio_in_h[22]
 gpio_in_h[23]
 gpio_in_h[24]
 gpio_in_h[25]
 gpio_in_h[26]
 gpio_in_h[27]
 gpio_in_h[28]
 gpio_in_h[29]
 gpio_in_h[2]
 gpio_in_h[30]
 gpio_in_h[31]
 gpio_in_h[32]
 gpio_in_h[33]
 gpio_in_h[34]
 gpio_in_h[35]
 gpio_in_h[36]
 gpio_in_h[37]
 gpio_in_h[38]
 gpio_in_h[39]
 gpio_in_h[3]
 gpio_in_h[40]
 gpio_in_h[41]
 gpio_in_h[42]
 gpio_in_h[43]
 gpio_in_h[4]
 gpio_in_h[5]
 gpio_in_h[6]
 gpio_in_h[7]
 gpio_in_h[8]
 gpio_in_h[9]
 gpio_loopback_one[0]
 gpio_loopback_zero[0]
 por_l
 porb_h
 porb_l
 resetb_h
 _4019__1454/LO
 clkload0/Y
 clkload1/Y
 clkload10/Y
 clkload11/Y
 clkload12/Y
 clkload13/Y
 clkload14/Y
 clkload15/Y
 clkload16/Y
 clkload17/Y
 clkload18/Y
 clkload19/Y
 clkload2/Y
 clkload20/Y
 clkload21/Y
 clkload22/Y
 clkload23/Y
 clkload24/Y
 clkload25/Y
 clkload26/Y
 clkload27/Y
 clkload28/Y
 clkload29/Y
 clkload3/Y
 clkload30/Y
 clkload31/Y
 clkload32/Y
 clkload33/Y
 clkload34/Y
 clkload35/Y
 clkload36/Y
 clkload37/Y
 clkload38/Y
 clkload39/Y
 clkload4/Y
 clkload40/Y
 clkload41/Y
 clkload42/X
 clkload43/Y
 clkload44/Y
 clkload45/Y
 clkload46/Y
 clkload47/Y
 clkload48/X
 clkload49/Y
 clkload5/Y
 clkload50/Y
 clkload51/Y
 clkload52/X
 clkload53/X
 clkload54/Y
 clkload55/Y
 clkload56/X
 clkload57/Y
 clkload58/Y
 clkload59/X
 clkload6/Y
 clkload60/Y
 clkload61/Y
 clkload62/Y
 clkload7/Y
 clkload8/Y
 clkload9/Y
 openframe_project_wrapper_1442/HI
 openframe_project_wrapper_1443/HI
 openframe_project_wrapper_1444/HI
 openframe_project_wrapper_1445/HI
 openframe_project_wrapper_1446/HI
 openframe_project_wrapper_1447/HI
 openframe_project_wrapper_1448/HI
 openframe_project_wrapper_1449/HI
 openframe_project_wrapper_1450/HI
 openframe_project_wrapper_1451/HI
 openframe_project_wrapper_1452/HI
 openframe_project_wrapper_1453/HI
 openframe_project_wrapper_1455/LO
Found 0 partially unannotated drivers.

===========================================================================
max slew violation count 386
max fanout violation count 166
max cap violation count 16
============================================================================

===========================================================================
check_setup -verbose -unconstrained_endpoints -multiple_clock -no_clock -no_input_delay -loops -generated_clocks
===========================================================================
Warning: There are 300 input ports missing set_input_delay.
  analog_io[0]
  analog_io[10]
  analog_io[11]
  analog_io[12]
  analog_io[13]
  analog_io[14]
  analog_io[15]
  analog_io[16]
  analog_io[17]
  analog_io[18]
  analog_io[19]
  analog_io[1]
  analog_io[20]
  analog_io[21]
  analog_io[22]
  analog_io[23]
  analog_io[24]
  analog_io[25]
  analog_io[26]
  analog_io[27]
  analog_io[28]
  analog_io[29]
  analog_io[2]
  analog_io[30]
  analog_io[31]
  analog_io[32]
  analog_io[33]
  analog_io[34]
  analog_io[35]
  analog_io[36]
  analog_io[37]
  analog_io[38]
  analog_io[39]
  analog_io[3]
  analog_io[40]
  analog_io[41]
  analog_io[42]
  analog_io[43]
  analog_io[4]
  analog_io[5]
  analog_io[6]
  analog_io[7]
  analog_io[8]
  analog_io[9]
  analog_noesd_io[0]
  analog_noesd_io[10]
  analog_noesd_io[11]
  analog_noesd_io[12]
  analog_noesd_io[13]
  analog_noesd_io[14]
  analog_noesd_io[15]
  analog_noesd_io[16]
  analog_noesd_io[17]
  analog_noesd_io[18]
  analog_noesd_io[19]
  analog_noesd_io[1]
  analog_noesd_io[20]
  analog_noesd_io[21]
  analog_noesd_io[22]
  analog_noesd_io[23]
  analog_noesd_io[24]
  analog_noesd_io[25]
  analog_noesd_io[26]
  analog_noesd_io[27]
  analog_noesd_io[28]
  analog_noesd_io[29]
  analog_noesd_io[2]
  analog_noesd_io[30]
  analog_noesd_io[31]
  analog_noesd_io[32]
  analog_noesd_io[33]
  analog_noesd_io[34]
  analog_noesd_io[35]
  analog_noesd_io[36]
  analog_noesd_io[37]
  analog_noesd_io[38]
  analog_noesd_io[39]
  analog_noesd_io[3]
  analog_noesd_io[40]
  analog_noesd_io[41]
  analog_noesd_io[42]
  analog_noesd_io[43]
  analog_noesd_io[4]
  analog_noesd_io[5]
  analog_noesd_io[6]
  analog_noesd_io[7]
  analog_noesd_io[8]
  analog_noesd_io[9]
  gpio_in[0]
  gpio_in[10]
  gpio_in[11]
  gpio_in[12]
  gpio_in[13]
  gpio_in[14]
  gpio_in[15]
  gpio_in[16]
  gpio_in[17]
  gpio_in[18]
  gpio_in[19]
  gpio_in[1]
  gpio_in[20]
  gpio_in[21]
  gpio_in[22]
  gpio_in[23]
  gpio_in[24]
  gpio_in[25]
  gpio_in[26]
  gpio_in[27]
  gpio_in[28]
  gpio_in[29]
  gpio_in[2]
  gpio_in[30]
  gpio_in[31]
  gpio_in[32]
  gpio_in[33]
  gpio_in[34]
  gpio_in[35]
  gpio_in[36]
  gpio_in[37]
  gpio_in[39]
  gpio_in[3]
  gpio_in[40]
  gpio_in[41]
  gpio_in[42]
  gpio_in[43]
  gpio_in[4]
  gpio_in[5]
  gpio_in[6]
  gpio_in[7]
  gpio_in[8]
  gpio_in[9]
  gpio_in_h[0]
  gpio_in_h[10]
  gpio_in_h[11]
  gpio_in_h[12]
  gpio_in_h[13]
  gpio_in_h[14]
  gpio_in_h[15]
  gpio_in_h[16]
  gpio_in_h[17]
  gpio_in_h[18]
  gpio_in_h[19]
  gpio_in_h[1]
  gpio_in_h[20]
  gpio_in_h[21]
  gpio_in_h[22]
  gpio_in_h[23]
  gpio_in_h[24]
  gpio_in_h[25]
  gpio_in_h[26]
  gpio_in_h[27]
  gpio_in_h[28]
  gpio_in_h[29]
  gpio_in_h[2]
  gpio_in_h[30]
  gpio_in_h[31]
  gpio_in_h[32]
  gpio_in_h[33]
  gpio_in_h[34]
  gpio_in_h[35]
  gpio_in_h[36]
  gpio_in_h[37]
  gpio_in_h[38]
  gpio_in_h[39]
  gpio_in_h[3]
  gpio_in_h[40]
  gpio_in_h[41]
  gpio_in_h[42]
  gpio_in_h[43]
  gpio_in_h[4]
  gpio_in_h[5]
  gpio_in_h[6]
  gpio_in_h[7]
  gpio_in_h[8]
  gpio_in_h[9]
  gpio_loopback_one[0]
  gpio_loopback_one[10]
  gpio_loopback_one[11]
  gpio_loopback_one[12]
  gpio_loopback_one[13]
  gpio_loopback_one[14]
  gpio_loopback_one[15]
  gpio_loopback_one[16]
  gpio_loopback_one[17]
  gpio_loopback_one[18]
  gpio_loopback_one[19]
  gpio_loopback_one[1]
  gpio_loopback_one[20]
  gpio_loopback_one[21]
  gpio_loopback_one[22]
  gpio_loopback_one[23]
  gpio_loopback_one[24]
  gpio_loopback_one[25]
  gpio_loopback_one[26]
  gpio_loopback_one[27]
  gpio_loopback_one[28]
  gpio_loopback_one[29]
  gpio_loopback_one[2]
  gpio_loopback_one[30]
  gpio_loopback_one[31]
  gpio_loopback_one[32]
  gpio_loopback_one[33]
  gpio_loopback_one[34]
  gpio_loopback_one[35]
  gpio_loopback_one[36]
  gpio_loopback_one[37]
  gpio_loopback_one[38]
  gpio_loopback_one[39]
  gpio_loopback_one[3]
  gpio_loopback_one[40]
  gpio_loopback_one[41]
  gpio_loopback_one[42]
  gpio_loopback_one[43]
  gpio_loopback_one[4]
  gpio_loopback_one[5]
  gpio_loopback_one[6]
  gpio_loopback_one[7]
  gpio_loopback_one[8]
  gpio_loopback_one[9]
  gpio_loopback_zero[0]
  gpio_loopback_zero[10]
  gpio_loopback_zero[11]
  gpio_loopback_zero[12]
  gpio_loopback_zero[13]
  gpio_loopback_zero[14]
  gpio_loopback_zero[15]
  gpio_loopback_zero[16]
  gpio_loopback_zero[17]
  gpio_loopback_zero[18]
  gpio_loopback_zero[19]
  gpio_loopback_zero[1]
  gpio_loopback_zero[20]
  gpio_loopback_zero[21]
  gpio_loopback_zero[22]
  gpio_loopback_zero[23]
  gpio_loopback_zero[24]
  gpio_loopback_zero[25]
  gpio_loopback_zero[26]
  gpio_loopback_zero[27]
  gpio_loopback_zero[28]
  gpio_loopback_zero[29]
  gpio_loopback_zero[2]
  gpio_loopback_zero[30]
  gpio_loopback_zero[31]
  gpio_loopback_zero[32]
  gpio_loopback_zero[33]
  gpio_loopback_zero[34]
  gpio_loopback_zero[35]
  gpio_loopback_zero[36]
  gpio_loopback_zero[37]
  gpio_loopback_zero[38]
  gpio_loopback_zero[39]
  gpio_loopback_zero[3]
  gpio_loopback_zero[40]
  gpio_loopback_zero[41]
  gpio_loopback_zero[42]
  gpio_loopback_zero[43]
  gpio_loopback_zero[4]
  gpio_loopback_zero[5]
  gpio_loopback_zero[6]
  gpio_loopback_zero[7]
  gpio_loopback_zero[8]
  gpio_loopback_zero[9]
  mask_rev[0]
  mask_rev[10]
  mask_rev[11]
  mask_rev[12]
  mask_rev[13]
  mask_rev[14]
  mask_rev[15]
  mask_rev[16]
  mask_rev[17]
  mask_rev[18]
  mask_rev[19]
  mask_rev[1]
  mask_rev[20]
  mask_rev[21]
  mask_rev[22]
  mask_rev[23]
  mask_rev[24]
  mask_rev[25]
  mask_rev[26]
  mask_rev[27]
  mask_rev[28]
  mask_rev[29]
  mask_rev[2]
  mask_rev[30]
  mask_rev[31]
  mask_rev[3]
  mask_rev[4]
  mask_rev[5]
  mask_rev[6]
  mask_rev[7]
  mask_rev[8]
  mask_rev[9]
  por_l
  porb_h
  porb_l
  resetb_h
  resetb_l
Warning: There are 51 unclocked register/latch pins.
  _3207_/CLK
  _3208_/CLK
  _3209_/CLK
  _3210_/CLK
  _3211_/CLK
  _3212_/CLK
  _3213_/CLK
  _4025_/CLK
  _4026_/CLK
  _4027_/CLK
  _4028_/CLK
  _4029_/CLK
  _4030_/CLK
  _4031_/CLK
  _4032_/CLK
  _4033_/CLK
  _4034_/CLK
  _4035_/CLK
  _4036_/CLK
  _4037_/CLK
  _4038_/CLK
  _4039_/CLK
  _4040_/CLK
  _4041_/CLK
  _4042_/CLK
  _4043_/CLK
  _4044_/CLK
  _4045_/CLK
  _4046_/CLK
  _4047_/CLK
  _4048_/CLK
  _4049_/CLK
  _4050_/CLK
  _4051_/CLK
  _4052_/CLK
  _4053_/CLK
  _4054_/CLK
  _4055_/CLK
  _4056_/CLK
  _4057_/CLK
  _4058_/CLK
  _4059_/CLK
  _4060_/CLK
  _4061_/CLK
  _4062_/CLK
  _4063_/CLK
  _4064_/CLK
  _4065_/CLK
  _4066_/CLK
  _4067_/CLK
  _4068_/CLK
Warning: There are 717 unconstrained endpoints.
  analog_io[0]
  analog_io[10]
  analog_io[11]
  analog_io[12]
  analog_io[13]
  analog_io[14]
  analog_io[15]
  analog_io[16]
  analog_io[17]
  analog_io[18]
  analog_io[19]
  analog_io[1]
  analog_io[20]
  analog_io[21]
  analog_io[22]
  analog_io[23]
  analog_io[24]
  analog_io[25]
  analog_io[26]
  analog_io[27]
  analog_io[28]
  analog_io[29]
  analog_io[2]
  analog_io[30]
  analog_io[31]
  analog_io[32]
  analog_io[33]
  analog_io[34]
  analog_io[35]
  analog_io[36]
  analog_io[37]
  analog_io[38]
  analog_io[39]
  analog_io[3]
  analog_io[40]
  analog_io[41]
  analog_io[42]
  analog_io[43]
  analog_io[4]
  analog_io[5]
  analog_io[6]
  analog_io[7]
  analog_io[8]
  analog_io[9]
  analog_noesd_io[0]
  analog_noesd_io[10]
  analog_noesd_io[11]
  analog_noesd_io[12]
  analog_noesd_io[13]
  analog_noesd_io[14]
  analog_noesd_io[15]
  analog_noesd_io[16]
  analog_noesd_io[17]
  analog_noesd_io[18]
  analog_noesd_io[19]
  analog_noesd_io[1]
  analog_noesd_io[20]
  analog_noesd_io[21]
  analog_noesd_io[22]
  analog_noesd_io[23]
  analog_noesd_io[24]
  analog_noesd_io[25]
  analog_noesd_io[26]
  analog_noesd_io[27]
  analog_noesd_io[28]
  analog_noesd_io[29]
  analog_noesd_io[2]
  analog_noesd_io[30]
  analog_noesd_io[31]
  analog_noesd_io[32]
  analog_noesd_io[33]
  analog_noesd_io[34]
  analog_noesd_io[35]
  analog_noesd_io[36]
  analog_noesd_io[37]
  analog_noesd_io[38]
  analog_noesd_io[39]
  analog_noesd_io[3]
  analog_noesd_io[40]
  analog_noesd_io[41]
  analog_noesd_io[42]
  analog_noesd_io[43]
  analog_noesd_io[4]
  analog_noesd_io[5]
  analog_noesd_io[6]
  analog_noesd_io[7]
  analog_noesd_io[8]
  analog_noesd_io[9]
  gpio_analog_en[0]
  gpio_analog_en[10]
  gpio_analog_en[11]
  gpio_analog_en[12]
  gpio_analog_en[13]
  gpio_analog_en[14]
  gpio_analog_en[15]
  gpio_analog_en[16]
  gpio_analog_en[17]
  gpio_analog_en[18]
  gpio_analog_en[19]
  gpio_analog_en[1]
  gpio_analog_en[20]
  gpio_analog_en[21]
  gpio_analog_en[22]
  gpio_analog_en[23]
  gpio_analog_en[24]
  gpio_analog_en[25]
  gpio_analog_en[26]
  gpio_analog_en[27]
  gpio_analog_en[28]
  gpio_analog_en[29]
  gpio_analog_en[2]
  gpio_analog_en[30]
  gpio_analog_en[31]
  gpio_analog_en[32]
  gpio_analog_en[33]
  gpio_analog_en[34]
  gpio_analog_en[35]
  gpio_analog_en[36]
  gpio_analog_en[37]
  gpio_analog_en[38]
  gpio_analog_en[39]
  gpio_analog_en[3]
  gpio_analog_en[40]
  gpio_analog_en[41]
  gpio_analog_en[42]
  gpio_analog_en[43]
  gpio_analog_en[4]
  gpio_analog_en[5]
  gpio_analog_en[6]
  gpio_analog_en[7]
  gpio_analog_en[8]
  gpio_analog_en[9]
  gpio_analog_pol[0]
  gpio_analog_pol[10]
  gpio_analog_pol[11]
  gpio_analog_pol[12]
  gpio_analog_pol[13]
  gpio_analog_pol[14]
  gpio_analog_pol[15]
  gpio_analog_pol[16]
  gpio_analog_pol[17]
  gpio_analog_pol[18]
  gpio_analog_pol[19]
  gpio_analog_pol[1]
  gpio_analog_pol[20]
  gpio_analog_pol[21]
  gpio_analog_pol[22]
  gpio_analog_pol[23]
  gpio_analog_pol[24]
  gpio_analog_pol[25]
  gpio_analog_pol[26]
  gpio_analog_pol[27]
  gpio_analog_pol[28]
  gpio_analog_pol[29]
  gpio_analog_pol[2]
  gpio_analog_pol[30]
  gpio_analog_pol[31]
  gpio_analog_pol[32]
  gpio_analog_pol[33]
  gpio_analog_pol[34]
  gpio_analog_pol[35]
  gpio_analog_pol[36]
  gpio_analog_pol[37]
  gpio_analog_pol[38]
  gpio_analog_pol[39]
  gpio_analog_pol[3]
  gpio_analog_pol[40]
  gpio_analog_pol[41]
  gpio_analog_pol[42]
  gpio_analog_pol[43]
  gpio_analog_pol[4]
  gpio_analog_pol[5]
  gpio_analog_pol[6]
  gpio_analog_pol[7]
  gpio_analog_pol[8]
  gpio_analog_pol[9]
  gpio_analog_sel[0]
  gpio_analog_sel[10]
  gpio_analog_sel[11]
  gpio_analog_sel[12]
  gpio_analog_sel[13]
  gpio_analog_sel[14]
  gpio_analog_sel[15]
  gpio_analog_sel[16]
  gpio_analog_sel[17]
  gpio_analog_sel[18]
  gpio_analog_sel[19]
  gpio_analog_sel[1]
  gpio_analog_sel[20]
  gpio_analog_sel[21]
  gpio_analog_sel[22]
  gpio_analog_sel[23]
  gpio_analog_sel[24]
  gpio_analog_sel[25]
  gpio_analog_sel[26]
  gpio_analog_sel[27]
  gpio_analog_sel[28]
  gpio_analog_sel[29]
  gpio_analog_sel[2]
  gpio_analog_sel[30]
  gpio_analog_sel[31]
  gpio_analog_sel[32]
  gpio_analog_sel[33]
  gpio_analog_sel[34]
  gpio_analog_sel[35]
  gpio_analog_sel[36]
  gpio_analog_sel[37]
  gpio_analog_sel[38]
  gpio_analog_sel[39]
  gpio_analog_sel[3]
  gpio_analog_sel[40]
  gpio_analog_sel[41]
  gpio_analog_sel[42]
  gpio_analog_sel[43]
  gpio_analog_sel[4]
  gpio_analog_sel[5]
  gpio_analog_sel[6]
  gpio_analog_sel[7]
  gpio_analog_sel[8]
  gpio_analog_sel[9]
  gpio_dm0[0]
  gpio_dm0[10]
  gpio_dm0[11]
  gpio_dm0[12]
  gpio_dm0[13]
  gpio_dm0[14]
  gpio_dm0[15]
  gpio_dm0[16]
  gpio_dm0[17]
  gpio_dm0[18]
  gpio_dm0[19]
  gpio_dm0[1]
  gpio_dm0[20]
  gpio_dm0[21]
  gpio_dm0[22]
  gpio_dm0[23]
  gpio_dm0[24]
  gpio_dm0[25]
  gpio_dm0[26]
  gpio_dm0[27]
  gpio_dm0[28]
  gpio_dm0[29]
  gpio_dm0[2]
  gpio_dm0[30]
  gpio_dm0[31]
  gpio_dm0[32]
  gpio_dm0[33]
  gpio_dm0[34]
  gpio_dm0[35]
  gpio_dm0[36]
  gpio_dm0[37]
  gpio_dm0[38]
  gpio_dm0[39]
  gpio_dm0[3]
  gpio_dm0[40]
  gpio_dm0[41]
  gpio_dm0[42]
  gpio_dm0[43]
  gpio_dm0[4]
  gpio_dm0[5]
  gpio_dm0[6]
  gpio_dm0[7]
  gpio_dm0[8]
  gpio_dm0[9]
  gpio_dm1[0]
  gpio_dm1[10]
  gpio_dm1[11]
  gpio_dm1[12]
  gpio_dm1[13]
  gpio_dm1[14]
  gpio_dm1[15]
  gpio_dm1[16]
  gpio_dm1[17]
  gpio_dm1[18]
  gpio_dm1[19]
  gpio_dm1[1]
  gpio_dm1[20]
  gpio_dm1[21]
  gpio_dm1[22]
  gpio_dm1[23]
  gpio_dm1[24]
  gpio_dm1[25]
  gpio_dm1[26]
  gpio_dm1[27]
  gpio_dm1[28]
  gpio_dm1[29]
  gpio_dm1[2]
  gpio_dm1[30]
  gpio_dm1[31]
  gpio_dm1[32]
  gpio_dm1[33]
  gpio_dm1[34]
  gpio_dm1[35]
  gpio_dm1[36]
  gpio_dm1[37]
  gpio_dm1[38]
  gpio_dm1[39]
  gpio_dm1[3]
  gpio_dm1[40]
  gpio_dm1[41]
  gpio_dm1[42]
  gpio_dm1[43]
  gpio_dm1[4]
  gpio_dm1[5]
  gpio_dm1[6]
  gpio_dm1[7]
  gpio_dm1[8]
  gpio_dm1[9]
  gpio_dm2[0]
  gpio_dm2[10]
  gpio_dm2[11]
  gpio_dm2[12]
  gpio_dm2[13]
  gpio_dm2[14]
  gpio_dm2[15]
  gpio_dm2[16]
  gpio_dm2[17]
  gpio_dm2[18]
  gpio_dm2[19]
  gpio_dm2[1]
  gpio_dm2[20]
  gpio_dm2[21]
  gpio_dm2[22]
  gpio_dm2[23]
  gpio_dm2[24]
  gpio_dm2[25]
  gpio_dm2[26]
  gpio_dm2[27]
  gpio_dm2[28]
  gpio_dm2[29]
  gpio_dm2[2]
  gpio_dm2[30]
  gpio_dm2[31]
  gpio_dm2[32]
  gpio_dm2[33]
  gpio_dm2[34]
  gpio_dm2[35]
  gpio_dm2[36]
  gpio_dm2[37]
  gpio_dm2[38]
  gpio_dm2[39]
  gpio_dm2[3]
  gpio_dm2[40]
  gpio_dm2[41]
  gpio_dm2[42]
  gpio_dm2[43]
  gpio_dm2[4]
  gpio_dm2[5]
  gpio_dm2[6]
  gpio_dm2[7]
  gpio_dm2[8]
  gpio_dm2[9]
  gpio_holdover[0]
  gpio_holdover[10]
  gpio_holdover[11]
  gpio_holdover[12]
  gpio_holdover[13]
  gpio_holdover[14]
  gpio_holdover[15]
  gpio_holdover[16]
  gpio_holdover[17]
  gpio_holdover[18]
  gpio_holdover[19]
  gpio_holdover[1]
  gpio_holdover[20]
  gpio_holdover[21]
  gpio_holdover[22]
  gpio_holdover[23]
  gpio_holdover[24]
  gpio_holdover[25]
  gpio_holdover[26]
  gpio_holdover[27]
  gpio_holdover[28]
  gpio_holdover[29]
  gpio_holdover[2]
  gpio_holdover[30]
  gpio_holdover[31]
  gpio_holdover[32]
  gpio_holdover[33]
  gpio_holdover[34]
  gpio_holdover[35]
  gpio_holdover[36]
  gpio_holdover[37]
  gpio_holdover[38]
  gpio_holdover[39]
  gpio_holdover[3]
  gpio_holdover[40]
  gpio_holdover[41]
  gpio_holdover[42]
  gpio_holdover[43]
  gpio_holdover[4]
  gpio_holdover[5]
  gpio_holdover[6]
  gpio_holdover[7]
  gpio_holdover[8]
  gpio_holdover[9]
  gpio_ib_mode_sel[0]
  gpio_ib_mode_sel[10]
  gpio_ib_mode_sel[11]
  gpio_ib_mode_sel[12]
  gpio_ib_mode_sel[13]
  gpio_ib_mode_sel[14]
  gpio_ib_mode_sel[15]
  gpio_ib_mode_sel[16]
  gpio_ib_mode_sel[17]
  gpio_ib_mode_sel[18]
  gpio_ib_mode_sel[19]
  gpio_ib_mode_sel[1]
  gpio_ib_mode_sel[20]
  gpio_ib_mode_sel[21]
  gpio_ib_mode_sel[22]
  gpio_ib_mode_sel[23]
  gpio_ib_mode_sel[24]
  gpio_ib_mode_sel[25]
  gpio_ib_mode_sel[26]
  gpio_ib_mode_sel[27]
  gpio_ib_mode_sel[28]
  gpio_ib_mode_sel[29]
  gpio_ib_mode_sel[2]
  gpio_ib_mode_sel[30]
  gpio_ib_mode_sel[31]
  gpio_ib_mode_sel[32]
  gpio_ib_mode_sel[33]
  gpio_ib_mode_sel[34]
  gpio_ib_mode_sel[35]
  gpio_ib_mode_sel[36]
  gpio_ib_mode_sel[37]
  gpio_ib_mode_sel[38]
  gpio_ib_mode_sel[39]
  gpio_ib_mode_sel[3]
  gpio_ib_mode_sel[40]
  gpio_ib_mode_sel[41]
  gpio_ib_mode_sel[42]
  gpio_ib_mode_sel[43]
  gpio_ib_mode_sel[4]
  gpio_ib_mode_sel[5]
  gpio_ib_mode_sel[6]
  gpio_ib_mode_sel[7]
  gpio_ib_mode_sel[8]
  gpio_ib_mode_sel[9]
  gpio_inp_dis[0]
  gpio_inp_dis[10]
  gpio_inp_dis[11]
  gpio_inp_dis[12]
  gpio_inp_dis[13]
  gpio_inp_dis[14]
  gpio_inp_dis[15]
  gpio_inp_dis[16]
  gpio_inp_dis[17]
  gpio_inp_dis[18]
  gpio_inp_dis[19]
  gpio_inp_dis[1]
  gpio_inp_dis[20]
  gpio_inp_dis[21]
  gpio_inp_dis[22]
  gpio_inp_dis[23]
  gpio_inp_dis[24]
  gpio_inp_dis[25]
  gpio_inp_dis[26]
  gpio_inp_dis[27]
  gpio_inp_dis[28]
  gpio_inp_dis[29]
  gpio_inp_dis[2]
  gpio_inp_dis[30]
  gpio_inp_dis[31]
  gpio_inp_dis[32]
  gpio_inp_dis[33]
  gpio_inp_dis[34]
  gpio_inp_dis[35]
  gpio_inp_dis[36]
  gpio_inp_dis[37]
  gpio_inp_dis[38]
  gpio_inp_dis[39]
  gpio_inp_dis[3]
  gpio_inp_dis[40]
  gpio_inp_dis[41]
  gpio_inp_dis[42]
  gpio_inp_dis[43]
  gpio_inp_dis[4]
  gpio_inp_dis[5]
  gpio_inp_dis[6]
  gpio_inp_dis[7]
  gpio_inp_dis[8]
  gpio_inp_dis[9]
  gpio_oeb[0]
  gpio_oeb[10]
  gpio_oeb[11]
  gpio_oeb[12]
  gpio_oeb[13]
  gpio_oeb[14]
  gpio_oeb[15]
  gpio_oeb[16]
  gpio_oeb[17]
  gpio_oeb[18]
  gpio_oeb[19]
  gpio_oeb[1]
  gpio_oeb[20]
  gpio_oeb[21]
  gpio_oeb[22]
  gpio_oeb[23]
  gpio_oeb[24]
  gpio_oeb[25]
  gpio_oeb[26]
  gpio_oeb[27]
  gpio_oeb[28]
  gpio_oeb[29]
  gpio_oeb[2]
  gpio_oeb[30]
  gpio_oeb[31]
  gpio_oeb[32]
  gpio_oeb[33]
  gpio_oeb[34]
  gpio_oeb[35]
  gpio_oeb[36]
  gpio_oeb[37]
  gpio_oeb[38]
  gpio_oeb[39]
  gpio_oeb[3]
  gpio_oeb[40]
  gpio_oeb[41]
  gpio_oeb[42]
  gpio_oeb[43]
  gpio_oeb[4]
  gpio_oeb[5]
  gpio_oeb[6]
  gpio_oeb[7]
  gpio_oeb[8]
  gpio_oeb[9]
  gpio_out[0]
  gpio_out[10]
  gpio_out[11]
  gpio_out[12]
  gpio_out[13]
  gpio_out[14]
  gpio_out[15]
  gpio_out[16]
  gpio_out[17]
  gpio_out[18]
  gpio_out[19]
  gpio_out[1]
  gpio_out[20]
  gpio_out[21]
  gpio_out[22]
  gpio_out[23]
  gpio_out[24]
  gpio_out[25]
  gpio_out[26]
  gpio_out[27]
  gpio_out[28]
  gpio_out[29]
  gpio_out[2]
  gpio_out[30]
  gpio_out[31]
  gpio_out[32]
  gpio_out[33]
  gpio_out[34]
  gpio_out[35]
  gpio_out[36]
  gpio_out[37]
  gpio_out[38]
  gpio_out[39]
  gpio_out[3]
  gpio_out[40]
  gpio_out[41]
  gpio_out[42]
  gpio_out[43]
  gpio_out[4]
  gpio_out[5]
  gpio_out[6]
  gpio_out[7]
  gpio_out[8]
  gpio_out[9]
  gpio_slow_sel[0]
  gpio_slow_sel[10]
  gpio_slow_sel[11]
  gpio_slow_sel[12]
  gpio_slow_sel[13]
  gpio_slow_sel[14]
  gpio_slow_sel[15]
  gpio_slow_sel[16]
  gpio_slow_sel[17]
  gpio_slow_sel[18]
  gpio_slow_sel[19]
  gpio_slow_sel[1]
  gpio_slow_sel[20]
  gpio_slow_sel[21]
  gpio_slow_sel[22]
  gpio_slow_sel[23]
  gpio_slow_sel[24]
  gpio_slow_sel[25]
  gpio_slow_sel[26]
  gpio_slow_sel[27]
  gpio_slow_sel[28]
  gpio_slow_sel[29]
  gpio_slow_sel[2]
  gpio_slow_sel[30]
  gpio_slow_sel[31]
  gpio_slow_sel[32]
  gpio_slow_sel[33]
  gpio_slow_sel[34]
  gpio_slow_sel[35]
  gpio_slow_sel[36]
  gpio_slow_sel[37]
  gpio_slow_sel[38]
  gpio_slow_sel[39]
  gpio_slow_sel[3]
  gpio_slow_sel[40]
  gpio_slow_sel[41]
  gpio_slow_sel[42]
  gpio_slow_sel[43]
  gpio_slow_sel[4]
  gpio_slow_sel[5]
  gpio_slow_sel[6]
  gpio_slow_sel[7]
  gpio_slow_sel[8]
  gpio_slow_sel[9]
  gpio_vtrip_sel[0]
  gpio_vtrip_sel[10]
  gpio_vtrip_sel[11]
  gpio_vtrip_sel[12]
  gpio_vtrip_sel[13]
  gpio_vtrip_sel[14]
  gpio_vtrip_sel[15]
  gpio_vtrip_sel[16]
  gpio_vtrip_sel[17]
  gpio_vtrip_sel[18]
  gpio_vtrip_sel[19]
  gpio_vtrip_sel[1]
  gpio_vtrip_sel[20]
  gpio_vtrip_sel[21]
  gpio_vtrip_sel[22]
  gpio_vtrip_sel[23]
  gpio_vtrip_sel[24]
  gpio_vtrip_sel[25]
  gpio_vtrip_sel[26]
  gpio_vtrip_sel[27]
  gpio_vtrip_sel[28]
  gpio_vtrip_sel[29]
  gpio_vtrip_sel[2]
  gpio_vtrip_sel[30]
  gpio_vtrip_sel[31]
  gpio_vtrip_sel[32]
  gpio_vtrip_sel[33]
  gpio_vtrip_sel[34]
  gpio_vtrip_sel[35]
  gpio_vtrip_sel[36]
  gpio_vtrip_sel[37]
  gpio_vtrip_sel[38]
  gpio_vtrip_sel[39]
  gpio_vtrip_sel[3]
  gpio_vtrip_sel[40]
  gpio_vtrip_sel[41]
  gpio_vtrip_sel[42]
  gpio_vtrip_sel[43]
  gpio_vtrip_sel[4]
  gpio_vtrip_sel[5]
  gpio_vtrip_sel[6]
  gpio_vtrip_sel[7]
  gpio_vtrip_sel[8]
  gpio_vtrip_sel[9]
  _3207_/D
  _3208_/D
  _3209_/D
  _3210_/D
  _3211_/D
  _3212_/D
  _3213_/D
  _4013_/D
  _4014_/D
  _4015_/D
  _4019_/D
  _4021_/D
  _4022_/D
  _4025_/D
  _4026_/D
  _4027_/D
  _4028_/D
  _4029_/D
  _4030_/D
  _4031_/D
  _4032_/D
  _4033_/D
  _4034_/D
  _4035_/D
  _4036_/D
  _4037_/D
  _4038_/D
  _4039_/D
  _4040_/D
  _4041_/D
  _4042_/D
  _4043_/D
  _4044_/D
  _4045_/D
  _4046_/D
  _4047_/D
  _4048_/D
  _4049_/D
  _4050_/D
  _4051_/D
  _4052_/D
  _4053_/D
  _4054_/D
  _4055_/D
  _4056_/D
  _4057_/D
  _4058_/D
  _4059_/D
  _4060_/D
  _4061_/D
  _4062_/D
  _4063_/D
  _4064_/D
  _4065_/D
  _4066_/D
  _4067_/D
  _4068_/D
Warning: There is 1 combinational loop in the design.
  fanout1111/A
  fanout1111/X
  u_owire.u_ip.osc_i0/A
  u_owire.u_ip.osc_i0/Y
  u_owire.u_ip.osc_i1/A
  u_owire.u_ip.osc_i1/Y
  u_owire.u_ip.osc_i2/A
  u_owire.u_ip.osc_i2/Y
  fanout1116/A
  fanout1116/X
  fanout1115/A
  fanout1115/X
  | loop cut point
  fanout1111/A
  --------------------------------
